[0.223s] DEBUG:colcon:Command line arguments: ['/usr/bin/colcon', 'build']
[0.223s] DEBUG:colcon:Parsed command line arguments: Namespace(log_base=None, log_level=None, verb_name='build', build_base='build', install_base='install', merge_install=False, symlink_install=False, test_result_base=None, continue_on_error=False, executor='parallel', parallel_workers=24, event_handlers=None, ignore_user_meta=False, metas=['./colcon.meta'], base_paths=['.'], packages_ignore=None, packages_ignore_regex=None, paths=None, packages_up_to=None, packages_up_to_regex=None, packages_above=None, packages_above_and_dependencies=None, packages_above_depth=None, packages_select_by_dep=None, packages_skip_by_dep=None, packages_skip_up_to=None, packages_select_build_failed=False, packages_skip_build_finished=False, packages_select_test_failures=False, packages_skip_test_passed=False, packages_select=None, packages_skip=None, packages_select_regex=None, packages_skip_regex=None, packages_start=None, packages_end=None, allow_overriding=[], cmake_args=None, cmake_target=None, cmake_target_skip_unavailable=False, cmake_clean_cache=False, cmake_clean_first=False, cmake_force_configure=False, ament_cmake_args=None, catkin_cmake_args=None, catkin_skip_building_tests=False, verb_parser=<colcon_defaults.argument_parser.defaults.DefaultArgumentsDecorator object at 0x750fa9b0c8e0>, verb_extension=<colcon_core.verb.build.BuildVerb object at 0x750fa9b0c340>, main=<bound method BuildVerb.main of <colcon_core.verb.build.BuildVerb object at 0x750fa9b0c340>>)
[0.356s] Level 1:colcon.colcon_core.package_discovery:discover_packages(colcon_meta) check parameters
[0.356s] Level 1:colcon.colcon_core.package_discovery:discover_packages(recursive) check parameters
[0.356s] Level 1:colcon.colcon_core.package_discovery:discover_packages(ignore) check parameters
[0.356s] Level 1:colcon.colcon_core.package_discovery:discover_packages(path) check parameters
[0.356s] Level 1:colcon.colcon_core.package_discovery:discover_packages(colcon_meta) discover
[0.356s] Level 1:colcon.colcon_core.package_discovery:discover_packages(recursive) discover
[0.356s] INFO:colcon.colcon_core.package_discovery:Crawling recursively for packages in '/home/amap/ros2_ws/src/Tools/slam_launch_manager'
[0.356s] Level 1:colcon.colcon_core.package_identification:_identify(.) by extensions ['ignore', 'ignore_ament_install']
[0.356s] Level 1:colcon.colcon_core.package_identification:_identify(.) by extension 'ignore'
[0.357s] Level 1:colcon.colcon_core.package_identification:_identify(.) by extension 'ignore_ament_install'
[0.357s] Level 1:colcon.colcon_core.package_identification:_identify(.) by extensions ['colcon_pkg']
[0.357s] Level 1:colcon.colcon_core.package_identification:_identify(.) by extension 'colcon_pkg'
[0.357s] Level 1:colcon.colcon_core.package_identification:_identify(.) by extensions ['colcon_meta']
[0.357s] Level 1:colcon.colcon_core.package_identification:_identify(.) by extension 'colcon_meta'
[0.357s] Level 1:colcon.colcon_core.package_identification:_identify(.) by extensions ['ros']
[0.357s] Level 1:colcon.colcon_core.package_identification:_identify(.) by extension 'ros'
[0.365s] DEBUG:colcon.colcon_core.package_identification:Package '.' with type 'ros.ament_python' and name 'slam_launch_manager'
[0.366s] Level 1:colcon.colcon_core.package_discovery:discover_packages(recursive) using defaults
[0.366s] Level 1:colcon.colcon_core.package_discovery:discover_packages(ignore) discover
[0.366s] Level 1:colcon.colcon_core.package_discovery:discover_packages(ignore) using defaults
[0.366s] Level 1:colcon.colcon_core.package_discovery:discover_packages(path) discover
[0.366s] Level 1:colcon.colcon_core.package_discovery:discover_packages(path) using defaults
[0.391s] Level 1:colcon.colcon_core.package_discovery:discover_packages(prefix_path) check parameters
[0.391s] Level 1:colcon.colcon_core.package_discovery:discover_packages(prefix_path) discover
[0.392s] DEBUG:colcon.colcon_installed_package_information.package_discovery:Found 412 installed packages in /opt/ros/humble
[0.393s] Level 1:colcon.colcon_core.package_discovery:discover_packages(prefix_path) using defaults
[0.416s] Level 5:colcon.colcon_core.verb:set package 'slam_launch_manager' build argument 'cmake_args' from command line to 'None'
[0.416s] Level 5:colcon.colcon_core.verb:set package 'slam_launch_manager' build argument 'cmake_target' from command line to 'None'
[0.416s] Level 5:colcon.colcon_core.verb:set package 'slam_launch_manager' build argument 'cmake_target_skip_unavailable' from command line to 'False'
[0.416s] Level 5:colcon.colcon_core.verb:set package 'slam_launch_manager' build argument 'cmake_clean_cache' from command line to 'False'
[0.416s] Level 5:colcon.colcon_core.verb:set package 'slam_launch_manager' build argument 'cmake_clean_first' from command line to 'False'
[0.416s] Level 5:colcon.colcon_core.verb:set package 'slam_launch_manager' build argument 'cmake_force_configure' from command line to 'False'
[0.416s] Level 5:colcon.colcon_core.verb:set package 'slam_launch_manager' build argument 'ament_cmake_args' from command line to 'None'
[0.416s] Level 5:colcon.colcon_core.verb:set package 'slam_launch_manager' build argument 'catkin_cmake_args' from command line to 'None'
[0.416s] Level 5:colcon.colcon_core.verb:set package 'slam_launch_manager' build argument 'catkin_skip_building_tests' from command line to 'False'
[0.416s] DEBUG:colcon.colcon_core.verb:Building package 'slam_launch_manager' with the following arguments: {'ament_cmake_args': None, 'build_base': '/home/amap/ros2_ws/src/Tools/slam_launch_manager/build/slam_launch_manager', 'catkin_cmake_args': None, 'catkin_skip_building_tests': False, 'cmake_args': None, 'cmake_clean_cache': False, 'cmake_clean_first': False, 'cmake_force_configure': False, 'cmake_target': None, 'cmake_target_skip_unavailable': False, 'install_base': '/home/amap/ros2_ws/src/Tools/slam_launch_manager/install/slam_launch_manager', 'merge_install': False, 'path': '/home/amap/ros2_ws/src/Tools/slam_launch_manager', 'symlink_install': False, 'test_result_base': None}
[0.417s] INFO:colcon.colcon_core.executor:Executing jobs using 'parallel' executor
[0.418s] DEBUG:colcon.colcon_parallel_executor.executor.parallel:run_until_complete
[0.419s] INFO:colcon.colcon_ros.task.ament_python.build:Building ROS package in '/home/amap/ros2_ws/src/Tools/slam_launch_manager' with build type 'ament_python'
[0.419s] Level 1:colcon.colcon_core.shell:create_environment_hook('slam_launch_manager', 'ament_prefix_path')
[0.420s] INFO:colcon.colcon_core.plugin_system:Skipping extension 'colcon_core.shell.bat': Not used on non-Windows systems
[0.420s] INFO:colcon.colcon_core.shell:Creating environment hook '/home/amap/ros2_ws/src/Tools/slam_launch_manager/install/slam_launch_manager/share/slam_launch_manager/hook/ament_prefix_path.ps1'
[0.421s] INFO:colcon.colcon_core.shell:Creating environment descriptor '/home/amap/ros2_ws/src/Tools/slam_launch_manager/install/slam_launch_manager/share/slam_launch_manager/hook/ament_prefix_path.dsv'
[0.421s] INFO:colcon.colcon_core.shell:Creating environment hook '/home/amap/ros2_ws/src/Tools/slam_launch_manager/install/slam_launch_manager/share/slam_launch_manager/hook/ament_prefix_path.sh'
[0.422s] INFO:colcon.colcon_core.shell:Skip shell extension 'powershell' for command environment: Not usable outside of PowerShell
[0.422s] DEBUG:colcon.colcon_core.shell:Skip shell extension 'dsv' for command environment
[0.704s] INFO:colcon.colcon_core.task.python.build:Building Python package in '/home/amap/ros2_ws/src/Tools/slam_launch_manager'
[0.705s] INFO:colcon.colcon_core.shell:Skip shell extension 'powershell' for command environment: Not usable outside of PowerShell
[0.705s] DEBUG:colcon.colcon_core.shell:Skip shell extension 'dsv' for command environment
[1.345s] DEBUG:colcon.colcon_core.event_handler.log_command:Invoking command in '/home/amap/ros2_ws/src/Tools/slam_launch_manager': PYTHONPATH=/home/amap/ros2_ws/src/Tools/slam_launch_manager/build/slam_launch_manager/prefix_override:/usr/lib/python3/dist-packages/colcon_core/task/python/colcon_distutils_commands:/home/amap/ros2_ws/src/Tools/slam_launch_manager/install/slam_launch_manager/lib/python3.10/site-packages:${PYTHONPATH} /usr/bin/python3 -W ignore:setup.py install is deprecated -W ignore:easy_install command is deprecated setup.py egg_info --egg-base build/slam_launch_manager build --build-base /home/amap/ros2_ws/src/Tools/slam_launch_manager/build/slam_launch_manager/build install --record /home/amap/ros2_ws/src/Tools/slam_launch_manager/build/slam_launch_manager/install.log --single-version-externally-managed install_data
[1.694s] DEBUG:colcon.colcon_core.event_handler.log_command:Invoked command in '/home/amap/ros2_ws/src/Tools/slam_launch_manager' returned '0': PYTHONPATH=/home/amap/ros2_ws/src/Tools/slam_launch_manager/build/slam_launch_manager/prefix_override:/usr/lib/python3/dist-packages/colcon_core/task/python/colcon_distutils_commands:/home/amap/ros2_ws/src/Tools/slam_launch_manager/install/slam_launch_manager/lib/python3.10/site-packages:${PYTHONPATH} /usr/bin/python3 -W ignore:setup.py install is deprecated -W ignore:easy_install command is deprecated setup.py egg_info --egg-base build/slam_launch_manager build --build-base /home/amap/ros2_ws/src/Tools/slam_launch_manager/build/slam_launch_manager/build install --record /home/amap/ros2_ws/src/Tools/slam_launch_manager/build/slam_launch_manager/install.log --single-version-externally-managed install_data
[1.695s] Level 1:colcon.colcon_core.environment:checking '/home/amap/ros2_ws/src/Tools/slam_launch_manager/install/slam_launch_manager' for CMake module files
[1.696s] Level 1:colcon.colcon_core.environment:checking '/home/amap/ros2_ws/src/Tools/slam_launch_manager/install/slam_launch_manager' for CMake config files
[1.696s] Level 1:colcon.colcon_core.environment:checking '/home/amap/ros2_ws/src/Tools/slam_launch_manager/install/slam_launch_manager/lib'
[1.697s] Level 1:colcon.colcon_core.environment:checking '/home/amap/ros2_ws/src/Tools/slam_launch_manager/install/slam_launch_manager/bin'
[1.697s] Level 1:colcon.colcon_core.environment:checking '/home/amap/ros2_ws/src/Tools/slam_launch_manager/install/slam_launch_manager/lib/pkgconfig/slam_launch_manager.pc'
[1.697s] Level 1:colcon.colcon_core.environment:checking '/home/amap/ros2_ws/src/Tools/slam_launch_manager/install/slam_launch_manager/lib/python3.10/site-packages'
[1.697s] Level 1:colcon.colcon_core.shell:create_environment_hook('slam_launch_manager', 'pythonpath')
[1.697s] INFO:colcon.colcon_core.shell:Creating environment hook '/home/amap/ros2_ws/src/Tools/slam_launch_manager/install/slam_launch_manager/share/slam_launch_manager/hook/pythonpath.ps1'
[1.698s] INFO:colcon.colcon_core.shell:Creating environment descriptor '/home/amap/ros2_ws/src/Tools/slam_launch_manager/install/slam_launch_manager/share/slam_launch_manager/hook/pythonpath.dsv'
[1.699s] INFO:colcon.colcon_core.shell:Creating environment hook '/home/amap/ros2_ws/src/Tools/slam_launch_manager/install/slam_launch_manager/share/slam_launch_manager/hook/pythonpath.sh'
[1.699s] Level 1:colcon.colcon_core.environment:checking '/home/amap/ros2_ws/src/Tools/slam_launch_manager/install/slam_launch_manager/bin'
[1.699s] Level 1:colcon.colcon_core.environment:create_environment_scripts_only(slam_launch_manager)
[1.700s] INFO:colcon.colcon_core.shell:Creating package script '/home/amap/ros2_ws/src/Tools/slam_launch_manager/install/slam_launch_manager/share/slam_launch_manager/package.ps1'
[1.701s] INFO:colcon.colcon_core.shell:Creating package descriptor '/home/amap/ros2_ws/src/Tools/slam_launch_manager/install/slam_launch_manager/share/slam_launch_manager/package.dsv'
[1.701s] INFO:colcon.colcon_core.shell:Creating package script '/home/amap/ros2_ws/src/Tools/slam_launch_manager/install/slam_launch_manager/share/slam_launch_manager/package.sh'
[1.702s] INFO:colcon.colcon_core.shell:Creating package script '/home/amap/ros2_ws/src/Tools/slam_launch_manager/install/slam_launch_manager/share/slam_launch_manager/package.bash'
[1.702s] INFO:colcon.colcon_core.shell:Creating package script '/home/amap/ros2_ws/src/Tools/slam_launch_manager/install/slam_launch_manager/share/slam_launch_manager/package.zsh'
[1.703s] Level 1:colcon.colcon_core.environment:create_file_with_runtime_dependencies(/home/amap/ros2_ws/src/Tools/slam_launch_manager/install/slam_launch_manager/share/colcon-core/packages/slam_launch_manager)
[1.703s] DEBUG:colcon.colcon_parallel_executor.executor.parallel:closing loop
[1.703s] DEBUG:colcon.colcon_parallel_executor.executor.parallel:loop closed
[1.703s] DEBUG:colcon.colcon_parallel_executor.executor.parallel:run_until_complete finished with '0'
[1.703s] DEBUG:colcon.colcon_core.event_reactor:joining thread
[1.736s] INFO:colcon.colcon_core.plugin_system:Skipping extension 'colcon_notification.desktop_notification.notify_send': Could not find 'notify-send'
[1.736s] INFO:colcon.colcon_core.plugin_system:Skipping extension 'colcon_notification.desktop_notification.terminal_notifier': Not used on non-Darwin systems
[1.736s] INFO:colcon.colcon_core.plugin_system:Skipping extension 'colcon_notification.desktop_notification.win32': Not used on non-Windows systems
[1.736s] INFO:colcon.colcon_notification.desktop_notification:Sending desktop notification using 'notify2'
[1.737s] DEBUG:colcon.colcon_notification.desktop_notification.notify2:Failed to initialize notify2: org.freedesktop.DBus.Error.ServiceUnknown: The name org.freedesktop.Notifications was not provided by any .service files
[1.738s] DEBUG:colcon.colcon_core.event_reactor:joined thread
[1.738s] INFO:colcon.colcon_core.shell:Creating prefix script '/home/amap/ros2_ws/src/Tools/slam_launch_manager/install/local_setup.ps1'
[1.739s] INFO:colcon.colcon_core.shell:Creating prefix util module '/home/amap/ros2_ws/src/Tools/slam_launch_manager/install/_local_setup_util_ps1.py'
[1.739s] INFO:colcon.colcon_core.shell:Creating prefix chain script '/home/amap/ros2_ws/src/Tools/slam_launch_manager/install/setup.ps1'
[1.740s] INFO:colcon.colcon_core.shell:Creating prefix script '/home/amap/ros2_ws/src/Tools/slam_launch_manager/install/local_setup.sh'
[1.740s] INFO:colcon.colcon_core.shell:Creating prefix util module '/home/amap/ros2_ws/src/Tools/slam_launch_manager/install/_local_setup_util_sh.py'
[1.741s] INFO:colcon.colcon_core.shell:Creating prefix chain script '/home/amap/ros2_ws/src/Tools/slam_launch_manager/install/setup.sh'
[1.741s] INFO:colcon.colcon_core.shell:Creating prefix script '/home/amap/ros2_ws/src/Tools/slam_launch_manager/install/local_setup.bash'
[1.742s] INFO:colcon.colcon_core.shell:Creating prefix chain script '/home/amap/ros2_ws/src/Tools/slam_launch_manager/install/setup.bash'
[1.742s] INFO:colcon.colcon_core.shell:Creating prefix script '/home/amap/ros2_ws/src/Tools/slam_launch_manager/install/local_setup.zsh'
[1.742s] INFO:colcon.colcon_core.shell:Creating prefix chain script '/home/amap/ros2_ws/src/Tools/slam_launch_manager/install/setup.zsh'
