[0.118s] Invoking command in '/home/tukorea/ros2_ws/build/dss_lio_sam': CMAKE_PREFIX_PATH=/opt/ros/humble /usr/bin/cmake /home/tukorea/ros2_ws/src/SLAM/LIO-SAM/dss_lio_sam -DCMAKE_INSTALL_PREFIX=/home/tukorea/ros2_ws/install/dss_lio_sam
[0.127s] -- Found ament_cmake: 1.3.12 (/opt/ros/humble/share/ament_cmake/cmake)
[0.193s] -- Found rosidl_default_generators: 1.2.0 (/opt/ros/humble/share/rosidl_default_generators/cmake)
[0.193s] -- Using all available rosidl_typesupport_c: rosidl_typesupport_fastrtps_c;rosidl_typesupport_introspection_c
[0.194s] -- Found rosidl_adapter: 3.1.8 (/opt/ros/humble/share/rosidl_adapter/cmake)
[0.388s] -- Using all available rosidl_typesupport_cpp: rosidl_typesupport_fastrtps_cpp;rosidl_typesupport_introspection_cpp
[0.400s] -- Found rclcpp: 16.0.17 (/opt/ros/humble/share/rclcpp/cmake)
[0.416s] -- Found rmw_implementation_cmake: 6.1.2 (/opt/ros/humble/share/rmw_implementation_cmake/cmake)
[0.417s] -- Found rmw_fastrtps_cpp: 6.2.9 (/opt/ros/humble/share/rmw_fastrtps_cpp/cmake)
[4.318s] -- Using RMW implementation 'rmw_fastrtps_cpp' as default
[4.341s] -- Found rclpy: 3.3.19 (/opt/ros/humble/share/rclpy/cmake)
[4.341s] -- Found cv_bridge: 3.2.1 (/opt/ros/humble/share/cv_bridge/cmake)
[4.357s] -- Found nav_msgs: 4.9.0 (/opt/ros/humble/share/nav_msgs/cmake)
[4.364s] -- Found visualization_msgs: 4.9.0 (/opt/ros/humble/share/visualization_msgs/cmake)
[4.372s] -- Found pcl_conversions: 2.4.5 (/opt/ros/humble/share/pcl_conversions/cmake)
[4.388s] -- Found Eigen: /usr/include/eigen3 (Required is at least version "3.1") 
[4.388s] -- Eigen found (include: /usr/include/eigen3, version: 3.4.0)
[5.694s] -- FLANN found (include: /usr/include, lib: /usr/lib/x86_64-linux-gnu/libflann_cpp.so)
[7.448s] -- OpenNI found (version: 1.5.4.0, include: /usr/include/ni, lib: /usr/lib/libOpenNI.so;libusb::libusb)
[7.451s] -- OpenNI2 found (version: 2.2.0.33, include: /usr/include/openni2, lib: /usr/lib/x86_64-linux-gnu/libOpenNI2.so;libusb::libusb)
[8.169s] -- Eigen found (include: /usr/include/eigen3, version: 3.4.0)
[8.172s] -- OpenNI found (version: 1.5.4.0, include: /usr/include/ni, lib: /usr/lib/libOpenNI.so;libusb::libusb)
[8.176s] -- OpenNI2 found (version: 2.2.0.33, include: /usr/include/openni2, lib: /usr/lib/x86_64-linux-gnu/libOpenNI2.so;libusb::libusb)
[8.791s] -- Found Qhull version 8.0.2
[9.612s] -- OpenNI found (version: 1.5.4.0, include: /usr/include/ni, lib: /usr/lib/libOpenNI.so;libusb::libusb)
[10.347s] -- Found tf2: 0.25.18 (/opt/ros/humble/share/tf2/cmake)
[10.349s] -- Found tf2_geometry_msgs: 0.25.18 (/opt/ros/humble/share/tf2_geometry_msgs/cmake)
[10.351s] -- Found eigen3_cmake_module: 0.1.1 (/opt/ros/humble/share/eigen3_cmake_module/cmake)
[10.351s] -- Ensuring Eigen3 include directory is part of orocos-kdl CMake target
[10.385s] -- Found tf2_sensor_msgs: 0.25.18 (/opt/ros/humble/share/tf2_sensor_msgs/cmake)
[10.387s] -- Found tf2_eigen: 0.25.18 (/opt/ros/humble/share/tf2_eigen/cmake)
[10.390s] [33mCMake Warning (dev) at CMakeLists.txt:28 (find_package):
[10.390s]   Policy CMP0074 is not set: find_package uses <PackageName>_ROOT variables.
[10.390s]   Run "cmake --help-policy CMP0074" for policy details.  Use the cmake_policy
[10.390s]   command to set the policy and suppress this warning.
[10.390s] 
[10.390s]   CMake variable PCL_ROOT is set to:
[10.390s] 
[10.390s]     /usr
[10.390s] 
[10.390s]   For compatibility, CMake is ignoring the variable.
[10.390s] This warning is for project developers.  Use -Wno-dev to suppress it.
[10.390s] [0m
[10.401s] -- GTSAM include directory:  /usr/local/lib/cmake/GTSAM/../../../include
[10.405s] -- Found Eigen: /usr/include/eigen3  
[10.405s] -- Eigen found (include: /usr/include/eigen3, version: 3.4.0)
[10.561s] -- Found ament_cmake_ros: 0.10.0 (/opt/ros/humble/share/ament_cmake_ros/cmake)
[10.692s] -- Using all available rosidl_typesupport_c: rosidl_typesupport_fastrtps_c;rosidl_typesupport_introspection_c
[10.866s] -- Using all available rosidl_typesupport_cpp: rosidl_typesupport_fastrtps_cpp;rosidl_typesupport_introspection_cpp
[10.877s] -- Found python_cmake_module: 0.10.0 (/opt/ros/humble/share/python_cmake_module/cmake)
[10.888s] -- Using PYTHON_EXECUTABLE: /usr/bin/python3
[10.888s] -- Using PYTHON_INCLUDE_DIRS: /usr/include/python3.10
[10.888s] -- Using PYTHON_LIBRARIES: /usr/lib/x86_64-linux-gnu/libpython3.10.so
[10.940s] -- Found ament_lint_auto: 0.12.14 (/opt/ros/humble/share/ament_lint_auto/cmake)
[10.944s] -- Added test 'cppcheck' to perform static code analysis on C / C++ code
[10.945s] -- Configured cppcheck include dirs: /home/tukorea/ros2_ws/src/SLAM/LIO-SAM/dss_lio_sam/include/dss_lio_sam
[10.945s] -- Configured cppcheck exclude dirs and/or files: 
[10.945s] -- Added test 'flake8' to check Python code syntax and style conventions
[10.945s] -- Added test 'lint_cmake' to check CMake code style
[10.946s] -- Added test 'pep257' to check Python code against some of the docstring style conventions in PEP 257
[10.946s] -- Added test 'uncrustify' to check C / C++ code style
[10.946s] -- Configured uncrustify additional arguments: 
[10.946s] -- Added test 'xmllint' to check XML markup files
[10.947s] -- Configuring done
[11.012s] -- Generating done
[11.035s] -- Build files have been written to: /home/tukorea/ros2_ws/build/dss_lio_sam
[11.053s] Invoked command in '/home/tukorea/ros2_ws/build/dss_lio_sam' returned '0': CMAKE_PREFIX_PATH=/opt/ros/humble /usr/bin/cmake /home/tukorea/ros2_ws/src/SLAM/LIO-SAM/dss_lio_sam -DCMAKE_INSTALL_PREFIX=/home/tukorea/ros2_ws/install/dss_lio_sam
[11.054s] Invoking command in '/home/tukorea/ros2_ws/build/dss_lio_sam': CMAKE_PREFIX_PATH=/opt/ros/humble /usr/bin/cmake --build /home/tukorea/ros2_ws/build/dss_lio_sam -- -j20 -l20
[11.081s] [35m[1mConsolidate compiler generated dependencies of target dss_lio_sam__rosidl_generator_c[0m
[11.085s] [  2%] Built target dss_lio_sam__cpp
[11.088s] [ 10%] Built target dss_lio_sam__rosidl_generator_c
[11.091s] [35m[1mConsolidate compiler generated dependencies of target dss_lio_sam__rosidl_typesupport_cpp[0m
[11.092s] [35m[1mConsolidate compiler generated dependencies of target dss_lio_sam__rosidl_typesupport_introspection_cpp[0m
[11.092s] [ 10%] Built target ament_cmake_python_copy_dss_lio_sam
[11.093s] [35m[1mConsolidate compiler generated dependencies of target dss_lio_sam__rosidl_typesupport_fastrtps_cpp[0m
[11.096s] [35m[1mConsolidate compiler generated dependencies of target dss_lio_sam__rosidl_typesupport_fastrtps_c[0m
[11.096s] [35m[1mConsolidate compiler generated dependencies of target dss_lio_sam__rosidl_typesupport_introspection_c[0m
[11.099s] [35m[1mConsolidate compiler generated dependencies of target dss_lio_sam__rosidl_typesupport_c[0m
[11.101s] [ 19%] Built target dss_lio_sam__rosidl_typesupport_introspection_cpp
[11.103s] [ 27%] Built target dss_lio_sam__rosidl_typesupport_cpp
[11.104s] [ 36%] Built target dss_lio_sam__rosidl_typesupport_fastrtps_cpp
[11.105s] [ 44%] Built target dss_lio_sam__rosidl_typesupport_fastrtps_c
[11.105s] [ 53%] Built target dss_lio_sam__rosidl_typesupport_introspection_c
[11.108s] [ 61%] Built target dss_lio_sam__rosidl_typesupport_c
[11.110s] [35m[1mConsolidate compiler generated dependencies of target dss_lio_sam_imageProjection[0m
[11.111s] [35m[1mConsolidate compiler generated dependencies of target dss_lio_sam_imuPreintegration[0m
[11.111s] [35m[1mConsolidate compiler generated dependencies of target dss_lio_sam_featureExtraction[0m
[11.111s] [35m[1mConsolidate compiler generated dependencies of target dss_lio_sam_mapOptimization[0m
[11.121s] [ 61%] Built target dss_lio_sam
[11.128s] [ 65%] Built target dss_lio_sam_imageProjection
[11.130s] [ 74%] Built target dss_lio_sam_featureExtraction
[11.130s] [ 74%] Built target dss_lio_sam_imuPreintegration
[11.133s] [ 78%] Built target dss_lio_sam_mapOptimization
[11.133s] [ 80%] Built target dss_lio_sam__py
[11.140s] [35m[1mConsolidate compiler generated dependencies of target dss_lio_sam__rosidl_generator_py[0m
[11.147s] [ 87%] Built target dss_lio_sam__rosidl_generator_py
[11.153s] [35m[1mConsolidate compiler generated dependencies of target dss_lio_sam__rosidl_typesupport_c__pyext[0m
[11.153s] [35m[1mConsolidate compiler generated dependencies of target dss_lio_sam__rosidl_typesupport_fastrtps_c__pyext[0m
[11.153s] [35m[1mConsolidate compiler generated dependencies of target dss_lio_sam__rosidl_typesupport_introspection_c__pyext[0m
[11.161s] [100%] Built target dss_lio_sam__rosidl_typesupport_fastrtps_c__pyext
[11.161s] [100%] Built target dss_lio_sam__rosidl_typesupport_c__pyext
[11.161s] [100%] Built target dss_lio_sam__rosidl_typesupport_introspection_c__pyext
[11.205s] running egg_info
[11.205s] writing dss_lio_sam.egg-info/PKG-INFO
[11.206s] writing dependency_links to dss_lio_sam.egg-info/dependency_links.txt
[11.206s] writing top-level names to dss_lio_sam.egg-info/top_level.txt
[11.207s] reading manifest file 'dss_lio_sam.egg-info/SOURCES.txt'
[11.207s] writing manifest file 'dss_lio_sam.egg-info/SOURCES.txt'
[11.222s] [100%] Built target ament_cmake_python_build_dss_lio_sam_egg
[11.238s] Invoked command in '/home/tukorea/ros2_ws/build/dss_lio_sam' returned '0': CMAKE_PREFIX_PATH=/opt/ros/humble /usr/bin/cmake --build /home/tukorea/ros2_ws/build/dss_lio_sam -- -j20 -l20
[11.238s] Invoking command in '/home/tukorea/ros2_ws/build/dss_lio_sam': CMAKE_PREFIX_PATH=/opt/ros/humble /usr/bin/cmake --install /home/tukorea/ros2_ws/build/dss_lio_sam
[11.243s] -- Install configuration: "Release"
[11.243s] -- Up-to-date: /home/tukorea/ros2_ws/install/dss_lio_sam/share/ament_index/resource_index/rosidl_interfaces/dss_lio_sam
[11.243s] -- Up-to-date: /home/tukorea/ros2_ws/install/dss_lio_sam/include/dss_lio_sam/dss_lio_sam
[11.243s] -- Up-to-date: /home/tukorea/ros2_ws/install/dss_lio_sam/include/dss_lio_sam/dss_lio_sam/srv
[11.243s] -- Up-to-date: /home/tukorea/ros2_ws/install/dss_lio_sam/include/dss_lio_sam/dss_lio_sam/srv/save_map.h
[11.243s] -- Up-to-date: /home/tukorea/ros2_ws/install/dss_lio_sam/include/dss_lio_sam/dss_lio_sam/srv/detail
[11.243s] -- Up-to-date: /home/tukorea/ros2_ws/install/dss_lio_sam/include/dss_lio_sam/dss_lio_sam/srv/detail/save_map__functions.h
[11.243s] -- Up-to-date: /home/tukorea/ros2_ws/install/dss_lio_sam/include/dss_lio_sam/dss_lio_sam/srv/detail/save_map__functions.c
[11.243s] -- Up-to-date: /home/tukorea/ros2_ws/install/dss_lio_sam/include/dss_lio_sam/dss_lio_sam/srv/detail/save_map__type_support.h
[11.243s] -- Up-to-date: /home/tukorea/ros2_ws/install/dss_lio_sam/include/dss_lio_sam/dss_lio_sam/srv/detail/save_map__struct.h
[11.243s] -- Up-to-date: /home/tukorea/ros2_ws/install/dss_lio_sam/include/dss_lio_sam/dss_lio_sam/msg
[11.243s] -- Up-to-date: /home/tukorea/ros2_ws/install/dss_lio_sam/include/dss_lio_sam/dss_lio_sam/msg/rosidl_generator_c__visibility_control.h
[11.243s] -- Up-to-date: /home/tukorea/ros2_ws/install/dss_lio_sam/include/dss_lio_sam/dss_lio_sam/msg/detail
[11.244s] -- Up-to-date: /home/tukorea/ros2_ws/install/dss_lio_sam/include/dss_lio_sam/dss_lio_sam/msg/detail/cloud_info__functions.h
[11.244s] -- Up-to-date: /home/tukorea/ros2_ws/install/dss_lio_sam/include/dss_lio_sam/dss_lio_sam/msg/detail/cloud_info__type_support.h
[11.244s] -- Up-to-date: /home/tukorea/ros2_ws/install/dss_lio_sam/include/dss_lio_sam/dss_lio_sam/msg/detail/cloud_info__functions.c
[11.244s] -- Up-to-date: /home/tukorea/ros2_ws/install/dss_lio_sam/include/dss_lio_sam/dss_lio_sam/msg/detail/cloud_info__struct.h
[11.244s] -- Up-to-date: /home/tukorea/ros2_ws/install/dss_lio_sam/include/dss_lio_sam/dss_lio_sam/msg/cloud_info.h
[11.244s] -- Up-to-date: /home/tukorea/ros2_ws/install/dss_lio_sam/share/dss_lio_sam/environment/library_path.sh
[11.244s] -- Installing: /home/tukorea/ros2_ws/install/dss_lio_sam/share/dss_lio_sam/environment/library_path.dsv
[11.244s] -- Up-to-date: /home/tukorea/ros2_ws/install/dss_lio_sam/lib/libdss_lio_sam__rosidl_generator_c.so
[11.244s] -- Up-to-date: /home/tukorea/ros2_ws/install/dss_lio_sam/include/dss_lio_sam/dss_lio_sam
[11.244s] -- Up-to-date: /home/tukorea/ros2_ws/install/dss_lio_sam/include/dss_lio_sam/dss_lio_sam/srv
[11.244s] -- Up-to-date: /home/tukorea/ros2_ws/install/dss_lio_sam/include/dss_lio_sam/dss_lio_sam/srv/detail
[11.244s] -- Up-to-date: /home/tukorea/ros2_ws/install/dss_lio_sam/include/dss_lio_sam/dss_lio_sam/srv/detail/save_map__rosidl_typesupport_fastrtps_c.h
[11.244s] -- Up-to-date: /home/tukorea/ros2_ws/install/dss_lio_sam/include/dss_lio_sam/dss_lio_sam/msg
[11.244s] -- Up-to-date: /home/tukorea/ros2_ws/install/dss_lio_sam/include/dss_lio_sam/dss_lio_sam/msg/rosidl_typesupport_fastrtps_c__visibility_control.h
[11.244s] -- Up-to-date: /home/tukorea/ros2_ws/install/dss_lio_sam/include/dss_lio_sam/dss_lio_sam/msg/detail
[11.244s] -- Up-to-date: /home/tukorea/ros2_ws/install/dss_lio_sam/include/dss_lio_sam/dss_lio_sam/msg/detail/cloud_info__rosidl_typesupport_fastrtps_c.h
[11.244s] -- Up-to-date: /home/tukorea/ros2_ws/install/dss_lio_sam/lib/libdss_lio_sam__rosidl_typesupport_fastrtps_c.so
[11.244s] -- Up-to-date: /home/tukorea/ros2_ws/install/dss_lio_sam/include/dss_lio_sam/dss_lio_sam
[11.244s] -- Up-to-date: /home/tukorea/ros2_ws/install/dss_lio_sam/include/dss_lio_sam/dss_lio_sam/srv
[11.244s] -- Up-to-date: /home/tukorea/ros2_ws/install/dss_lio_sam/include/dss_lio_sam/dss_lio_sam/srv/detail
[11.244s] -- Up-to-date: /home/tukorea/ros2_ws/install/dss_lio_sam/include/dss_lio_sam/dss_lio_sam/srv/detail/save_map__rosidl_typesupport_introspection_c.h
[11.244s] -- Up-to-date: /home/tukorea/ros2_ws/install/dss_lio_sam/include/dss_lio_sam/dss_lio_sam/srv/detail/save_map__type_support.c
[11.244s] -- Up-to-date: /home/tukorea/ros2_ws/install/dss_lio_sam/include/dss_lio_sam/dss_lio_sam/msg
[11.244s] -- Up-to-date: /home/tukorea/ros2_ws/install/dss_lio_sam/include/dss_lio_sam/dss_lio_sam/msg/detail
[11.244s] -- Up-to-date: /home/tukorea/ros2_ws/install/dss_lio_sam/include/dss_lio_sam/dss_lio_sam/msg/detail/cloud_info__rosidl_typesupport_introspection_c.h
[11.245s] -- Up-to-date: /home/tukorea/ros2_ws/install/dss_lio_sam/include/dss_lio_sam/dss_lio_sam/msg/detail/cloud_info__type_support.c
[11.245s] -- Up-to-date: /home/tukorea/ros2_ws/install/dss_lio_sam/include/dss_lio_sam/dss_lio_sam/msg/rosidl_typesupport_introspection_c__visibility_control.h
[11.245s] -- Up-to-date: /home/tukorea/ros2_ws/install/dss_lio_sam/lib/libdss_lio_sam__rosidl_typesupport_introspection_c.so
[11.245s] -- Up-to-date: /home/tukorea/ros2_ws/install/dss_lio_sam/lib/libdss_lio_sam__rosidl_typesupport_c.so
[11.245s] -- Up-to-date: /home/tukorea/ros2_ws/install/dss_lio_sam/include/dss_lio_sam/dss_lio_sam
[11.245s] -- Up-to-date: /home/tukorea/ros2_ws/install/dss_lio_sam/include/dss_lio_sam/dss_lio_sam/srv
[11.245s] -- Up-to-date: /home/tukorea/ros2_ws/install/dss_lio_sam/include/dss_lio_sam/dss_lio_sam/srv/detail
[11.245s] -- Up-to-date: /home/tukorea/ros2_ws/install/dss_lio_sam/include/dss_lio_sam/dss_lio_sam/srv/detail/save_map__struct.hpp
[11.245s] -- Up-to-date: /home/tukorea/ros2_ws/install/dss_lio_sam/include/dss_lio_sam/dss_lio_sam/srv/detail/save_map__traits.hpp
[11.245s] -- Up-to-date: /home/tukorea/ros2_ws/install/dss_lio_sam/include/dss_lio_sam/dss_lio_sam/srv/detail/save_map__type_support.hpp
[11.245s] -- Up-to-date: /home/tukorea/ros2_ws/install/dss_lio_sam/include/dss_lio_sam/dss_lio_sam/srv/detail/save_map__builder.hpp
[11.245s] -- Up-to-date: /home/tukorea/ros2_ws/install/dss_lio_sam/include/dss_lio_sam/dss_lio_sam/srv/save_map.hpp
[11.245s] -- Up-to-date: /home/tukorea/ros2_ws/install/dss_lio_sam/include/dss_lio_sam/dss_lio_sam/msg
[11.245s] -- Up-to-date: /home/tukorea/ros2_ws/install/dss_lio_sam/include/dss_lio_sam/dss_lio_sam/msg/rosidl_generator_cpp__visibility_control.hpp
[11.245s] -- Up-to-date: /home/tukorea/ros2_ws/install/dss_lio_sam/include/dss_lio_sam/dss_lio_sam/msg/detail
[11.245s] -- Up-to-date: /home/tukorea/ros2_ws/install/dss_lio_sam/include/dss_lio_sam/dss_lio_sam/msg/detail/cloud_info__struct.hpp
[11.245s] -- Up-to-date: /home/tukorea/ros2_ws/install/dss_lio_sam/include/dss_lio_sam/dss_lio_sam/msg/detail/cloud_info__builder.hpp
[11.245s] -- Up-to-date: /home/tukorea/ros2_ws/install/dss_lio_sam/include/dss_lio_sam/dss_lio_sam/msg/detail/cloud_info__traits.hpp
[11.245s] -- Up-to-date: /home/tukorea/ros2_ws/install/dss_lio_sam/include/dss_lio_sam/dss_lio_sam/msg/detail/cloud_info__type_support.hpp
[11.245s] -- Up-to-date: /home/tukorea/ros2_ws/install/dss_lio_sam/include/dss_lio_sam/dss_lio_sam/msg/cloud_info.hpp
[11.245s] -- Up-to-date: /home/tukorea/ros2_ws/install/dss_lio_sam/include/dss_lio_sam/dss_lio_sam
[11.245s] -- Up-to-date: /home/tukorea/ros2_ws/install/dss_lio_sam/include/dss_lio_sam/dss_lio_sam/srv
[11.245s] -- Up-to-date: /home/tukorea/ros2_ws/install/dss_lio_sam/include/dss_lio_sam/dss_lio_sam/srv/detail
[11.245s] -- Up-to-date: /home/tukorea/ros2_ws/install/dss_lio_sam/include/dss_lio_sam/dss_lio_sam/srv/detail/save_map__rosidl_typesupport_fastrtps_cpp.hpp
[11.245s] -- Up-to-date: /home/tukorea/ros2_ws/install/dss_lio_sam/include/dss_lio_sam/dss_lio_sam/srv/detail/dds_fastrtps
[11.245s] -- Up-to-date: /home/tukorea/ros2_ws/install/dss_lio_sam/include/dss_lio_sam/dss_lio_sam/msg
[11.245s] -- Up-to-date: /home/tukorea/ros2_ws/install/dss_lio_sam/include/dss_lio_sam/dss_lio_sam/msg/detail
[11.245s] -- Up-to-date: /home/tukorea/ros2_ws/install/dss_lio_sam/include/dss_lio_sam/dss_lio_sam/msg/detail/cloud_info__rosidl_typesupport_fastrtps_cpp.hpp
[11.245s] -- Up-to-date: /home/tukorea/ros2_ws/install/dss_lio_sam/include/dss_lio_sam/dss_lio_sam/msg/detail/dds_fastrtps
[11.245s] -- Up-to-date: /home/tukorea/ros2_ws/install/dss_lio_sam/include/dss_lio_sam/dss_lio_sam/msg/rosidl_typesupport_fastrtps_cpp__visibility_control.h
[11.245s] -- Up-to-date: /home/tukorea/ros2_ws/install/dss_lio_sam/lib/libdss_lio_sam__rosidl_typesupport_fastrtps_cpp.so
[11.245s] -- Up-to-date: /home/tukorea/ros2_ws/install/dss_lio_sam/include/dss_lio_sam/dss_lio_sam
[11.245s] -- Up-to-date: /home/tukorea/ros2_ws/install/dss_lio_sam/include/dss_lio_sam/dss_lio_sam/srv
[11.245s] -- Up-to-date: /home/tukorea/ros2_ws/install/dss_lio_sam/include/dss_lio_sam/dss_lio_sam/srv/detail
[11.246s] -- Up-to-date: /home/tukorea/ros2_ws/install/dss_lio_sam/include/dss_lio_sam/dss_lio_sam/srv/detail/save_map__type_support.cpp
[11.246s] -- Up-to-date: /home/tukorea/ros2_ws/install/dss_lio_sam/include/dss_lio_sam/dss_lio_sam/srv/detail/save_map__rosidl_typesupport_introspection_cpp.hpp
[11.246s] -- Up-to-date: /home/tukorea/ros2_ws/install/dss_lio_sam/include/dss_lio_sam/dss_lio_sam/msg
[11.246s] -- Up-to-date: /home/tukorea/ros2_ws/install/dss_lio_sam/include/dss_lio_sam/dss_lio_sam/msg/detail
[11.246s] -- Up-to-date: /home/tukorea/ros2_ws/install/dss_lio_sam/include/dss_lio_sam/dss_lio_sam/msg/detail/cloud_info__type_support.cpp
[11.246s] -- Up-to-date: /home/tukorea/ros2_ws/install/dss_lio_sam/include/dss_lio_sam/dss_lio_sam/msg/detail/cloud_info__rosidl_typesupport_introspection_cpp.hpp
[11.246s] -- Up-to-date: /home/tukorea/ros2_ws/install/dss_lio_sam/lib/libdss_lio_sam__rosidl_typesupport_introspection_cpp.so
[11.246s] -- Up-to-date: /home/tukorea/ros2_ws/install/dss_lio_sam/lib/libdss_lio_sam__rosidl_typesupport_cpp.so
[11.246s] -- Up-to-date: /home/tukorea/ros2_ws/install/dss_lio_sam/share/dss_lio_sam/environment/pythonpath.sh
[11.246s] -- Installing: /home/tukorea/ros2_ws/install/dss_lio_sam/share/dss_lio_sam/environment/pythonpath.dsv
[11.246s] -- Up-to-date: /home/tukorea/ros2_ws/install/dss_lio_sam/local/lib/python3.10/dist-packages/dss_lio_sam-1.0.0-py3.10.egg-info
[11.246s] -- Installing: /home/tukorea/ros2_ws/install/dss_lio_sam/local/lib/python3.10/dist-packages/dss_lio_sam-1.0.0-py3.10.egg-info/SOURCES.txt
[11.246s] -- Installing: /home/tukorea/ros2_ws/install/dss_lio_sam/local/lib/python3.10/dist-packages/dss_lio_sam-1.0.0-py3.10.egg-info/PKG-INFO
[11.246s] -- Installing: /home/tukorea/ros2_ws/install/dss_lio_sam/local/lib/python3.10/dist-packages/dss_lio_sam-1.0.0-py3.10.egg-info/dependency_links.txt
[11.246s] -- Installing: /home/tukorea/ros2_ws/install/dss_lio_sam/local/lib/python3.10/dist-packages/dss_lio_sam-1.0.0-py3.10.egg-info/top_level.txt
[11.246s] -- Up-to-date: /home/tukorea/ros2_ws/install/dss_lio_sam/local/lib/python3.10/dist-packages/dss_lio_sam
[11.246s] -- Up-to-date: /home/tukorea/ros2_ws/install/dss_lio_sam/local/lib/python3.10/dist-packages/dss_lio_sam/_dss_lio_sam_s.ep.rosidl_typesupport_c.c
[11.246s] -- Up-to-date: /home/tukorea/ros2_ws/install/dss_lio_sam/local/lib/python3.10/dist-packages/dss_lio_sam/libdss_lio_sam__rosidl_generator_py.so
[11.246s] -- Up-to-date: /home/tukorea/ros2_ws/install/dss_lio_sam/local/lib/python3.10/dist-packages/dss_lio_sam/srv
[11.246s] -- Up-to-date: /home/tukorea/ros2_ws/install/dss_lio_sam/local/lib/python3.10/dist-packages/dss_lio_sam/srv/_save_map_s.c
[11.246s] -- Up-to-date: /home/tukorea/ros2_ws/install/dss_lio_sam/local/lib/python3.10/dist-packages/dss_lio_sam/srv/_save_map.py
[11.246s] -- Up-to-date: /home/tukorea/ros2_ws/install/dss_lio_sam/local/lib/python3.10/dist-packages/dss_lio_sam/srv/__init__.py
[11.246s] -- Up-to-date: /home/tukorea/ros2_ws/install/dss_lio_sam/local/lib/python3.10/dist-packages/dss_lio_sam/dss_lio_sam_s__rosidl_typesupport_c.cpython-310-x86_64-linux-gnu.so
[11.246s] -- Up-to-date: /home/tukorea/ros2_ws/install/dss_lio_sam/local/lib/python3.10/dist-packages/dss_lio_sam/msg
[11.246s] -- Up-to-date: /home/tukorea/ros2_ws/install/dss_lio_sam/local/lib/python3.10/dist-packages/dss_lio_sam/msg/_cloud_info.py
[11.246s] -- Up-to-date: /home/tukorea/ros2_ws/install/dss_lio_sam/local/lib/python3.10/dist-packages/dss_lio_sam/msg/__init__.py
[11.246s] -- Up-to-date: /home/tukorea/ros2_ws/install/dss_lio_sam/local/lib/python3.10/dist-packages/dss_lio_sam/msg/_cloud_info_s.c
[11.246s] -- Up-to-date: /home/tukorea/ros2_ws/install/dss_lio_sam/local/lib/python3.10/dist-packages/dss_lio_sam/_dss_lio_sam_s.ep.rosidl_typesupport_introspection_c.c
[11.246s] -- Up-to-date: /home/tukorea/ros2_ws/install/dss_lio_sam/local/lib/python3.10/dist-packages/dss_lio_sam/dss_lio_sam_s__rosidl_typesupport_fastrtps_c.cpython-310-x86_64-linux-gnu.so
[11.246s] -- Installing: /home/tukorea/ros2_ws/install/dss_lio_sam/local/lib/python3.10/dist-packages/dss_lio_sam/__init__.py
[11.246s] -- Up-to-date: /home/tukorea/ros2_ws/install/dss_lio_sam/local/lib/python3.10/dist-packages/dss_lio_sam/dss_lio_sam_s__rosidl_typesupport_introspection_c.cpython-310-x86_64-linux-gnu.so
[11.246s] -- Up-to-date: /home/tukorea/ros2_ws/install/dss_lio_sam/local/lib/python3.10/dist-packages/dss_lio_sam/_dss_lio_sam_s.ep.rosidl_typesupport_fastrtps_c.c
[11.263s] Listing '/home/tukorea/ros2_ws/install/dss_lio_sam/local/lib/python3.10/dist-packages/dss_lio_sam'...
[11.263s] Compiling '/home/tukorea/ros2_ws/install/dss_lio_sam/local/lib/python3.10/dist-packages/dss_lio_sam/__init__.py'...
[11.263s] Listing '/home/tukorea/ros2_ws/install/dss_lio_sam/local/lib/python3.10/dist-packages/dss_lio_sam/msg'...
[11.263s] Listing '/home/tukorea/ros2_ws/install/dss_lio_sam/local/lib/python3.10/dist-packages/dss_lio_sam/srv'...
[11.266s] -- Up-to-date: /home/tukorea/ros2_ws/install/dss_lio_sam/local/lib/python3.10/dist-packages/dss_lio_sam/dss_lio_sam_s__rosidl_typesupport_fastrtps_c.cpython-310-x86_64-linux-gnu.so
[11.266s] -- Up-to-date: /home/tukorea/ros2_ws/install/dss_lio_sam/local/lib/python3.10/dist-packages/dss_lio_sam/dss_lio_sam_s__rosidl_typesupport_introspection_c.cpython-310-x86_64-linux-gnu.so
[11.266s] -- Up-to-date: /home/tukorea/ros2_ws/install/dss_lio_sam/local/lib/python3.10/dist-packages/dss_lio_sam/dss_lio_sam_s__rosidl_typesupport_c.cpython-310-x86_64-linux-gnu.so
[11.266s] -- Up-to-date: /home/tukorea/ros2_ws/install/dss_lio_sam/lib/libdss_lio_sam__rosidl_generator_py.so
[11.266s] -- Up-to-date: /home/tukorea/ros2_ws/install/dss_lio_sam/share/dss_lio_sam/msg/CloudInfo.idl
[11.266s] -- Up-to-date: /home/tukorea/ros2_ws/install/dss_lio_sam/share/dss_lio_sam/srv/SaveMap.idl
[11.266s] -- Up-to-date: /home/tukorea/ros2_ws/install/dss_lio_sam/share/dss_lio_sam/msg/CloudInfo.msg
[11.266s] -- Up-to-date: /home/tukorea/ros2_ws/install/dss_lio_sam/share/dss_lio_sam/srv/SaveMap.srv
[11.266s] -- Up-to-date: /home/tukorea/ros2_ws/install/dss_lio_sam/share/dss_lio_sam/srv/SaveMap_Request.msg
[11.266s] -- Up-to-date: /home/tukorea/ros2_ws/install/dss_lio_sam/share/dss_lio_sam/srv/SaveMap_Response.msg
[11.266s] -- Up-to-date: /home/tukorea/ros2_ws/install/dss_lio_sam/share/dss_lio_sam//launch
[11.266s] -- Up-to-date: /home/tukorea/ros2_ws/install/dss_lio_sam/share/dss_lio_sam//launch/__pycache__
[11.266s] -- Up-to-date: /home/tukorea/ros2_ws/install/dss_lio_sam/share/dss_lio_sam//launch/__pycache__/run_localization.launch.cpython-310.pyc:Zone.Identifier
[11.266s] -- Up-to-date: /home/tukorea/ros2_ws/install/dss_lio_sam/share/dss_lio_sam//launch/__pycache__/run_localization.launch.cpython-310.pyc
[11.266s] -- Up-to-date: /home/tukorea/ros2_ws/install/dss_lio_sam/share/dss_lio_sam//launch/__pycache__/run.launch.cpython-310.pyc:Zone.Identifier
[11.267s] -- Up-to-date: /home/tukorea/ros2_ws/install/dss_lio_sam/share/dss_lio_sam//launch/__pycache__/run.launch.cpython-310.pyc
[11.267s] -- Up-to-date: /home/tukorea/ros2_ws/install/dss_lio_sam/share/dss_lio_sam//launch/run.launch.py
[11.267s] -- Up-to-date: /home/tukorea/ros2_ws/install/dss_lio_sam/share/dss_lio_sam//launch/run.launch.py:Zone.Identifier
[11.267s] -- Up-to-date: /home/tukorea/ros2_ws/install/dss_lio_sam/share/dss_lio_sam//launch/run_localization.launch.py:Zone.Identifier
[11.267s] -- Up-to-date: /home/tukorea/ros2_ws/install/dss_lio_sam/share/dss_lio_sam//launch/run_localization.launch.py
[11.267s] -- Up-to-date: /home/tukorea/ros2_ws/install/dss_lio_sam/share/dss_lio_sam//config
[11.267s] -- Up-to-date: /home/tukorea/ros2_ws/install/dss_lio_sam/share/dss_lio_sam//config/params.yaml
[11.267s] -- Up-to-date: /home/tukorea/ros2_ws/install/dss_lio_sam/share/dss_lio_sam//config/params_localization.yaml
[11.267s] -- Up-to-date: /home/tukorea/ros2_ws/install/dss_lio_sam/share/dss_lio_sam//config/params.yaml:Zone.Identifier
[11.267s] -- Up-to-date: /home/tukorea/ros2_ws/install/dss_lio_sam/share/dss_lio_sam//config/rviz2.rviz
[11.268s] -- Up-to-date: /home/tukorea/ros2_ws/install/dss_lio_sam/share/dss_lio_sam//config/rviz2.rviz:Zone.Identifier
[11.268s] -- Up-to-date: /home/tukorea/ros2_ws/install/dss_lio_sam/share/dss_lio_sam//config/params_localization.yaml:Zone.Identifier
[11.268s] -- Up-to-date: /home/tukorea/ros2_ws/install/dss_lio_sam/share/dss_lio_sam//config/dss_lio_sam.rviz:Zone.Identifier
[11.268s] -- Up-to-date: /home/tukorea/ros2_ws/install/dss_lio_sam/share/dss_lio_sam//config/robot.urdf.xacro
[11.268s] -- Up-to-date: /home/tukorea/ros2_ws/install/dss_lio_sam/share/dss_lio_sam//config/dss_lio_sam.rviz
[11.268s] -- Up-to-date: /home/tukorea/ros2_ws/install/dss_lio_sam/share/dss_lio_sam//config/robot.urdf.xacro:Zone.Identifier
[11.269s] -- Up-to-date: /home/tukorea/ros2_ws/install/dss_lio_sam/lib/dss_lio_sam/dss_lio_sam_imageProjection
[11.269s] -- Up-to-date: /home/tukorea/ros2_ws/install/dss_lio_sam/lib/dss_lio_sam/dss_lio_sam_imuPreintegration
[11.269s] -- Up-to-date: /home/tukorea/ros2_ws/install/dss_lio_sam/lib/dss_lio_sam/dss_lio_sam_featureExtraction
[11.269s] -- Up-to-date: /home/tukorea/ros2_ws/install/dss_lio_sam/lib/dss_lio_sam/dss_lio_sam_mapOptimization
[11.269s] -- Up-to-date: /home/tukorea/ros2_ws/install/dss_lio_sam/include
[11.269s] -- Up-to-date: /home/tukorea/ros2_ws/install/dss_lio_sam/include/dss_lio_sam
[11.269s] -- Up-to-date: /home/tukorea/ros2_ws/install/dss_lio_sam/include/dss_lio_sam/utility.hpp
[11.269s] -- Up-to-date: /home/tukorea/ros2_ws/install/dss_lio_sam/include/dss_lio_sam/utility.hpp:Zone.Identifier
[11.271s] -- Up-to-date: /home/tukorea/ros2_ws/install/dss_lio_sam/share/ament_index/resource_index/package_run_dependencies/dss_lio_sam
[11.271s] -- Installing: /home/tukorea/ros2_ws/install/dss_lio_sam/share/ament_index/resource_index/parent_prefix_path/dss_lio_sam
[11.271s] -- Up-to-date: /home/tukorea/ros2_ws/install/dss_lio_sam/share/dss_lio_sam/environment/ament_prefix_path.sh
[11.271s] -- Installing: /home/tukorea/ros2_ws/install/dss_lio_sam/share/dss_lio_sam/environment/ament_prefix_path.dsv
[11.271s] -- Up-to-date: /home/tukorea/ros2_ws/install/dss_lio_sam/share/dss_lio_sam/environment/path.sh
[11.271s] -- Installing: /home/tukorea/ros2_ws/install/dss_lio_sam/share/dss_lio_sam/environment/path.dsv
[11.271s] -- Up-to-date: /home/tukorea/ros2_ws/install/dss_lio_sam/share/dss_lio_sam/local_setup.bash
[11.271s] -- Up-to-date: /home/tukorea/ros2_ws/install/dss_lio_sam/share/dss_lio_sam/local_setup.sh
[11.271s] -- Up-to-date: /home/tukorea/ros2_ws/install/dss_lio_sam/share/dss_lio_sam/local_setup.zsh
[11.271s] -- Installing: /home/tukorea/ros2_ws/install/dss_lio_sam/share/dss_lio_sam/local_setup.dsv
[11.271s] -- Installing: /home/tukorea/ros2_ws/install/dss_lio_sam/share/dss_lio_sam/package.dsv
[11.271s] -- Up-to-date: /home/tukorea/ros2_ws/install/dss_lio_sam/share/ament_index/resource_index/packages/dss_lio_sam
[11.271s] -- Up-to-date: /home/tukorea/ros2_ws/install/dss_lio_sam/share/dss_lio_sam/cmake/export_dss_lio_sam__rosidl_generator_cExport.cmake
[11.271s] -- Up-to-date: /home/tukorea/ros2_ws/install/dss_lio_sam/share/dss_lio_sam/cmake/export_dss_lio_sam__rosidl_generator_cExport-release.cmake
[11.271s] -- Up-to-date: /home/tukorea/ros2_ws/install/dss_lio_sam/share/dss_lio_sam/cmake/export_dss_lio_sam__rosidl_typesupport_fastrtps_cExport.cmake
[11.271s] -- Up-to-date: /home/tukorea/ros2_ws/install/dss_lio_sam/share/dss_lio_sam/cmake/export_dss_lio_sam__rosidl_typesupport_fastrtps_cExport-release.cmake
[11.271s] -- Up-to-date: /home/tukorea/ros2_ws/install/dss_lio_sam/share/dss_lio_sam/cmake/dss_lio_sam__rosidl_typesupport_introspection_cExport.cmake
[11.271s] -- Up-to-date: /home/tukorea/ros2_ws/install/dss_lio_sam/share/dss_lio_sam/cmake/dss_lio_sam__rosidl_typesupport_introspection_cExport-release.cmake
[11.271s] -- Up-to-date: /home/tukorea/ros2_ws/install/dss_lio_sam/share/dss_lio_sam/cmake/dss_lio_sam__rosidl_typesupport_cExport.cmake
[11.271s] -- Up-to-date: /home/tukorea/ros2_ws/install/dss_lio_sam/share/dss_lio_sam/cmake/dss_lio_sam__rosidl_typesupport_cExport-release.cmake
[11.271s] -- Up-to-date: /home/tukorea/ros2_ws/install/dss_lio_sam/share/dss_lio_sam/cmake/export_dss_lio_sam__rosidl_generator_cppExport.cmake
[11.271s] -- Up-to-date: /home/tukorea/ros2_ws/install/dss_lio_sam/share/dss_lio_sam/cmake/export_dss_lio_sam__rosidl_typesupport_fastrtps_cppExport.cmake
[11.271s] -- Up-to-date: /home/tukorea/ros2_ws/install/dss_lio_sam/share/dss_lio_sam/cmake/export_dss_lio_sam__rosidl_typesupport_fastrtps_cppExport-release.cmake
[11.271s] -- Up-to-date: /home/tukorea/ros2_ws/install/dss_lio_sam/share/dss_lio_sam/cmake/dss_lio_sam__rosidl_typesupport_introspection_cppExport.cmake
[11.271s] -- Up-to-date: /home/tukorea/ros2_ws/install/dss_lio_sam/share/dss_lio_sam/cmake/dss_lio_sam__rosidl_typesupport_introspection_cppExport-release.cmake
[11.271s] -- Up-to-date: /home/tukorea/ros2_ws/install/dss_lio_sam/share/dss_lio_sam/cmake/dss_lio_sam__rosidl_typesupport_cppExport.cmake
[11.272s] -- Up-to-date: /home/tukorea/ros2_ws/install/dss_lio_sam/share/dss_lio_sam/cmake/dss_lio_sam__rosidl_typesupport_cppExport-release.cmake
[11.272s] -- Up-to-date: /home/tukorea/ros2_ws/install/dss_lio_sam/share/dss_lio_sam/cmake/export_dss_lio_sam__rosidl_generator_pyExport.cmake
[11.272s] -- Up-to-date: /home/tukorea/ros2_ws/install/dss_lio_sam/share/dss_lio_sam/cmake/export_dss_lio_sam__rosidl_generator_pyExport-release.cmake
[11.272s] -- Up-to-date: /home/tukorea/ros2_ws/install/dss_lio_sam/share/dss_lio_sam/cmake/rosidl_cmake-extras.cmake
[11.272s] -- Up-to-date: /home/tukorea/ros2_ws/install/dss_lio_sam/share/dss_lio_sam/cmake/ament_cmake_export_dependencies-extras.cmake
[11.272s] -- Up-to-date: /home/tukorea/ros2_ws/install/dss_lio_sam/share/dss_lio_sam/cmake/ament_cmake_export_include_directories-extras.cmake
[11.272s] -- Up-to-date: /home/tukorea/ros2_ws/install/dss_lio_sam/share/dss_lio_sam/cmake/ament_cmake_export_libraries-extras.cmake
[11.272s] -- Up-to-date: /home/tukorea/ros2_ws/install/dss_lio_sam/share/dss_lio_sam/cmake/ament_cmake_export_targets-extras.cmake
[11.272s] -- Up-to-date: /home/tukorea/ros2_ws/install/dss_lio_sam/share/dss_lio_sam/cmake/rosidl_cmake_export_typesupport_targets-extras.cmake
[11.272s] -- Up-to-date: /home/tukorea/ros2_ws/install/dss_lio_sam/share/dss_lio_sam/cmake/rosidl_cmake_export_typesupport_libraries-extras.cmake
[11.272s] -- Up-to-date: /home/tukorea/ros2_ws/install/dss_lio_sam/share/dss_lio_sam/cmake/dss_lio_samConfig.cmake
[11.272s] -- Up-to-date: /home/tukorea/ros2_ws/install/dss_lio_sam/share/dss_lio_sam/cmake/dss_lio_samConfig-version.cmake
[11.272s] -- Up-to-date: /home/tukorea/ros2_ws/install/dss_lio_sam/share/dss_lio_sam/package.xml
[11.272s] Invoked command in '/home/tukorea/ros2_ws/build/dss_lio_sam' returned '0': CMAKE_PREFIX_PATH=/opt/ros/humble /usr/bin/cmake --install /home/tukorea/ros2_ws/build/dss_lio_sam
