-- Found ament_cmake: 1.3.12 (/opt/ros/humble/share/ament_cmake/cmake)
-- Found rosidl_default_generators: 1.2.0 (/opt/ros/humble/share/rosidl_default_generators/cmake)
-- Using all available rosidl_typesupport_c: rosidl_typesupport_fastrtps_c;rosidl_typesupport_introspection_c
-- Found rosidl_adapter: 3.1.8 (/opt/ros/humble/share/rosidl_adapter/cmake)
-- Using all available rosidl_typesupport_cpp: rosidl_typesupport_fastrtps_cpp;rosidl_typesupport_introspection_cpp
-- Found rclcpp: 16.0.17 (/opt/ros/humble/share/rclcpp/cmake)
-- Found rmw_implementation_cmake: 6.1.2 (/opt/ros/humble/share/rmw_implementation_cmake/cmake)
-- Found rmw_fastrtps_cpp: 6.2.9 (/opt/ros/humble/share/rmw_fastrtps_cpp/cmake)
-- Using RMW implementation 'rmw_fastrtps_cpp' as default
-- Found rclpy: 3.3.19 (/opt/ros/humble/share/rclpy/cmake)
-- Found cv_bridge: 3.2.1 (/opt/ros/humble/share/cv_bridge/cmake)
-- Found nav_msgs: 4.9.0 (/opt/ros/humble/share/nav_msgs/cmake)
-- Found visualization_msgs: 4.9.0 (/opt/ros/humble/share/visualization_msgs/cmake)
-- Found pcl_conversions: 2.4.5 (/opt/ros/humble/share/pcl_conversions/cmake)
-- Found Eigen: /usr/include/eigen3 (Required is at least version "3.1") 
-- Eigen found (include: /usr/include/eigen3, version: 3.4.0)
-- FLANN found (include: /usr/include, lib: /usr/lib/x86_64-linux-gnu/libflann_cpp.so)
-- OpenNI found (version: 1.5.4.0, include: /usr/include/ni, lib: /usr/lib/libOpenNI.so;libusb::libusb)
-- OpenNI2 found (version: 2.2.0.33, include: /usr/include/openni2, lib: /usr/lib/x86_64-linux-gnu/libOpenNI2.so;libusb::libusb)
-- Eigen found (include: /usr/include/eigen3, version: 3.4.0)
-- OpenNI found (version: 1.5.4.0, include: /usr/include/ni, lib: /usr/lib/libOpenNI.so;libusb::libusb)
-- OpenNI2 found (version: 2.2.0.33, include: /usr/include/openni2, lib: /usr/lib/x86_64-linux-gnu/libOpenNI2.so;libusb::libusb)
-- Found Qhull version 8.0.2
-- OpenNI found (version: 1.5.4.0, include: /usr/include/ni, lib: /usr/lib/libOpenNI.so;libusb::libusb)
-- Found tf2: 0.25.18 (/opt/ros/humble/share/tf2/cmake)
-- Found tf2_geometry_msgs: 0.25.18 (/opt/ros/humble/share/tf2_geometry_msgs/cmake)
-- Found eigen3_cmake_module: 0.1.1 (/opt/ros/humble/share/eigen3_cmake_module/cmake)
-- Ensuring Eigen3 include directory is part of orocos-kdl CMake target
-- Found tf2_sensor_msgs: 0.25.18 (/opt/ros/humble/share/tf2_sensor_msgs/cmake)
-- Found tf2_eigen: 0.25.18 (/opt/ros/humble/share/tf2_eigen/cmake)
[33mCMake Warning (dev) at CMakeLists.txt:29 (find_package):
  Policy CMP0074 is not set: find_package uses <PackageName>_ROOT variables.
  Run "cmake --help-policy CMP0074" for policy details.  Use the cmake_policy
  command to set the policy and suppress this warning.

  CMake variable PCL_ROOT is set to:

    /usr

  For compatibility, CMake is ignoring the variable.
This warning is for project developers.  Use -Wno-dev to suppress it.
[0m
-- GTSAM include directory:  /usr/local/lib/cmake/GTSAM/../../../include
-- Found Eigen: /usr/include/eigen3  
-- Eigen found (include: /usr/include/eigen3, version: 3.4.0)
-- Found ament_cmake_ros: 0.10.0 (/opt/ros/humble/share/ament_cmake_ros/cmake)
-- Using all available rosidl_typesupport_c: rosidl_typesupport_fastrtps_c;rosidl_typesupport_introspection_c
-- Using all available rosidl_typesupport_cpp: rosidl_typesupport_fastrtps_cpp;rosidl_typesupport_introspection_cpp
-- Found python_cmake_module: 0.10.0 (/opt/ros/humble/share/python_cmake_module/cmake)
-- Using PYTHON_EXECUTABLE: /usr/bin/python3
-- Using PYTHON_INCLUDE_DIRS: /usr/include/python3.10
-- Using PYTHON_LIBRARIES: /usr/lib/x86_64-linux-gnu/libpython3.10.so
-- Found ament_lint_auto: 0.12.14 (/opt/ros/humble/share/ament_lint_auto/cmake)
-- Added test 'copyright' to check source files copyright and LICENSE
-- Added test 'cppcheck' to perform static code analysis on C / C++ code
-- Configured cppcheck include dirs: /home/tukorea/ros2_ws/src/SLAM/LIO-SAM/livox_lio_sam/include/livox_lio_sam
-- Configured cppcheck exclude dirs and/or files: 
-- Added test 'cpplint' to check C / C++ code against the Google style
-- Configured cpplint exclude dirs and/or files: 
-- Added test 'flake8' to check Python code syntax and style conventions
-- Added test 'lint_cmake' to check CMake code style
-- Added test 'pep257' to check Python code against some of the docstring style conventions in PEP 257
-- Added test 'uncrustify' to check C / C++ code style
-- Configured uncrustify additional arguments: 
-- Added test 'xmllint' to check XML markup files
-- Configuring done
-- Generating done
-- Build files have been written to: /home/tukorea/ros2_ws/build/livox_lio_sam
[35m[1mConsolidate compiler generated dependencies of target livox_lio_sam__rosidl_generator_c[0m
[  1%] Built target livox_lio_sam__cpp
[ 10%] Built target livox_lio_sam__rosidl_generator_c
[ 10%] Built target ament_cmake_python_copy_livox_lio_sam
[35m[1mConsolidate compiler generated dependencies of target livox_lio_sam__rosidl_typesupport_introspection_c[0m
[35m[1mConsolidate compiler generated dependencies of target livox_lio_sam__rosidl_typesupport_cpp[0m
[35m[1mConsolidate compiler generated dependencies of target livox_lio_sam__rosidl_typesupport_introspection_cpp[0m
[35m[1mConsolidate compiler generated dependencies of target livox_lio_sam__rosidl_typesupport_c[0m
[35m[1mConsolidate compiler generated dependencies of target livox_lio_sam__rosidl_typesupport_fastrtps_c[0m
[35m[1mConsolidate compiler generated dependencies of target livox_lio_sam__rosidl_typesupport_fastrtps_cpp[0m
[ 29%] Built target livox_lio_sam__rosidl_typesupport_cpp
[ 27%] Built target livox_lio_sam__rosidl_typesupport_c
[ 38%] Built target livox_lio_sam__rosidl_typesupport_introspection_c
[ 47%] Built target livox_lio_sam__rosidl_typesupport_introspection_cpp
[ 56%] Built target livox_lio_sam__rosidl_typesupport_fastrtps_c
[ 65%] Built target livox_lio_sam__rosidl_typesupport_fastrtps_cpp
[35m[1mConsolidate compiler generated dependencies of target livox_lio_sam_featureExtraction[0m
[35m[1mConsolidate compiler generated dependencies of target livox_lio_sam_imageProjection[0m
[35m[1mConsolidate compiler generated dependencies of target livox_lio_sam_imuPreintegration[0m
[35m[1mConsolidate compiler generated dependencies of target livox_lio_sam_mapOptimization[0m
[ 65%] Built target livox_lio_sam
[ 72%] Built target livox_lio_sam_imageProjection
[ 72%] Built target livox_lio_sam_featureExtraction
[ 76%] Built target livox_lio_sam_imuPreintegration
[ 80%] Built target livox_lio_sam_mapOptimization
[ 81%] Built target livox_lio_sam__py
[35m[1mConsolidate compiler generated dependencies of target livox_lio_sam__rosidl_generator_py[0m
[ 89%] Built target livox_lio_sam__rosidl_generator_py
[35m[1mConsolidate compiler generated dependencies of target livox_lio_sam__rosidl_typesupport_introspection_c__pyext[0m
[35m[1mConsolidate compiler generated dependencies of target livox_lio_sam__rosidl_typesupport_c__pyext[0m
[35m[1mConsolidate compiler generated dependencies of target livox_lio_sam__rosidl_typesupport_fastrtps_c__pyext[0m
[100%] Built target livox_lio_sam__rosidl_typesupport_fastrtps_c__pyext
[100%] Built target livox_lio_sam__rosidl_typesupport_introspection_c__pyext
[100%] Built target livox_lio_sam__rosidl_typesupport_c__pyext
running egg_info
writing livox_lio_sam.egg-info/PKG-INFO
writing dependency_links to livox_lio_sam.egg-info/dependency_links.txt
writing top-level names to livox_lio_sam.egg-info/top_level.txt
reading manifest file 'livox_lio_sam.egg-info/SOURCES.txt'
writing manifest file 'livox_lio_sam.egg-info/SOURCES.txt'
[100%] Built target ament_cmake_python_build_livox_lio_sam_egg
-- Install configuration: "Release"
-- Up-to-date: /home/tukorea/ros2_ws/install/livox_lio_sam/share/ament_index/resource_index/rosidl_interfaces/livox_lio_sam
-- Up-to-date: /home/tukorea/ros2_ws/install/livox_lio_sam/include/livox_lio_sam/livox_lio_sam
-- Up-to-date: /home/tukorea/ros2_ws/install/livox_lio_sam/include/livox_lio_sam/livox_lio_sam/srv
-- Up-to-date: /home/tukorea/ros2_ws/install/livox_lio_sam/include/livox_lio_sam/livox_lio_sam/srv/save_map.h
-- Up-to-date: /home/tukorea/ros2_ws/install/livox_lio_sam/include/livox_lio_sam/livox_lio_sam/srv/detail
-- Up-to-date: /home/tukorea/ros2_ws/install/livox_lio_sam/include/livox_lio_sam/livox_lio_sam/srv/detail/save_map__functions.h
-- Up-to-date: /home/tukorea/ros2_ws/install/livox_lio_sam/include/livox_lio_sam/livox_lio_sam/srv/detail/save_map__functions.c
-- Up-to-date: /home/tukorea/ros2_ws/install/livox_lio_sam/include/livox_lio_sam/livox_lio_sam/srv/detail/reset__functions.c
-- Up-to-date: /home/tukorea/ros2_ws/install/livox_lio_sam/include/livox_lio_sam/livox_lio_sam/srv/detail/save_map__type_support.h
-- Up-to-date: /home/tukorea/ros2_ws/install/livox_lio_sam/include/livox_lio_sam/livox_lio_sam/srv/detail/reset__type_support.h
-- Up-to-date: /home/tukorea/ros2_ws/install/livox_lio_sam/include/livox_lio_sam/livox_lio_sam/srv/detail/reset__struct.h
-- Up-to-date: /home/tukorea/ros2_ws/install/livox_lio_sam/include/livox_lio_sam/livox_lio_sam/srv/detail/save_map__struct.h
-- Up-to-date: /home/tukorea/ros2_ws/install/livox_lio_sam/include/livox_lio_sam/livox_lio_sam/srv/detail/reset__functions.h
-- Up-to-date: /home/tukorea/ros2_ws/install/livox_lio_sam/include/livox_lio_sam/livox_lio_sam/srv/reset.h
-- Up-to-date: /home/tukorea/ros2_ws/install/livox_lio_sam/include/livox_lio_sam/livox_lio_sam/msg
-- Up-to-date: /home/tukorea/ros2_ws/install/livox_lio_sam/include/livox_lio_sam/livox_lio_sam/msg/rosidl_generator_c__visibility_control.h
-- Up-to-date: /home/tukorea/ros2_ws/install/livox_lio_sam/include/livox_lio_sam/livox_lio_sam/msg/detail
-- Up-to-date: /home/tukorea/ros2_ws/install/livox_lio_sam/include/livox_lio_sam/livox_lio_sam/msg/detail/cloud_info__functions.h
-- Up-to-date: /home/tukorea/ros2_ws/install/livox_lio_sam/include/livox_lio_sam/livox_lio_sam/msg/detail/cloud_info__type_support.h
-- Up-to-date: /home/tukorea/ros2_ws/install/livox_lio_sam/include/livox_lio_sam/livox_lio_sam/msg/detail/cloud_info__functions.c
-- Up-to-date: /home/tukorea/ros2_ws/install/livox_lio_sam/include/livox_lio_sam/livox_lio_sam/msg/detail/cloud_info__struct.h
-- Up-to-date: /home/tukorea/ros2_ws/install/livox_lio_sam/include/livox_lio_sam/livox_lio_sam/msg/cloud_info.h
-- Up-to-date: /home/tukorea/ros2_ws/install/livox_lio_sam/share/livox_lio_sam/environment/library_path.sh
-- Installing: /home/tukorea/ros2_ws/install/livox_lio_sam/share/livox_lio_sam/environment/library_path.dsv
-- Up-to-date: /home/tukorea/ros2_ws/install/livox_lio_sam/lib/liblivox_lio_sam__rosidl_generator_c.so
-- Up-to-date: /home/tukorea/ros2_ws/install/livox_lio_sam/include/livox_lio_sam/livox_lio_sam
-- Up-to-date: /home/tukorea/ros2_ws/install/livox_lio_sam/include/livox_lio_sam/livox_lio_sam/srv
-- Up-to-date: /home/tukorea/ros2_ws/install/livox_lio_sam/include/livox_lio_sam/livox_lio_sam/srv/detail
-- Up-to-date: /home/tukorea/ros2_ws/install/livox_lio_sam/include/livox_lio_sam/livox_lio_sam/srv/detail/save_map__rosidl_typesupport_fastrtps_c.h
-- Up-to-date: /home/tukorea/ros2_ws/install/livox_lio_sam/include/livox_lio_sam/livox_lio_sam/srv/detail/reset__rosidl_typesupport_fastrtps_c.h
-- Up-to-date: /home/tukorea/ros2_ws/install/livox_lio_sam/include/livox_lio_sam/livox_lio_sam/msg
-- Up-to-date: /home/tukorea/ros2_ws/install/livox_lio_sam/include/livox_lio_sam/livox_lio_sam/msg/rosidl_typesupport_fastrtps_c__visibility_control.h
-- Up-to-date: /home/tukorea/ros2_ws/install/livox_lio_sam/include/livox_lio_sam/livox_lio_sam/msg/detail
-- Up-to-date: /home/tukorea/ros2_ws/install/livox_lio_sam/include/livox_lio_sam/livox_lio_sam/msg/detail/cloud_info__rosidl_typesupport_fastrtps_c.h
-- Up-to-date: /home/tukorea/ros2_ws/install/livox_lio_sam/lib/liblivox_lio_sam__rosidl_typesupport_fastrtps_c.so
-- Up-to-date: /home/tukorea/ros2_ws/install/livox_lio_sam/include/livox_lio_sam/livox_lio_sam
-- Up-to-date: /home/tukorea/ros2_ws/install/livox_lio_sam/include/livox_lio_sam/livox_lio_sam/srv
-- Up-to-date: /home/tukorea/ros2_ws/install/livox_lio_sam/include/livox_lio_sam/livox_lio_sam/srv/detail
-- Up-to-date: /home/tukorea/ros2_ws/install/livox_lio_sam/include/livox_lio_sam/livox_lio_sam/srv/detail/save_map__rosidl_typesupport_introspection_c.h
-- Up-to-date: /home/tukorea/ros2_ws/install/livox_lio_sam/include/livox_lio_sam/livox_lio_sam/srv/detail/save_map__type_support.c
-- Up-to-date: /home/tukorea/ros2_ws/install/livox_lio_sam/include/livox_lio_sam/livox_lio_sam/srv/detail/reset__type_support.c
-- Up-to-date: /home/tukorea/ros2_ws/install/livox_lio_sam/include/livox_lio_sam/livox_lio_sam/srv/detail/reset__rosidl_typesupport_introspection_c.h
-- Up-to-date: /home/tukorea/ros2_ws/install/livox_lio_sam/include/livox_lio_sam/livox_lio_sam/msg
-- Up-to-date: /home/tukorea/ros2_ws/install/livox_lio_sam/include/livox_lio_sam/livox_lio_sam/msg/detail
-- Up-to-date: /home/tukorea/ros2_ws/install/livox_lio_sam/include/livox_lio_sam/livox_lio_sam/msg/detail/cloud_info__rosidl_typesupport_introspection_c.h
-- Up-to-date: /home/tukorea/ros2_ws/install/livox_lio_sam/include/livox_lio_sam/livox_lio_sam/msg/detail/cloud_info__type_support.c
-- Up-to-date: /home/tukorea/ros2_ws/install/livox_lio_sam/include/livox_lio_sam/livox_lio_sam/msg/rosidl_typesupport_introspection_c__visibility_control.h
-- Up-to-date: /home/tukorea/ros2_ws/install/livox_lio_sam/lib/liblivox_lio_sam__rosidl_typesupport_introspection_c.so
-- Up-to-date: /home/tukorea/ros2_ws/install/livox_lio_sam/lib/liblivox_lio_sam__rosidl_typesupport_c.so
-- Up-to-date: /home/tukorea/ros2_ws/install/livox_lio_sam/include/livox_lio_sam/livox_lio_sam
-- Up-to-date: /home/tukorea/ros2_ws/install/livox_lio_sam/include/livox_lio_sam/livox_lio_sam/srv
-- Up-to-date: /home/tukorea/ros2_ws/install/livox_lio_sam/include/livox_lio_sam/livox_lio_sam/srv/detail
-- Up-to-date: /home/tukorea/ros2_ws/install/livox_lio_sam/include/livox_lio_sam/livox_lio_sam/srv/detail/save_map__struct.hpp
-- Up-to-date: /home/tukorea/ros2_ws/install/livox_lio_sam/include/livox_lio_sam/livox_lio_sam/srv/detail/reset__type_support.hpp
-- Up-to-date: /home/tukorea/ros2_ws/install/livox_lio_sam/include/livox_lio_sam/livox_lio_sam/srv/detail/reset__struct.hpp
-- Up-to-date: /home/tukorea/ros2_ws/install/livox_lio_sam/include/livox_lio_sam/livox_lio_sam/srv/detail/reset__builder.hpp
-- Up-to-date: /home/tukorea/ros2_ws/install/livox_lio_sam/include/livox_lio_sam/livox_lio_sam/srv/detail/save_map__traits.hpp
-- Up-to-date: /home/tukorea/ros2_ws/install/livox_lio_sam/include/livox_lio_sam/livox_lio_sam/srv/detail/reset__traits.hpp
-- Up-to-date: /home/tukorea/ros2_ws/install/livox_lio_sam/include/livox_lio_sam/livox_lio_sam/srv/detail/save_map__type_support.hpp
-- Up-to-date: /home/tukorea/ros2_ws/install/livox_lio_sam/include/livox_lio_sam/livox_lio_sam/srv/detail/save_map__builder.hpp
-- Up-to-date: /home/tukorea/ros2_ws/install/livox_lio_sam/include/livox_lio_sam/livox_lio_sam/srv/save_map.hpp
-- Up-to-date: /home/tukorea/ros2_ws/install/livox_lio_sam/include/livox_lio_sam/livox_lio_sam/srv/reset.hpp
-- Up-to-date: /home/tukorea/ros2_ws/install/livox_lio_sam/include/livox_lio_sam/livox_lio_sam/msg
-- Up-to-date: /home/tukorea/ros2_ws/install/livox_lio_sam/include/livox_lio_sam/livox_lio_sam/msg/rosidl_generator_cpp__visibility_control.hpp
-- Up-to-date: /home/tukorea/ros2_ws/install/livox_lio_sam/include/livox_lio_sam/livox_lio_sam/msg/detail
-- Up-to-date: /home/tukorea/ros2_ws/install/livox_lio_sam/include/livox_lio_sam/livox_lio_sam/msg/detail/cloud_info__struct.hpp
-- Up-to-date: /home/tukorea/ros2_ws/install/livox_lio_sam/include/livox_lio_sam/livox_lio_sam/msg/detail/cloud_info__builder.hpp
-- Up-to-date: /home/tukorea/ros2_ws/install/livox_lio_sam/include/livox_lio_sam/livox_lio_sam/msg/detail/cloud_info__traits.hpp
-- Up-to-date: /home/tukorea/ros2_ws/install/livox_lio_sam/include/livox_lio_sam/livox_lio_sam/msg/detail/cloud_info__type_support.hpp
-- Up-to-date: /home/tukorea/ros2_ws/install/livox_lio_sam/include/livox_lio_sam/livox_lio_sam/msg/cloud_info.hpp
-- Up-to-date: /home/tukorea/ros2_ws/install/livox_lio_sam/include/livox_lio_sam/livox_lio_sam
-- Up-to-date: /home/tukorea/ros2_ws/install/livox_lio_sam/include/livox_lio_sam/livox_lio_sam/srv
-- Up-to-date: /home/tukorea/ros2_ws/install/livox_lio_sam/include/livox_lio_sam/livox_lio_sam/srv/detail
-- Up-to-date: /home/tukorea/ros2_ws/install/livox_lio_sam/include/livox_lio_sam/livox_lio_sam/srv/detail/reset__rosidl_typesupport_fastrtps_cpp.hpp
-- Up-to-date: /home/tukorea/ros2_ws/install/livox_lio_sam/include/livox_lio_sam/livox_lio_sam/srv/detail/save_map__rosidl_typesupport_fastrtps_cpp.hpp
-- Up-to-date: /home/tukorea/ros2_ws/install/livox_lio_sam/include/livox_lio_sam/livox_lio_sam/srv/detail/dds_fastrtps
-- Up-to-date: /home/tukorea/ros2_ws/install/livox_lio_sam/include/livox_lio_sam/livox_lio_sam/msg
-- Up-to-date: /home/tukorea/ros2_ws/install/livox_lio_sam/include/livox_lio_sam/livox_lio_sam/msg/detail
-- Up-to-date: /home/tukorea/ros2_ws/install/livox_lio_sam/include/livox_lio_sam/livox_lio_sam/msg/detail/cloud_info__rosidl_typesupport_fastrtps_cpp.hpp
-- Up-to-date: /home/tukorea/ros2_ws/install/livox_lio_sam/include/livox_lio_sam/livox_lio_sam/msg/detail/dds_fastrtps
-- Up-to-date: /home/tukorea/ros2_ws/install/livox_lio_sam/include/livox_lio_sam/livox_lio_sam/msg/rosidl_typesupport_fastrtps_cpp__visibility_control.h
-- Up-to-date: /home/tukorea/ros2_ws/install/livox_lio_sam/lib/liblivox_lio_sam__rosidl_typesupport_fastrtps_cpp.so
-- Up-to-date: /home/tukorea/ros2_ws/install/livox_lio_sam/include/livox_lio_sam/livox_lio_sam
-- Up-to-date: /home/tukorea/ros2_ws/install/livox_lio_sam/include/livox_lio_sam/livox_lio_sam/srv
-- Up-to-date: /home/tukorea/ros2_ws/install/livox_lio_sam/include/livox_lio_sam/livox_lio_sam/srv/detail
-- Up-to-date: /home/tukorea/ros2_ws/install/livox_lio_sam/include/livox_lio_sam/livox_lio_sam/srv/detail/save_map__type_support.cpp
-- Up-to-date: /home/tukorea/ros2_ws/install/livox_lio_sam/include/livox_lio_sam/livox_lio_sam/srv/detail/save_map__rosidl_typesupport_introspection_cpp.hpp
-- Up-to-date: /home/tukorea/ros2_ws/install/livox_lio_sam/include/livox_lio_sam/livox_lio_sam/srv/detail/reset__rosidl_typesupport_introspection_cpp.hpp
-- Up-to-date: /home/tukorea/ros2_ws/install/livox_lio_sam/include/livox_lio_sam/livox_lio_sam/srv/detail/reset__type_support.cpp
-- Up-to-date: /home/tukorea/ros2_ws/install/livox_lio_sam/include/livox_lio_sam/livox_lio_sam/msg
-- Up-to-date: /home/tukorea/ros2_ws/install/livox_lio_sam/include/livox_lio_sam/livox_lio_sam/msg/detail
-- Up-to-date: /home/tukorea/ros2_ws/install/livox_lio_sam/include/livox_lio_sam/livox_lio_sam/msg/detail/cloud_info__type_support.cpp
-- Up-to-date: /home/tukorea/ros2_ws/install/livox_lio_sam/include/livox_lio_sam/livox_lio_sam/msg/detail/cloud_info__rosidl_typesupport_introspection_cpp.hpp
-- Up-to-date: /home/tukorea/ros2_ws/install/livox_lio_sam/lib/liblivox_lio_sam__rosidl_typesupport_introspection_cpp.so
-- Up-to-date: /home/tukorea/ros2_ws/install/livox_lio_sam/lib/liblivox_lio_sam__rosidl_typesupport_cpp.so
-- Up-to-date: /home/tukorea/ros2_ws/install/livox_lio_sam/share/livox_lio_sam/environment/pythonpath.sh
-- Installing: /home/tukorea/ros2_ws/install/livox_lio_sam/share/livox_lio_sam/environment/pythonpath.dsv
-- Up-to-date: /home/tukorea/ros2_ws/install/livox_lio_sam/local/lib/python3.10/dist-packages/livox_lio_sam-1.0.0-py3.10.egg-info
-- Installing: /home/tukorea/ros2_ws/install/livox_lio_sam/local/lib/python3.10/dist-packages/livox_lio_sam-1.0.0-py3.10.egg-info/SOURCES.txt
-- Installing: /home/tukorea/ros2_ws/install/livox_lio_sam/local/lib/python3.10/dist-packages/livox_lio_sam-1.0.0-py3.10.egg-info/PKG-INFO
-- Installing: /home/tukorea/ros2_ws/install/livox_lio_sam/local/lib/python3.10/dist-packages/livox_lio_sam-1.0.0-py3.10.egg-info/dependency_links.txt
-- Installing: /home/tukorea/ros2_ws/install/livox_lio_sam/local/lib/python3.10/dist-packages/livox_lio_sam-1.0.0-py3.10.egg-info/top_level.txt
-- Up-to-date: /home/tukorea/ros2_ws/install/livox_lio_sam/local/lib/python3.10/dist-packages/livox_lio_sam
-- Up-to-date: /home/tukorea/ros2_ws/install/livox_lio_sam/local/lib/python3.10/dist-packages/livox_lio_sam/_livox_lio_sam_s.ep.rosidl_typesupport_fastrtps_c.c
-- Up-to-date: /home/tukorea/ros2_ws/install/livox_lio_sam/local/lib/python3.10/dist-packages/livox_lio_sam/_livox_lio_sam_s.ep.rosidl_typesupport_c.c
-- Up-to-date: /home/tukorea/ros2_ws/install/livox_lio_sam/local/lib/python3.10/dist-packages/livox_lio_sam/srv
-- Up-to-date: /home/tukorea/ros2_ws/install/livox_lio_sam/local/lib/python3.10/dist-packages/livox_lio_sam/srv/_reset_s.c
-- Up-to-date: /home/tukorea/ros2_ws/install/livox_lio_sam/local/lib/python3.10/dist-packages/livox_lio_sam/srv/_save_map_s.c
-- Up-to-date: /home/tukorea/ros2_ws/install/livox_lio_sam/local/lib/python3.10/dist-packages/livox_lio_sam/srv/_save_map.py
-- Up-to-date: /home/tukorea/ros2_ws/install/livox_lio_sam/local/lib/python3.10/dist-packages/livox_lio_sam/srv/_reset.py
-- Up-to-date: /home/tukorea/ros2_ws/install/livox_lio_sam/local/lib/python3.10/dist-packages/livox_lio_sam/srv/__init__.py
-- Up-to-date: /home/tukorea/ros2_ws/install/livox_lio_sam/local/lib/python3.10/dist-packages/livox_lio_sam/livox_lio_sam_s__rosidl_typesupport_c.cpython-310-x86_64-linux-gnu.so
-- Up-to-date: /home/tukorea/ros2_ws/install/livox_lio_sam/local/lib/python3.10/dist-packages/livox_lio_sam/_livox_lio_sam_s.ep.rosidl_typesupport_introspection_c.c
-- Up-to-date: /home/tukorea/ros2_ws/install/livox_lio_sam/local/lib/python3.10/dist-packages/livox_lio_sam/livox_lio_sam_s__rosidl_typesupport_fastrtps_c.cpython-310-x86_64-linux-gnu.so
-- Up-to-date: /home/tukorea/ros2_ws/install/livox_lio_sam/local/lib/python3.10/dist-packages/livox_lio_sam/msg
-- Up-to-date: /home/tukorea/ros2_ws/install/livox_lio_sam/local/lib/python3.10/dist-packages/livox_lio_sam/msg/_cloud_info.py
-- Up-to-date: /home/tukorea/ros2_ws/install/livox_lio_sam/local/lib/python3.10/dist-packages/livox_lio_sam/msg/__init__.py
-- Up-to-date: /home/tukorea/ros2_ws/install/livox_lio_sam/local/lib/python3.10/dist-packages/livox_lio_sam/msg/_cloud_info_s.c
-- Up-to-date: /home/tukorea/ros2_ws/install/livox_lio_sam/local/lib/python3.10/dist-packages/livox_lio_sam/livox_lio_sam_s__rosidl_typesupport_introspection_c.cpython-310-x86_64-linux-gnu.so
-- Installing: /home/tukorea/ros2_ws/install/livox_lio_sam/local/lib/python3.10/dist-packages/livox_lio_sam/__init__.py
-- Up-to-date: /home/tukorea/ros2_ws/install/livox_lio_sam/local/lib/python3.10/dist-packages/livox_lio_sam/liblivox_lio_sam__rosidl_generator_py.so
Listing '/home/tukorea/ros2_ws/install/livox_lio_sam/local/lib/python3.10/dist-packages/livox_lio_sam'...
Compiling '/home/tukorea/ros2_ws/install/livox_lio_sam/local/lib/python3.10/dist-packages/livox_lio_sam/__init__.py'...
Listing '/home/tukorea/ros2_ws/install/livox_lio_sam/local/lib/python3.10/dist-packages/livox_lio_sam/msg'...
Listing '/home/tukorea/ros2_ws/install/livox_lio_sam/local/lib/python3.10/dist-packages/livox_lio_sam/srv'...
-- Up-to-date: /home/tukorea/ros2_ws/install/livox_lio_sam/local/lib/python3.10/dist-packages/livox_lio_sam/livox_lio_sam_s__rosidl_typesupport_fastrtps_c.cpython-310-x86_64-linux-gnu.so
-- Up-to-date: /home/tukorea/ros2_ws/install/livox_lio_sam/local/lib/python3.10/dist-packages/livox_lio_sam/livox_lio_sam_s__rosidl_typesupport_introspection_c.cpython-310-x86_64-linux-gnu.so
-- Up-to-date: /home/tukorea/ros2_ws/install/livox_lio_sam/local/lib/python3.10/dist-packages/livox_lio_sam/livox_lio_sam_s__rosidl_typesupport_c.cpython-310-x86_64-linux-gnu.so
-- Up-to-date: /home/tukorea/ros2_ws/install/livox_lio_sam/lib/liblivox_lio_sam__rosidl_generator_py.so
-- Up-to-date: /home/tukorea/ros2_ws/install/livox_lio_sam/share/livox_lio_sam/msg/CloudInfo.idl
-- Up-to-date: /home/tukorea/ros2_ws/install/livox_lio_sam/share/livox_lio_sam/srv/SaveMap.idl
-- Up-to-date: /home/tukorea/ros2_ws/install/livox_lio_sam/share/livox_lio_sam/srv/Reset.idl
-- Up-to-date: /home/tukorea/ros2_ws/install/livox_lio_sam/share/livox_lio_sam/msg/CloudInfo.msg
-- Up-to-date: /home/tukorea/ros2_ws/install/livox_lio_sam/share/livox_lio_sam/srv/SaveMap.srv
-- Up-to-date: /home/tukorea/ros2_ws/install/livox_lio_sam/share/livox_lio_sam/srv/SaveMap_Request.msg
-- Up-to-date: /home/tukorea/ros2_ws/install/livox_lio_sam/share/livox_lio_sam/srv/SaveMap_Response.msg
-- Up-to-date: /home/tukorea/ros2_ws/install/livox_lio_sam/share/livox_lio_sam/srv/Reset.srv
-- Up-to-date: /home/tukorea/ros2_ws/install/livox_lio_sam/share/livox_lio_sam/srv/Reset_Request.msg
-- Up-to-date: /home/tukorea/ros2_ws/install/livox_lio_sam/share/livox_lio_sam/srv/Reset_Response.msg
-- Up-to-date: /home/tukorea/ros2_ws/install/livox_lio_sam/share/livox_lio_sam//launch
-- Up-to-date: /home/tukorea/ros2_ws/install/livox_lio_sam/share/livox_lio_sam//launch/run_slam.launch.py:Zone.Identifier
-- Up-to-date: /home/tukorea/ros2_ws/install/livox_lio_sam/share/livox_lio_sam//launch/run_slam.launch.py
-- Up-to-date: /home/tukorea/ros2_ws/install/livox_lio_sam/share/livox_lio_sam//launch/run.launch.py
-- Up-to-date: /home/tukorea/ros2_ws/install/livox_lio_sam/share/livox_lio_sam//launch/run.launch.py:Zone.Identifier
-- Up-to-date: /home/tukorea/ros2_ws/install/livox_lio_sam/share/livox_lio_sam//launch/run_localization.launch.py:Zone.Identifier
-- Up-to-date: /home/tukorea/ros2_ws/install/livox_lio_sam/share/livox_lio_sam//launch/run_localization.launch.py
-- Up-to-date: /home/tukorea/ros2_ws/install/livox_lio_sam/share/livox_lio_sam//config
-- Up-to-date: /home/tukorea/ros2_ws/install/livox_lio_sam/share/livox_lio_sam//config/params_localization.yaml:Zone.Identifier:Zone.Identifier
-- Up-to-date: /home/tukorea/ros2_ws/install/livox_lio_sam/share/livox_lio_sam//config/params.yaml
-- Up-to-date: /home/tukorea/ros2_ws/install/livox_lio_sam/share/livox_lio_sam//config/params_slam.yaml:Zone.Identifier
-- Up-to-date: /home/tukorea/ros2_ws/install/livox_lio_sam/share/livox_lio_sam//config/params_localization.yaml
-- Up-to-date: /home/tukorea/ros2_ws/install/livox_lio_sam/share/livox_lio_sam//config/params.yaml:Zone.Identifier
-- Up-to-date: /home/tukorea/ros2_ws/install/livox_lio_sam/share/livox_lio_sam//config/params_slam.yaml
-- Up-to-date: /home/tukorea/ros2_ws/install/livox_lio_sam/share/livox_lio_sam//config/rviz2.rviz
-- Up-to-date: /home/tukorea/ros2_ws/install/livox_lio_sam/share/livox_lio_sam//config/rviz2.rviz:Zone.Identifier
-- Up-to-date: /home/tukorea/ros2_ws/install/livox_lio_sam/share/livox_lio_sam//config/params_localization.yaml:Zone.Identifier
-- Up-to-date: /home/tukorea/ros2_ws/install/livox_lio_sam/share/livox_lio_sam//config/doc
-- Up-to-date: /home/tukorea/ros2_ws/install/livox_lio_sam/share/livox_lio_sam//config/doc/imu-debug.gif
-- Up-to-date: /home/tukorea/ros2_ws/install/livox_lio_sam/share/livox_lio_sam//config/doc/demo.gif:Zone.Identifier
-- Up-to-date: /home/tukorea/ros2_ws/install/livox_lio_sam/share/livox_lio_sam//config/doc/device-boat.png
-- Up-to-date: /home/tukorea/ros2_ws/install/livox_lio_sam/share/livox_lio_sam//config/doc/loop-closure.gif
-- Up-to-date: /home/tukorea/ros2_ws/install/livox_lio_sam/share/livox_lio_sam//config/doc/gps-demo.gif
-- Up-to-date: /home/tukorea/ros2_ws/install/livox_lio_sam/share/livox_lio_sam//config/doc/device-hand.png:Zone.Identifier
-- Up-to-date: /home/tukorea/ros2_ws/install/livox_lio_sam/share/livox_lio_sam//config/doc/device-hand-2.png
-- Up-to-date: /home/tukorea/ros2_ws/install/livox_lio_sam/share/livox_lio_sam//config/doc/system.png
-- Up-to-date: /home/tukorea/ros2_ws/install/livox_lio_sam/share/livox_lio_sam//config/doc/loop-closure-2.gif:Zone.Identifier
-- Up-to-date: /home/tukorea/ros2_ws/install/livox_lio_sam/share/livox_lio_sam//config/doc/loop-closure-2.gif
-- Up-to-date: /home/tukorea/ros2_ws/install/livox_lio_sam/share/livox_lio_sam//config/doc/ouster-demo.gif:Zone.Identifier
-- Up-to-date: /home/tukorea/ros2_ws/install/livox_lio_sam/share/livox_lio_sam//config/doc/kitti-map.png
-- Up-to-date: /home/tukorea/ros2_ws/install/livox_lio_sam/share/livox_lio_sam//config/doc/device-jackal.png:Zone.Identifier
-- Up-to-date: /home/tukorea/ros2_ws/install/livox_lio_sam/share/livox_lio_sam//config/doc/paper.pdf:Zone.Identifier
-- Up-to-date: /home/tukorea/ros2_ws/install/livox_lio_sam/share/livox_lio_sam//config/doc/imu-transform.png:Zone.Identifier
-- Up-to-date: /home/tukorea/ros2_ws/install/livox_lio_sam/share/livox_lio_sam//config/doc/paper.pdf
-- Up-to-date: /home/tukorea/ros2_ws/install/livox_lio_sam/share/livox_lio_sam//config/doc/device-boat.png:Zone.Identifier
-- Up-to-date: /home/tukorea/ros2_ws/install/livox_lio_sam/share/livox_lio_sam//config/doc/kitti-demo.gif:Zone.Identifier
-- Up-to-date: /home/tukorea/ros2_ws/install/livox_lio_sam/share/livox_lio_sam//config/doc/device-hand.png
-- Up-to-date: /home/tukorea/ros2_ws/install/livox_lio_sam/share/livox_lio_sam//config/doc/kitti-map.png:Zone.Identifier
-- Up-to-date: /home/tukorea/ros2_ws/install/livox_lio_sam/share/livox_lio_sam//config/doc/system.png:Zone.Identifier
-- Up-to-date: /home/tukorea/ros2_ws/install/livox_lio_sam/share/livox_lio_sam//config/doc/kitti2bag
-- Up-to-date: /home/tukorea/ros2_ws/install/livox_lio_sam/share/livox_lio_sam//config/doc/kitti2bag/kitti2bag.py:Zone.Identifier
-- Up-to-date: /home/tukorea/ros2_ws/install/livox_lio_sam/share/livox_lio_sam//config/doc/kitti2bag/kitti2bag.py
-- Up-to-date: /home/tukorea/ros2_ws/install/livox_lio_sam/share/livox_lio_sam//config/doc/kitti2bag/README.md:Zone.Identifier
-- Up-to-date: /home/tukorea/ros2_ws/install/livox_lio_sam/share/livox_lio_sam//config/doc/kitti2bag/README.md
-- Up-to-date: /home/tukorea/ros2_ws/install/livox_lio_sam/share/livox_lio_sam//config/doc/device-hand-2.png:Zone.Identifier
-- Up-to-date: /home/tukorea/ros2_ws/install/livox_lio_sam/share/livox_lio_sam//config/doc/kitti-demo.gif
-- Up-to-date: /home/tukorea/ros2_ws/install/livox_lio_sam/share/livox_lio_sam//config/doc/imu-transform.png
-- Up-to-date: /home/tukorea/ros2_ws/install/livox_lio_sam/share/livox_lio_sam//config/doc/demo.gif
-- Up-to-date: /home/tukorea/ros2_ws/install/livox_lio_sam/share/livox_lio_sam//config/doc/loop-closure.gif:Zone.Identifier
-- Up-to-date: /home/tukorea/ros2_ws/install/livox_lio_sam/share/livox_lio_sam//config/doc/device-jackal.png
-- Up-to-date: /home/tukorea/ros2_ws/install/livox_lio_sam/share/livox_lio_sam//config/doc/ouster-device.jpg
-- Up-to-date: /home/tukorea/ros2_ws/install/livox_lio_sam/share/livox_lio_sam//config/doc/ouster-device.jpg:Zone.Identifier
-- Up-to-date: /home/tukorea/ros2_ws/install/livox_lio_sam/share/livox_lio_sam//config/doc/imu-debug.gif:Zone.Identifier
-- Up-to-date: /home/tukorea/ros2_ws/install/livox_lio_sam/share/livox_lio_sam//config/doc/ouster-demo.gif
-- Up-to-date: /home/tukorea/ros2_ws/install/livox_lio_sam/share/livox_lio_sam//config/doc/gps-demo.gif:Zone.Identifier
-- Up-to-date: /home/tukorea/ros2_ws/install/livox_lio_sam/share/livox_lio_sam//config/robot.urdf.xacro
-- Up-to-date: /home/tukorea/ros2_ws/install/livox_lio_sam/share/livox_lio_sam//config/robot.urdf.xacro:Zone.Identifier
-- Up-to-date: /home/tukorea/ros2_ws/install/livox_lio_sam/lib/livox_lio_sam/livox_lio_sam_imageProjection
-- Up-to-date: /home/tukorea/ros2_ws/install/livox_lio_sam/lib/livox_lio_sam/livox_lio_sam_imuPreintegration
-- Up-to-date: /home/tukorea/ros2_ws/install/livox_lio_sam/lib/livox_lio_sam/livox_lio_sam_featureExtraction
-- Up-to-date: /home/tukorea/ros2_ws/install/livox_lio_sam/lib/livox_lio_sam/livox_lio_sam_mapOptimization
-- Up-to-date: /home/tukorea/ros2_ws/install/livox_lio_sam/include
-- Up-to-date: /home/tukorea/ros2_ws/install/livox_lio_sam/include/livox_lio_sam
-- Up-to-date: /home/tukorea/ros2_ws/install/livox_lio_sam/include/livox_lio_sam/utility.hpp
-- Up-to-date: /home/tukorea/ros2_ws/install/livox_lio_sam/include/livox_lio_sam/utility.hpp:Zone.Identifier
-- Up-to-date: /home/tukorea/ros2_ws/install/livox_lio_sam/share/ament_index/resource_index/package_run_dependencies/livox_lio_sam
-- Installing: /home/tukorea/ros2_ws/install/livox_lio_sam/share/ament_index/resource_index/parent_prefix_path/livox_lio_sam
-- Up-to-date: /home/tukorea/ros2_ws/install/livox_lio_sam/share/livox_lio_sam/environment/ament_prefix_path.sh
-- Installing: /home/tukorea/ros2_ws/install/livox_lio_sam/share/livox_lio_sam/environment/ament_prefix_path.dsv
-- Up-to-date: /home/tukorea/ros2_ws/install/livox_lio_sam/share/livox_lio_sam/environment/path.sh
-- Installing: /home/tukorea/ros2_ws/install/livox_lio_sam/share/livox_lio_sam/environment/path.dsv
-- Up-to-date: /home/tukorea/ros2_ws/install/livox_lio_sam/share/livox_lio_sam/local_setup.bash
-- Up-to-date: /home/tukorea/ros2_ws/install/livox_lio_sam/share/livox_lio_sam/local_setup.sh
-- Up-to-date: /home/tukorea/ros2_ws/install/livox_lio_sam/share/livox_lio_sam/local_setup.zsh
-- Installing: /home/tukorea/ros2_ws/install/livox_lio_sam/share/livox_lio_sam/local_setup.dsv
-- Installing: /home/tukorea/ros2_ws/install/livox_lio_sam/share/livox_lio_sam/package.dsv
-- Up-to-date: /home/tukorea/ros2_ws/install/livox_lio_sam/share/ament_index/resource_index/packages/livox_lio_sam
-- Up-to-date: /home/tukorea/ros2_ws/install/livox_lio_sam/share/livox_lio_sam/cmake/export_livox_lio_sam__rosidl_generator_cExport.cmake
-- Up-to-date: /home/tukorea/ros2_ws/install/livox_lio_sam/share/livox_lio_sam/cmake/export_livox_lio_sam__rosidl_generator_cExport-release.cmake
-- Up-to-date: /home/tukorea/ros2_ws/install/livox_lio_sam/share/livox_lio_sam/cmake/export_livox_lio_sam__rosidl_typesupport_fastrtps_cExport.cmake
-- Up-to-date: /home/tukorea/ros2_ws/install/livox_lio_sam/share/livox_lio_sam/cmake/export_livox_lio_sam__rosidl_typesupport_fastrtps_cExport-release.cmake
-- Up-to-date: /home/tukorea/ros2_ws/install/livox_lio_sam/share/livox_lio_sam/cmake/livox_lio_sam__rosidl_typesupport_introspection_cExport.cmake
-- Up-to-date: /home/tukorea/ros2_ws/install/livox_lio_sam/share/livox_lio_sam/cmake/livox_lio_sam__rosidl_typesupport_introspection_cExport-release.cmake
-- Up-to-date: /home/tukorea/ros2_ws/install/livox_lio_sam/share/livox_lio_sam/cmake/livox_lio_sam__rosidl_typesupport_cExport.cmake
-- Up-to-date: /home/tukorea/ros2_ws/install/livox_lio_sam/share/livox_lio_sam/cmake/livox_lio_sam__rosidl_typesupport_cExport-release.cmake
-- Up-to-date: /home/tukorea/ros2_ws/install/livox_lio_sam/share/livox_lio_sam/cmake/export_livox_lio_sam__rosidl_generator_cppExport.cmake
-- Up-to-date: /home/tukorea/ros2_ws/install/livox_lio_sam/share/livox_lio_sam/cmake/export_livox_lio_sam__rosidl_typesupport_fastrtps_cppExport.cmake
-- Up-to-date: /home/tukorea/ros2_ws/install/livox_lio_sam/share/livox_lio_sam/cmake/export_livox_lio_sam__rosidl_typesupport_fastrtps_cppExport-release.cmake
-- Up-to-date: /home/tukorea/ros2_ws/install/livox_lio_sam/share/livox_lio_sam/cmake/livox_lio_sam__rosidl_typesupport_introspection_cppExport.cmake
-- Up-to-date: /home/tukorea/ros2_ws/install/livox_lio_sam/share/livox_lio_sam/cmake/livox_lio_sam__rosidl_typesupport_introspection_cppExport-release.cmake
-- Up-to-date: /home/tukorea/ros2_ws/install/livox_lio_sam/share/livox_lio_sam/cmake/livox_lio_sam__rosidl_typesupport_cppExport.cmake
-- Up-to-date: /home/tukorea/ros2_ws/install/livox_lio_sam/share/livox_lio_sam/cmake/livox_lio_sam__rosidl_typesupport_cppExport-release.cmake
-- Up-to-date: /home/tukorea/ros2_ws/install/livox_lio_sam/share/livox_lio_sam/cmake/export_livox_lio_sam__rosidl_generator_pyExport.cmake
-- Up-to-date: /home/tukorea/ros2_ws/install/livox_lio_sam/share/livox_lio_sam/cmake/export_livox_lio_sam__rosidl_generator_pyExport-release.cmake
-- Up-to-date: /home/tukorea/ros2_ws/install/livox_lio_sam/share/livox_lio_sam/cmake/rosidl_cmake-extras.cmake
-- Up-to-date: /home/tukorea/ros2_ws/install/livox_lio_sam/share/livox_lio_sam/cmake/ament_cmake_export_dependencies-extras.cmake
-- Up-to-date: /home/tukorea/ros2_ws/install/livox_lio_sam/share/livox_lio_sam/cmake/ament_cmake_export_include_directories-extras.cmake
-- Up-to-date: /home/tukorea/ros2_ws/install/livox_lio_sam/share/livox_lio_sam/cmake/ament_cmake_export_libraries-extras.cmake
-- Up-to-date: /home/tukorea/ros2_ws/install/livox_lio_sam/share/livox_lio_sam/cmake/ament_cmake_export_targets-extras.cmake
-- Up-to-date: /home/tukorea/ros2_ws/install/livox_lio_sam/share/livox_lio_sam/cmake/rosidl_cmake_export_typesupport_targets-extras.cmake
-- Up-to-date: /home/tukorea/ros2_ws/install/livox_lio_sam/share/livox_lio_sam/cmake/rosidl_cmake_export_typesupport_libraries-extras.cmake
-- Up-to-date: /home/tukorea/ros2_ws/install/livox_lio_sam/share/livox_lio_sam/cmake/livox_lio_samConfig.cmake
-- Up-to-date: /home/tukorea/ros2_ws/install/livox_lio_sam/share/livox_lio_sam/cmake/livox_lio_samConfig-version.cmake
-- Up-to-date: /home/tukorea/ros2_ws/install/livox_lio_sam/share/livox_lio_sam/package.xml
