[0.123s] Invoking command in '/home/tukorea/ros2_ws/build/livox_lio_sam': CMAKE_PREFIX_PATH=/opt/ros/humble /usr/bin/cmake /home/tukorea/ros2_ws/src/SLAM/LIO-SAM/livox_lio_sam -DCMAKE_INSTALL_PREFIX=/home/tukorea/ros2_ws/install/livox_lio_sam
[0.126s] -- Found ament_cmake: 1.3.12 (/opt/ros/humble/share/ament_cmake/cmake)
[0.195s] -- Found rosidl_default_generators: 1.2.0 (/opt/ros/humble/share/rosidl_default_generators/cmake)
[0.196s] -- Using all available rosidl_typesupport_c: rosidl_typesupport_fastrtps_c;rosidl_typesupport_introspection_c
[0.197s] -- Found rosidl_adapter: 3.1.8 (/opt/ros/humble/share/rosidl_adapter/cmake)
[0.426s] -- Using all available rosidl_typesupport_cpp: rosidl_typesupport_fastrtps_cpp;rosidl_typesupport_introspection_cpp
[0.438s] -- Found rclcpp: 16.0.17 (/opt/ros/humble/share/rclcpp/cmake)
[0.454s] -- Found rmw_implementation_cmake: 6.1.2 (/opt/ros/humble/share/rmw_implementation_cmake/cmake)
[0.454s] -- Found rmw_fastrtps_cpp: 6.2.9 (/opt/ros/humble/share/rmw_fastrtps_cpp/cmake)
[4.481s] -- Using RMW implementation 'rmw_fastrtps_cpp' as default
[4.503s] -- Found rclpy: 3.3.19 (/opt/ros/humble/share/rclpy/cmake)
[4.503s] -- Found cv_bridge: 3.2.1 (/opt/ros/humble/share/cv_bridge/cmake)
[4.519s] -- Found nav_msgs: 4.9.0 (/opt/ros/humble/share/nav_msgs/cmake)
[4.526s] -- Found visualization_msgs: 4.9.0 (/opt/ros/humble/share/visualization_msgs/cmake)
[4.535s] -- Found pcl_conversions: 2.4.5 (/opt/ros/humble/share/pcl_conversions/cmake)
[4.551s] -- Found Eigen: /usr/include/eigen3 (Required is at least version "3.1") 
[4.551s] -- Eigen found (include: /usr/include/eigen3, version: 3.4.0)
[5.883s] -- FLANN found (include: /usr/include, lib: /usr/lib/x86_64-linux-gnu/libflann_cpp.so)
[7.547s] -- OpenNI found (version: 1.5.4.0, include: /usr/include/ni, lib: /usr/lib/libOpenNI.so;libusb::libusb)
[7.550s] -- OpenNI2 found (version: 2.2.0.33, include: /usr/include/openni2, lib: /usr/lib/x86_64-linux-gnu/libOpenNI2.so;libusb::libusb)
[8.251s] -- Eigen found (include: /usr/include/eigen3, version: 3.4.0)
[8.254s] -- OpenNI found (version: 1.5.4.0, include: /usr/include/ni, lib: /usr/lib/libOpenNI.so;libusb::libusb)
[8.257s] -- OpenNI2 found (version: 2.2.0.33, include: /usr/include/openni2, lib: /usr/lib/x86_64-linux-gnu/libOpenNI2.so;libusb::libusb)
[8.838s] -- Found Qhull version 8.0.2
[9.711s] -- OpenNI found (version: 1.5.4.0, include: /usr/include/ni, lib: /usr/lib/libOpenNI.so;libusb::libusb)
[10.526s] -- Found tf2: 0.25.18 (/opt/ros/humble/share/tf2/cmake)
[10.528s] -- Found tf2_geometry_msgs: 0.25.18 (/opt/ros/humble/share/tf2_geometry_msgs/cmake)
[10.530s] -- Found eigen3_cmake_module: 0.1.1 (/opt/ros/humble/share/eigen3_cmake_module/cmake)
[10.530s] -- Ensuring Eigen3 include directory is part of orocos-kdl CMake target
[10.564s] -- Found tf2_sensor_msgs: 0.25.18 (/opt/ros/humble/share/tf2_sensor_msgs/cmake)
[10.566s] -- Found tf2_eigen: 0.25.18 (/opt/ros/humble/share/tf2_eigen/cmake)
[10.569s] [33mCMake Warning (dev) at CMakeLists.txt:29 (find_package):
[10.569s]   Policy CMP0074 is not set: find_package uses <PackageName>_ROOT variables.
[10.569s]   Run "cmake --help-policy CMP0074" for policy details.  Use the cmake_policy
[10.569s]   command to set the policy and suppress this warning.
[10.569s] 
[10.569s]   CMake variable PCL_ROOT is set to:
[10.569s] 
[10.569s]     /usr
[10.569s] 
[10.569s]   For compatibility, CMake is ignoring the variable.
[10.569s] This warning is for project developers.  Use -Wno-dev to suppress it.
[10.569s] [0m
[10.580s] -- GTSAM include directory:  /usr/local/lib/cmake/GTSAM/../../../include
[10.584s] -- Found Eigen: /usr/include/eigen3  
[10.584s] -- Eigen found (include: /usr/include/eigen3, version: 3.4.0)
[10.734s] -- Found ament_cmake_ros: 0.10.0 (/opt/ros/humble/share/ament_cmake_ros/cmake)
[10.861s] -- Using all available rosidl_typesupport_c: rosidl_typesupport_fastrtps_c;rosidl_typesupport_introspection_c
[11.035s] -- Using all available rosidl_typesupport_cpp: rosidl_typesupport_fastrtps_cpp;rosidl_typesupport_introspection_cpp
[11.050s] -- Found python_cmake_module: 0.10.0 (/opt/ros/humble/share/python_cmake_module/cmake)
[11.064s] -- Using PYTHON_EXECUTABLE: /usr/bin/python3
[11.064s] -- Using PYTHON_INCLUDE_DIRS: /usr/include/python3.10
[11.064s] -- Using PYTHON_LIBRARIES: /usr/lib/x86_64-linux-gnu/libpython3.10.so
[11.129s] -- Found ament_lint_auto: 0.12.14 (/opt/ros/humble/share/ament_lint_auto/cmake)
[11.134s] -- Added test 'copyright' to check source files copyright and LICENSE
[11.136s] -- Added test 'cppcheck' to perform static code analysis on C / C++ code
[11.136s] -- Configured cppcheck include dirs: /home/tukorea/ros2_ws/src/SLAM/LIO-SAM/livox_lio_sam/include/livox_lio_sam
[11.137s] -- Configured cppcheck exclude dirs and/or files: 
[11.138s] -- Added test 'cpplint' to check C / C++ code against the Google style
[11.138s] -- Configured cpplint exclude dirs and/or files: 
[11.138s] -- Added test 'flake8' to check Python code syntax and style conventions
[11.138s] -- Added test 'lint_cmake' to check CMake code style
[11.139s] -- Added test 'pep257' to check Python code against some of the docstring style conventions in PEP 257
[11.140s] -- Added test 'uncrustify' to check C / C++ code style
[11.140s] -- Configured uncrustify additional arguments: 
[11.140s] -- Added test 'xmllint' to check XML markup files
[11.141s] -- Configuring done
[11.216s] -- Generating done
[11.237s] -- Build files have been written to: /home/tukorea/ros2_ws/build/livox_lio_sam
[11.250s] Invoked command in '/home/tukorea/ros2_ws/build/livox_lio_sam' returned '0': CMAKE_PREFIX_PATH=/opt/ros/humble /usr/bin/cmake /home/tukorea/ros2_ws/src/SLAM/LIO-SAM/livox_lio_sam -DCMAKE_INSTALL_PREFIX=/home/tukorea/ros2_ws/install/livox_lio_sam
[11.252s] Invoking command in '/home/tukorea/ros2_ws/build/livox_lio_sam': CMAKE_PREFIX_PATH=/opt/ros/humble /usr/bin/cmake --build /home/tukorea/ros2_ws/build/livox_lio_sam -- -j20 -l20
[11.277s] [35m[1mConsolidate compiler generated dependencies of target livox_lio_sam__rosidl_generator_c[0m
[11.283s] [  1%] Built target livox_lio_sam__cpp
[11.283s] [ 10%] Built target livox_lio_sam__rosidl_generator_c
[11.288s] [ 10%] Built target ament_cmake_python_copy_livox_lio_sam
[11.289s] [35m[1mConsolidate compiler generated dependencies of target livox_lio_sam__rosidl_typesupport_introspection_c[0m
[11.289s] [35m[1mConsolidate compiler generated dependencies of target livox_lio_sam__rosidl_typesupport_cpp[0m
[11.289s] [35m[1mConsolidate compiler generated dependencies of target livox_lio_sam__rosidl_typesupport_introspection_cpp[0m
[11.289s] [35m[1mConsolidate compiler generated dependencies of target livox_lio_sam__rosidl_typesupport_c[0m
[11.289s] [35m[1mConsolidate compiler generated dependencies of target livox_lio_sam__rosidl_typesupport_fastrtps_c[0m
[11.292s] [35m[1mConsolidate compiler generated dependencies of target livox_lio_sam__rosidl_typesupport_fastrtps_cpp[0m
[11.296s] [ 29%] Built target livox_lio_sam__rosidl_typesupport_cpp
[11.296s] [ 27%] Built target livox_lio_sam__rosidl_typesupport_c
[11.296s] [ 38%] Built target livox_lio_sam__rosidl_typesupport_introspection_c
[11.297s] [ 47%] Built target livox_lio_sam__rosidl_typesupport_introspection_cpp
[11.297s] [ 56%] Built target livox_lio_sam__rosidl_typesupport_fastrtps_c
[11.299s] [ 65%] Built target livox_lio_sam__rosidl_typesupport_fastrtps_cpp
[11.303s] [35m[1mConsolidate compiler generated dependencies of target livox_lio_sam_featureExtraction[0m
[11.303s] [35m[1mConsolidate compiler generated dependencies of target livox_lio_sam_imageProjection[0m
[11.303s] [35m[1mConsolidate compiler generated dependencies of target livox_lio_sam_imuPreintegration[0m
[11.304s] [35m[1mConsolidate compiler generated dependencies of target livox_lio_sam_mapOptimization[0m
[11.312s] [ 65%] Built target livox_lio_sam
[11.319s] [ 72%] Built target livox_lio_sam_imageProjection
[11.319s] [ 72%] Built target livox_lio_sam_featureExtraction
[11.321s] [ 76%] Built target livox_lio_sam_imuPreintegration
[11.322s] [ 80%] Built target livox_lio_sam_mapOptimization
[11.324s] [ 81%] Built target livox_lio_sam__py
[11.330s] [35m[1mConsolidate compiler generated dependencies of target livox_lio_sam__rosidl_generator_py[0m
[11.338s] [ 89%] Built target livox_lio_sam__rosidl_generator_py
[11.344s] [35m[1mConsolidate compiler generated dependencies of target livox_lio_sam__rosidl_typesupport_introspection_c__pyext[0m
[11.344s] [35m[1mConsolidate compiler generated dependencies of target livox_lio_sam__rosidl_typesupport_c__pyext[0m
[11.344s] [35m[1mConsolidate compiler generated dependencies of target livox_lio_sam__rosidl_typesupport_fastrtps_c__pyext[0m
[11.351s] [100%] Built target livox_lio_sam__rosidl_typesupport_fastrtps_c__pyext
[11.351s] [100%] Built target livox_lio_sam__rosidl_typesupport_introspection_c__pyext
[11.351s] [100%] Built target livox_lio_sam__rosidl_typesupport_c__pyext
[11.406s] running egg_info
[11.406s] writing livox_lio_sam.egg-info/PKG-INFO
[11.406s] writing dependency_links to livox_lio_sam.egg-info/dependency_links.txt
[11.406s] writing top-level names to livox_lio_sam.egg-info/top_level.txt
[11.407s] reading manifest file 'livox_lio_sam.egg-info/SOURCES.txt'
[11.408s] writing manifest file 'livox_lio_sam.egg-info/SOURCES.txt'
[11.422s] [100%] Built target ament_cmake_python_build_livox_lio_sam_egg
[11.429s] Invoked command in '/home/tukorea/ros2_ws/build/livox_lio_sam' returned '0': CMAKE_PREFIX_PATH=/opt/ros/humble /usr/bin/cmake --build /home/tukorea/ros2_ws/build/livox_lio_sam -- -j20 -l20
[11.431s] Invoking command in '/home/tukorea/ros2_ws/build/livox_lio_sam': CMAKE_PREFIX_PATH=/opt/ros/humble /usr/bin/cmake --install /home/tukorea/ros2_ws/build/livox_lio_sam
[11.434s] -- Install configuration: "Release"
[11.434s] -- Up-to-date: /home/tukorea/ros2_ws/install/livox_lio_sam/share/ament_index/resource_index/rosidl_interfaces/livox_lio_sam
[11.435s] -- Up-to-date: /home/tukorea/ros2_ws/install/livox_lio_sam/include/livox_lio_sam/livox_lio_sam
[11.435s] -- Up-to-date: /home/tukorea/ros2_ws/install/livox_lio_sam/include/livox_lio_sam/livox_lio_sam/srv
[11.435s] -- Up-to-date: /home/tukorea/ros2_ws/install/livox_lio_sam/include/livox_lio_sam/livox_lio_sam/srv/save_map.h
[11.435s] -- Up-to-date: /home/tukorea/ros2_ws/install/livox_lio_sam/include/livox_lio_sam/livox_lio_sam/srv/detail
[11.435s] -- Up-to-date: /home/tukorea/ros2_ws/install/livox_lio_sam/include/livox_lio_sam/livox_lio_sam/srv/detail/save_map__functions.h
[11.435s] -- Up-to-date: /home/tukorea/ros2_ws/install/livox_lio_sam/include/livox_lio_sam/livox_lio_sam/srv/detail/save_map__functions.c
[11.435s] -- Up-to-date: /home/tukorea/ros2_ws/install/livox_lio_sam/include/livox_lio_sam/livox_lio_sam/srv/detail/reset__functions.c
[11.435s] -- Up-to-date: /home/tukorea/ros2_ws/install/livox_lio_sam/include/livox_lio_sam/livox_lio_sam/srv/detail/save_map__type_support.h
[11.435s] -- Up-to-date: /home/tukorea/ros2_ws/install/livox_lio_sam/include/livox_lio_sam/livox_lio_sam/srv/detail/reset__type_support.h
[11.435s] -- Up-to-date: /home/tukorea/ros2_ws/install/livox_lio_sam/include/livox_lio_sam/livox_lio_sam/srv/detail/reset__struct.h
[11.435s] -- Up-to-date: /home/tukorea/ros2_ws/install/livox_lio_sam/include/livox_lio_sam/livox_lio_sam/srv/detail/save_map__struct.h
[11.435s] -- Up-to-date: /home/tukorea/ros2_ws/install/livox_lio_sam/include/livox_lio_sam/livox_lio_sam/srv/detail/reset__functions.h
[11.435s] -- Up-to-date: /home/tukorea/ros2_ws/install/livox_lio_sam/include/livox_lio_sam/livox_lio_sam/srv/reset.h
[11.435s] -- Up-to-date: /home/tukorea/ros2_ws/install/livox_lio_sam/include/livox_lio_sam/livox_lio_sam/msg
[11.435s] -- Up-to-date: /home/tukorea/ros2_ws/install/livox_lio_sam/include/livox_lio_sam/livox_lio_sam/msg/rosidl_generator_c__visibility_control.h
[11.435s] -- Up-to-date: /home/tukorea/ros2_ws/install/livox_lio_sam/include/livox_lio_sam/livox_lio_sam/msg/detail
[11.435s] -- Up-to-date: /home/tukorea/ros2_ws/install/livox_lio_sam/include/livox_lio_sam/livox_lio_sam/msg/detail/cloud_info__functions.h
[11.435s] -- Up-to-date: /home/tukorea/ros2_ws/install/livox_lio_sam/include/livox_lio_sam/livox_lio_sam/msg/detail/cloud_info__type_support.h
[11.435s] -- Up-to-date: /home/tukorea/ros2_ws/install/livox_lio_sam/include/livox_lio_sam/livox_lio_sam/msg/detail/cloud_info__functions.c
[11.435s] -- Up-to-date: /home/tukorea/ros2_ws/install/livox_lio_sam/include/livox_lio_sam/livox_lio_sam/msg/detail/cloud_info__struct.h
[11.435s] -- Up-to-date: /home/tukorea/ros2_ws/install/livox_lio_sam/include/livox_lio_sam/livox_lio_sam/msg/cloud_info.h
[11.435s] -- Up-to-date: /home/tukorea/ros2_ws/install/livox_lio_sam/share/livox_lio_sam/environment/library_path.sh
[11.435s] -- Installing: /home/tukorea/ros2_ws/install/livox_lio_sam/share/livox_lio_sam/environment/library_path.dsv
[11.435s] -- Up-to-date: /home/tukorea/ros2_ws/install/livox_lio_sam/lib/liblivox_lio_sam__rosidl_generator_c.so
[11.435s] -- Up-to-date: /home/tukorea/ros2_ws/install/livox_lio_sam/include/livox_lio_sam/livox_lio_sam
[11.435s] -- Up-to-date: /home/tukorea/ros2_ws/install/livox_lio_sam/include/livox_lio_sam/livox_lio_sam/srv
[11.435s] -- Up-to-date: /home/tukorea/ros2_ws/install/livox_lio_sam/include/livox_lio_sam/livox_lio_sam/srv/detail
[11.435s] -- Up-to-date: /home/tukorea/ros2_ws/install/livox_lio_sam/include/livox_lio_sam/livox_lio_sam/srv/detail/save_map__rosidl_typesupport_fastrtps_c.h
[11.435s] -- Up-to-date: /home/tukorea/ros2_ws/install/livox_lio_sam/include/livox_lio_sam/livox_lio_sam/srv/detail/reset__rosidl_typesupport_fastrtps_c.h
[11.435s] -- Up-to-date: /home/tukorea/ros2_ws/install/livox_lio_sam/include/livox_lio_sam/livox_lio_sam/msg
[11.436s] -- Up-to-date: /home/tukorea/ros2_ws/install/livox_lio_sam/include/livox_lio_sam/livox_lio_sam/msg/rosidl_typesupport_fastrtps_c__visibility_control.h
[11.436s] -- Up-to-date: /home/tukorea/ros2_ws/install/livox_lio_sam/include/livox_lio_sam/livox_lio_sam/msg/detail
[11.436s] -- Up-to-date: /home/tukorea/ros2_ws/install/livox_lio_sam/include/livox_lio_sam/livox_lio_sam/msg/detail/cloud_info__rosidl_typesupport_fastrtps_c.h
[11.436s] -- Up-to-date: /home/tukorea/ros2_ws/install/livox_lio_sam/lib/liblivox_lio_sam__rosidl_typesupport_fastrtps_c.so
[11.436s] -- Up-to-date: /home/tukorea/ros2_ws/install/livox_lio_sam/include/livox_lio_sam/livox_lio_sam
[11.436s] -- Up-to-date: /home/tukorea/ros2_ws/install/livox_lio_sam/include/livox_lio_sam/livox_lio_sam/srv
[11.436s] -- Up-to-date: /home/tukorea/ros2_ws/install/livox_lio_sam/include/livox_lio_sam/livox_lio_sam/srv/detail
[11.436s] -- Up-to-date: /home/tukorea/ros2_ws/install/livox_lio_sam/include/livox_lio_sam/livox_lio_sam/srv/detail/save_map__rosidl_typesupport_introspection_c.h
[11.436s] -- Up-to-date: /home/tukorea/ros2_ws/install/livox_lio_sam/include/livox_lio_sam/livox_lio_sam/srv/detail/save_map__type_support.c
[11.436s] -- Up-to-date: /home/tukorea/ros2_ws/install/livox_lio_sam/include/livox_lio_sam/livox_lio_sam/srv/detail/reset__type_support.c
[11.436s] -- Up-to-date: /home/tukorea/ros2_ws/install/livox_lio_sam/include/livox_lio_sam/livox_lio_sam/srv/detail/reset__rosidl_typesupport_introspection_c.h
[11.436s] -- Up-to-date: /home/tukorea/ros2_ws/install/livox_lio_sam/include/livox_lio_sam/livox_lio_sam/msg
[11.436s] -- Up-to-date: /home/tukorea/ros2_ws/install/livox_lio_sam/include/livox_lio_sam/livox_lio_sam/msg/detail
[11.436s] -- Up-to-date: /home/tukorea/ros2_ws/install/livox_lio_sam/include/livox_lio_sam/livox_lio_sam/msg/detail/cloud_info__rosidl_typesupport_introspection_c.h
[11.436s] -- Up-to-date: /home/tukorea/ros2_ws/install/livox_lio_sam/include/livox_lio_sam/livox_lio_sam/msg/detail/cloud_info__type_support.c
[11.436s] -- Up-to-date: /home/tukorea/ros2_ws/install/livox_lio_sam/include/livox_lio_sam/livox_lio_sam/msg/rosidl_typesupport_introspection_c__visibility_control.h
[11.437s] -- Up-to-date: /home/tukorea/ros2_ws/install/livox_lio_sam/lib/liblivox_lio_sam__rosidl_typesupport_introspection_c.so
[11.437s] -- Up-to-date: /home/tukorea/ros2_ws/install/livox_lio_sam/lib/liblivox_lio_sam__rosidl_typesupport_c.so
[11.437s] -- Up-to-date: /home/tukorea/ros2_ws/install/livox_lio_sam/include/livox_lio_sam/livox_lio_sam
[11.437s] -- Up-to-date: /home/tukorea/ros2_ws/install/livox_lio_sam/include/livox_lio_sam/livox_lio_sam/srv
[11.437s] -- Up-to-date: /home/tukorea/ros2_ws/install/livox_lio_sam/include/livox_lio_sam/livox_lio_sam/srv/detail
[11.437s] -- Up-to-date: /home/tukorea/ros2_ws/install/livox_lio_sam/include/livox_lio_sam/livox_lio_sam/srv/detail/save_map__struct.hpp
[11.437s] -- Up-to-date: /home/tukorea/ros2_ws/install/livox_lio_sam/include/livox_lio_sam/livox_lio_sam/srv/detail/reset__type_support.hpp
[11.437s] -- Up-to-date: /home/tukorea/ros2_ws/install/livox_lio_sam/include/livox_lio_sam/livox_lio_sam/srv/detail/reset__struct.hpp
[11.437s] -- Up-to-date: /home/tukorea/ros2_ws/install/livox_lio_sam/include/livox_lio_sam/livox_lio_sam/srv/detail/reset__builder.hpp
[11.437s] -- Up-to-date: /home/tukorea/ros2_ws/install/livox_lio_sam/include/livox_lio_sam/livox_lio_sam/srv/detail/save_map__traits.hpp
[11.437s] -- Up-to-date: /home/tukorea/ros2_ws/install/livox_lio_sam/include/livox_lio_sam/livox_lio_sam/srv/detail/reset__traits.hpp
[11.437s] -- Up-to-date: /home/tukorea/ros2_ws/install/livox_lio_sam/include/livox_lio_sam/livox_lio_sam/srv/detail/save_map__type_support.hpp
[11.437s] -- Up-to-date: /home/tukorea/ros2_ws/install/livox_lio_sam/include/livox_lio_sam/livox_lio_sam/srv/detail/save_map__builder.hpp
[11.437s] -- Up-to-date: /home/tukorea/ros2_ws/install/livox_lio_sam/include/livox_lio_sam/livox_lio_sam/srv/save_map.hpp
[11.437s] -- Up-to-date: /home/tukorea/ros2_ws/install/livox_lio_sam/include/livox_lio_sam/livox_lio_sam/srv/reset.hpp
[11.437s] -- Up-to-date: /home/tukorea/ros2_ws/install/livox_lio_sam/include/livox_lio_sam/livox_lio_sam/msg
[11.437s] -- Up-to-date: /home/tukorea/ros2_ws/install/livox_lio_sam/include/livox_lio_sam/livox_lio_sam/msg/rosidl_generator_cpp__visibility_control.hpp
[11.437s] -- Up-to-date: /home/tukorea/ros2_ws/install/livox_lio_sam/include/livox_lio_sam/livox_lio_sam/msg/detail
[11.437s] -- Up-to-date: /home/tukorea/ros2_ws/install/livox_lio_sam/include/livox_lio_sam/livox_lio_sam/msg/detail/cloud_info__struct.hpp
[11.437s] -- Up-to-date: /home/tukorea/ros2_ws/install/livox_lio_sam/include/livox_lio_sam/livox_lio_sam/msg/detail/cloud_info__builder.hpp
[11.437s] -- Up-to-date: /home/tukorea/ros2_ws/install/livox_lio_sam/include/livox_lio_sam/livox_lio_sam/msg/detail/cloud_info__traits.hpp
[11.437s] -- Up-to-date: /home/tukorea/ros2_ws/install/livox_lio_sam/include/livox_lio_sam/livox_lio_sam/msg/detail/cloud_info__type_support.hpp
[11.437s] -- Up-to-date: /home/tukorea/ros2_ws/install/livox_lio_sam/include/livox_lio_sam/livox_lio_sam/msg/cloud_info.hpp
[11.437s] -- Up-to-date: /home/tukorea/ros2_ws/install/livox_lio_sam/include/livox_lio_sam/livox_lio_sam
[11.437s] -- Up-to-date: /home/tukorea/ros2_ws/install/livox_lio_sam/include/livox_lio_sam/livox_lio_sam/srv
[11.437s] -- Up-to-date: /home/tukorea/ros2_ws/install/livox_lio_sam/include/livox_lio_sam/livox_lio_sam/srv/detail
[11.437s] -- Up-to-date: /home/tukorea/ros2_ws/install/livox_lio_sam/include/livox_lio_sam/livox_lio_sam/srv/detail/reset__rosidl_typesupport_fastrtps_cpp.hpp
[11.437s] -- Up-to-date: /home/tukorea/ros2_ws/install/livox_lio_sam/include/livox_lio_sam/livox_lio_sam/srv/detail/save_map__rosidl_typesupport_fastrtps_cpp.hpp
[11.437s] -- Up-to-date: /home/tukorea/ros2_ws/install/livox_lio_sam/include/livox_lio_sam/livox_lio_sam/srv/detail/dds_fastrtps
[11.437s] -- Up-to-date: /home/tukorea/ros2_ws/install/livox_lio_sam/include/livox_lio_sam/livox_lio_sam/msg
[11.437s] -- Up-to-date: /home/tukorea/ros2_ws/install/livox_lio_sam/include/livox_lio_sam/livox_lio_sam/msg/detail
[11.437s] -- Up-to-date: /home/tukorea/ros2_ws/install/livox_lio_sam/include/livox_lio_sam/livox_lio_sam/msg/detail/cloud_info__rosidl_typesupport_fastrtps_cpp.hpp
[11.437s] -- Up-to-date: /home/tukorea/ros2_ws/install/livox_lio_sam/include/livox_lio_sam/livox_lio_sam/msg/detail/dds_fastrtps
[11.437s] -- Up-to-date: /home/tukorea/ros2_ws/install/livox_lio_sam/include/livox_lio_sam/livox_lio_sam/msg/rosidl_typesupport_fastrtps_cpp__visibility_control.h
[11.437s] -- Up-to-date: /home/tukorea/ros2_ws/install/livox_lio_sam/lib/liblivox_lio_sam__rosidl_typesupport_fastrtps_cpp.so
[11.437s] -- Up-to-date: /home/tukorea/ros2_ws/install/livox_lio_sam/include/livox_lio_sam/livox_lio_sam
[11.437s] -- Up-to-date: /home/tukorea/ros2_ws/install/livox_lio_sam/include/livox_lio_sam/livox_lio_sam/srv
[11.437s] -- Up-to-date: /home/tukorea/ros2_ws/install/livox_lio_sam/include/livox_lio_sam/livox_lio_sam/srv/detail
[11.437s] -- Up-to-date: /home/tukorea/ros2_ws/install/livox_lio_sam/include/livox_lio_sam/livox_lio_sam/srv/detail/save_map__type_support.cpp
[11.437s] -- Up-to-date: /home/tukorea/ros2_ws/install/livox_lio_sam/include/livox_lio_sam/livox_lio_sam/srv/detail/save_map__rosidl_typesupport_introspection_cpp.hpp
[11.437s] -- Up-to-date: /home/tukorea/ros2_ws/install/livox_lio_sam/include/livox_lio_sam/livox_lio_sam/srv/detail/reset__rosidl_typesupport_introspection_cpp.hpp
[11.437s] -- Up-to-date: /home/tukorea/ros2_ws/install/livox_lio_sam/include/livox_lio_sam/livox_lio_sam/srv/detail/reset__type_support.cpp
[11.437s] -- Up-to-date: /home/tukorea/ros2_ws/install/livox_lio_sam/include/livox_lio_sam/livox_lio_sam/msg
[11.437s] -- Up-to-date: /home/tukorea/ros2_ws/install/livox_lio_sam/include/livox_lio_sam/livox_lio_sam/msg/detail
[11.437s] -- Up-to-date: /home/tukorea/ros2_ws/install/livox_lio_sam/include/livox_lio_sam/livox_lio_sam/msg/detail/cloud_info__type_support.cpp
[11.437s] -- Up-to-date: /home/tukorea/ros2_ws/install/livox_lio_sam/include/livox_lio_sam/livox_lio_sam/msg/detail/cloud_info__rosidl_typesupport_introspection_cpp.hpp
[11.438s] -- Up-to-date: /home/tukorea/ros2_ws/install/livox_lio_sam/lib/liblivox_lio_sam__rosidl_typesupport_introspection_cpp.so
[11.438s] -- Up-to-date: /home/tukorea/ros2_ws/install/livox_lio_sam/lib/liblivox_lio_sam__rosidl_typesupport_cpp.so
[11.438s] -- Up-to-date: /home/tukorea/ros2_ws/install/livox_lio_sam/share/livox_lio_sam/environment/pythonpath.sh
[11.438s] -- Installing: /home/tukorea/ros2_ws/install/livox_lio_sam/share/livox_lio_sam/environment/pythonpath.dsv
[11.438s] -- Up-to-date: /home/tukorea/ros2_ws/install/livox_lio_sam/local/lib/python3.10/dist-packages/livox_lio_sam-1.0.0-py3.10.egg-info
[11.438s] -- Installing: /home/tukorea/ros2_ws/install/livox_lio_sam/local/lib/python3.10/dist-packages/livox_lio_sam-1.0.0-py3.10.egg-info/SOURCES.txt
[11.438s] -- Installing: /home/tukorea/ros2_ws/install/livox_lio_sam/local/lib/python3.10/dist-packages/livox_lio_sam-1.0.0-py3.10.egg-info/PKG-INFO
[11.438s] -- Installing: /home/tukorea/ros2_ws/install/livox_lio_sam/local/lib/python3.10/dist-packages/livox_lio_sam-1.0.0-py3.10.egg-info/dependency_links.txt
[11.438s] -- Installing: /home/tukorea/ros2_ws/install/livox_lio_sam/local/lib/python3.10/dist-packages/livox_lio_sam-1.0.0-py3.10.egg-info/top_level.txt
[11.438s] -- Up-to-date: /home/tukorea/ros2_ws/install/livox_lio_sam/local/lib/python3.10/dist-packages/livox_lio_sam
[11.438s] -- Up-to-date: /home/tukorea/ros2_ws/install/livox_lio_sam/local/lib/python3.10/dist-packages/livox_lio_sam/_livox_lio_sam_s.ep.rosidl_typesupport_fastrtps_c.c
[11.438s] -- Up-to-date: /home/tukorea/ros2_ws/install/livox_lio_sam/local/lib/python3.10/dist-packages/livox_lio_sam/_livox_lio_sam_s.ep.rosidl_typesupport_c.c
[11.438s] -- Up-to-date: /home/tukorea/ros2_ws/install/livox_lio_sam/local/lib/python3.10/dist-packages/livox_lio_sam/srv
[11.438s] -- Up-to-date: /home/tukorea/ros2_ws/install/livox_lio_sam/local/lib/python3.10/dist-packages/livox_lio_sam/srv/_reset_s.c
[11.438s] -- Up-to-date: /home/tukorea/ros2_ws/install/livox_lio_sam/local/lib/python3.10/dist-packages/livox_lio_sam/srv/_save_map_s.c
[11.438s] -- Up-to-date: /home/tukorea/ros2_ws/install/livox_lio_sam/local/lib/python3.10/dist-packages/livox_lio_sam/srv/_save_map.py
[11.438s] -- Up-to-date: /home/tukorea/ros2_ws/install/livox_lio_sam/local/lib/python3.10/dist-packages/livox_lio_sam/srv/_reset.py
[11.438s] -- Up-to-date: /home/tukorea/ros2_ws/install/livox_lio_sam/local/lib/python3.10/dist-packages/livox_lio_sam/srv/__init__.py
[11.438s] -- Up-to-date: /home/tukorea/ros2_ws/install/livox_lio_sam/local/lib/python3.10/dist-packages/livox_lio_sam/livox_lio_sam_s__rosidl_typesupport_c.cpython-310-x86_64-linux-gnu.so
[11.438s] -- Up-to-date: /home/tukorea/ros2_ws/install/livox_lio_sam/local/lib/python3.10/dist-packages/livox_lio_sam/_livox_lio_sam_s.ep.rosidl_typesupport_introspection_c.c
[11.438s] -- Up-to-date: /home/tukorea/ros2_ws/install/livox_lio_sam/local/lib/python3.10/dist-packages/livox_lio_sam/livox_lio_sam_s__rosidl_typesupport_fastrtps_c.cpython-310-x86_64-linux-gnu.so
[11.438s] -- Up-to-date: /home/tukorea/ros2_ws/install/livox_lio_sam/local/lib/python3.10/dist-packages/livox_lio_sam/msg
[11.438s] -- Up-to-date: /home/tukorea/ros2_ws/install/livox_lio_sam/local/lib/python3.10/dist-packages/livox_lio_sam/msg/_cloud_info.py
[11.438s] -- Up-to-date: /home/tukorea/ros2_ws/install/livox_lio_sam/local/lib/python3.10/dist-packages/livox_lio_sam/msg/__init__.py
[11.438s] -- Up-to-date: /home/tukorea/ros2_ws/install/livox_lio_sam/local/lib/python3.10/dist-packages/livox_lio_sam/msg/_cloud_info_s.c
[11.438s] -- Up-to-date: /home/tukorea/ros2_ws/install/livox_lio_sam/local/lib/python3.10/dist-packages/livox_lio_sam/livox_lio_sam_s__rosidl_typesupport_introspection_c.cpython-310-x86_64-linux-gnu.so
[11.438s] -- Installing: /home/tukorea/ros2_ws/install/livox_lio_sam/local/lib/python3.10/dist-packages/livox_lio_sam/__init__.py
[11.438s] -- Up-to-date: /home/tukorea/ros2_ws/install/livox_lio_sam/local/lib/python3.10/dist-packages/livox_lio_sam/liblivox_lio_sam__rosidl_generator_py.so
[11.453s] Listing '/home/tukorea/ros2_ws/install/livox_lio_sam/local/lib/python3.10/dist-packages/livox_lio_sam'...
[11.453s] Compiling '/home/tukorea/ros2_ws/install/livox_lio_sam/local/lib/python3.10/dist-packages/livox_lio_sam/__init__.py'...
[11.453s] Listing '/home/tukorea/ros2_ws/install/livox_lio_sam/local/lib/python3.10/dist-packages/livox_lio_sam/msg'...
[11.453s] Listing '/home/tukorea/ros2_ws/install/livox_lio_sam/local/lib/python3.10/dist-packages/livox_lio_sam/srv'...
[11.456s] -- Up-to-date: /home/tukorea/ros2_ws/install/livox_lio_sam/local/lib/python3.10/dist-packages/livox_lio_sam/livox_lio_sam_s__rosidl_typesupport_fastrtps_c.cpython-310-x86_64-linux-gnu.so
[11.456s] -- Up-to-date: /home/tukorea/ros2_ws/install/livox_lio_sam/local/lib/python3.10/dist-packages/livox_lio_sam/livox_lio_sam_s__rosidl_typesupport_introspection_c.cpython-310-x86_64-linux-gnu.so
[11.456s] -- Up-to-date: /home/tukorea/ros2_ws/install/livox_lio_sam/local/lib/python3.10/dist-packages/livox_lio_sam/livox_lio_sam_s__rosidl_typesupport_c.cpython-310-x86_64-linux-gnu.so
[11.456s] -- Up-to-date: /home/tukorea/ros2_ws/install/livox_lio_sam/lib/liblivox_lio_sam__rosidl_generator_py.so
[11.456s] -- Up-to-date: /home/tukorea/ros2_ws/install/livox_lio_sam/share/livox_lio_sam/msg/CloudInfo.idl
[11.456s] -- Up-to-date: /home/tukorea/ros2_ws/install/livox_lio_sam/share/livox_lio_sam/srv/SaveMap.idl
[11.456s] -- Up-to-date: /home/tukorea/ros2_ws/install/livox_lio_sam/share/livox_lio_sam/srv/Reset.idl
[11.456s] -- Up-to-date: /home/tukorea/ros2_ws/install/livox_lio_sam/share/livox_lio_sam/msg/CloudInfo.msg
[11.456s] -- Up-to-date: /home/tukorea/ros2_ws/install/livox_lio_sam/share/livox_lio_sam/srv/SaveMap.srv
[11.457s] -- Up-to-date: /home/tukorea/ros2_ws/install/livox_lio_sam/share/livox_lio_sam/srv/SaveMap_Request.msg
[11.457s] -- Up-to-date: /home/tukorea/ros2_ws/install/livox_lio_sam/share/livox_lio_sam/srv/SaveMap_Response.msg
[11.457s] -- Up-to-date: /home/tukorea/ros2_ws/install/livox_lio_sam/share/livox_lio_sam/srv/Reset.srv
[11.457s] -- Up-to-date: /home/tukorea/ros2_ws/install/livox_lio_sam/share/livox_lio_sam/srv/Reset_Request.msg
[11.457s] -- Up-to-date: /home/tukorea/ros2_ws/install/livox_lio_sam/share/livox_lio_sam/srv/Reset_Response.msg
[11.457s] -- Up-to-date: /home/tukorea/ros2_ws/install/livox_lio_sam/share/livox_lio_sam//launch
[11.457s] -- Up-to-date: /home/tukorea/ros2_ws/install/livox_lio_sam/share/livox_lio_sam//launch/run_slam.launch.py:Zone.Identifier
[11.457s] -- Up-to-date: /home/tukorea/ros2_ws/install/livox_lio_sam/share/livox_lio_sam//launch/run_slam.launch.py
[11.457s] -- Up-to-date: /home/tukorea/ros2_ws/install/livox_lio_sam/share/livox_lio_sam//launch/run.launch.py
[11.457s] -- Up-to-date: /home/tukorea/ros2_ws/install/livox_lio_sam/share/livox_lio_sam//launch/run.launch.py:Zone.Identifier
[11.457s] -- Up-to-date: /home/tukorea/ros2_ws/install/livox_lio_sam/share/livox_lio_sam//launch/run_localization.launch.py:Zone.Identifier
[11.457s] -- Up-to-date: /home/tukorea/ros2_ws/install/livox_lio_sam/share/livox_lio_sam//launch/run_localization.launch.py
[11.457s] -- Up-to-date: /home/tukorea/ros2_ws/install/livox_lio_sam/share/livox_lio_sam//config
[11.457s] -- Up-to-date: /home/tukorea/ros2_ws/install/livox_lio_sam/share/livox_lio_sam//config/params_localization.yaml:Zone.Identifier:Zone.Identifier
[11.457s] -- Up-to-date: /home/tukorea/ros2_ws/install/livox_lio_sam/share/livox_lio_sam//config/params.yaml
[11.457s] -- Up-to-date: /home/tukorea/ros2_ws/install/livox_lio_sam/share/livox_lio_sam//config/params_slam.yaml:Zone.Identifier
[11.457s] -- Up-to-date: /home/tukorea/ros2_ws/install/livox_lio_sam/share/livox_lio_sam//config/params_localization.yaml
[11.457s] -- Up-to-date: /home/tukorea/ros2_ws/install/livox_lio_sam/share/livox_lio_sam//config/params.yaml:Zone.Identifier
[11.457s] -- Up-to-date: /home/tukorea/ros2_ws/install/livox_lio_sam/share/livox_lio_sam//config/params_slam.yaml
[11.457s] -- Up-to-date: /home/tukorea/ros2_ws/install/livox_lio_sam/share/livox_lio_sam//config/rviz2.rviz
[11.457s] -- Up-to-date: /home/tukorea/ros2_ws/install/livox_lio_sam/share/livox_lio_sam//config/rviz2.rviz:Zone.Identifier
[11.457s] -- Up-to-date: /home/tukorea/ros2_ws/install/livox_lio_sam/share/livox_lio_sam//config/params_localization.yaml:Zone.Identifier
[11.457s] -- Up-to-date: /home/tukorea/ros2_ws/install/livox_lio_sam/share/livox_lio_sam//config/doc
[11.457s] -- Up-to-date: /home/tukorea/ros2_ws/install/livox_lio_sam/share/livox_lio_sam//config/doc/imu-debug.gif
[11.457s] -- Up-to-date: /home/tukorea/ros2_ws/install/livox_lio_sam/share/livox_lio_sam//config/doc/demo.gif:Zone.Identifier
[11.457s] -- Up-to-date: /home/tukorea/ros2_ws/install/livox_lio_sam/share/livox_lio_sam//config/doc/device-boat.png
[11.457s] -- Up-to-date: /home/tukorea/ros2_ws/install/livox_lio_sam/share/livox_lio_sam//config/doc/loop-closure.gif
[11.458s] -- Up-to-date: /home/tukorea/ros2_ws/install/livox_lio_sam/share/livox_lio_sam//config/doc/gps-demo.gif
[11.458s] -- Up-to-date: /home/tukorea/ros2_ws/install/livox_lio_sam/share/livox_lio_sam//config/doc/device-hand.png:Zone.Identifier
[11.458s] -- Up-to-date: /home/tukorea/ros2_ws/install/livox_lio_sam/share/livox_lio_sam//config/doc/device-hand-2.png
[11.458s] -- Up-to-date: /home/tukorea/ros2_ws/install/livox_lio_sam/share/livox_lio_sam//config/doc/system.png
[11.458s] -- Up-to-date: /home/tukorea/ros2_ws/install/livox_lio_sam/share/livox_lio_sam//config/doc/loop-closure-2.gif:Zone.Identifier
[11.458s] -- Up-to-date: /home/tukorea/ros2_ws/install/livox_lio_sam/share/livox_lio_sam//config/doc/loop-closure-2.gif
[11.458s] -- Up-to-date: /home/tukorea/ros2_ws/install/livox_lio_sam/share/livox_lio_sam//config/doc/ouster-demo.gif:Zone.Identifier
[11.458s] -- Up-to-date: /home/tukorea/ros2_ws/install/livox_lio_sam/share/livox_lio_sam//config/doc/kitti-map.png
[11.458s] -- Up-to-date: /home/tukorea/ros2_ws/install/livox_lio_sam/share/livox_lio_sam//config/doc/device-jackal.png:Zone.Identifier
[11.458s] -- Up-to-date: /home/tukorea/ros2_ws/install/livox_lio_sam/share/livox_lio_sam//config/doc/paper.pdf:Zone.Identifier
[11.458s] -- Up-to-date: /home/tukorea/ros2_ws/install/livox_lio_sam/share/livox_lio_sam//config/doc/imu-transform.png:Zone.Identifier
[11.458s] -- Up-to-date: /home/tukorea/ros2_ws/install/livox_lio_sam/share/livox_lio_sam//config/doc/paper.pdf
[11.458s] -- Up-to-date: /home/tukorea/ros2_ws/install/livox_lio_sam/share/livox_lio_sam//config/doc/device-boat.png:Zone.Identifier
[11.458s] -- Up-to-date: /home/tukorea/ros2_ws/install/livox_lio_sam/share/livox_lio_sam//config/doc/kitti-demo.gif:Zone.Identifier
[11.458s] -- Up-to-date: /home/tukorea/ros2_ws/install/livox_lio_sam/share/livox_lio_sam//config/doc/device-hand.png
[11.458s] -- Up-to-date: /home/tukorea/ros2_ws/install/livox_lio_sam/share/livox_lio_sam//config/doc/kitti-map.png:Zone.Identifier
[11.458s] -- Up-to-date: /home/tukorea/ros2_ws/install/livox_lio_sam/share/livox_lio_sam//config/doc/system.png:Zone.Identifier
[11.458s] -- Up-to-date: /home/tukorea/ros2_ws/install/livox_lio_sam/share/livox_lio_sam//config/doc/kitti2bag
[11.458s] -- Up-to-date: /home/tukorea/ros2_ws/install/livox_lio_sam/share/livox_lio_sam//config/doc/kitti2bag/kitti2bag.py:Zone.Identifier
[11.458s] -- Up-to-date: /home/tukorea/ros2_ws/install/livox_lio_sam/share/livox_lio_sam//config/doc/kitti2bag/kitti2bag.py
[11.458s] -- Up-to-date: /home/tukorea/ros2_ws/install/livox_lio_sam/share/livox_lio_sam//config/doc/kitti2bag/README.md:Zone.Identifier
[11.458s] -- Up-to-date: /home/tukorea/ros2_ws/install/livox_lio_sam/share/livox_lio_sam//config/doc/kitti2bag/README.md
[11.458s] -- Up-to-date: /home/tukorea/ros2_ws/install/livox_lio_sam/share/livox_lio_sam//config/doc/device-hand-2.png:Zone.Identifier
[11.458s] -- Up-to-date: /home/tukorea/ros2_ws/install/livox_lio_sam/share/livox_lio_sam//config/doc/kitti-demo.gif
[11.458s] -- Up-to-date: /home/tukorea/ros2_ws/install/livox_lio_sam/share/livox_lio_sam//config/doc/imu-transform.png
[11.458s] -- Up-to-date: /home/tukorea/ros2_ws/install/livox_lio_sam/share/livox_lio_sam//config/doc/demo.gif
[11.458s] -- Up-to-date: /home/tukorea/ros2_ws/install/livox_lio_sam/share/livox_lio_sam//config/doc/loop-closure.gif:Zone.Identifier
[11.458s] -- Up-to-date: /home/tukorea/ros2_ws/install/livox_lio_sam/share/livox_lio_sam//config/doc/device-jackal.png
[11.458s] -- Up-to-date: /home/tukorea/ros2_ws/install/livox_lio_sam/share/livox_lio_sam//config/doc/ouster-device.jpg
[11.458s] -- Up-to-date: /home/tukorea/ros2_ws/install/livox_lio_sam/share/livox_lio_sam//config/doc/ouster-device.jpg:Zone.Identifier
[11.458s] -- Up-to-date: /home/tukorea/ros2_ws/install/livox_lio_sam/share/livox_lio_sam//config/doc/imu-debug.gif:Zone.Identifier
[11.458s] -- Up-to-date: /home/tukorea/ros2_ws/install/livox_lio_sam/share/livox_lio_sam//config/doc/ouster-demo.gif
[11.458s] -- Up-to-date: /home/tukorea/ros2_ws/install/livox_lio_sam/share/livox_lio_sam//config/doc/gps-demo.gif:Zone.Identifier
[11.459s] -- Up-to-date: /home/tukorea/ros2_ws/install/livox_lio_sam/share/livox_lio_sam//config/robot.urdf.xacro
[11.459s] -- Up-to-date: /home/tukorea/ros2_ws/install/livox_lio_sam/share/livox_lio_sam//config/robot.urdf.xacro:Zone.Identifier
[11.459s] -- Up-to-date: /home/tukorea/ros2_ws/install/livox_lio_sam/lib/livox_lio_sam/livox_lio_sam_imageProjection
[11.459s] -- Up-to-date: /home/tukorea/ros2_ws/install/livox_lio_sam/lib/livox_lio_sam/livox_lio_sam_imuPreintegration
[11.459s] -- Up-to-date: /home/tukorea/ros2_ws/install/livox_lio_sam/lib/livox_lio_sam/livox_lio_sam_featureExtraction
[11.459s] -- Up-to-date: /home/tukorea/ros2_ws/install/livox_lio_sam/lib/livox_lio_sam/livox_lio_sam_mapOptimization
[11.459s] -- Up-to-date: /home/tukorea/ros2_ws/install/livox_lio_sam/include
[11.459s] -- Up-to-date: /home/tukorea/ros2_ws/install/livox_lio_sam/include/livox_lio_sam
[11.459s] -- Up-to-date: /home/tukorea/ros2_ws/install/livox_lio_sam/include/livox_lio_sam/utility.hpp
[11.459s] -- Up-to-date: /home/tukorea/ros2_ws/install/livox_lio_sam/include/livox_lio_sam/utility.hpp:Zone.Identifier
[11.459s] -- Up-to-date: /home/tukorea/ros2_ws/install/livox_lio_sam/share/ament_index/resource_index/package_run_dependencies/livox_lio_sam
[11.459s] -- Installing: /home/tukorea/ros2_ws/install/livox_lio_sam/share/ament_index/resource_index/parent_prefix_path/livox_lio_sam
[11.459s] -- Up-to-date: /home/tukorea/ros2_ws/install/livox_lio_sam/share/livox_lio_sam/environment/ament_prefix_path.sh
[11.459s] -- Installing: /home/tukorea/ros2_ws/install/livox_lio_sam/share/livox_lio_sam/environment/ament_prefix_path.dsv
[11.459s] -- Up-to-date: /home/tukorea/ros2_ws/install/livox_lio_sam/share/livox_lio_sam/environment/path.sh
[11.459s] -- Installing: /home/tukorea/ros2_ws/install/livox_lio_sam/share/livox_lio_sam/environment/path.dsv
[11.459s] -- Up-to-date: /home/tukorea/ros2_ws/install/livox_lio_sam/share/livox_lio_sam/local_setup.bash
[11.459s] -- Up-to-date: /home/tukorea/ros2_ws/install/livox_lio_sam/share/livox_lio_sam/local_setup.sh
[11.459s] -- Up-to-date: /home/tukorea/ros2_ws/install/livox_lio_sam/share/livox_lio_sam/local_setup.zsh
[11.459s] -- Installing: /home/tukorea/ros2_ws/install/livox_lio_sam/share/livox_lio_sam/local_setup.dsv
[11.459s] -- Installing: /home/tukorea/ros2_ws/install/livox_lio_sam/share/livox_lio_sam/package.dsv
[11.459s] -- Up-to-date: /home/tukorea/ros2_ws/install/livox_lio_sam/share/ament_index/resource_index/packages/livox_lio_sam
[11.459s] -- Up-to-date: /home/tukorea/ros2_ws/install/livox_lio_sam/share/livox_lio_sam/cmake/export_livox_lio_sam__rosidl_generator_cExport.cmake
[11.459s] -- Up-to-date: /home/tukorea/ros2_ws/install/livox_lio_sam/share/livox_lio_sam/cmake/export_livox_lio_sam__rosidl_generator_cExport-release.cmake
[11.459s] -- Up-to-date: /home/tukorea/ros2_ws/install/livox_lio_sam/share/livox_lio_sam/cmake/export_livox_lio_sam__rosidl_typesupport_fastrtps_cExport.cmake
[11.459s] -- Up-to-date: /home/tukorea/ros2_ws/install/livox_lio_sam/share/livox_lio_sam/cmake/export_livox_lio_sam__rosidl_typesupport_fastrtps_cExport-release.cmake
[11.459s] -- Up-to-date: /home/tukorea/ros2_ws/install/livox_lio_sam/share/livox_lio_sam/cmake/livox_lio_sam__rosidl_typesupport_introspection_cExport.cmake
[11.459s] -- Up-to-date: /home/tukorea/ros2_ws/install/livox_lio_sam/share/livox_lio_sam/cmake/livox_lio_sam__rosidl_typesupport_introspection_cExport-release.cmake
[11.459s] -- Up-to-date: /home/tukorea/ros2_ws/install/livox_lio_sam/share/livox_lio_sam/cmake/livox_lio_sam__rosidl_typesupport_cExport.cmake
[11.459s] -- Up-to-date: /home/tukorea/ros2_ws/install/livox_lio_sam/share/livox_lio_sam/cmake/livox_lio_sam__rosidl_typesupport_cExport-release.cmake
[11.459s] -- Up-to-date: /home/tukorea/ros2_ws/install/livox_lio_sam/share/livox_lio_sam/cmake/export_livox_lio_sam__rosidl_generator_cppExport.cmake
[11.459s] -- Up-to-date: /home/tukorea/ros2_ws/install/livox_lio_sam/share/livox_lio_sam/cmake/export_livox_lio_sam__rosidl_typesupport_fastrtps_cppExport.cmake
[11.459s] -- Up-to-date: /home/tukorea/ros2_ws/install/livox_lio_sam/share/livox_lio_sam/cmake/export_livox_lio_sam__rosidl_typesupport_fastrtps_cppExport-release.cmake
[11.459s] -- Up-to-date: /home/tukorea/ros2_ws/install/livox_lio_sam/share/livox_lio_sam/cmake/livox_lio_sam__rosidl_typesupport_introspection_cppExport.cmake
[11.459s] -- Up-to-date: /home/tukorea/ros2_ws/install/livox_lio_sam/share/livox_lio_sam/cmake/livox_lio_sam__rosidl_typesupport_introspection_cppExport-release.cmake
[11.459s] -- Up-to-date: /home/tukorea/ros2_ws/install/livox_lio_sam/share/livox_lio_sam/cmake/livox_lio_sam__rosidl_typesupport_cppExport.cmake
[11.459s] -- Up-to-date: /home/tukorea/ros2_ws/install/livox_lio_sam/share/livox_lio_sam/cmake/livox_lio_sam__rosidl_typesupport_cppExport-release.cmake
[11.459s] -- Up-to-date: /home/tukorea/ros2_ws/install/livox_lio_sam/share/livox_lio_sam/cmake/export_livox_lio_sam__rosidl_generator_pyExport.cmake
[11.459s] -- Up-to-date: /home/tukorea/ros2_ws/install/livox_lio_sam/share/livox_lio_sam/cmake/export_livox_lio_sam__rosidl_generator_pyExport-release.cmake
[11.459s] -- Up-to-date: /home/tukorea/ros2_ws/install/livox_lio_sam/share/livox_lio_sam/cmake/rosidl_cmake-extras.cmake
[11.459s] -- Up-to-date: /home/tukorea/ros2_ws/install/livox_lio_sam/share/livox_lio_sam/cmake/ament_cmake_export_dependencies-extras.cmake
[11.459s] -- Up-to-date: /home/tukorea/ros2_ws/install/livox_lio_sam/share/livox_lio_sam/cmake/ament_cmake_export_include_directories-extras.cmake
[11.459s] -- Up-to-date: /home/tukorea/ros2_ws/install/livox_lio_sam/share/livox_lio_sam/cmake/ament_cmake_export_libraries-extras.cmake
[11.459s] -- Up-to-date: /home/tukorea/ros2_ws/install/livox_lio_sam/share/livox_lio_sam/cmake/ament_cmake_export_targets-extras.cmake
[11.459s] -- Up-to-date: /home/tukorea/ros2_ws/install/livox_lio_sam/share/livox_lio_sam/cmake/rosidl_cmake_export_typesupport_targets-extras.cmake
[11.459s] -- Up-to-date: /home/tukorea/ros2_ws/install/livox_lio_sam/share/livox_lio_sam/cmake/rosidl_cmake_export_typesupport_libraries-extras.cmake
[11.459s] -- Up-to-date: /home/tukorea/ros2_ws/install/livox_lio_sam/share/livox_lio_sam/cmake/livox_lio_samConfig.cmake
[11.459s] -- Up-to-date: /home/tukorea/ros2_ws/install/livox_lio_sam/share/livox_lio_sam/cmake/livox_lio_samConfig-version.cmake
[11.459s] -- Up-to-date: /home/tukorea/ros2_ws/install/livox_lio_sam/share/livox_lio_sam/package.xml
[11.460s] Invoked command in '/home/tukorea/ros2_ws/build/livox_lio_sam' returned '0': CMAKE_PREFIX_PATH=/opt/ros/humble /usr/bin/cmake --install /home/tukorea/ros2_ws/build/livox_lio_sam
