[0.084s] DEBUG:colcon:Command line arguments: ['/usr/bin/colcon', 'build', '--parallel-workers', '1', '--packages-select', 'livox_lio_sam', '--cmake-args', '-DCMAKE_BUILD_TYPE=Release', '-DGTSAM_DIR=/usr/local/lib/cmake/GTSAM']
[0.084s] DEBUG:colcon:Parsed command line arguments: Namespace(log_base=None, log_level=None, verb_name='build', build_base='build', install_base='install', merge_install=False, symlink_install=False, test_result_base=None, continue_on_error=False, executor='parallel', parallel_workers=1, event_handlers=None, ignore_user_meta=False, metas=['./colcon.meta'], base_paths=['.'], packages_ignore=None, packages_ignore_regex=None, paths=None, packages_up_to=None, packages_up_to_regex=None, packages_above=None, packages_above_and_dependencies=None, packages_above_depth=None, packages_select_by_dep=None, packages_skip_by_dep=None, packages_skip_up_to=None, packages_select_build_failed=False, packages_skip_build_finished=False, packages_select_test_failures=False, packages_skip_test_passed=False, packages_select=['livox_lio_sam'], packages_skip=None, packages_select_regex=None, packages_skip_regex=None, packages_start=None, packages_end=None, allow_overriding=[], cmake_args=['-DCMAKE_BUILD_TYPE=Release', '-DGTSAM_DIR=/usr/local/lib/cmake/GTSAM'], cmake_target=None, cmake_target_skip_unavailable=False, cmake_clean_cache=False, cmake_clean_first=False, cmake_force_configure=False, ament_cmake_args=None, catkin_cmake_args=None, catkin_skip_building_tests=False, verb_parser=<colcon_defaults.argument_parser.defaults.DefaultArgumentsDecorator object at 0x70adaf5502b0>, verb_extension=<colcon_core.verb.build.BuildVerb object at 0x70adaf661660>, main=<bound method BuildVerb.main of <colcon_core.verb.build.BuildVerb object at 0x70adaf661660>>)
[0.144s] Level 1:colcon.colcon_core.package_discovery:discover_packages(colcon_meta) check parameters
[0.144s] Level 1:colcon.colcon_core.package_discovery:discover_packages(recursive) check parameters
[0.144s] Level 1:colcon.colcon_core.package_discovery:discover_packages(ignore) check parameters
[0.144s] Level 1:colcon.colcon_core.package_discovery:discover_packages(path) check parameters
[0.144s] Level 1:colcon.colcon_core.package_discovery:discover_packages(colcon_meta) discover
[0.144s] Level 1:colcon.colcon_core.package_discovery:discover_packages(recursive) discover
[0.144s] INFO:colcon.colcon_core.package_discovery:Crawling recursively for packages in '/home/tukorea/ros2_ws'
[0.144s] Level 1:colcon.colcon_core.package_identification:_identify(.) by extensions ['ignore', 'ignore_ament_install']
[0.144s] Level 1:colcon.colcon_core.package_identification:_identify(.) by extension 'ignore'
[0.144s] Level 1:colcon.colcon_core.package_identification:_identify(.) by extension 'ignore_ament_install'
[0.144s] Level 1:colcon.colcon_core.package_identification:_identify(.) by extensions ['colcon_pkg']
[0.144s] Level 1:colcon.colcon_core.package_identification:_identify(.) by extension 'colcon_pkg'
[0.144s] Level 1:colcon.colcon_core.package_identification:_identify(.) by extensions ['colcon_meta']
[0.144s] Level 1:colcon.colcon_core.package_identification:_identify(.) by extension 'colcon_meta'
[0.144s] Level 1:colcon.colcon_core.package_identification:_identify(.) by extensions ['ros']
[0.144s] Level 1:colcon.colcon_core.package_identification:_identify(.) by extension 'ros'
[0.150s] Level 1:colcon.colcon_core.package_identification:_identify(.) by extensions ['cmake', 'python']
[0.150s] Level 1:colcon.colcon_core.package_identification:_identify(.) by extension 'cmake'
[0.150s] Level 1:colcon.colcon_core.package_identification:_identify(.) by extension 'python'
[0.150s] Level 1:colcon.colcon_core.package_identification:_identify(.) by extensions ['python_setup_py']
[0.150s] Level 1:colcon.colcon_core.package_identification:_identify(.) by extension 'python_setup_py'
[0.150s] Level 1:colcon.colcon_core.package_identification:_identify(build) by extensions ['ignore', 'ignore_ament_install']
[0.150s] Level 1:colcon.colcon_core.package_identification:_identify(build) by extension 'ignore'
[0.150s] Level 1:colcon.colcon_core.package_identification:_identify(build) ignored
[0.151s] Level 1:colcon.colcon_core.package_identification:_identify(install) by extensions ['ignore', 'ignore_ament_install']
[0.151s] Level 1:colcon.colcon_core.package_identification:_identify(install) by extension 'ignore'
[0.151s] Level 1:colcon.colcon_core.package_identification:_identify(install) ignored
[0.151s] Level 1:colcon.colcon_core.package_identification:_identify(log) by extensions ['ignore', 'ignore_ament_install']
[0.151s] Level 1:colcon.colcon_core.package_identification:_identify(log) by extension 'ignore'
[0.151s] Level 1:colcon.colcon_core.package_identification:_identify(log) ignored
[0.151s] Level 1:colcon.colcon_core.package_identification:_identify(rosbag) by extensions ['ignore', 'ignore_ament_install']
[0.151s] Level 1:colcon.colcon_core.package_identification:_identify(rosbag) by extension 'ignore'
[0.151s] Level 1:colcon.colcon_core.package_identification:_identify(rosbag) by extension 'ignore_ament_install'
[0.151s] Level 1:colcon.colcon_core.package_identification:_identify(rosbag) by extensions ['colcon_pkg']
[0.151s] Level 1:colcon.colcon_core.package_identification:_identify(rosbag) by extension 'colcon_pkg'
[0.151s] Level 1:colcon.colcon_core.package_identification:_identify(rosbag) by extensions ['colcon_meta']
[0.151s] Level 1:colcon.colcon_core.package_identification:_identify(rosbag) by extension 'colcon_meta'
[0.151s] Level 1:colcon.colcon_core.package_identification:_identify(rosbag) by extensions ['ros']
[0.151s] Level 1:colcon.colcon_core.package_identification:_identify(rosbag) by extension 'ros'
[0.151s] Level 1:colcon.colcon_core.package_identification:_identify(rosbag) by extensions ['cmake', 'python']
[0.151s] Level 1:colcon.colcon_core.package_identification:_identify(rosbag) by extension 'cmake'
[0.151s] Level 1:colcon.colcon_core.package_identification:_identify(rosbag) by extension 'python'
[0.151s] Level 1:colcon.colcon_core.package_identification:_identify(rosbag) by extensions ['python_setup_py']
[0.151s] Level 1:colcon.colcon_core.package_identification:_identify(rosbag) by extension 'python_setup_py'
[0.151s] Level 1:colcon.colcon_core.package_identification:_identify(rosbag/rosbag2_2025_12_05-14_42_30) by extensions ['ignore', 'ignore_ament_install']
[0.151s] Level 1:colcon.colcon_core.package_identification:_identify(rosbag/rosbag2_2025_12_05-14_42_30) by extension 'ignore'
[0.151s] Level 1:colcon.colcon_core.package_identification:_identify(rosbag/rosbag2_2025_12_05-14_42_30) by extension 'ignore_ament_install'
[0.151s] Level 1:colcon.colcon_core.package_identification:_identify(rosbag/rosbag2_2025_12_05-14_42_30) by extensions ['colcon_pkg']
[0.151s] Level 1:colcon.colcon_core.package_identification:_identify(rosbag/rosbag2_2025_12_05-14_42_30) by extension 'colcon_pkg'
[0.151s] Level 1:colcon.colcon_core.package_identification:_identify(rosbag/rosbag2_2025_12_05-14_42_30) by extensions ['colcon_meta']
[0.151s] Level 1:colcon.colcon_core.package_identification:_identify(rosbag/rosbag2_2025_12_05-14_42_30) by extension 'colcon_meta'
[0.151s] Level 1:colcon.colcon_core.package_identification:_identify(rosbag/rosbag2_2025_12_05-14_42_30) by extensions ['ros']
[0.151s] Level 1:colcon.colcon_core.package_identification:_identify(rosbag/rosbag2_2025_12_05-14_42_30) by extension 'ros'
[0.151s] Level 1:colcon.colcon_core.package_identification:_identify(rosbag/rosbag2_2025_12_05-14_42_30) by extensions ['cmake', 'python']
[0.151s] Level 1:colcon.colcon_core.package_identification:_identify(rosbag/rosbag2_2025_12_05-14_42_30) by extension 'cmake'
[0.151s] Level 1:colcon.colcon_core.package_identification:_identify(rosbag/rosbag2_2025_12_05-14_42_30) by extension 'python'
[0.151s] Level 1:colcon.colcon_core.package_identification:_identify(rosbag/rosbag2_2025_12_05-14_42_30) by extensions ['python_setup_py']
[0.151s] Level 1:colcon.colcon_core.package_identification:_identify(rosbag/rosbag2_2025_12_05-14_42_30) by extension 'python_setup_py'
[0.151s] Level 1:colcon.colcon_core.package_identification:_identify(src) by extensions ['ignore', 'ignore_ament_install']
[0.151s] Level 1:colcon.colcon_core.package_identification:_identify(src) by extension 'ignore'
[0.151s] Level 1:colcon.colcon_core.package_identification:_identify(src) by extension 'ignore_ament_install'
[0.151s] Level 1:colcon.colcon_core.package_identification:_identify(src) by extensions ['colcon_pkg']
[0.151s] Level 1:colcon.colcon_core.package_identification:_identify(src) by extension 'colcon_pkg'
[0.151s] Level 1:colcon.colcon_core.package_identification:_identify(src) by extensions ['colcon_meta']
[0.151s] Level 1:colcon.colcon_core.package_identification:_identify(src) by extension 'colcon_meta'
[0.151s] Level 1:colcon.colcon_core.package_identification:_identify(src) by extensions ['ros']
[0.151s] Level 1:colcon.colcon_core.package_identification:_identify(src) by extension 'ros'
[0.152s] Level 1:colcon.colcon_core.package_identification:_identify(src) by extensions ['cmake', 'python']
[0.152s] Level 1:colcon.colcon_core.package_identification:_identify(src) by extension 'cmake'
[0.152s] Level 1:colcon.colcon_core.package_identification:_identify(src) by extension 'python'
[0.152s] Level 1:colcon.colcon_core.package_identification:_identify(src) by extensions ['python_setup_py']
[0.152s] Level 1:colcon.colcon_core.package_identification:_identify(src) by extension 'python_setup_py'
[0.152s] Level 1:colcon.colcon_core.package_identification:_identify(src/SLAM) by extensions ['ignore', 'ignore_ament_install']
[0.152s] Level 1:colcon.colcon_core.package_identification:_identify(src/SLAM) by extension 'ignore'
[0.152s] Level 1:colcon.colcon_core.package_identification:_identify(src/SLAM) by extension 'ignore_ament_install'
[0.152s] Level 1:colcon.colcon_core.package_identification:_identify(src/SLAM) by extensions ['colcon_pkg']
[0.152s] Level 1:colcon.colcon_core.package_identification:_identify(src/SLAM) by extension 'colcon_pkg'
[0.152s] Level 1:colcon.colcon_core.package_identification:_identify(src/SLAM) by extensions ['colcon_meta']
[0.152s] Level 1:colcon.colcon_core.package_identification:_identify(src/SLAM) by extension 'colcon_meta'
[0.152s] Level 1:colcon.colcon_core.package_identification:_identify(src/SLAM) by extensions ['ros']
[0.152s] Level 1:colcon.colcon_core.package_identification:_identify(src/SLAM) by extension 'ros'
[0.152s] Level 1:colcon.colcon_core.package_identification:_identify(src/SLAM) by extensions ['cmake', 'python']
[0.152s] Level 1:colcon.colcon_core.package_identification:_identify(src/SLAM) by extension 'cmake'
[0.152s] Level 1:colcon.colcon_core.package_identification:_identify(src/SLAM) by extension 'python'
[0.152s] Level 1:colcon.colcon_core.package_identification:_identify(src/SLAM) by extensions ['python_setup_py']
[0.152s] Level 1:colcon.colcon_core.package_identification:_identify(src/SLAM) by extension 'python_setup_py'
[0.152s] Level 1:colcon.colcon_core.package_identification:_identify(src/SLAM/LIO-SAM) by extensions ['ignore', 'ignore_ament_install']
[0.152s] Level 1:colcon.colcon_core.package_identification:_identify(src/SLAM/LIO-SAM) by extension 'ignore'
[0.152s] Level 1:colcon.colcon_core.package_identification:_identify(src/SLAM/LIO-SAM) by extension 'ignore_ament_install'
[0.152s] Level 1:colcon.colcon_core.package_identification:_identify(src/SLAM/LIO-SAM) by extensions ['colcon_pkg']
[0.152s] Level 1:colcon.colcon_core.package_identification:_identify(src/SLAM/LIO-SAM) by extension 'colcon_pkg'
[0.152s] Level 1:colcon.colcon_core.package_identification:_identify(src/SLAM/LIO-SAM) by extensions ['colcon_meta']
[0.152s] Level 1:colcon.colcon_core.package_identification:_identify(src/SLAM/LIO-SAM) by extension 'colcon_meta'
[0.152s] Level 1:colcon.colcon_core.package_identification:_identify(src/SLAM/LIO-SAM) by extensions ['ros']
[0.152s] Level 1:colcon.colcon_core.package_identification:_identify(src/SLAM/LIO-SAM) by extension 'ros'
[0.152s] Level 1:colcon.colcon_core.package_identification:_identify(src/SLAM/LIO-SAM) by extensions ['cmake', 'python']
[0.152s] Level 1:colcon.colcon_core.package_identification:_identify(src/SLAM/LIO-SAM) by extension 'cmake'
[0.152s] Level 1:colcon.colcon_core.package_identification:_identify(src/SLAM/LIO-SAM) by extension 'python'
[0.152s] Level 1:colcon.colcon_core.package_identification:_identify(src/SLAM/LIO-SAM) by extensions ['python_setup_py']
[0.152s] Level 1:colcon.colcon_core.package_identification:_identify(src/SLAM/LIO-SAM) by extension 'python_setup_py'
[0.152s] Level 1:colcon.colcon_core.package_identification:_identify(src/SLAM/LIO-SAM/dss_lio_sam) by extensions ['ignore', 'ignore_ament_install']
[0.152s] Level 1:colcon.colcon_core.package_identification:_identify(src/SLAM/LIO-SAM/dss_lio_sam) by extension 'ignore'
[0.152s] Level 1:colcon.colcon_core.package_identification:_identify(src/SLAM/LIO-SAM/dss_lio_sam) by extension 'ignore_ament_install'
[0.152s] Level 1:colcon.colcon_core.package_identification:_identify(src/SLAM/LIO-SAM/dss_lio_sam) by extensions ['colcon_pkg']
[0.152s] Level 1:colcon.colcon_core.package_identification:_identify(src/SLAM/LIO-SAM/dss_lio_sam) by extension 'colcon_pkg'
[0.152s] Level 1:colcon.colcon_core.package_identification:_identify(src/SLAM/LIO-SAM/dss_lio_sam) by extensions ['colcon_meta']
[0.152s] Level 1:colcon.colcon_core.package_identification:_identify(src/SLAM/LIO-SAM/dss_lio_sam) by extension 'colcon_meta'
[0.152s] Level 1:colcon.colcon_core.package_identification:_identify(src/SLAM/LIO-SAM/dss_lio_sam) by extensions ['ros']
[0.152s] Level 1:colcon.colcon_core.package_identification:_identify(src/SLAM/LIO-SAM/dss_lio_sam) by extension 'ros'
[0.154s] DEBUG:colcon.colcon_core.package_identification:Package 'src/SLAM/LIO-SAM/dss_lio_sam' with type 'ros.ament_cmake' and name 'dss_lio_sam'
[0.154s] Level 1:colcon.colcon_core.package_identification:_identify(src/SLAM/LIO-SAM/lio_sam_ros2) by extensions ['ignore', 'ignore_ament_install']
[0.154s] Level 1:colcon.colcon_core.package_identification:_identify(src/SLAM/LIO-SAM/lio_sam_ros2) by extension 'ignore'
[0.154s] Level 1:colcon.colcon_core.package_identification:_identify(src/SLAM/LIO-SAM/lio_sam_ros2) by extension 'ignore_ament_install'
[0.154s] Level 1:colcon.colcon_core.package_identification:_identify(src/SLAM/LIO-SAM/lio_sam_ros2) by extensions ['colcon_pkg']
[0.154s] Level 1:colcon.colcon_core.package_identification:_identify(src/SLAM/LIO-SAM/lio_sam_ros2) by extension 'colcon_pkg'
[0.154s] Level 1:colcon.colcon_core.package_identification:_identify(src/SLAM/LIO-SAM/lio_sam_ros2) by extensions ['colcon_meta']
[0.154s] Level 1:colcon.colcon_core.package_identification:_identify(src/SLAM/LIO-SAM/lio_sam_ros2) by extension 'colcon_meta'
[0.154s] Level 1:colcon.colcon_core.package_identification:_identify(src/SLAM/LIO-SAM/lio_sam_ros2) by extensions ['ros']
[0.154s] Level 1:colcon.colcon_core.package_identification:_identify(src/SLAM/LIO-SAM/lio_sam_ros2) by extension 'ros'
[0.154s] DEBUG:colcon.colcon_core.package_identification:Package 'src/SLAM/LIO-SAM/lio_sam_ros2' with type 'ros.ament_cmake' and name 'lio_sam'
[0.154s] Level 1:colcon.colcon_core.package_identification:_identify(src/SLAM/LIO-SAM/livox_lio_sam) by extensions ['ignore', 'ignore_ament_install']
[0.154s] Level 1:colcon.colcon_core.package_identification:_identify(src/SLAM/LIO-SAM/livox_lio_sam) by extension 'ignore'
[0.154s] Level 1:colcon.colcon_core.package_identification:_identify(src/SLAM/LIO-SAM/livox_lio_sam) by extension 'ignore_ament_install'
[0.154s] Level 1:colcon.colcon_core.package_identification:_identify(src/SLAM/LIO-SAM/livox_lio_sam) by extensions ['colcon_pkg']
[0.155s] Level 1:colcon.colcon_core.package_identification:_identify(src/SLAM/LIO-SAM/livox_lio_sam) by extension 'colcon_pkg'
[0.155s] Level 1:colcon.colcon_core.package_identification:_identify(src/SLAM/LIO-SAM/livox_lio_sam) by extensions ['colcon_meta']
[0.155s] Level 1:colcon.colcon_core.package_identification:_identify(src/SLAM/LIO-SAM/livox_lio_sam) by extension 'colcon_meta'
[0.155s] Level 1:colcon.colcon_core.package_identification:_identify(src/SLAM/LIO-SAM/livox_lio_sam) by extensions ['ros']
[0.155s] Level 1:colcon.colcon_core.package_identification:_identify(src/SLAM/LIO-SAM/livox_lio_sam) by extension 'ros'
[0.155s] DEBUG:colcon.colcon_core.package_identification:Package 'src/SLAM/LIO-SAM/livox_lio_sam' with type 'ros.ament_cmake' and name 'livox_lio_sam'
[0.155s] Level 1:colcon.colcon_core.package_identification:_identify(src/Tool) by extensions ['ignore', 'ignore_ament_install']
[0.155s] Level 1:colcon.colcon_core.package_identification:_identify(src/Tool) by extension 'ignore'
[0.155s] Level 1:colcon.colcon_core.package_identification:_identify(src/Tool) by extension 'ignore_ament_install'
[0.155s] Level 1:colcon.colcon_core.package_identification:_identify(src/Tool) by extensions ['colcon_pkg']
[0.155s] Level 1:colcon.colcon_core.package_identification:_identify(src/Tool) by extension 'colcon_pkg'
[0.155s] Level 1:colcon.colcon_core.package_identification:_identify(src/Tool) by extensions ['colcon_meta']
[0.155s] Level 1:colcon.colcon_core.package_identification:_identify(src/Tool) by extension 'colcon_meta'
[0.155s] Level 1:colcon.colcon_core.package_identification:_identify(src/Tool) by extensions ['ros']
[0.155s] Level 1:colcon.colcon_core.package_identification:_identify(src/Tool) by extension 'ros'
[0.155s] Level 1:colcon.colcon_core.package_identification:_identify(src/Tool) by extensions ['cmake', 'python']
[0.155s] Level 1:colcon.colcon_core.package_identification:_identify(src/Tool) by extension 'cmake'
[0.155s] Level 1:colcon.colcon_core.package_identification:_identify(src/Tool) by extension 'python'
[0.155s] Level 1:colcon.colcon_core.package_identification:_identify(src/Tool) by extensions ['python_setup_py']
[0.155s] Level 1:colcon.colcon_core.package_identification:_identify(src/Tool) by extension 'python_setup_py'
[0.155s] Level 1:colcon.colcon_core.package_identification:_identify(src/Tool/bag_replay_tool_ros2) by extensions ['ignore', 'ignore_ament_install']
[0.155s] Level 1:colcon.colcon_core.package_identification:_identify(src/Tool/bag_replay_tool_ros2) by extension 'ignore'
[0.155s] Level 1:colcon.colcon_core.package_identification:_identify(src/Tool/bag_replay_tool_ros2) by extension 'ignore_ament_install'
[0.155s] Level 1:colcon.colcon_core.package_identification:_identify(src/Tool/bag_replay_tool_ros2) by extensions ['colcon_pkg']
[0.155s] Level 1:colcon.colcon_core.package_identification:_identify(src/Tool/bag_replay_tool_ros2) by extension 'colcon_pkg'
[0.155s] Level 1:colcon.colcon_core.package_identification:_identify(src/Tool/bag_replay_tool_ros2) by extensions ['colcon_meta']
[0.155s] Level 1:colcon.colcon_core.package_identification:_identify(src/Tool/bag_replay_tool_ros2) by extension 'colcon_meta'
[0.155s] Level 1:colcon.colcon_core.package_identification:_identify(src/Tool/bag_replay_tool_ros2) by extensions ['ros']
[0.155s] Level 1:colcon.colcon_core.package_identification:_identify(src/Tool/bag_replay_tool_ros2) by extension 'ros'
[0.156s] DEBUG:colcon.colcon_core.package_identification:Package 'src/Tool/bag_replay_tool_ros2' with type 'ros.ament_python' and name 'bag_replay_tool_ros2'
[0.156s] Level 1:colcon.colcon_core.package_identification:_identify(src/Tool/slam_launch_manager) by extensions ['ignore', 'ignore_ament_install']
[0.156s] Level 1:colcon.colcon_core.package_identification:_identify(src/Tool/slam_launch_manager) by extension 'ignore'
[0.156s] Level 1:colcon.colcon_core.package_identification:_identify(src/Tool/slam_launch_manager) by extension 'ignore_ament_install'
[0.156s] Level 1:colcon.colcon_core.package_identification:_identify(src/Tool/slam_launch_manager) by extensions ['colcon_pkg']
[0.156s] Level 1:colcon.colcon_core.package_identification:_identify(src/Tool/slam_launch_manager) by extension 'colcon_pkg'
[0.156s] Level 1:colcon.colcon_core.package_identification:_identify(src/Tool/slam_launch_manager) by extensions ['colcon_meta']
[0.156s] Level 1:colcon.colcon_core.package_identification:_identify(src/Tool/slam_launch_manager) by extension 'colcon_meta'
[0.156s] Level 1:colcon.colcon_core.package_identification:_identify(src/Tool/slam_launch_manager) by extensions ['ros']
[0.156s] Level 1:colcon.colcon_core.package_identification:_identify(src/Tool/slam_launch_manager) by extension 'ros'
[0.156s] DEBUG:colcon.colcon_core.package_identification:Package 'src/Tool/slam_launch_manager' with type 'ros.ament_python' and name 'slam_launch_manager'
[0.156s] Level 1:colcon.colcon_core.package_identification:_identify(src/dss_ros2_bridge) by extensions ['ignore', 'ignore_ament_install']
[0.156s] Level 1:colcon.colcon_core.package_identification:_identify(src/dss_ros2_bridge) by extension 'ignore'
[0.156s] Level 1:colcon.colcon_core.package_identification:_identify(src/dss_ros2_bridge) by extension 'ignore_ament_install'
[0.156s] Level 1:colcon.colcon_core.package_identification:_identify(src/dss_ros2_bridge) by extensions ['colcon_pkg']
[0.156s] Level 1:colcon.colcon_core.package_identification:_identify(src/dss_ros2_bridge) by extension 'colcon_pkg'
[0.156s] Level 1:colcon.colcon_core.package_identification:_identify(src/dss_ros2_bridge) by extensions ['colcon_meta']
[0.156s] Level 1:colcon.colcon_core.package_identification:_identify(src/dss_ros2_bridge) by extension 'colcon_meta'
[0.156s] Level 1:colcon.colcon_core.package_identification:_identify(src/dss_ros2_bridge) by extensions ['ros']
[0.156s] Level 1:colcon.colcon_core.package_identification:_identify(src/dss_ros2_bridge) by extension 'ros'
[0.156s] Level 1:colcon.colcon_core.package_identification:_identify(src/dss_ros2_bridge) by extensions ['cmake', 'python']
[0.156s] Level 1:colcon.colcon_core.package_identification:_identify(src/dss_ros2_bridge) by extension 'cmake'
[0.156s] Level 1:colcon.colcon_core.package_identification:_identify(src/dss_ros2_bridge) by extension 'python'
[0.156s] Level 1:colcon.colcon_core.package_identification:_identify(src/dss_ros2_bridge) by extensions ['python_setup_py']
[0.157s] Level 1:colcon.colcon_core.package_identification:_identify(src/dss_ros2_bridge) by extension 'python_setup_py'
[0.157s] Level 1:colcon.colcon_core.package_identification:_identify(src/dss_ros2_bridge/dss_ros2_bridge) by extensions ['ignore', 'ignore_ament_install']
[0.157s] Level 1:colcon.colcon_core.package_identification:_identify(src/dss_ros2_bridge/dss_ros2_bridge) by extension 'ignore'
[0.157s] Level 1:colcon.colcon_core.package_identification:_identify(src/dss_ros2_bridge/dss_ros2_bridge) by extension 'ignore_ament_install'
[0.157s] Level 1:colcon.colcon_core.package_identification:_identify(src/dss_ros2_bridge/dss_ros2_bridge) by extensions ['colcon_pkg']
[0.157s] Level 1:colcon.colcon_core.package_identification:_identify(src/dss_ros2_bridge/dss_ros2_bridge) by extension 'colcon_pkg'
[0.157s] Level 1:colcon.colcon_core.package_identification:_identify(src/dss_ros2_bridge/dss_ros2_bridge) by extensions ['colcon_meta']
[0.157s] Level 1:colcon.colcon_core.package_identification:_identify(src/dss_ros2_bridge/dss_ros2_bridge) by extension 'colcon_meta'
[0.157s] Level 1:colcon.colcon_core.package_identification:_identify(src/dss_ros2_bridge/dss_ros2_bridge) by extensions ['ros']
[0.157s] Level 1:colcon.colcon_core.package_identification:_identify(src/dss_ros2_bridge/dss_ros2_bridge) by extension 'ros'
[0.157s] DEBUG:colcon.colcon_core.package_identification:Package 'src/dss_ros2_bridge/dss_ros2_bridge' with type 'ros.ament_cmake' and name 'dss_ros2_bridge'
[0.157s] Level 1:colcon.colcon_core.package_identification:_identify(src/dss_ros2_bridge/proto) by extensions ['ignore', 'ignore_ament_install']
[0.157s] Level 1:colcon.colcon_core.package_identification:_identify(src/dss_ros2_bridge/proto) by extension 'ignore'
[0.157s] Level 1:colcon.colcon_core.package_identification:_identify(src/dss_ros2_bridge/proto) by extension 'ignore_ament_install'
[0.157s] Level 1:colcon.colcon_core.package_identification:_identify(src/dss_ros2_bridge/proto) by extensions ['colcon_pkg']
[0.157s] Level 1:colcon.colcon_core.package_identification:_identify(src/dss_ros2_bridge/proto) by extension 'colcon_pkg'
[0.157s] Level 1:colcon.colcon_core.package_identification:_identify(src/dss_ros2_bridge/proto) by extensions ['colcon_meta']
[0.157s] Level 1:colcon.colcon_core.package_identification:_identify(src/dss_ros2_bridge/proto) by extension 'colcon_meta'
[0.157s] Level 1:colcon.colcon_core.package_identification:_identify(src/dss_ros2_bridge/proto) by extensions ['ros']
[0.157s] Level 1:colcon.colcon_core.package_identification:_identify(src/dss_ros2_bridge/proto) by extension 'ros'
[0.157s] Level 1:colcon.colcon_core.package_identification:_identify(src/dss_ros2_bridge/proto) by extensions ['cmake', 'python']
[0.157s] Level 1:colcon.colcon_core.package_identification:_identify(src/dss_ros2_bridge/proto) by extension 'cmake'
[0.157s] Level 1:colcon.colcon_core.package_identification:_identify(src/dss_ros2_bridge/proto) by extension 'python'
[0.157s] Level 1:colcon.colcon_core.package_identification:_identify(src/dss_ros2_bridge/proto) by extensions ['python_setup_py']
[0.157s] Level 1:colcon.colcon_core.package_identification:_identify(src/dss_ros2_bridge/proto) by extension 'python_setup_py'
[0.157s] Level 1:colcon.colcon_core.package_identification:_identify(src/dss_ros2_bridge/proto/grpc) by extensions ['ignore', 'ignore_ament_install']
[0.157s] Level 1:colcon.colcon_core.package_identification:_identify(src/dss_ros2_bridge/proto/grpc) by extension 'ignore'
[0.157s] Level 1:colcon.colcon_core.package_identification:_identify(src/dss_ros2_bridge/proto/grpc) by extension 'ignore_ament_install'
[0.157s] Level 1:colcon.colcon_core.package_identification:_identify(src/dss_ros2_bridge/proto/grpc) by extensions ['colcon_pkg']
[0.157s] Level 1:colcon.colcon_core.package_identification:_identify(src/dss_ros2_bridge/proto/grpc) by extension 'colcon_pkg'
[0.157s] Level 1:colcon.colcon_core.package_identification:_identify(src/dss_ros2_bridge/proto/grpc) by extensions ['colcon_meta']
[0.157s] Level 1:colcon.colcon_core.package_identification:_identify(src/dss_ros2_bridge/proto/grpc) by extension 'colcon_meta'
[0.157s] Level 1:colcon.colcon_core.package_identification:_identify(src/dss_ros2_bridge/proto/grpc) by extensions ['ros']
[0.157s] Level 1:colcon.colcon_core.package_identification:_identify(src/dss_ros2_bridge/proto/grpc) by extension 'ros'
[0.158s] Level 1:colcon.colcon_core.package_identification:_identify(src/dss_ros2_bridge/proto/grpc) by extensions ['cmake', 'python']
[0.158s] Level 1:colcon.colcon_core.package_identification:_identify(src/dss_ros2_bridge/proto/grpc) by extension 'cmake'
[0.158s] Level 1:colcon.colcon_core.package_identification:_identify(src/dss_ros2_bridge/proto/grpc) by extension 'python'
[0.158s] Level 1:colcon.colcon_core.package_identification:_identify(src/dss_ros2_bridge/proto/grpc) by extensions ['python_setup_py']
[0.158s] Level 1:colcon.colcon_core.package_identification:_identify(src/dss_ros2_bridge/proto/grpc) by extension 'python_setup_py'
[0.158s] Level 1:colcon.colcon_core.package_identification:_identify(src/dss_ros2_bridge/proto/grpc/grpc) by extensions ['ignore', 'ignore_ament_install']
[0.158s] Level 1:colcon.colcon_core.package_identification:_identify(src/dss_ros2_bridge/proto/grpc/grpc) by extension 'ignore'
[0.158s] Level 1:colcon.colcon_core.package_identification:_identify(src/dss_ros2_bridge/proto/grpc/grpc) by extension 'ignore_ament_install'
[0.158s] Level 1:colcon.colcon_core.package_identification:_identify(src/dss_ros2_bridge/proto/grpc/grpc) by extensions ['colcon_pkg']
[0.158s] Level 1:colcon.colcon_core.package_identification:_identify(src/dss_ros2_bridge/proto/grpc/grpc) by extension 'colcon_pkg'
[0.158s] Level 1:colcon.colcon_core.package_identification:_identify(src/dss_ros2_bridge/proto/grpc/grpc) by extensions ['colcon_meta']
[0.158s] Level 1:colcon.colcon_core.package_identification:_identify(src/dss_ros2_bridge/proto/grpc/grpc) by extension 'colcon_meta'
[0.158s] Level 1:colcon.colcon_core.package_identification:_identify(src/dss_ros2_bridge/proto/grpc/grpc) by extensions ['ros']
[0.158s] Level 1:colcon.colcon_core.package_identification:_identify(src/dss_ros2_bridge/proto/grpc/grpc) by extension 'ros'
[0.158s] Level 1:colcon.colcon_core.package_identification:_identify(src/dss_ros2_bridge/proto/grpc/grpc) by extensions ['cmake', 'python']
[0.158s] Level 1:colcon.colcon_core.package_identification:_identify(src/dss_ros2_bridge/proto/grpc/grpc) by extension 'cmake'
[0.158s] Level 1:colcon.colcon_core.package_identification:_identify(src/dss_ros2_bridge/proto/grpc/grpc) by extension 'python'
[0.158s] Level 1:colcon.colcon_core.package_identification:_identify(src/dss_ros2_bridge/proto/grpc/grpc) by extensions ['python_setup_py']
[0.158s] Level 1:colcon.colcon_core.package_identification:_identify(src/dss_ros2_bridge/proto/grpc/grpc) by extension 'python_setup_py'
[0.158s] Level 1:colcon.colcon_core.package_identification:_identify(src/dss_ros2_bridge/proto/grpc/protobuf) by extensions ['ignore', 'ignore_ament_install']
[0.158s] Level 1:colcon.colcon_core.package_identification:_identify(src/dss_ros2_bridge/proto/grpc/protobuf) by extension 'ignore'
[0.158s] Level 1:colcon.colcon_core.package_identification:_identify(src/dss_ros2_bridge/proto/grpc/protobuf) by extension 'ignore_ament_install'
[0.158s] Level 1:colcon.colcon_core.package_identification:_identify(src/dss_ros2_bridge/proto/grpc/protobuf) by extensions ['colcon_pkg']
[0.158s] Level 1:colcon.colcon_core.package_identification:_identify(src/dss_ros2_bridge/proto/grpc/protobuf) by extension 'colcon_pkg'
[0.158s] Level 1:colcon.colcon_core.package_identification:_identify(src/dss_ros2_bridge/proto/grpc/protobuf) by extensions ['colcon_meta']
[0.158s] Level 1:colcon.colcon_core.package_identification:_identify(src/dss_ros2_bridge/proto/grpc/protobuf) by extension 'colcon_meta'
[0.158s] Level 1:colcon.colcon_core.package_identification:_identify(src/dss_ros2_bridge/proto/grpc/protobuf) by extensions ['ros']
[0.158s] Level 1:colcon.colcon_core.package_identification:_identify(src/dss_ros2_bridge/proto/grpc/protobuf) by extension 'ros'
[0.158s] Level 1:colcon.colcon_core.package_identification:_identify(src/dss_ros2_bridge/proto/grpc/protobuf) by extensions ['cmake', 'python']
[0.158s] Level 1:colcon.colcon_core.package_identification:_identify(src/dss_ros2_bridge/proto/grpc/protobuf) by extension 'cmake'
[0.158s] Level 1:colcon.colcon_core.package_identification:_identify(src/dss_ros2_bridge/proto/grpc/protobuf) by extension 'python'
[0.158s] Level 1:colcon.colcon_core.package_identification:_identify(src/dss_ros2_bridge/proto/grpc/protobuf) by extensions ['python_setup_py']
[0.158s] Level 1:colcon.colcon_core.package_identification:_identify(src/dss_ros2_bridge/proto/grpc/protobuf) by extension 'python_setup_py'
[0.158s] Level 1:colcon.colcon_core.package_identification:_identify(src/dss_ros2_bridge/proto/grpc/upb) by extensions ['ignore', 'ignore_ament_install']
[0.158s] Level 1:colcon.colcon_core.package_identification:_identify(src/dss_ros2_bridge/proto/grpc/upb) by extension 'ignore'
[0.158s] Level 1:colcon.colcon_core.package_identification:_identify(src/dss_ros2_bridge/proto/grpc/upb) by extension 'ignore_ament_install'
[0.158s] Level 1:colcon.colcon_core.package_identification:_identify(src/dss_ros2_bridge/proto/grpc/upb) by extensions ['colcon_pkg']
[0.158s] Level 1:colcon.colcon_core.package_identification:_identify(src/dss_ros2_bridge/proto/grpc/upb) by extension 'colcon_pkg'
[0.158s] Level 1:colcon.colcon_core.package_identification:_identify(src/dss_ros2_bridge/proto/grpc/upb) by extensions ['colcon_meta']
[0.158s] Level 1:colcon.colcon_core.package_identification:_identify(src/dss_ros2_bridge/proto/grpc/upb) by extension 'colcon_meta'
[0.158s] Level 1:colcon.colcon_core.package_identification:_identify(src/dss_ros2_bridge/proto/grpc/upb) by extensions ['ros']
[0.158s] Level 1:colcon.colcon_core.package_identification:_identify(src/dss_ros2_bridge/proto/grpc/upb) by extension 'ros'
[0.158s] Level 1:colcon.colcon_core.package_identification:_identify(src/dss_ros2_bridge/proto/grpc/upb) by extensions ['cmake', 'python']
[0.158s] Level 1:colcon.colcon_core.package_identification:_identify(src/dss_ros2_bridge/proto/grpc/upb) by extension 'cmake'
[0.158s] Level 1:colcon.colcon_core.package_identification:_identify(src/dss_ros2_bridge/proto/grpc/upb) by extension 'python'
[0.158s] Level 1:colcon.colcon_core.package_identification:_identify(src/dss_ros2_bridge/proto/grpc/upb) by extensions ['python_setup_py']
[0.158s] Level 1:colcon.colcon_core.package_identification:_identify(src/dss_ros2_bridge/proto/grpc/upb) by extension 'python_setup_py'
[0.158s] Level 1:colcon.colcon_core.package_identification:_identify(src/gtsam) by extensions ['ignore', 'ignore_ament_install']
[0.158s] Level 1:colcon.colcon_core.package_identification:_identify(src/gtsam) by extension 'ignore'
[0.158s] Level 1:colcon.colcon_core.package_identification:_identify(src/gtsam) ignored
[0.159s] Level 1:colcon.colcon_core.package_discovery:discover_packages(recursive) using defaults
[0.159s] Level 1:colcon.colcon_core.package_discovery:discover_packages(ignore) discover
[0.159s] Level 1:colcon.colcon_core.package_discovery:discover_packages(ignore) using defaults
[0.159s] Level 1:colcon.colcon_core.package_discovery:discover_packages(path) discover
[0.159s] Level 1:colcon.colcon_core.package_discovery:discover_packages(path) using defaults
[0.175s] INFO:colcon.colcon_core.package_selection:Skipping not selected package 'bag_replay_tool_ros2' in 'src/Tool/bag_replay_tool_ros2'
[0.175s] INFO:colcon.colcon_core.package_selection:Skipping not selected package 'dss_lio_sam' in 'src/SLAM/LIO-SAM/dss_lio_sam'
[0.175s] INFO:colcon.colcon_core.package_selection:Skipping not selected package 'dss_ros2_bridge' in 'src/dss_ros2_bridge/dss_ros2_bridge'
[0.175s] INFO:colcon.colcon_core.package_selection:Skipping not selected package 'lio_sam' in 'src/SLAM/LIO-SAM/lio_sam_ros2'
[0.175s] INFO:colcon.colcon_core.package_selection:Skipping not selected package 'slam_launch_manager' in 'src/Tool/slam_launch_manager'
[0.176s] Level 1:colcon.colcon_core.package_discovery:discover_packages(prefix_path) check parameters
[0.176s] Level 1:colcon.colcon_core.package_discovery:discover_packages(prefix_path) discover
[0.176s] WARNING:colcon.colcon_ros.prefix_path.ament:The path '/home/tukorea/ros2_ws/install/slam_launch_manager' in the environment variable AMENT_PREFIX_PATH doesn't exist
[0.176s] WARNING:colcon.colcon_ros.prefix_path.catkin:The path '/home/tukorea/ros2_ws/install/gtsam' in the environment variable CMAKE_PREFIX_PATH doesn't exist
[0.176s] DEBUG:colcon.colcon_installed_package_information.package_discovery:Found 5 installed packages in /home/tukorea/ros2_ws/install
[0.177s] DEBUG:colcon.colcon_installed_package_information.package_discovery:Found 295 installed packages in /opt/ros/humble
[0.178s] Level 1:colcon.colcon_core.package_discovery:discover_packages(prefix_path) using defaults
[0.193s] Level 5:colcon.colcon_core.verb:set package 'livox_lio_sam' build argument 'cmake_args' from command line to '['-DCMAKE_BUILD_TYPE=Release', '-DGTSAM_DIR=/usr/local/lib/cmake/GTSAM']'
[0.193s] Level 5:colcon.colcon_core.verb:set package 'livox_lio_sam' build argument 'cmake_target' from command line to 'None'
[0.193s] Level 5:colcon.colcon_core.verb:set package 'livox_lio_sam' build argument 'cmake_target_skip_unavailable' from command line to 'False'
[0.193s] Level 5:colcon.colcon_core.verb:set package 'livox_lio_sam' build argument 'cmake_clean_cache' from command line to 'False'
[0.193s] Level 5:colcon.colcon_core.verb:set package 'livox_lio_sam' build argument 'cmake_clean_first' from command line to 'False'
[0.193s] Level 5:colcon.colcon_core.verb:set package 'livox_lio_sam' build argument 'cmake_force_configure' from command line to 'False'
[0.193s] Level 5:colcon.colcon_core.verb:set package 'livox_lio_sam' build argument 'ament_cmake_args' from command line to 'None'
[0.193s] Level 5:colcon.colcon_core.verb:set package 'livox_lio_sam' build argument 'catkin_cmake_args' from command line to 'None'
[0.193s] Level 5:colcon.colcon_core.verb:set package 'livox_lio_sam' build argument 'catkin_skip_building_tests' from command line to 'False'
[0.193s] DEBUG:colcon.colcon_core.verb:Building package 'livox_lio_sam' with the following arguments: {'ament_cmake_args': None, 'build_base': '/home/tukorea/ros2_ws/build/livox_lio_sam', 'catkin_cmake_args': None, 'catkin_skip_building_tests': False, 'cmake_args': ['-DCMAKE_BUILD_TYPE=Release', '-DGTSAM_DIR=/usr/local/lib/cmake/GTSAM'], 'cmake_clean_cache': False, 'cmake_clean_first': False, 'cmake_force_configure': False, 'cmake_target': None, 'cmake_target_skip_unavailable': False, 'install_base': '/home/tukorea/ros2_ws/install/livox_lio_sam', 'merge_install': False, 'path': '/home/tukorea/ros2_ws/src/SLAM/LIO-SAM/livox_lio_sam', 'symlink_install': False, 'test_result_base': None}
[0.193s] INFO:colcon.colcon_core.executor:Executing jobs using 'parallel' executor
[0.194s] DEBUG:colcon.colcon_parallel_executor.executor.parallel:run_until_complete
[0.194s] INFO:colcon.colcon_ros.task.ament_cmake.build:Building ROS package in '/home/tukorea/ros2_ws/src/SLAM/LIO-SAM/livox_lio_sam' with build type 'ament_cmake'
[0.194s] INFO:colcon.colcon_cmake.task.cmake.build:Building CMake package in '/home/tukorea/ros2_ws/src/SLAM/LIO-SAM/livox_lio_sam'
[0.195s] INFO:colcon.colcon_core.plugin_system:Skipping extension 'colcon_core.shell.bat': Not used on non-Windows systems
[0.195s] INFO:colcon.colcon_core.shell:Skip shell extension 'powershell' for command environment: Not usable outside of PowerShell
[0.195s] DEBUG:colcon.colcon_core.shell:Skip shell extension 'dsv' for command environment
[0.202s] DEBUG:colcon.colcon_core.event_handler.log_command:Invoking command in '/home/tukorea/ros2_ws/build/livox_lio_sam': CMAKE_PREFIX_PATH=${CMAKE_PREFIX_PATH}:/home/tukorea/ros2_ws/install/slam_launch_manager:/home/tukorea/ros2_ws/install/bag_replay_tool_ros2:/opt/ros/humble /usr/bin/cmake --build /home/tukorea/ros2_ws/build/livox_lio_sam -- -j20 -l20
[24.476s] DEBUG:colcon.colcon_core.event_handler.log_command:Invoked command in '/home/tukorea/ros2_ws/build/livox_lio_sam' returned '0': CMAKE_PREFIX_PATH=${CMAKE_PREFIX_PATH}:/home/tukorea/ros2_ws/install/slam_launch_manager:/home/tukorea/ros2_ws/install/bag_replay_tool_ros2:/opt/ros/humble /usr/bin/cmake --build /home/tukorea/ros2_ws/build/livox_lio_sam -- -j20 -l20
[24.482s] DEBUG:colcon.colcon_core.event_handler.log_command:Invoking command in '/home/tukorea/ros2_ws/build/livox_lio_sam': CMAKE_PREFIX_PATH=${CMAKE_PREFIX_PATH}:/home/tukorea/ros2_ws/install/slam_launch_manager:/home/tukorea/ros2_ws/install/bag_replay_tool_ros2:/opt/ros/humble /usr/bin/cmake --install /home/tukorea/ros2_ws/build/livox_lio_sam
[24.607s] Level 1:colcon.colcon_core.environment:create_environment_scripts_only(livox_lio_sam)
[24.607s] DEBUG:colcon.colcon_core.event_handler.log_command:Invoked command in '/home/tukorea/ros2_ws/build/livox_lio_sam' returned '0': CMAKE_PREFIX_PATH=${CMAKE_PREFIX_PATH}:/home/tukorea/ros2_ws/install/slam_launch_manager:/home/tukorea/ros2_ws/install/bag_replay_tool_ros2:/opt/ros/humble /usr/bin/cmake --install /home/tukorea/ros2_ws/build/livox_lio_sam
[24.609s] Level 1:colcon.colcon_core.environment:checking '/home/tukorea/ros2_ws/install/livox_lio_sam' for CMake module files
[24.609s] Level 1:colcon.colcon_core.environment:checking '/home/tukorea/ros2_ws/install/livox_lio_sam' for CMake config files
[24.609s] Level 1:colcon.colcon_core.shell:create_environment_hook('livox_lio_sam', 'cmake_prefix_path')
[24.609s] INFO:colcon.colcon_core.shell:Creating environment hook '/home/tukorea/ros2_ws/install/livox_lio_sam/share/livox_lio_sam/hook/cmake_prefix_path.ps1'
[24.610s] INFO:colcon.colcon_core.shell:Creating environment descriptor '/home/tukorea/ros2_ws/install/livox_lio_sam/share/livox_lio_sam/hook/cmake_prefix_path.dsv'
[24.610s] INFO:colcon.colcon_core.shell:Creating environment hook '/home/tukorea/ros2_ws/install/livox_lio_sam/share/livox_lio_sam/hook/cmake_prefix_path.sh'
[24.611s] Level 1:colcon.colcon_core.environment:checking '/home/tukorea/ros2_ws/install/livox_lio_sam/lib'
[24.611s] Level 1:colcon.colcon_core.shell:create_environment_hook('livox_lio_sam', 'ld_library_path_lib')
[24.611s] INFO:colcon.colcon_core.shell:Creating environment hook '/home/tukorea/ros2_ws/install/livox_lio_sam/share/livox_lio_sam/hook/ld_library_path_lib.ps1'
[24.611s] INFO:colcon.colcon_core.shell:Creating environment descriptor '/home/tukorea/ros2_ws/install/livox_lio_sam/share/livox_lio_sam/hook/ld_library_path_lib.dsv'
[24.611s] INFO:colcon.colcon_core.shell:Creating environment hook '/home/tukorea/ros2_ws/install/livox_lio_sam/share/livox_lio_sam/hook/ld_library_path_lib.sh'
[24.611s] Level 1:colcon.colcon_core.environment:checking '/home/tukorea/ros2_ws/install/livox_lio_sam/bin'
[24.611s] Level 1:colcon.colcon_core.environment:checking '/home/tukorea/ros2_ws/install/livox_lio_sam/lib/pkgconfig/livox_lio_sam.pc'
[24.611s] Level 1:colcon.colcon_core.environment:checking '/home/tukorea/ros2_ws/install/livox_lio_sam/lib/python3.10/site-packages'
[24.612s] Level 1:colcon.colcon_core.environment:checking '/home/tukorea/ros2_ws/install/livox_lio_sam/bin'
[24.612s] INFO:colcon.colcon_core.shell:Creating package script '/home/tukorea/ros2_ws/install/livox_lio_sam/share/livox_lio_sam/package.ps1'
[24.612s] INFO:colcon.colcon_core.shell:Creating package descriptor '/home/tukorea/ros2_ws/install/livox_lio_sam/share/livox_lio_sam/package.dsv'
[24.613s] INFO:colcon.colcon_core.shell:Creating package script '/home/tukorea/ros2_ws/install/livox_lio_sam/share/livox_lio_sam/package.sh'
[24.613s] INFO:colcon.colcon_core.shell:Creating package script '/home/tukorea/ros2_ws/install/livox_lio_sam/share/livox_lio_sam/package.bash'
[24.614s] INFO:colcon.colcon_core.shell:Creating package script '/home/tukorea/ros2_ws/install/livox_lio_sam/share/livox_lio_sam/package.zsh'
[24.614s] Level 1:colcon.colcon_core.environment:create_file_with_runtime_dependencies(/home/tukorea/ros2_ws/install/livox_lio_sam/share/colcon-core/packages/livox_lio_sam)
[24.614s] Level 1:colcon.colcon_core.environment:create_environment_scripts_only(livox_lio_sam)
[24.615s] Level 1:colcon.colcon_core.environment:checking '/home/tukorea/ros2_ws/install/livox_lio_sam' for CMake module files
[24.615s] Level 1:colcon.colcon_core.environment:checking '/home/tukorea/ros2_ws/install/livox_lio_sam' for CMake config files
[24.615s] Level 1:colcon.colcon_core.shell:create_environment_hook('livox_lio_sam', 'cmake_prefix_path')
[24.615s] INFO:colcon.colcon_core.shell:Creating environment hook '/home/tukorea/ros2_ws/install/livox_lio_sam/share/livox_lio_sam/hook/cmake_prefix_path.ps1'
[24.616s] INFO:colcon.colcon_core.shell:Creating environment descriptor '/home/tukorea/ros2_ws/install/livox_lio_sam/share/livox_lio_sam/hook/cmake_prefix_path.dsv'
[24.616s] INFO:colcon.colcon_core.shell:Creating environment hook '/home/tukorea/ros2_ws/install/livox_lio_sam/share/livox_lio_sam/hook/cmake_prefix_path.sh'
[24.616s] Level 1:colcon.colcon_core.environment:checking '/home/tukorea/ros2_ws/install/livox_lio_sam/lib'
[24.616s] Level 1:colcon.colcon_core.shell:create_environment_hook('livox_lio_sam', 'ld_library_path_lib')
[24.616s] INFO:colcon.colcon_core.shell:Creating environment hook '/home/tukorea/ros2_ws/install/livox_lio_sam/share/livox_lio_sam/hook/ld_library_path_lib.ps1'
[24.617s] INFO:colcon.colcon_core.shell:Creating environment descriptor '/home/tukorea/ros2_ws/install/livox_lio_sam/share/livox_lio_sam/hook/ld_library_path_lib.dsv'
[24.617s] INFO:colcon.colcon_core.shell:Creating environment hook '/home/tukorea/ros2_ws/install/livox_lio_sam/share/livox_lio_sam/hook/ld_library_path_lib.sh'
[24.617s] Level 1:colcon.colcon_core.environment:checking '/home/tukorea/ros2_ws/install/livox_lio_sam/bin'
[24.617s] Level 1:colcon.colcon_core.environment:checking '/home/tukorea/ros2_ws/install/livox_lio_sam/lib/pkgconfig/livox_lio_sam.pc'
[24.617s] Level 1:colcon.colcon_core.environment:checking '/home/tukorea/ros2_ws/install/livox_lio_sam/lib/python3.10/site-packages'
[24.617s] Level 1:colcon.colcon_core.environment:checking '/home/tukorea/ros2_ws/install/livox_lio_sam/bin'
[24.618s] INFO:colcon.colcon_core.shell:Creating package script '/home/tukorea/ros2_ws/install/livox_lio_sam/share/livox_lio_sam/package.ps1'
[24.618s] INFO:colcon.colcon_core.shell:Creating package descriptor '/home/tukorea/ros2_ws/install/livox_lio_sam/share/livox_lio_sam/package.dsv'
[24.618s] INFO:colcon.colcon_core.shell:Creating package script '/home/tukorea/ros2_ws/install/livox_lio_sam/share/livox_lio_sam/package.sh'
[24.618s] INFO:colcon.colcon_core.shell:Creating package script '/home/tukorea/ros2_ws/install/livox_lio_sam/share/livox_lio_sam/package.bash'
[24.618s] INFO:colcon.colcon_core.shell:Creating package script '/home/tukorea/ros2_ws/install/livox_lio_sam/share/livox_lio_sam/package.zsh'
[24.619s] Level 1:colcon.colcon_core.environment:create_file_with_runtime_dependencies(/home/tukorea/ros2_ws/install/livox_lio_sam/share/colcon-core/packages/livox_lio_sam)
[24.619s] DEBUG:colcon.colcon_parallel_executor.executor.parallel:closing loop
[24.619s] DEBUG:colcon.colcon_parallel_executor.executor.parallel:loop closed
[24.619s] DEBUG:colcon.colcon_parallel_executor.executor.parallel:run_until_complete finished with '0'
[24.619s] DEBUG:colcon.colcon_core.event_reactor:joining thread
[24.647s] INFO:colcon.colcon_core.plugin_system:Skipping extension 'colcon_notification.desktop_notification.notify_send': Could not find 'notify-send'
[24.647s] INFO:colcon.colcon_core.plugin_system:Skipping extension 'colcon_notification.desktop_notification.terminal_notifier': Not used on non-Darwin systems
[24.647s] INFO:colcon.colcon_core.plugin_system:Skipping extension 'colcon_notification.desktop_notification.win32': Not used on non-Windows systems
[24.647s] INFO:colcon.colcon_notification.desktop_notification:Sending desktop notification using 'notify2'
[24.647s] DEBUG:colcon.colcon_notification.desktop_notification.notify2:Failed to initialize notify2: org.freedesktop.DBus.Error.FileNotFound: Failed to connect to socket /run/user/1000/bus: No such file or directory
[24.648s] DEBUG:colcon.colcon_core.event_reactor:joined thread
[24.648s] INFO:colcon.colcon_core.shell:Creating prefix script '/home/tukorea/ros2_ws/install/local_setup.ps1'
[24.648s] INFO:colcon.colcon_core.shell:Creating prefix util module '/home/tukorea/ros2_ws/install/_local_setup_util_ps1.py'
[24.649s] INFO:colcon.colcon_core.shell:Creating prefix chain script '/home/tukorea/ros2_ws/install/setup.ps1'
[24.650s] INFO:colcon.colcon_core.shell:Creating prefix script '/home/tukorea/ros2_ws/install/local_setup.sh'
[24.650s] INFO:colcon.colcon_core.shell:Creating prefix util module '/home/tukorea/ros2_ws/install/_local_setup_util_sh.py'
[24.650s] INFO:colcon.colcon_core.shell:Creating prefix chain script '/home/tukorea/ros2_ws/install/setup.sh'
[24.650s] INFO:colcon.colcon_core.shell:Creating prefix script '/home/tukorea/ros2_ws/install/local_setup.bash'
[24.651s] INFO:colcon.colcon_core.shell:Creating prefix chain script '/home/tukorea/ros2_ws/install/setup.bash'
[24.651s] INFO:colcon.colcon_core.shell:Creating prefix script '/home/tukorea/ros2_ws/install/local_setup.zsh'
[24.651s] INFO:colcon.colcon_core.shell:Creating prefix chain script '/home/tukorea/ros2_ws/install/setup.zsh'
