[0.091s] DEBUG:colcon:Command line arguments: ['/usr/bin/colcon', 'build', '--parallel-workers', '1', '--cmake-args', '-DCMAKE_BUILD_TYPE=Release', '-DGTSAM_DIR=/usr/local/lib/cmake/GTSAM']
[0.091s] DEBUG:colcon:Parsed command line arguments: Namespace(log_base=None, log_level=None, verb_name='build', build_base='build', install_base='install', merge_install=False, symlink_install=False, test_result_base=None, continue_on_error=False, executor='parallel', parallel_workers=1, event_handlers=None, ignore_user_meta=False, metas=['./colcon.meta'], base_paths=['.'], packages_ignore=None, packages_ignore_regex=None, paths=None, packages_up_to=None, packages_up_to_regex=None, packages_above=None, packages_above_and_dependencies=None, packages_above_depth=None, packages_select_by_dep=None, packages_skip_by_dep=None, packages_skip_up_to=None, packages_select_build_failed=False, packages_skip_build_finished=False, packages_select_test_failures=False, packages_skip_test_passed=False, packages_select=None, packages_skip=None, packages_select_regex=None, packages_skip_regex=None, packages_start=None, packages_end=None, allow_overriding=[], cmake_args=['-DCMAKE_BUILD_TYPE=Release', '-DGTSAM_DIR=/usr/local/lib/cmake/GTSAM'], cmake_target=None, cmake_target_skip_unavailable=False, cmake_clean_cache=False, cmake_clean_first=False, cmake_force_configure=False, ament_cmake_args=None, catkin_cmake_args=None, catkin_skip_building_tests=False, verb_parser=<colcon_defaults.argument_parser.defaults.DefaultArgumentsDecorator object at 0x7cc90f3202b0>, verb_extension=<colcon_core.verb.build.BuildVerb object at 0x7cc90f46d660>, main=<bound method BuildVerb.main of <colcon_core.verb.build.BuildVerb object at 0x7cc90f46d660>>)
[0.152s] Level 1:colcon.colcon_core.package_discovery:discover_packages(colcon_meta) check parameters
[0.152s] Level 1:colcon.colcon_core.package_discovery:discover_packages(recursive) check parameters
[0.152s] Level 1:colcon.colcon_core.package_discovery:discover_packages(ignore) check parameters
[0.152s] Level 1:colcon.colcon_core.package_discovery:discover_packages(path) check parameters
[0.152s] Level 1:colcon.colcon_core.package_discovery:discover_packages(colcon_meta) discover
[0.152s] Level 1:colcon.colcon_core.package_discovery:discover_packages(recursive) discover
[0.152s] INFO:colcon.colcon_core.package_discovery:Crawling recursively for packages in '/home/tukorea/ros2_ws'
[0.152s] Level 1:colcon.colcon_core.package_identification:_identify(.) by extensions ['ignore', 'ignore_ament_install']
[0.152s] Level 1:colcon.colcon_core.package_identification:_identify(.) by extension 'ignore'
[0.152s] Level 1:colcon.colcon_core.package_identification:_identify(.) by extension 'ignore_ament_install'
[0.152s] Level 1:colcon.colcon_core.package_identification:_identify(.) by extensions ['colcon_pkg']
[0.152s] Level 1:colcon.colcon_core.package_identification:_identify(.) by extension 'colcon_pkg'
[0.152s] Level 1:colcon.colcon_core.package_identification:_identify(.) by extensions ['colcon_meta']
[0.152s] Level 1:colcon.colcon_core.package_identification:_identify(.) by extension 'colcon_meta'
[0.152s] Level 1:colcon.colcon_core.package_identification:_identify(.) by extensions ['ros']
[0.152s] Level 1:colcon.colcon_core.package_identification:_identify(.) by extension 'ros'
[0.157s] Level 1:colcon.colcon_core.package_identification:_identify(.) by extensions ['cmake', 'python']
[0.157s] Level 1:colcon.colcon_core.package_identification:_identify(.) by extension 'cmake'
[0.157s] Level 1:colcon.colcon_core.package_identification:_identify(.) by extension 'python'
[0.157s] Level 1:colcon.colcon_core.package_identification:_identify(.) by extensions ['python_setup_py']
[0.157s] Level 1:colcon.colcon_core.package_identification:_identify(.) by extension 'python_setup_py'
[0.157s] Level 1:colcon.colcon_core.package_identification:_identify(build) by extensions ['ignore', 'ignore_ament_install']
[0.157s] Level 1:colcon.colcon_core.package_identification:_identify(build) by extension 'ignore'
[0.157s] Level 1:colcon.colcon_core.package_identification:_identify(build) ignored
[0.157s] Level 1:colcon.colcon_core.package_identification:_identify(install) by extensions ['ignore', 'ignore_ament_install']
[0.157s] Level 1:colcon.colcon_core.package_identification:_identify(install) by extension 'ignore'
[0.157s] Level 1:colcon.colcon_core.package_identification:_identify(install) ignored
[0.157s] Level 1:colcon.colcon_core.package_identification:_identify(log) by extensions ['ignore', 'ignore_ament_install']
[0.157s] Level 1:colcon.colcon_core.package_identification:_identify(log) by extension 'ignore'
[0.157s] Level 1:colcon.colcon_core.package_identification:_identify(log) ignored
[0.157s] Level 1:colcon.colcon_core.package_identification:_identify(rosbag) by extensions ['ignore', 'ignore_ament_install']
[0.158s] Level 1:colcon.colcon_core.package_identification:_identify(rosbag) by extension 'ignore'
[0.158s] Level 1:colcon.colcon_core.package_identification:_identify(rosbag) by extension 'ignore_ament_install'
[0.158s] Level 1:colcon.colcon_core.package_identification:_identify(rosbag) by extensions ['colcon_pkg']
[0.158s] Level 1:colcon.colcon_core.package_identification:_identify(rosbag) by extension 'colcon_pkg'
[0.158s] Level 1:colcon.colcon_core.package_identification:_identify(rosbag) by extensions ['colcon_meta']
[0.158s] Level 1:colcon.colcon_core.package_identification:_identify(rosbag) by extension 'colcon_meta'
[0.158s] Level 1:colcon.colcon_core.package_identification:_identify(rosbag) by extensions ['ros']
[0.158s] Level 1:colcon.colcon_core.package_identification:_identify(rosbag) by extension 'ros'
[0.158s] Level 1:colcon.colcon_core.package_identification:_identify(rosbag) by extensions ['cmake', 'python']
[0.158s] Level 1:colcon.colcon_core.package_identification:_identify(rosbag) by extension 'cmake'
[0.158s] Level 1:colcon.colcon_core.package_identification:_identify(rosbag) by extension 'python'
[0.158s] Level 1:colcon.colcon_core.package_identification:_identify(rosbag) by extensions ['python_setup_py']
[0.158s] Level 1:colcon.colcon_core.package_identification:_identify(rosbag) by extension 'python_setup_py'
[0.158s] Level 1:colcon.colcon_core.package_identification:_identify(rosbag/rosbag2_2025_12_05-14_42_30) by extensions ['ignore', 'ignore_ament_install']
[0.158s] Level 1:colcon.colcon_core.package_identification:_identify(rosbag/rosbag2_2025_12_05-14_42_30) by extension 'ignore'
[0.158s] Level 1:colcon.colcon_core.package_identification:_identify(rosbag/rosbag2_2025_12_05-14_42_30) by extension 'ignore_ament_install'
[0.158s] Level 1:colcon.colcon_core.package_identification:_identify(rosbag/rosbag2_2025_12_05-14_42_30) by extensions ['colcon_pkg']
[0.158s] Level 1:colcon.colcon_core.package_identification:_identify(rosbag/rosbag2_2025_12_05-14_42_30) by extension 'colcon_pkg'
[0.158s] Level 1:colcon.colcon_core.package_identification:_identify(rosbag/rosbag2_2025_12_05-14_42_30) by extensions ['colcon_meta']
[0.158s] Level 1:colcon.colcon_core.package_identification:_identify(rosbag/rosbag2_2025_12_05-14_42_30) by extension 'colcon_meta'
[0.158s] Level 1:colcon.colcon_core.package_identification:_identify(rosbag/rosbag2_2025_12_05-14_42_30) by extensions ['ros']
[0.158s] Level 1:colcon.colcon_core.package_identification:_identify(rosbag/rosbag2_2025_12_05-14_42_30) by extension 'ros'
[0.158s] Level 1:colcon.colcon_core.package_identification:_identify(rosbag/rosbag2_2025_12_05-14_42_30) by extensions ['cmake', 'python']
[0.158s] Level 1:colcon.colcon_core.package_identification:_identify(rosbag/rosbag2_2025_12_05-14_42_30) by extension 'cmake'
[0.158s] Level 1:colcon.colcon_core.package_identification:_identify(rosbag/rosbag2_2025_12_05-14_42_30) by extension 'python'
[0.158s] Level 1:colcon.colcon_core.package_identification:_identify(rosbag/rosbag2_2025_12_05-14_42_30) by extensions ['python_setup_py']
[0.158s] Level 1:colcon.colcon_core.package_identification:_identify(rosbag/rosbag2_2025_12_05-14_42_30) by extension 'python_setup_py'
[0.158s] Level 1:colcon.colcon_core.package_identification:_identify(src) by extensions ['ignore', 'ignore_ament_install']
[0.158s] Level 1:colcon.colcon_core.package_identification:_identify(src) by extension 'ignore'
[0.158s] Level 1:colcon.colcon_core.package_identification:_identify(src) by extension 'ignore_ament_install'
[0.158s] Level 1:colcon.colcon_core.package_identification:_identify(src) by extensions ['colcon_pkg']
[0.158s] Level 1:colcon.colcon_core.package_identification:_identify(src) by extension 'colcon_pkg'
[0.158s] Level 1:colcon.colcon_core.package_identification:_identify(src) by extensions ['colcon_meta']
[0.158s] Level 1:colcon.colcon_core.package_identification:_identify(src) by extension 'colcon_meta'
[0.158s] Level 1:colcon.colcon_core.package_identification:_identify(src) by extensions ['ros']
[0.158s] Level 1:colcon.colcon_core.package_identification:_identify(src) by extension 'ros'
[0.158s] Level 1:colcon.colcon_core.package_identification:_identify(src) by extensions ['cmake', 'python']
[0.158s] Level 1:colcon.colcon_core.package_identification:_identify(src) by extension 'cmake'
[0.158s] Level 1:colcon.colcon_core.package_identification:_identify(src) by extension 'python'
[0.158s] Level 1:colcon.colcon_core.package_identification:_identify(src) by extensions ['python_setup_py']
[0.158s] Level 1:colcon.colcon_core.package_identification:_identify(src) by extension 'python_setup_py'
[0.158s] Level 1:colcon.colcon_core.package_identification:_identify(src/SLAM) by extensions ['ignore', 'ignore_ament_install']
[0.158s] Level 1:colcon.colcon_core.package_identification:_identify(src/SLAM) by extension 'ignore'
[0.158s] Level 1:colcon.colcon_core.package_identification:_identify(src/SLAM) by extension 'ignore_ament_install'
[0.158s] Level 1:colcon.colcon_core.package_identification:_identify(src/SLAM) by extensions ['colcon_pkg']
[0.158s] Level 1:colcon.colcon_core.package_identification:_identify(src/SLAM) by extension 'colcon_pkg'
[0.158s] Level 1:colcon.colcon_core.package_identification:_identify(src/SLAM) by extensions ['colcon_meta']
[0.158s] Level 1:colcon.colcon_core.package_identification:_identify(src/SLAM) by extension 'colcon_meta'
[0.158s] Level 1:colcon.colcon_core.package_identification:_identify(src/SLAM) by extensions ['ros']
[0.158s] Level 1:colcon.colcon_core.package_identification:_identify(src/SLAM) by extension 'ros'
[0.158s] Level 1:colcon.colcon_core.package_identification:_identify(src/SLAM) by extensions ['cmake', 'python']
[0.158s] Level 1:colcon.colcon_core.package_identification:_identify(src/SLAM) by extension 'cmake'
[0.159s] Level 1:colcon.colcon_core.package_identification:_identify(src/SLAM) by extension 'python'
[0.159s] Level 1:colcon.colcon_core.package_identification:_identify(src/SLAM) by extensions ['python_setup_py']
[0.159s] Level 1:colcon.colcon_core.package_identification:_identify(src/SLAM) by extension 'python_setup_py'
[0.159s] Level 1:colcon.colcon_core.package_identification:_identify(src/SLAM/LIO-SAM) by extensions ['ignore', 'ignore_ament_install']
[0.159s] Level 1:colcon.colcon_core.package_identification:_identify(src/SLAM/LIO-SAM) by extension 'ignore'
[0.159s] Level 1:colcon.colcon_core.package_identification:_identify(src/SLAM/LIO-SAM) by extension 'ignore_ament_install'
[0.159s] Level 1:colcon.colcon_core.package_identification:_identify(src/SLAM/LIO-SAM) by extensions ['colcon_pkg']
[0.159s] Level 1:colcon.colcon_core.package_identification:_identify(src/SLAM/LIO-SAM) by extension 'colcon_pkg'
[0.159s] Level 1:colcon.colcon_core.package_identification:_identify(src/SLAM/LIO-SAM) by extensions ['colcon_meta']
[0.159s] Level 1:colcon.colcon_core.package_identification:_identify(src/SLAM/LIO-SAM) by extension 'colcon_meta'
[0.159s] Level 1:colcon.colcon_core.package_identification:_identify(src/SLAM/LIO-SAM) by extensions ['ros']
[0.159s] Level 1:colcon.colcon_core.package_identification:_identify(src/SLAM/LIO-SAM) by extension 'ros'
[0.159s] Level 1:colcon.colcon_core.package_identification:_identify(src/SLAM/LIO-SAM) by extensions ['cmake', 'python']
[0.159s] Level 1:colcon.colcon_core.package_identification:_identify(src/SLAM/LIO-SAM) by extension 'cmake'
[0.159s] Level 1:colcon.colcon_core.package_identification:_identify(src/SLAM/LIO-SAM) by extension 'python'
[0.159s] Level 1:colcon.colcon_core.package_identification:_identify(src/SLAM/LIO-SAM) by extensions ['python_setup_py']
[0.159s] Level 1:colcon.colcon_core.package_identification:_identify(src/SLAM/LIO-SAM) by extension 'python_setup_py'
[0.159s] Level 1:colcon.colcon_core.package_identification:_identify(src/SLAM/LIO-SAM/dss_lio_sam) by extensions ['ignore', 'ignore_ament_install']
[0.159s] Level 1:colcon.colcon_core.package_identification:_identify(src/SLAM/LIO-SAM/dss_lio_sam) by extension 'ignore'
[0.159s] Level 1:colcon.colcon_core.package_identification:_identify(src/SLAM/LIO-SAM/dss_lio_sam) by extension 'ignore_ament_install'
[0.159s] Level 1:colcon.colcon_core.package_identification:_identify(src/SLAM/LIO-SAM/dss_lio_sam) by extensions ['colcon_pkg']
[0.159s] Level 1:colcon.colcon_core.package_identification:_identify(src/SLAM/LIO-SAM/dss_lio_sam) by extension 'colcon_pkg'
[0.159s] Level 1:colcon.colcon_core.package_identification:_identify(src/SLAM/LIO-SAM/dss_lio_sam) by extensions ['colcon_meta']
[0.159s] Level 1:colcon.colcon_core.package_identification:_identify(src/SLAM/LIO-SAM/dss_lio_sam) by extension 'colcon_meta'
[0.159s] Level 1:colcon.colcon_core.package_identification:_identify(src/SLAM/LIO-SAM/dss_lio_sam) by extensions ['ros']
[0.159s] Level 1:colcon.colcon_core.package_identification:_identify(src/SLAM/LIO-SAM/dss_lio_sam) by extension 'ros'
[0.160s] DEBUG:colcon.colcon_core.package_identification:Package 'src/SLAM/LIO-SAM/dss_lio_sam' with type 'ros.ament_cmake' and name 'dss_lio_sam'
[0.160s] Level 1:colcon.colcon_core.package_identification:_identify(src/SLAM/LIO-SAM/lio_sam_ros2) by extensions ['ignore', 'ignore_ament_install']
[0.160s] Level 1:colcon.colcon_core.package_identification:_identify(src/SLAM/LIO-SAM/lio_sam_ros2) by extension 'ignore'
[0.160s] Level 1:colcon.colcon_core.package_identification:_identify(src/SLAM/LIO-SAM/lio_sam_ros2) by extension 'ignore_ament_install'
[0.160s] Level 1:colcon.colcon_core.package_identification:_identify(src/SLAM/LIO-SAM/lio_sam_ros2) by extensions ['colcon_pkg']
[0.161s] Level 1:colcon.colcon_core.package_identification:_identify(src/SLAM/LIO-SAM/lio_sam_ros2) by extension 'colcon_pkg'
[0.161s] Level 1:colcon.colcon_core.package_identification:_identify(src/SLAM/LIO-SAM/lio_sam_ros2) by extensions ['colcon_meta']
[0.161s] Level 1:colcon.colcon_core.package_identification:_identify(src/SLAM/LIO-SAM/lio_sam_ros2) by extension 'colcon_meta'
[0.161s] Level 1:colcon.colcon_core.package_identification:_identify(src/SLAM/LIO-SAM/lio_sam_ros2) by extensions ['ros']
[0.161s] Level 1:colcon.colcon_core.package_identification:_identify(src/SLAM/LIO-SAM/lio_sam_ros2) by extension 'ros'
[0.161s] DEBUG:colcon.colcon_core.package_identification:Package 'src/SLAM/LIO-SAM/lio_sam_ros2' with type 'ros.ament_cmake' and name 'lio_sam'
[0.161s] Level 1:colcon.colcon_core.package_identification:_identify(src/SLAM/LIO-SAM/livox_lio_sam) by extensions ['ignore', 'ignore_ament_install']
[0.161s] Level 1:colcon.colcon_core.package_identification:_identify(src/SLAM/LIO-SAM/livox_lio_sam) by extension 'ignore'
[0.161s] Level 1:colcon.colcon_core.package_identification:_identify(src/SLAM/LIO-SAM/livox_lio_sam) by extension 'ignore_ament_install'
[0.161s] Level 1:colcon.colcon_core.package_identification:_identify(src/SLAM/LIO-SAM/livox_lio_sam) by extensions ['colcon_pkg']
[0.161s] Level 1:colcon.colcon_core.package_identification:_identify(src/SLAM/LIO-SAM/livox_lio_sam) by extension 'colcon_pkg'
[0.161s] Level 1:colcon.colcon_core.package_identification:_identify(src/SLAM/LIO-SAM/livox_lio_sam) by extensions ['colcon_meta']
[0.161s] Level 1:colcon.colcon_core.package_identification:_identify(src/SLAM/LIO-SAM/livox_lio_sam) by extension 'colcon_meta'
[0.161s] Level 1:colcon.colcon_core.package_identification:_identify(src/SLAM/LIO-SAM/livox_lio_sam) by extensions ['ros']
[0.161s] Level 1:colcon.colcon_core.package_identification:_identify(src/SLAM/LIO-SAM/livox_lio_sam) by extension 'ros'
[0.162s] DEBUG:colcon.colcon_core.package_identification:Package 'src/SLAM/LIO-SAM/livox_lio_sam' with type 'ros.ament_cmake' and name 'livox_lio_sam'
[0.162s] Level 1:colcon.colcon_core.package_identification:_identify(src/Tool) by extensions ['ignore', 'ignore_ament_install']
[0.162s] Level 1:colcon.colcon_core.package_identification:_identify(src/Tool) by extension 'ignore'
[0.162s] Level 1:colcon.colcon_core.package_identification:_identify(src/Tool) by extension 'ignore_ament_install'
[0.162s] Level 1:colcon.colcon_core.package_identification:_identify(src/Tool) by extensions ['colcon_pkg']
[0.162s] Level 1:colcon.colcon_core.package_identification:_identify(src/Tool) by extension 'colcon_pkg'
[0.162s] Level 1:colcon.colcon_core.package_identification:_identify(src/Tool) by extensions ['colcon_meta']
[0.162s] Level 1:colcon.colcon_core.package_identification:_identify(src/Tool) by extension 'colcon_meta'
[0.162s] Level 1:colcon.colcon_core.package_identification:_identify(src/Tool) by extensions ['ros']
[0.162s] Level 1:colcon.colcon_core.package_identification:_identify(src/Tool) by extension 'ros'
[0.162s] Level 1:colcon.colcon_core.package_identification:_identify(src/Tool) by extensions ['cmake', 'python']
[0.162s] Level 1:colcon.colcon_core.package_identification:_identify(src/Tool) by extension 'cmake'
[0.162s] Level 1:colcon.colcon_core.package_identification:_identify(src/Tool) by extension 'python'
[0.162s] Level 1:colcon.colcon_core.package_identification:_identify(src/Tool) by extensions ['python_setup_py']
[0.162s] Level 1:colcon.colcon_core.package_identification:_identify(src/Tool) by extension 'python_setup_py'
[0.162s] Level 1:colcon.colcon_core.package_identification:_identify(src/Tool/bag_replay_tool_ros2) by extensions ['ignore', 'ignore_ament_install']
[0.162s] Level 1:colcon.colcon_core.package_identification:_identify(src/Tool/bag_replay_tool_ros2) by extension 'ignore'
[0.162s] Level 1:colcon.colcon_core.package_identification:_identify(src/Tool/bag_replay_tool_ros2) by extension 'ignore_ament_install'
[0.162s] Level 1:colcon.colcon_core.package_identification:_identify(src/Tool/bag_replay_tool_ros2) by extensions ['colcon_pkg']
[0.162s] Level 1:colcon.colcon_core.package_identification:_identify(src/Tool/bag_replay_tool_ros2) by extension 'colcon_pkg'
[0.162s] Level 1:colcon.colcon_core.package_identification:_identify(src/Tool/bag_replay_tool_ros2) by extensions ['colcon_meta']
[0.162s] Level 1:colcon.colcon_core.package_identification:_identify(src/Tool/bag_replay_tool_ros2) by extension 'colcon_meta'
[0.162s] Level 1:colcon.colcon_core.package_identification:_identify(src/Tool/bag_replay_tool_ros2) by extensions ['ros']
[0.162s] Level 1:colcon.colcon_core.package_identification:_identify(src/Tool/bag_replay_tool_ros2) by extension 'ros'
[0.162s] DEBUG:colcon.colcon_core.package_identification:Package 'src/Tool/bag_replay_tool_ros2' with type 'ros.ament_python' and name 'bag_replay_tool_ros2'
[0.162s] Level 1:colcon.colcon_core.package_identification:_identify(src/Tool/slam_launch_manager) by extensions ['ignore', 'ignore_ament_install']
[0.163s] Level 1:colcon.colcon_core.package_identification:_identify(src/Tool/slam_launch_manager) by extension 'ignore'
[0.163s] Level 1:colcon.colcon_core.package_identification:_identify(src/Tool/slam_launch_manager) by extension 'ignore_ament_install'
[0.163s] Level 1:colcon.colcon_core.package_identification:_identify(src/Tool/slam_launch_manager) by extensions ['colcon_pkg']
[0.163s] Level 1:colcon.colcon_core.package_identification:_identify(src/Tool/slam_launch_manager) by extension 'colcon_pkg'
[0.163s] Level 1:colcon.colcon_core.package_identification:_identify(src/Tool/slam_launch_manager) by extensions ['colcon_meta']
[0.163s] Level 1:colcon.colcon_core.package_identification:_identify(src/Tool/slam_launch_manager) by extension 'colcon_meta'
[0.163s] Level 1:colcon.colcon_core.package_identification:_identify(src/Tool/slam_launch_manager) by extensions ['ros']
[0.163s] Level 1:colcon.colcon_core.package_identification:_identify(src/Tool/slam_launch_manager) by extension 'ros'
[0.163s] DEBUG:colcon.colcon_core.package_identification:Package 'src/Tool/slam_launch_manager' with type 'ros.ament_python' and name 'slam_launch_manager'
[0.163s] Level 1:colcon.colcon_core.package_identification:_identify(src/dss_ros2_bridge) by extensions ['ignore', 'ignore_ament_install']
[0.163s] Level 1:colcon.colcon_core.package_identification:_identify(src/dss_ros2_bridge) by extension 'ignore'
[0.163s] Level 1:colcon.colcon_core.package_identification:_identify(src/dss_ros2_bridge) by extension 'ignore_ament_install'
[0.163s] Level 1:colcon.colcon_core.package_identification:_identify(src/dss_ros2_bridge) by extensions ['colcon_pkg']
[0.163s] Level 1:colcon.colcon_core.package_identification:_identify(src/dss_ros2_bridge) by extension 'colcon_pkg'
[0.163s] Level 1:colcon.colcon_core.package_identification:_identify(src/dss_ros2_bridge) by extensions ['colcon_meta']
[0.163s] Level 1:colcon.colcon_core.package_identification:_identify(src/dss_ros2_bridge) by extension 'colcon_meta'
[0.163s] Level 1:colcon.colcon_core.package_identification:_identify(src/dss_ros2_bridge) by extensions ['ros']
[0.163s] Level 1:colcon.colcon_core.package_identification:_identify(src/dss_ros2_bridge) by extension 'ros'
[0.163s] Level 1:colcon.colcon_core.package_identification:_identify(src/dss_ros2_bridge) by extensions ['cmake', 'python']
[0.163s] Level 1:colcon.colcon_core.package_identification:_identify(src/dss_ros2_bridge) by extension 'cmake'
[0.163s] Level 1:colcon.colcon_core.package_identification:_identify(src/dss_ros2_bridge) by extension 'python'
[0.163s] Level 1:colcon.colcon_core.package_identification:_identify(src/dss_ros2_bridge) by extensions ['python_setup_py']
[0.163s] Level 1:colcon.colcon_core.package_identification:_identify(src/dss_ros2_bridge) by extension 'python_setup_py'
[0.163s] Level 1:colcon.colcon_core.package_identification:_identify(src/dss_ros2_bridge/dss_ros2_bridge) by extensions ['ignore', 'ignore_ament_install']
[0.163s] Level 1:colcon.colcon_core.package_identification:_identify(src/dss_ros2_bridge/dss_ros2_bridge) by extension 'ignore'
[0.163s] Level 1:colcon.colcon_core.package_identification:_identify(src/dss_ros2_bridge/dss_ros2_bridge) by extension 'ignore_ament_install'
[0.163s] Level 1:colcon.colcon_core.package_identification:_identify(src/dss_ros2_bridge/dss_ros2_bridge) by extensions ['colcon_pkg']
[0.163s] Level 1:colcon.colcon_core.package_identification:_identify(src/dss_ros2_bridge/dss_ros2_bridge) by extension 'colcon_pkg'
[0.163s] Level 1:colcon.colcon_core.package_identification:_identify(src/dss_ros2_bridge/dss_ros2_bridge) by extensions ['colcon_meta']
[0.163s] Level 1:colcon.colcon_core.package_identification:_identify(src/dss_ros2_bridge/dss_ros2_bridge) by extension 'colcon_meta'
[0.163s] Level 1:colcon.colcon_core.package_identification:_identify(src/dss_ros2_bridge/dss_ros2_bridge) by extensions ['ros']
[0.163s] Level 1:colcon.colcon_core.package_identification:_identify(src/dss_ros2_bridge/dss_ros2_bridge) by extension 'ros'
[0.164s] DEBUG:colcon.colcon_core.package_identification:Package 'src/dss_ros2_bridge/dss_ros2_bridge' with type 'ros.ament_cmake' and name 'dss_ros2_bridge'
[0.164s] Level 1:colcon.colcon_core.package_identification:_identify(src/dss_ros2_bridge/proto) by extensions ['ignore', 'ignore_ament_install']
[0.164s] Level 1:colcon.colcon_core.package_identification:_identify(src/dss_ros2_bridge/proto) by extension 'ignore'
[0.164s] Level 1:colcon.colcon_core.package_identification:_identify(src/dss_ros2_bridge/proto) by extension 'ignore_ament_install'
[0.164s] Level 1:colcon.colcon_core.package_identification:_identify(src/dss_ros2_bridge/proto) by extensions ['colcon_pkg']
[0.164s] Level 1:colcon.colcon_core.package_identification:_identify(src/dss_ros2_bridge/proto) by extension 'colcon_pkg'
[0.164s] Level 1:colcon.colcon_core.package_identification:_identify(src/dss_ros2_bridge/proto) by extensions ['colcon_meta']
[0.164s] Level 1:colcon.colcon_core.package_identification:_identify(src/dss_ros2_bridge/proto) by extension 'colcon_meta'
[0.164s] Level 1:colcon.colcon_core.package_identification:_identify(src/dss_ros2_bridge/proto) by extensions ['ros']
[0.164s] Level 1:colcon.colcon_core.package_identification:_identify(src/dss_ros2_bridge/proto) by extension 'ros'
[0.164s] Level 1:colcon.colcon_core.package_identification:_identify(src/dss_ros2_bridge/proto) by extensions ['cmake', 'python']
[0.164s] Level 1:colcon.colcon_core.package_identification:_identify(src/dss_ros2_bridge/proto) by extension 'cmake'
[0.164s] Level 1:colcon.colcon_core.package_identification:_identify(src/dss_ros2_bridge/proto) by extension 'python'
[0.164s] Level 1:colcon.colcon_core.package_identification:_identify(src/dss_ros2_bridge/proto) by extensions ['python_setup_py']
[0.164s] Level 1:colcon.colcon_core.package_identification:_identify(src/dss_ros2_bridge/proto) by extension 'python_setup_py'
[0.164s] Level 1:colcon.colcon_core.package_identification:_identify(src/dss_ros2_bridge/proto/grpc) by extensions ['ignore', 'ignore_ament_install']
[0.164s] Level 1:colcon.colcon_core.package_identification:_identify(src/dss_ros2_bridge/proto/grpc) by extension 'ignore'
[0.164s] Level 1:colcon.colcon_core.package_identification:_identify(src/dss_ros2_bridge/proto/grpc) by extension 'ignore_ament_install'
[0.164s] Level 1:colcon.colcon_core.package_identification:_identify(src/dss_ros2_bridge/proto/grpc) by extensions ['colcon_pkg']
[0.164s] Level 1:colcon.colcon_core.package_identification:_identify(src/dss_ros2_bridge/proto/grpc) by extension 'colcon_pkg'
[0.164s] Level 1:colcon.colcon_core.package_identification:_identify(src/dss_ros2_bridge/proto/grpc) by extensions ['colcon_meta']
[0.164s] Level 1:colcon.colcon_core.package_identification:_identify(src/dss_ros2_bridge/proto/grpc) by extension 'colcon_meta'
[0.164s] Level 1:colcon.colcon_core.package_identification:_identify(src/dss_ros2_bridge/proto/grpc) by extensions ['ros']
[0.164s] Level 1:colcon.colcon_core.package_identification:_identify(src/dss_ros2_bridge/proto/grpc) by extension 'ros'
[0.164s] Level 1:colcon.colcon_core.package_identification:_identify(src/dss_ros2_bridge/proto/grpc) by extensions ['cmake', 'python']
[0.164s] Level 1:colcon.colcon_core.package_identification:_identify(src/dss_ros2_bridge/proto/grpc) by extension 'cmake'
[0.164s] Level 1:colcon.colcon_core.package_identification:_identify(src/dss_ros2_bridge/proto/grpc) by extension 'python'
[0.164s] Level 1:colcon.colcon_core.package_identification:_identify(src/dss_ros2_bridge/proto/grpc) by extensions ['python_setup_py']
[0.164s] Level 1:colcon.colcon_core.package_identification:_identify(src/dss_ros2_bridge/proto/grpc) by extension 'python_setup_py'
[0.164s] Level 1:colcon.colcon_core.package_identification:_identify(src/dss_ros2_bridge/proto/grpc/grpc) by extensions ['ignore', 'ignore_ament_install']
[0.164s] Level 1:colcon.colcon_core.package_identification:_identify(src/dss_ros2_bridge/proto/grpc/grpc) by extension 'ignore'
[0.165s] Level 1:colcon.colcon_core.package_identification:_identify(src/dss_ros2_bridge/proto/grpc/grpc) by extension 'ignore_ament_install'
[0.165s] Level 1:colcon.colcon_core.package_identification:_identify(src/dss_ros2_bridge/proto/grpc/grpc) by extensions ['colcon_pkg']
[0.165s] Level 1:colcon.colcon_core.package_identification:_identify(src/dss_ros2_bridge/proto/grpc/grpc) by extension 'colcon_pkg'
[0.165s] Level 1:colcon.colcon_core.package_identification:_identify(src/dss_ros2_bridge/proto/grpc/grpc) by extensions ['colcon_meta']
[0.165s] Level 1:colcon.colcon_core.package_identification:_identify(src/dss_ros2_bridge/proto/grpc/grpc) by extension 'colcon_meta'
[0.165s] Level 1:colcon.colcon_core.package_identification:_identify(src/dss_ros2_bridge/proto/grpc/grpc) by extensions ['ros']
[0.165s] Level 1:colcon.colcon_core.package_identification:_identify(src/dss_ros2_bridge/proto/grpc/grpc) by extension 'ros'
[0.165s] Level 1:colcon.colcon_core.package_identification:_identify(src/dss_ros2_bridge/proto/grpc/grpc) by extensions ['cmake', 'python']
[0.165s] Level 1:colcon.colcon_core.package_identification:_identify(src/dss_ros2_bridge/proto/grpc/grpc) by extension 'cmake'
[0.165s] Level 1:colcon.colcon_core.package_identification:_identify(src/dss_ros2_bridge/proto/grpc/grpc) by extension 'python'
[0.165s] Level 1:colcon.colcon_core.package_identification:_identify(src/dss_ros2_bridge/proto/grpc/grpc) by extensions ['python_setup_py']
[0.165s] Level 1:colcon.colcon_core.package_identification:_identify(src/dss_ros2_bridge/proto/grpc/grpc) by extension 'python_setup_py'
[0.165s] Level 1:colcon.colcon_core.package_identification:_identify(src/dss_ros2_bridge/proto/grpc/protobuf) by extensions ['ignore', 'ignore_ament_install']
[0.165s] Level 1:colcon.colcon_core.package_identification:_identify(src/dss_ros2_bridge/proto/grpc/protobuf) by extension 'ignore'
[0.165s] Level 1:colcon.colcon_core.package_identification:_identify(src/dss_ros2_bridge/proto/grpc/protobuf) by extension 'ignore_ament_install'
[0.165s] Level 1:colcon.colcon_core.package_identification:_identify(src/dss_ros2_bridge/proto/grpc/protobuf) by extensions ['colcon_pkg']
[0.165s] Level 1:colcon.colcon_core.package_identification:_identify(src/dss_ros2_bridge/proto/grpc/protobuf) by extension 'colcon_pkg'
[0.165s] Level 1:colcon.colcon_core.package_identification:_identify(src/dss_ros2_bridge/proto/grpc/protobuf) by extensions ['colcon_meta']
[0.165s] Level 1:colcon.colcon_core.package_identification:_identify(src/dss_ros2_bridge/proto/grpc/protobuf) by extension 'colcon_meta'
[0.165s] Level 1:colcon.colcon_core.package_identification:_identify(src/dss_ros2_bridge/proto/grpc/protobuf) by extensions ['ros']
[0.165s] Level 1:colcon.colcon_core.package_identification:_identify(src/dss_ros2_bridge/proto/grpc/protobuf) by extension 'ros'
[0.165s] Level 1:colcon.colcon_core.package_identification:_identify(src/dss_ros2_bridge/proto/grpc/protobuf) by extensions ['cmake', 'python']
[0.165s] Level 1:colcon.colcon_core.package_identification:_identify(src/dss_ros2_bridge/proto/grpc/protobuf) by extension 'cmake'
[0.165s] Level 1:colcon.colcon_core.package_identification:_identify(src/dss_ros2_bridge/proto/grpc/protobuf) by extension 'python'
[0.165s] Level 1:colcon.colcon_core.package_identification:_identify(src/dss_ros2_bridge/proto/grpc/protobuf) by extensions ['python_setup_py']
[0.165s] Level 1:colcon.colcon_core.package_identification:_identify(src/dss_ros2_bridge/proto/grpc/protobuf) by extension 'python_setup_py'
[0.165s] Level 1:colcon.colcon_core.package_identification:_identify(src/dss_ros2_bridge/proto/grpc/upb) by extensions ['ignore', 'ignore_ament_install']
[0.165s] Level 1:colcon.colcon_core.package_identification:_identify(src/dss_ros2_bridge/proto/grpc/upb) by extension 'ignore'
[0.165s] Level 1:colcon.colcon_core.package_identification:_identify(src/dss_ros2_bridge/proto/grpc/upb) by extension 'ignore_ament_install'
[0.165s] Level 1:colcon.colcon_core.package_identification:_identify(src/dss_ros2_bridge/proto/grpc/upb) by extensions ['colcon_pkg']
[0.165s] Level 1:colcon.colcon_core.package_identification:_identify(src/dss_ros2_bridge/proto/grpc/upb) by extension 'colcon_pkg'
[0.165s] Level 1:colcon.colcon_core.package_identification:_identify(src/dss_ros2_bridge/proto/grpc/upb) by extensions ['colcon_meta']
[0.165s] Level 1:colcon.colcon_core.package_identification:_identify(src/dss_ros2_bridge/proto/grpc/upb) by extension 'colcon_meta'
[0.165s] Level 1:colcon.colcon_core.package_identification:_identify(src/dss_ros2_bridge/proto/grpc/upb) by extensions ['ros']
[0.165s] Level 1:colcon.colcon_core.package_identification:_identify(src/dss_ros2_bridge/proto/grpc/upb) by extension 'ros'
[0.165s] Level 1:colcon.colcon_core.package_identification:_identify(src/dss_ros2_bridge/proto/grpc/upb) by extensions ['cmake', 'python']
[0.165s] Level 1:colcon.colcon_core.package_identification:_identify(src/dss_ros2_bridge/proto/grpc/upb) by extension 'cmake'
[0.165s] Level 1:colcon.colcon_core.package_identification:_identify(src/dss_ros2_bridge/proto/grpc/upb) by extension 'python'
[0.165s] Level 1:colcon.colcon_core.package_identification:_identify(src/dss_ros2_bridge/proto/grpc/upb) by extensions ['python_setup_py']
[0.165s] Level 1:colcon.colcon_core.package_identification:_identify(src/dss_ros2_bridge/proto/grpc/upb) by extension 'python_setup_py'
[0.165s] Level 1:colcon.colcon_core.package_identification:_identify(src/gtsam) by extensions ['ignore', 'ignore_ament_install']
[0.165s] Level 1:colcon.colcon_core.package_identification:_identify(src/gtsam) by extension 'ignore'
[0.165s] Level 1:colcon.colcon_core.package_identification:_identify(src/gtsam) ignored
[0.165s] Level 1:colcon.colcon_core.package_discovery:discover_packages(recursive) using defaults
[0.165s] Level 1:colcon.colcon_core.package_discovery:discover_packages(ignore) discover
[0.165s] Level 1:colcon.colcon_core.package_discovery:discover_packages(ignore) using defaults
[0.165s] Level 1:colcon.colcon_core.package_discovery:discover_packages(path) discover
[0.165s] Level 1:colcon.colcon_core.package_discovery:discover_packages(path) using defaults
[0.182s] Level 1:colcon.colcon_core.package_discovery:discover_packages(prefix_path) check parameters
[0.182s] Level 1:colcon.colcon_core.package_discovery:discover_packages(prefix_path) discover
[0.183s] WARNING:colcon.colcon_ros.prefix_path.ament:The path '/home/tukorea/ros2_ws/install/slam_launch_manager' in the environment variable AMENT_PREFIX_PATH doesn't exist
[0.183s] WARNING:colcon.colcon_ros.prefix_path.catkin:The path '/home/tukorea/ros2_ws/install/gtsam' in the environment variable CMAKE_PREFIX_PATH doesn't exist
[0.184s] DEBUG:colcon.colcon_installed_package_information.package_discovery:Found 5 installed packages in /home/tukorea/ros2_ws/install
[0.185s] DEBUG:colcon.colcon_installed_package_information.package_discovery:Found 295 installed packages in /opt/ros/humble
[0.185s] Level 1:colcon.colcon_core.package_discovery:discover_packages(prefix_path) using defaults
[0.200s] Level 5:colcon.colcon_core.verb:set package 'bag_replay_tool_ros2' build argument 'cmake_args' from command line to '['-DCMAKE_BUILD_TYPE=Release', '-DGTSAM_DIR=/usr/local/lib/cmake/GTSAM']'
[0.200s] Level 5:colcon.colcon_core.verb:set package 'bag_replay_tool_ros2' build argument 'cmake_target' from command line to 'None'
[0.200s] Level 5:colcon.colcon_core.verb:set package 'bag_replay_tool_ros2' build argument 'cmake_target_skip_unavailable' from command line to 'False'
[0.200s] Level 5:colcon.colcon_core.verb:set package 'bag_replay_tool_ros2' build argument 'cmake_clean_cache' from command line to 'False'
[0.200s] Level 5:colcon.colcon_core.verb:set package 'bag_replay_tool_ros2' build argument 'cmake_clean_first' from command line to 'False'
[0.200s] Level 5:colcon.colcon_core.verb:set package 'bag_replay_tool_ros2' build argument 'cmake_force_configure' from command line to 'False'
[0.200s] Level 5:colcon.colcon_core.verb:set package 'bag_replay_tool_ros2' build argument 'ament_cmake_args' from command line to 'None'
[0.200s] Level 5:colcon.colcon_core.verb:set package 'bag_replay_tool_ros2' build argument 'catkin_cmake_args' from command line to 'None'
[0.200s] Level 5:colcon.colcon_core.verb:set package 'bag_replay_tool_ros2' build argument 'catkin_skip_building_tests' from command line to 'False'
[0.200s] DEBUG:colcon.colcon_core.verb:Building package 'bag_replay_tool_ros2' with the following arguments: {'ament_cmake_args': None, 'build_base': '/home/tukorea/ros2_ws/build/bag_replay_tool_ros2', 'catkin_cmake_args': None, 'catkin_skip_building_tests': False, 'cmake_args': ['-DCMAKE_BUILD_TYPE=Release', '-DGTSAM_DIR=/usr/local/lib/cmake/GTSAM'], 'cmake_clean_cache': False, 'cmake_clean_first': False, 'cmake_force_configure': False, 'cmake_target': None, 'cmake_target_skip_unavailable': False, 'install_base': '/home/tukorea/ros2_ws/install/bag_replay_tool_ros2', 'merge_install': False, 'path': '/home/tukorea/ros2_ws/src/Tool/bag_replay_tool_ros2', 'symlink_install': False, 'test_result_base': None}
[0.200s] Level 5:colcon.colcon_core.verb:set package 'dss_lio_sam' build argument 'cmake_args' from command line to '['-DCMAKE_BUILD_TYPE=Release', '-DGTSAM_DIR=/usr/local/lib/cmake/GTSAM']'
[0.200s] Level 5:colcon.colcon_core.verb:set package 'dss_lio_sam' build argument 'cmake_target' from command line to 'None'
[0.200s] Level 5:colcon.colcon_core.verb:set package 'dss_lio_sam' build argument 'cmake_target_skip_unavailable' from command line to 'False'
[0.200s] Level 5:colcon.colcon_core.verb:set package 'dss_lio_sam' build argument 'cmake_clean_cache' from command line to 'False'
[0.201s] Level 5:colcon.colcon_core.verb:set package 'dss_lio_sam' build argument 'cmake_clean_first' from command line to 'False'
[0.201s] Level 5:colcon.colcon_core.verb:set package 'dss_lio_sam' build argument 'cmake_force_configure' from command line to 'False'
[0.201s] Level 5:colcon.colcon_core.verb:set package 'dss_lio_sam' build argument 'ament_cmake_args' from command line to 'None'
[0.201s] Level 5:colcon.colcon_core.verb:set package 'dss_lio_sam' build argument 'catkin_cmake_args' from command line to 'None'
[0.201s] Level 5:colcon.colcon_core.verb:set package 'dss_lio_sam' build argument 'catkin_skip_building_tests' from command line to 'False'
[0.201s] DEBUG:colcon.colcon_core.verb:Building package 'dss_lio_sam' with the following arguments: {'ament_cmake_args': None, 'build_base': '/home/tukorea/ros2_ws/build/dss_lio_sam', 'catkin_cmake_args': None, 'catkin_skip_building_tests': False, 'cmake_args': ['-DCMAKE_BUILD_TYPE=Release', '-DGTSAM_DIR=/usr/local/lib/cmake/GTSAM'], 'cmake_clean_cache': False, 'cmake_clean_first': False, 'cmake_force_configure': False, 'cmake_target': None, 'cmake_target_skip_unavailable': False, 'install_base': '/home/tukorea/ros2_ws/install/dss_lio_sam', 'merge_install': False, 'path': '/home/tukorea/ros2_ws/src/SLAM/LIO-SAM/dss_lio_sam', 'symlink_install': False, 'test_result_base': None}
[0.201s] Level 5:colcon.colcon_core.verb:set package 'dss_ros2_bridge' build argument 'cmake_args' from command line to '['-DCMAKE_BUILD_TYPE=Release', '-DGTSAM_DIR=/usr/local/lib/cmake/GTSAM']'
[0.201s] Level 5:colcon.colcon_core.verb:set package 'dss_ros2_bridge' build argument 'cmake_target' from command line to 'None'
[0.201s] Level 5:colcon.colcon_core.verb:set package 'dss_ros2_bridge' build argument 'cmake_target_skip_unavailable' from command line to 'False'
[0.201s] Level 5:colcon.colcon_core.verb:set package 'dss_ros2_bridge' build argument 'cmake_clean_cache' from command line to 'False'
[0.201s] Level 5:colcon.colcon_core.verb:set package 'dss_ros2_bridge' build argument 'cmake_clean_first' from command line to 'False'
[0.201s] Level 5:colcon.colcon_core.verb:set package 'dss_ros2_bridge' build argument 'cmake_force_configure' from command line to 'False'
[0.201s] Level 5:colcon.colcon_core.verb:set package 'dss_ros2_bridge' build argument 'ament_cmake_args' from command line to 'None'
[0.201s] Level 5:colcon.colcon_core.verb:set package 'dss_ros2_bridge' build argument 'catkin_cmake_args' from command line to 'None'
[0.201s] Level 5:colcon.colcon_core.verb:set package 'dss_ros2_bridge' build argument 'catkin_skip_building_tests' from command line to 'False'
[0.201s] DEBUG:colcon.colcon_core.verb:Building package 'dss_ros2_bridge' with the following arguments: {'ament_cmake_args': None, 'build_base': '/home/tukorea/ros2_ws/build/dss_ros2_bridge', 'catkin_cmake_args': None, 'catkin_skip_building_tests': False, 'cmake_args': ['-DCMAKE_BUILD_TYPE=Release', '-DGTSAM_DIR=/usr/local/lib/cmake/GTSAM'], 'cmake_clean_cache': False, 'cmake_clean_first': False, 'cmake_force_configure': False, 'cmake_target': None, 'cmake_target_skip_unavailable': False, 'install_base': '/home/tukorea/ros2_ws/install/dss_ros2_bridge', 'merge_install': False, 'path': '/home/tukorea/ros2_ws/src/dss_ros2_bridge/dss_ros2_bridge', 'symlink_install': False, 'test_result_base': None}
[0.201s] Level 5:colcon.colcon_core.verb:set package 'lio_sam' build argument 'cmake_args' from command line to '['-DCMAKE_BUILD_TYPE=Release', '-DGTSAM_DIR=/usr/local/lib/cmake/GTSAM']'
[0.201s] Level 5:colcon.colcon_core.verb:set package 'lio_sam' build argument 'cmake_target' from command line to 'None'
[0.201s] Level 5:colcon.colcon_core.verb:set package 'lio_sam' build argument 'cmake_target_skip_unavailable' from command line to 'False'
[0.201s] Level 5:colcon.colcon_core.verb:set package 'lio_sam' build argument 'cmake_clean_cache' from command line to 'False'
[0.201s] Level 5:colcon.colcon_core.verb:set package 'lio_sam' build argument 'cmake_clean_first' from command line to 'False'
[0.201s] Level 5:colcon.colcon_core.verb:set package 'lio_sam' build argument 'cmake_force_configure' from command line to 'False'
[0.201s] Level 5:colcon.colcon_core.verb:set package 'lio_sam' build argument 'ament_cmake_args' from command line to 'None'
[0.201s] Level 5:colcon.colcon_core.verb:set package 'lio_sam' build argument 'catkin_cmake_args' from command line to 'None'
[0.201s] Level 5:colcon.colcon_core.verb:set package 'lio_sam' build argument 'catkin_skip_building_tests' from command line to 'False'
[0.201s] DEBUG:colcon.colcon_core.verb:Building package 'lio_sam' with the following arguments: {'ament_cmake_args': None, 'build_base': '/home/tukorea/ros2_ws/build/lio_sam', 'catkin_cmake_args': None, 'catkin_skip_building_tests': False, 'cmake_args': ['-DCMAKE_BUILD_TYPE=Release', '-DGTSAM_DIR=/usr/local/lib/cmake/GTSAM'], 'cmake_clean_cache': False, 'cmake_clean_first': False, 'cmake_force_configure': False, 'cmake_target': None, 'cmake_target_skip_unavailable': False, 'install_base': '/home/tukorea/ros2_ws/install/lio_sam', 'merge_install': False, 'path': '/home/tukorea/ros2_ws/src/SLAM/LIO-SAM/lio_sam_ros2', 'symlink_install': False, 'test_result_base': None}
[0.201s] Level 5:colcon.colcon_core.verb:set package 'livox_lio_sam' build argument 'cmake_args' from command line to '['-DCMAKE_BUILD_TYPE=Release', '-DGTSAM_DIR=/usr/local/lib/cmake/GTSAM']'
[0.201s] Level 5:colcon.colcon_core.verb:set package 'livox_lio_sam' build argument 'cmake_target' from command line to 'None'
[0.201s] Level 5:colcon.colcon_core.verb:set package 'livox_lio_sam' build argument 'cmake_target_skip_unavailable' from command line to 'False'
[0.201s] Level 5:colcon.colcon_core.verb:set package 'livox_lio_sam' build argument 'cmake_clean_cache' from command line to 'False'
[0.201s] Level 5:colcon.colcon_core.verb:set package 'livox_lio_sam' build argument 'cmake_clean_first' from command line to 'False'
[0.201s] Level 5:colcon.colcon_core.verb:set package 'livox_lio_sam' build argument 'cmake_force_configure' from command line to 'False'
[0.201s] Level 5:colcon.colcon_core.verb:set package 'livox_lio_sam' build argument 'ament_cmake_args' from command line to 'None'
[0.201s] Level 5:colcon.colcon_core.verb:set package 'livox_lio_sam' build argument 'catkin_cmake_args' from command line to 'None'
[0.201s] Level 5:colcon.colcon_core.verb:set package 'livox_lio_sam' build argument 'catkin_skip_building_tests' from command line to 'False'
[0.201s] DEBUG:colcon.colcon_core.verb:Building package 'livox_lio_sam' with the following arguments: {'ament_cmake_args': None, 'build_base': '/home/tukorea/ros2_ws/build/livox_lio_sam', 'catkin_cmake_args': None, 'catkin_skip_building_tests': False, 'cmake_args': ['-DCMAKE_BUILD_TYPE=Release', '-DGTSAM_DIR=/usr/local/lib/cmake/GTSAM'], 'cmake_clean_cache': False, 'cmake_clean_first': False, 'cmake_force_configure': False, 'cmake_target': None, 'cmake_target_skip_unavailable': False, 'install_base': '/home/tukorea/ros2_ws/install/livox_lio_sam', 'merge_install': False, 'path': '/home/tukorea/ros2_ws/src/SLAM/LIO-SAM/livox_lio_sam', 'symlink_install': False, 'test_result_base': None}
[0.202s] Level 5:colcon.colcon_core.verb:set package 'slam_launch_manager' build argument 'cmake_args' from command line to '['-DCMAKE_BUILD_TYPE=Release', '-DGTSAM_DIR=/usr/local/lib/cmake/GTSAM']'
[0.202s] Level 5:colcon.colcon_core.verb:set package 'slam_launch_manager' build argument 'cmake_target' from command line to 'None'
[0.202s] Level 5:colcon.colcon_core.verb:set package 'slam_launch_manager' build argument 'cmake_target_skip_unavailable' from command line to 'False'
[0.202s] Level 5:colcon.colcon_core.verb:set package 'slam_launch_manager' build argument 'cmake_clean_cache' from command line to 'False'
[0.202s] Level 5:colcon.colcon_core.verb:set package 'slam_launch_manager' build argument 'cmake_clean_first' from command line to 'False'
[0.202s] Level 5:colcon.colcon_core.verb:set package 'slam_launch_manager' build argument 'cmake_force_configure' from command line to 'False'
[0.202s] Level 5:colcon.colcon_core.verb:set package 'slam_launch_manager' build argument 'ament_cmake_args' from command line to 'None'
[0.202s] Level 5:colcon.colcon_core.verb:set package 'slam_launch_manager' build argument 'catkin_cmake_args' from command line to 'None'
[0.202s] Level 5:colcon.colcon_core.verb:set package 'slam_launch_manager' build argument 'catkin_skip_building_tests' from command line to 'False'
[0.202s] DEBUG:colcon.colcon_core.verb:Building package 'slam_launch_manager' with the following arguments: {'ament_cmake_args': None, 'build_base': '/home/tukorea/ros2_ws/build/slam_launch_manager', 'catkin_cmake_args': None, 'catkin_skip_building_tests': False, 'cmake_args': ['-DCMAKE_BUILD_TYPE=Release', '-DGTSAM_DIR=/usr/local/lib/cmake/GTSAM'], 'cmake_clean_cache': False, 'cmake_clean_first': False, 'cmake_force_configure': False, 'cmake_target': None, 'cmake_target_skip_unavailable': False, 'install_base': '/home/tukorea/ros2_ws/install/slam_launch_manager', 'merge_install': False, 'path': '/home/tukorea/ros2_ws/src/Tool/slam_launch_manager', 'symlink_install': False, 'test_result_base': None}
[0.202s] INFO:colcon.colcon_core.executor:Executing jobs using 'parallel' executor
[0.202s] DEBUG:colcon.colcon_parallel_executor.executor.parallel:run_until_complete
[0.203s] INFO:colcon.colcon_ros.task.ament_python.build:Building ROS package in '/home/tukorea/ros2_ws/src/Tool/bag_replay_tool_ros2' with build type 'ament_python'
[0.203s] Level 1:colcon.colcon_core.shell:create_environment_hook('bag_replay_tool_ros2', 'ament_prefix_path')
[0.204s] INFO:colcon.colcon_core.plugin_system:Skipping extension 'colcon_core.shell.bat': Not used on non-Windows systems
[0.204s] INFO:colcon.colcon_core.shell:Creating environment hook '/home/tukorea/ros2_ws/install/bag_replay_tool_ros2/share/bag_replay_tool_ros2/hook/ament_prefix_path.ps1'
[0.204s] INFO:colcon.colcon_core.shell:Creating environment descriptor '/home/tukorea/ros2_ws/install/bag_replay_tool_ros2/share/bag_replay_tool_ros2/hook/ament_prefix_path.dsv'
[0.205s] INFO:colcon.colcon_core.shell:Creating environment hook '/home/tukorea/ros2_ws/install/bag_replay_tool_ros2/share/bag_replay_tool_ros2/hook/ament_prefix_path.sh'
[0.205s] INFO:colcon.colcon_core.shell:Skip shell extension 'powershell' for command environment: Not usable outside of PowerShell
[0.205s] DEBUG:colcon.colcon_core.shell:Skip shell extension 'dsv' for command environment
[0.314s] INFO:colcon.colcon_core.task.python.build:Building Python package in '/home/tukorea/ros2_ws/src/Tool/bag_replay_tool_ros2'
[0.314s] INFO:colcon.colcon_core.shell:Skip shell extension 'powershell' for command environment: Not usable outside of PowerShell
[0.314s] DEBUG:colcon.colcon_core.shell:Skip shell extension 'dsv' for command environment
[0.468s] DEBUG:colcon.colcon_core.event_handler.log_command:Invoking command in '/home/tukorea/ros2_ws/src/Tool/bag_replay_tool_ros2': PYTHONPATH=/home/tukorea/ros2_ws/build/bag_replay_tool_ros2/prefix_override:/usr/lib/python3/dist-packages/colcon_core/task/python/colcon_distutils_commands:/home/tukorea/ros2_ws/install/bag_replay_tool_ros2/lib/python3.10/site-packages:${PYTHONPATH} /usr/bin/python3 -W ignore:setup.py install is deprecated -W ignore:easy_install command is deprecated setup.py egg_info --egg-base ../../../build/bag_replay_tool_ros2 build --build-base /home/tukorea/ros2_ws/build/bag_replay_tool_ros2/build install --record /home/tukorea/ros2_ws/build/bag_replay_tool_ros2/install.log --single-version-externally-managed install_data
[0.594s] DEBUG:colcon.colcon_core.event_handler.log_command:Invoked command in '/home/tukorea/ros2_ws/src/Tool/bag_replay_tool_ros2' returned '0': PYTHONPATH=/home/tukorea/ros2_ws/build/bag_replay_tool_ros2/prefix_override:/usr/lib/python3/dist-packages/colcon_core/task/python/colcon_distutils_commands:/home/tukorea/ros2_ws/install/bag_replay_tool_ros2/lib/python3.10/site-packages:${PYTHONPATH} /usr/bin/python3 -W ignore:setup.py install is deprecated -W ignore:easy_install command is deprecated setup.py egg_info --egg-base ../../../build/bag_replay_tool_ros2 build --build-base /home/tukorea/ros2_ws/build/bag_replay_tool_ros2/build install --record /home/tukorea/ros2_ws/build/bag_replay_tool_ros2/install.log --single-version-externally-managed install_data
[0.595s] Level 1:colcon.colcon_core.environment:checking '/home/tukorea/ros2_ws/install/bag_replay_tool_ros2' for CMake module files
[0.596s] Level 1:colcon.colcon_core.environment:checking '/home/tukorea/ros2_ws/install/bag_replay_tool_ros2' for CMake config files
[0.596s] Level 1:colcon.colcon_core.environment:checking '/home/tukorea/ros2_ws/install/bag_replay_tool_ros2/lib'
[0.596s] Level 1:colcon.colcon_core.environment:checking '/home/tukorea/ros2_ws/install/bag_replay_tool_ros2/bin'
[0.596s] Level 1:colcon.colcon_core.environment:checking '/home/tukorea/ros2_ws/install/bag_replay_tool_ros2/lib/pkgconfig/bag_replay_tool_ros2.pc'
[0.596s] Level 1:colcon.colcon_core.environment:checking '/home/tukorea/ros2_ws/install/bag_replay_tool_ros2/lib/python3.10/site-packages'
[0.596s] Level 1:colcon.colcon_core.shell:create_environment_hook('bag_replay_tool_ros2', 'pythonpath')
[0.596s] INFO:colcon.colcon_core.shell:Creating environment hook '/home/tukorea/ros2_ws/install/bag_replay_tool_ros2/share/bag_replay_tool_ros2/hook/pythonpath.ps1'
[0.597s] INFO:colcon.colcon_core.shell:Creating environment descriptor '/home/tukorea/ros2_ws/install/bag_replay_tool_ros2/share/bag_replay_tool_ros2/hook/pythonpath.dsv'
[0.597s] INFO:colcon.colcon_core.shell:Creating environment hook '/home/tukorea/ros2_ws/install/bag_replay_tool_ros2/share/bag_replay_tool_ros2/hook/pythonpath.sh'
[0.597s] Level 1:colcon.colcon_core.environment:checking '/home/tukorea/ros2_ws/install/bag_replay_tool_ros2/bin'
[0.597s] Level 1:colcon.colcon_core.environment:create_environment_scripts_only(bag_replay_tool_ros2)
[0.598s] INFO:colcon.colcon_core.shell:Creating package script '/home/tukorea/ros2_ws/install/bag_replay_tool_ros2/share/bag_replay_tool_ros2/package.ps1'
[0.598s] INFO:colcon.colcon_core.shell:Creating package descriptor '/home/tukorea/ros2_ws/install/bag_replay_tool_ros2/share/bag_replay_tool_ros2/package.dsv'
[0.598s] INFO:colcon.colcon_core.shell:Creating package script '/home/tukorea/ros2_ws/install/bag_replay_tool_ros2/share/bag_replay_tool_ros2/package.sh'
[0.598s] INFO:colcon.colcon_core.shell:Creating package script '/home/tukorea/ros2_ws/install/bag_replay_tool_ros2/share/bag_replay_tool_ros2/package.bash'
[0.599s] INFO:colcon.colcon_core.shell:Creating package script '/home/tukorea/ros2_ws/install/bag_replay_tool_ros2/share/bag_replay_tool_ros2/package.zsh'
[0.599s] Level 1:colcon.colcon_core.environment:create_file_with_runtime_dependencies(/home/tukorea/ros2_ws/install/bag_replay_tool_ros2/share/colcon-core/packages/bag_replay_tool_ros2)
[0.599s] INFO:colcon.colcon_ros.task.ament_cmake.build:Building ROS package in '/home/tukorea/ros2_ws/src/SLAM/LIO-SAM/dss_lio_sam' with build type 'ament_cmake'
[0.599s] INFO:colcon.colcon_cmake.task.cmake.build:Building CMake package in '/home/tukorea/ros2_ws/src/SLAM/LIO-SAM/dss_lio_sam'
[0.599s] INFO:colcon.colcon_core.shell:Skip shell extension 'powershell' for command environment: Not usable outside of PowerShell
[0.599s] DEBUG:colcon.colcon_core.shell:Skip shell extension 'dsv' for command environment
[0.605s] DEBUG:colcon.colcon_core.event_handler.log_command:Invoking command in '/home/tukorea/ros2_ws/build/dss_lio_sam': CMAKE_PREFIX_PATH=${CMAKE_PREFIX_PATH}:/home/tukorea/ros2_ws/install/slam_launch_manager:/home/tukorea/ros2_ws/install/bag_replay_tool_ros2:/opt/ros/humble /usr/bin/cmake --build /home/tukorea/ros2_ws/build/dss_lio_sam -- -j20 -l20
[0.772s] DEBUG:colcon.colcon_core.event_handler.log_command:Invoked command in '/home/tukorea/ros2_ws/build/dss_lio_sam' returned '0': CMAKE_PREFIX_PATH=${CMAKE_PREFIX_PATH}:/home/tukorea/ros2_ws/install/slam_launch_manager:/home/tukorea/ros2_ws/install/bag_replay_tool_ros2:/opt/ros/humble /usr/bin/cmake --build /home/tukorea/ros2_ws/build/dss_lio_sam -- -j20 -l20
[0.778s] DEBUG:colcon.colcon_core.event_handler.log_command:Invoking command in '/home/tukorea/ros2_ws/build/dss_lio_sam': CMAKE_PREFIX_PATH=${CMAKE_PREFIX_PATH}:/home/tukorea/ros2_ws/install/slam_launch_manager:/home/tukorea/ros2_ws/install/bag_replay_tool_ros2:/opt/ros/humble /usr/bin/cmake --install /home/tukorea/ros2_ws/build/dss_lio_sam
[0.806s] Level 1:colcon.colcon_core.environment:create_environment_scripts_only(dss_lio_sam)
[0.806s] Level 1:colcon.colcon_core.environment:checking '/home/tukorea/ros2_ws/install/dss_lio_sam' for CMake module files
[0.806s] DEBUG:colcon.colcon_core.event_handler.log_command:Invoked command in '/home/tukorea/ros2_ws/build/dss_lio_sam' returned '0': CMAKE_PREFIX_PATH=${CMAKE_PREFIX_PATH}:/home/tukorea/ros2_ws/install/slam_launch_manager:/home/tukorea/ros2_ws/install/bag_replay_tool_ros2:/opt/ros/humble /usr/bin/cmake --install /home/tukorea/ros2_ws/build/dss_lio_sam
[0.806s] Level 1:colcon.colcon_core.environment:checking '/home/tukorea/ros2_ws/install/dss_lio_sam' for CMake config files
[0.806s] Level 1:colcon.colcon_core.shell:create_environment_hook('dss_lio_sam', 'cmake_prefix_path')
[0.806s] INFO:colcon.colcon_core.shell:Creating environment hook '/home/tukorea/ros2_ws/install/dss_lio_sam/share/dss_lio_sam/hook/cmake_prefix_path.ps1'
[0.807s] INFO:colcon.colcon_core.shell:Creating environment descriptor '/home/tukorea/ros2_ws/install/dss_lio_sam/share/dss_lio_sam/hook/cmake_prefix_path.dsv'
[0.807s] INFO:colcon.colcon_core.shell:Creating environment hook '/home/tukorea/ros2_ws/install/dss_lio_sam/share/dss_lio_sam/hook/cmake_prefix_path.sh'
[0.807s] Level 1:colcon.colcon_core.environment:checking '/home/tukorea/ros2_ws/install/dss_lio_sam/lib'
[0.807s] Level 1:colcon.colcon_core.shell:create_environment_hook('dss_lio_sam', 'ld_library_path_lib')
[0.807s] INFO:colcon.colcon_core.shell:Creating environment hook '/home/tukorea/ros2_ws/install/dss_lio_sam/share/dss_lio_sam/hook/ld_library_path_lib.ps1'
[0.807s] INFO:colcon.colcon_core.shell:Creating environment descriptor '/home/tukorea/ros2_ws/install/dss_lio_sam/share/dss_lio_sam/hook/ld_library_path_lib.dsv'
[0.807s] INFO:colcon.colcon_core.shell:Creating environment hook '/home/tukorea/ros2_ws/install/dss_lio_sam/share/dss_lio_sam/hook/ld_library_path_lib.sh'
[0.808s] Level 1:colcon.colcon_core.environment:checking '/home/tukorea/ros2_ws/install/dss_lio_sam/bin'
[0.808s] Level 1:colcon.colcon_core.environment:checking '/home/tukorea/ros2_ws/install/dss_lio_sam/lib/pkgconfig/dss_lio_sam.pc'
[0.808s] Level 1:colcon.colcon_core.environment:checking '/home/tukorea/ros2_ws/install/dss_lio_sam/lib/python3.10/site-packages'
[0.808s] Level 1:colcon.colcon_core.environment:checking '/home/tukorea/ros2_ws/install/dss_lio_sam/bin'
[0.808s] INFO:colcon.colcon_core.shell:Creating package script '/home/tukorea/ros2_ws/install/dss_lio_sam/share/dss_lio_sam/package.ps1'
[0.808s] INFO:colcon.colcon_core.shell:Creating package descriptor '/home/tukorea/ros2_ws/install/dss_lio_sam/share/dss_lio_sam/package.dsv'
[0.808s] INFO:colcon.colcon_core.shell:Creating package script '/home/tukorea/ros2_ws/install/dss_lio_sam/share/dss_lio_sam/package.sh'
[0.809s] INFO:colcon.colcon_core.shell:Creating package script '/home/tukorea/ros2_ws/install/dss_lio_sam/share/dss_lio_sam/package.bash'
[0.809s] INFO:colcon.colcon_core.shell:Creating package script '/home/tukorea/ros2_ws/install/dss_lio_sam/share/dss_lio_sam/package.zsh'
[0.809s] Level 1:colcon.colcon_core.environment:create_file_with_runtime_dependencies(/home/tukorea/ros2_ws/install/dss_lio_sam/share/colcon-core/packages/dss_lio_sam)
[0.809s] Level 1:colcon.colcon_core.environment:create_environment_scripts_only(dss_lio_sam)
[0.809s] Level 1:colcon.colcon_core.environment:checking '/home/tukorea/ros2_ws/install/dss_lio_sam' for CMake module files
[0.810s] Level 1:colcon.colcon_core.environment:checking '/home/tukorea/ros2_ws/install/dss_lio_sam' for CMake config files
[0.810s] Level 1:colcon.colcon_core.shell:create_environment_hook('dss_lio_sam', 'cmake_prefix_path')
[0.810s] INFO:colcon.colcon_core.shell:Creating environment hook '/home/tukorea/ros2_ws/install/dss_lio_sam/share/dss_lio_sam/hook/cmake_prefix_path.ps1'
[0.810s] INFO:colcon.colcon_core.shell:Creating environment descriptor '/home/tukorea/ros2_ws/install/dss_lio_sam/share/dss_lio_sam/hook/cmake_prefix_path.dsv'
[0.810s] INFO:colcon.colcon_core.shell:Creating environment hook '/home/tukorea/ros2_ws/install/dss_lio_sam/share/dss_lio_sam/hook/cmake_prefix_path.sh'
[0.810s] Level 1:colcon.colcon_core.environment:checking '/home/tukorea/ros2_ws/install/dss_lio_sam/lib'
[0.810s] Level 1:colcon.colcon_core.shell:create_environment_hook('dss_lio_sam', 'ld_library_path_lib')
[0.810s] INFO:colcon.colcon_core.shell:Creating environment hook '/home/tukorea/ros2_ws/install/dss_lio_sam/share/dss_lio_sam/hook/ld_library_path_lib.ps1'
[0.811s] INFO:colcon.colcon_core.shell:Creating environment descriptor '/home/tukorea/ros2_ws/install/dss_lio_sam/share/dss_lio_sam/hook/ld_library_path_lib.dsv'
[0.811s] INFO:colcon.colcon_core.shell:Creating environment hook '/home/tukorea/ros2_ws/install/dss_lio_sam/share/dss_lio_sam/hook/ld_library_path_lib.sh'
[0.811s] Level 1:colcon.colcon_core.environment:checking '/home/tukorea/ros2_ws/install/dss_lio_sam/bin'
[0.811s] Level 1:colcon.colcon_core.environment:checking '/home/tukorea/ros2_ws/install/dss_lio_sam/lib/pkgconfig/dss_lio_sam.pc'
[0.811s] Level 1:colcon.colcon_core.environment:checking '/home/tukorea/ros2_ws/install/dss_lio_sam/lib/python3.10/site-packages'
[0.811s] Level 1:colcon.colcon_core.environment:checking '/home/tukorea/ros2_ws/install/dss_lio_sam/bin'
[0.811s] INFO:colcon.colcon_core.shell:Creating package script '/home/tukorea/ros2_ws/install/dss_lio_sam/share/dss_lio_sam/package.ps1'
[0.811s] INFO:colcon.colcon_core.shell:Creating package descriptor '/home/tukorea/ros2_ws/install/dss_lio_sam/share/dss_lio_sam/package.dsv'
[0.812s] INFO:colcon.colcon_core.shell:Creating package script '/home/tukorea/ros2_ws/install/dss_lio_sam/share/dss_lio_sam/package.sh'
[0.812s] INFO:colcon.colcon_core.shell:Creating package script '/home/tukorea/ros2_ws/install/dss_lio_sam/share/dss_lio_sam/package.bash'
[0.812s] INFO:colcon.colcon_core.shell:Creating package script '/home/tukorea/ros2_ws/install/dss_lio_sam/share/dss_lio_sam/package.zsh'
[0.812s] Level 1:colcon.colcon_core.environment:create_file_with_runtime_dependencies(/home/tukorea/ros2_ws/install/dss_lio_sam/share/colcon-core/packages/dss_lio_sam)
[0.812s] INFO:colcon.colcon_ros.task.ament_cmake.build:Building ROS package in '/home/tukorea/ros2_ws/src/dss_ros2_bridge/dss_ros2_bridge' with build type 'ament_cmake'
[0.812s] INFO:colcon.colcon_cmake.task.cmake.build:Building CMake package in '/home/tukorea/ros2_ws/src/dss_ros2_bridge/dss_ros2_bridge'
[0.812s] INFO:colcon.colcon_core.shell:Skip shell extension 'powershell' for command environment: Not usable outside of PowerShell
[0.812s] DEBUG:colcon.colcon_core.shell:Skip shell extension 'dsv' for command environment
[0.817s] DEBUG:colcon.colcon_core.event_handler.log_command:Invoking command in '/home/tukorea/ros2_ws/build/dss_ros2_bridge': CMAKE_PREFIX_PATH=${CMAKE_PREFIX_PATH}:/home/tukorea/ros2_ws/install/slam_launch_manager:/home/tukorea/ros2_ws/install/bag_replay_tool_ros2:/opt/ros/humble /usr/bin/cmake --build /home/tukorea/ros2_ws/build/dss_ros2_bridge -- -j20 -l20
[0.981s] DEBUG:colcon.colcon_core.event_handler.log_command:Invoked command in '/home/tukorea/ros2_ws/build/dss_ros2_bridge' returned '0': CMAKE_PREFIX_PATH=${CMAKE_PREFIX_PATH}:/home/tukorea/ros2_ws/install/slam_launch_manager:/home/tukorea/ros2_ws/install/bag_replay_tool_ros2:/opt/ros/humble /usr/bin/cmake --build /home/tukorea/ros2_ws/build/dss_ros2_bridge -- -j20 -l20
[0.982s] DEBUG:colcon.colcon_core.event_handler.log_command:Invoking command in '/home/tukorea/ros2_ws/build/dss_ros2_bridge': CMAKE_PREFIX_PATH=${CMAKE_PREFIX_PATH}:/home/tukorea/ros2_ws/install/slam_launch_manager:/home/tukorea/ros2_ws/install/bag_replay_tool_ros2:/opt/ros/humble /usr/bin/cmake --install /home/tukorea/ros2_ws/build/dss_ros2_bridge
[1.009s] Level 1:colcon.colcon_core.environment:create_environment_scripts_only(dss_ros2_bridge)
[1.010s] Level 1:colcon.colcon_core.environment:checking '/home/tukorea/ros2_ws/install/dss_ros2_bridge' for CMake module files
[1.010s] DEBUG:colcon.colcon_core.event_handler.log_command:Invoked command in '/home/tukorea/ros2_ws/build/dss_ros2_bridge' returned '0': CMAKE_PREFIX_PATH=${CMAKE_PREFIX_PATH}:/home/tukorea/ros2_ws/install/slam_launch_manager:/home/tukorea/ros2_ws/install/bag_replay_tool_ros2:/opt/ros/humble /usr/bin/cmake --install /home/tukorea/ros2_ws/build/dss_ros2_bridge
[1.010s] Level 1:colcon.colcon_core.environment:checking '/home/tukorea/ros2_ws/install/dss_ros2_bridge' for CMake config files
[1.010s] Level 1:colcon.colcon_core.shell:create_environment_hook('dss_ros2_bridge', 'cmake_prefix_path')
[1.010s] INFO:colcon.colcon_core.shell:Creating environment hook '/home/tukorea/ros2_ws/install/dss_ros2_bridge/share/dss_ros2_bridge/hook/cmake_prefix_path.ps1'
[1.011s] INFO:colcon.colcon_core.shell:Creating environment descriptor '/home/tukorea/ros2_ws/install/dss_ros2_bridge/share/dss_ros2_bridge/hook/cmake_prefix_path.dsv'
[1.011s] INFO:colcon.colcon_core.shell:Creating environment hook '/home/tukorea/ros2_ws/install/dss_ros2_bridge/share/dss_ros2_bridge/hook/cmake_prefix_path.sh'
[1.011s] Level 1:colcon.colcon_core.environment:checking '/home/tukorea/ros2_ws/install/dss_ros2_bridge/lib'
[1.011s] Level 1:colcon.colcon_core.shell:create_environment_hook('dss_ros2_bridge', 'ld_library_path_lib')
[1.011s] INFO:colcon.colcon_core.shell:Creating environment hook '/home/tukorea/ros2_ws/install/dss_ros2_bridge/share/dss_ros2_bridge/hook/ld_library_path_lib.ps1'
[1.011s] INFO:colcon.colcon_core.shell:Creating environment descriptor '/home/tukorea/ros2_ws/install/dss_ros2_bridge/share/dss_ros2_bridge/hook/ld_library_path_lib.dsv'
[1.012s] INFO:colcon.colcon_core.shell:Creating environment hook '/home/tukorea/ros2_ws/install/dss_ros2_bridge/share/dss_ros2_bridge/hook/ld_library_path_lib.sh'
[1.012s] Level 1:colcon.colcon_core.environment:checking '/home/tukorea/ros2_ws/install/dss_ros2_bridge/bin'
[1.012s] Level 1:colcon.colcon_core.environment:checking '/home/tukorea/ros2_ws/install/dss_ros2_bridge/lib/pkgconfig/dss_ros2_bridge.pc'
[1.012s] Level 1:colcon.colcon_core.environment:checking '/home/tukorea/ros2_ws/install/dss_ros2_bridge/lib/python3.10/site-packages'
[1.012s] Level 1:colcon.colcon_core.environment:checking '/home/tukorea/ros2_ws/install/dss_ros2_bridge/bin'
[1.012s] INFO:colcon.colcon_core.shell:Creating package script '/home/tukorea/ros2_ws/install/dss_ros2_bridge/share/dss_ros2_bridge/package.ps1'
[1.012s] INFO:colcon.colcon_core.shell:Creating package descriptor '/home/tukorea/ros2_ws/install/dss_ros2_bridge/share/dss_ros2_bridge/package.dsv'
[1.013s] INFO:colcon.colcon_core.shell:Creating package script '/home/tukorea/ros2_ws/install/dss_ros2_bridge/share/dss_ros2_bridge/package.sh'
[1.013s] INFO:colcon.colcon_core.shell:Creating package script '/home/tukorea/ros2_ws/install/dss_ros2_bridge/share/dss_ros2_bridge/package.bash'
[1.013s] INFO:colcon.colcon_core.shell:Creating package script '/home/tukorea/ros2_ws/install/dss_ros2_bridge/share/dss_ros2_bridge/package.zsh'
[1.013s] Level 1:colcon.colcon_core.environment:create_file_with_runtime_dependencies(/home/tukorea/ros2_ws/install/dss_ros2_bridge/share/colcon-core/packages/dss_ros2_bridge)
[1.014s] Level 1:colcon.colcon_core.environment:create_environment_scripts_only(dss_ros2_bridge)
[1.014s] Level 1:colcon.colcon_core.environment:checking '/home/tukorea/ros2_ws/install/dss_ros2_bridge' for CMake module files
[1.014s] Level 1:colcon.colcon_core.environment:checking '/home/tukorea/ros2_ws/install/dss_ros2_bridge' for CMake config files
[1.014s] Level 1:colcon.colcon_core.shell:create_environment_hook('dss_ros2_bridge', 'cmake_prefix_path')
[1.014s] INFO:colcon.colcon_core.shell:Creating environment hook '/home/tukorea/ros2_ws/install/dss_ros2_bridge/share/dss_ros2_bridge/hook/cmake_prefix_path.ps1'
[1.014s] INFO:colcon.colcon_core.shell:Creating environment descriptor '/home/tukorea/ros2_ws/install/dss_ros2_bridge/share/dss_ros2_bridge/hook/cmake_prefix_path.dsv'
[1.014s] INFO:colcon.colcon_core.shell:Creating environment hook '/home/tukorea/ros2_ws/install/dss_ros2_bridge/share/dss_ros2_bridge/hook/cmake_prefix_path.sh'
[1.015s] Level 1:colcon.colcon_core.environment:checking '/home/tukorea/ros2_ws/install/dss_ros2_bridge/lib'
[1.015s] Level 1:colcon.colcon_core.shell:create_environment_hook('dss_ros2_bridge', 'ld_library_path_lib')
[1.015s] INFO:colcon.colcon_core.shell:Creating environment hook '/home/tukorea/ros2_ws/install/dss_ros2_bridge/share/dss_ros2_bridge/hook/ld_library_path_lib.ps1'
[1.015s] INFO:colcon.colcon_core.shell:Creating environment descriptor '/home/tukorea/ros2_ws/install/dss_ros2_bridge/share/dss_ros2_bridge/hook/ld_library_path_lib.dsv'
[1.015s] INFO:colcon.colcon_core.shell:Creating environment hook '/home/tukorea/ros2_ws/install/dss_ros2_bridge/share/dss_ros2_bridge/hook/ld_library_path_lib.sh'
[1.015s] Level 1:colcon.colcon_core.environment:checking '/home/tukorea/ros2_ws/install/dss_ros2_bridge/bin'
[1.015s] Level 1:colcon.colcon_core.environment:checking '/home/tukorea/ros2_ws/install/dss_ros2_bridge/lib/pkgconfig/dss_ros2_bridge.pc'
[1.015s] Level 1:colcon.colcon_core.environment:checking '/home/tukorea/ros2_ws/install/dss_ros2_bridge/lib/python3.10/site-packages'
[1.016s] Level 1:colcon.colcon_core.environment:checking '/home/tukorea/ros2_ws/install/dss_ros2_bridge/bin'
[1.016s] INFO:colcon.colcon_core.shell:Creating package script '/home/tukorea/ros2_ws/install/dss_ros2_bridge/share/dss_ros2_bridge/package.ps1'
[1.016s] INFO:colcon.colcon_core.shell:Creating package descriptor '/home/tukorea/ros2_ws/install/dss_ros2_bridge/share/dss_ros2_bridge/package.dsv'
[1.016s] INFO:colcon.colcon_core.shell:Creating package script '/home/tukorea/ros2_ws/install/dss_ros2_bridge/share/dss_ros2_bridge/package.sh'
[1.016s] INFO:colcon.colcon_core.shell:Creating package script '/home/tukorea/ros2_ws/install/dss_ros2_bridge/share/dss_ros2_bridge/package.bash'
[1.016s] INFO:colcon.colcon_core.shell:Creating package script '/home/tukorea/ros2_ws/install/dss_ros2_bridge/share/dss_ros2_bridge/package.zsh'
[1.017s] Level 1:colcon.colcon_core.environment:create_file_with_runtime_dependencies(/home/tukorea/ros2_ws/install/dss_ros2_bridge/share/colcon-core/packages/dss_ros2_bridge)
[1.017s] INFO:colcon.colcon_ros.task.ament_cmake.build:Building ROS package in '/home/tukorea/ros2_ws/src/SLAM/LIO-SAM/lio_sam_ros2' with build type 'ament_cmake'
[1.017s] INFO:colcon.colcon_cmake.task.cmake.build:Building CMake package in '/home/tukorea/ros2_ws/src/SLAM/LIO-SAM/lio_sam_ros2'
[1.017s] INFO:colcon.colcon_core.shell:Skip shell extension 'powershell' for command environment: Not usable outside of PowerShell
[1.017s] DEBUG:colcon.colcon_core.shell:Skip shell extension 'dsv' for command environment
[1.022s] DEBUG:colcon.colcon_core.event_handler.log_command:Invoking command in '/home/tukorea/ros2_ws/build/lio_sam': CMAKE_PREFIX_PATH=${CMAKE_PREFIX_PATH}:/home/tukorea/ros2_ws/install/slam_launch_manager:/home/tukorea/ros2_ws/install/bag_replay_tool_ros2:/opt/ros/humble /usr/bin/cmake --build /home/tukorea/ros2_ws/build/lio_sam -- -j20 -l20
[1.189s] DEBUG:colcon.colcon_core.event_handler.log_command:Invoked command in '/home/tukorea/ros2_ws/build/lio_sam' returned '0': CMAKE_PREFIX_PATH=${CMAKE_PREFIX_PATH}:/home/tukorea/ros2_ws/install/slam_launch_manager:/home/tukorea/ros2_ws/install/bag_replay_tool_ros2:/opt/ros/humble /usr/bin/cmake --build /home/tukorea/ros2_ws/build/lio_sam -- -j20 -l20
[1.190s] DEBUG:colcon.colcon_core.event_handler.log_command:Invoking command in '/home/tukorea/ros2_ws/build/lio_sam': CMAKE_PREFIX_PATH=${CMAKE_PREFIX_PATH}:/home/tukorea/ros2_ws/install/slam_launch_manager:/home/tukorea/ros2_ws/install/bag_replay_tool_ros2:/opt/ros/humble /usr/bin/cmake --install /home/tukorea/ros2_ws/build/lio_sam
[1.218s] Level 1:colcon.colcon_core.environment:create_environment_scripts_only(lio_sam)
[1.219s] Level 1:colcon.colcon_core.environment:checking '/home/tukorea/ros2_ws/install/lio_sam' for CMake module files
[1.219s] DEBUG:colcon.colcon_core.event_handler.log_command:Invoked command in '/home/tukorea/ros2_ws/build/lio_sam' returned '0': CMAKE_PREFIX_PATH=${CMAKE_PREFIX_PATH}:/home/tukorea/ros2_ws/install/slam_launch_manager:/home/tukorea/ros2_ws/install/bag_replay_tool_ros2:/opt/ros/humble /usr/bin/cmake --install /home/tukorea/ros2_ws/build/lio_sam
[1.219s] Level 1:colcon.colcon_core.environment:checking '/home/tukorea/ros2_ws/install/lio_sam' for CMake config files
[1.219s] Level 1:colcon.colcon_core.shell:create_environment_hook('lio_sam', 'cmake_prefix_path')
[1.219s] INFO:colcon.colcon_core.shell:Creating environment hook '/home/tukorea/ros2_ws/install/lio_sam/share/lio_sam/hook/cmake_prefix_path.ps1'
[1.220s] INFO:colcon.colcon_core.shell:Creating environment descriptor '/home/tukorea/ros2_ws/install/lio_sam/share/lio_sam/hook/cmake_prefix_path.dsv'
[1.220s] INFO:colcon.colcon_core.shell:Creating environment hook '/home/tukorea/ros2_ws/install/lio_sam/share/lio_sam/hook/cmake_prefix_path.sh'
[1.220s] Level 1:colcon.colcon_core.environment:checking '/home/tukorea/ros2_ws/install/lio_sam/lib'
[1.220s] Level 1:colcon.colcon_core.shell:create_environment_hook('lio_sam', 'ld_library_path_lib')
[1.220s] INFO:colcon.colcon_core.shell:Creating environment hook '/home/tukorea/ros2_ws/install/lio_sam/share/lio_sam/hook/ld_library_path_lib.ps1'
[1.220s] INFO:colcon.colcon_core.shell:Creating environment descriptor '/home/tukorea/ros2_ws/install/lio_sam/share/lio_sam/hook/ld_library_path_lib.dsv'
[1.220s] INFO:colcon.colcon_core.shell:Creating environment hook '/home/tukorea/ros2_ws/install/lio_sam/share/lio_sam/hook/ld_library_path_lib.sh'
[1.221s] Level 1:colcon.colcon_core.environment:checking '/home/tukorea/ros2_ws/install/lio_sam/bin'
[1.221s] Level 1:colcon.colcon_core.environment:checking '/home/tukorea/ros2_ws/install/lio_sam/lib/pkgconfig/lio_sam.pc'
[1.221s] Level 1:colcon.colcon_core.environment:checking '/home/tukorea/ros2_ws/install/lio_sam/lib/python3.10/site-packages'
[1.221s] Level 1:colcon.colcon_core.environment:checking '/home/tukorea/ros2_ws/install/lio_sam/bin'
[1.221s] INFO:colcon.colcon_core.shell:Creating package script '/home/tukorea/ros2_ws/install/lio_sam/share/lio_sam/package.ps1'
[1.221s] INFO:colcon.colcon_core.shell:Creating package descriptor '/home/tukorea/ros2_ws/install/lio_sam/share/lio_sam/package.dsv'
[1.221s] INFO:colcon.colcon_core.shell:Creating package script '/home/tukorea/ros2_ws/install/lio_sam/share/lio_sam/package.sh'
[1.222s] INFO:colcon.colcon_core.shell:Creating package script '/home/tukorea/ros2_ws/install/lio_sam/share/lio_sam/package.bash'
[1.222s] INFO:colcon.colcon_core.shell:Creating package script '/home/tukorea/ros2_ws/install/lio_sam/share/lio_sam/package.zsh'
[1.222s] Level 1:colcon.colcon_core.environment:create_file_with_runtime_dependencies(/home/tukorea/ros2_ws/install/lio_sam/share/colcon-core/packages/lio_sam)
[1.222s] Level 1:colcon.colcon_core.environment:create_environment_scripts_only(lio_sam)
[1.222s] Level 1:colcon.colcon_core.environment:checking '/home/tukorea/ros2_ws/install/lio_sam' for CMake module files
[1.222s] Level 1:colcon.colcon_core.environment:checking '/home/tukorea/ros2_ws/install/lio_sam' for CMake config files
[1.222s] Level 1:colcon.colcon_core.shell:create_environment_hook('lio_sam', 'cmake_prefix_path')
[1.223s] INFO:colcon.colcon_core.shell:Creating environment hook '/home/tukorea/ros2_ws/install/lio_sam/share/lio_sam/hook/cmake_prefix_path.ps1'
[1.223s] INFO:colcon.colcon_core.shell:Creating environment descriptor '/home/tukorea/ros2_ws/install/lio_sam/share/lio_sam/hook/cmake_prefix_path.dsv'
[1.223s] INFO:colcon.colcon_core.shell:Creating environment hook '/home/tukorea/ros2_ws/install/lio_sam/share/lio_sam/hook/cmake_prefix_path.sh'
[1.223s] Level 1:colcon.colcon_core.environment:checking '/home/tukorea/ros2_ws/install/lio_sam/lib'
[1.223s] Level 1:colcon.colcon_core.shell:create_environment_hook('lio_sam', 'ld_library_path_lib')
[1.223s] INFO:colcon.colcon_core.shell:Creating environment hook '/home/tukorea/ros2_ws/install/lio_sam/share/lio_sam/hook/ld_library_path_lib.ps1'
[1.223s] INFO:colcon.colcon_core.shell:Creating environment descriptor '/home/tukorea/ros2_ws/install/lio_sam/share/lio_sam/hook/ld_library_path_lib.dsv'
[1.223s] INFO:colcon.colcon_core.shell:Creating environment hook '/home/tukorea/ros2_ws/install/lio_sam/share/lio_sam/hook/ld_library_path_lib.sh'
[1.224s] Level 1:colcon.colcon_core.environment:checking '/home/tukorea/ros2_ws/install/lio_sam/bin'
[1.224s] Level 1:colcon.colcon_core.environment:checking '/home/tukorea/ros2_ws/install/lio_sam/lib/pkgconfig/lio_sam.pc'
[1.224s] Level 1:colcon.colcon_core.environment:checking '/home/tukorea/ros2_ws/install/lio_sam/lib/python3.10/site-packages'
[1.224s] Level 1:colcon.colcon_core.environment:checking '/home/tukorea/ros2_ws/install/lio_sam/bin'
[1.224s] INFO:colcon.colcon_core.shell:Creating package script '/home/tukorea/ros2_ws/install/lio_sam/share/lio_sam/package.ps1'
[1.224s] INFO:colcon.colcon_core.shell:Creating package descriptor '/home/tukorea/ros2_ws/install/lio_sam/share/lio_sam/package.dsv'
[1.224s] INFO:colcon.colcon_core.shell:Creating package script '/home/tukorea/ros2_ws/install/lio_sam/share/lio_sam/package.sh'
[1.225s] INFO:colcon.colcon_core.shell:Creating package script '/home/tukorea/ros2_ws/install/lio_sam/share/lio_sam/package.bash'
[1.225s] INFO:colcon.colcon_core.shell:Creating package script '/home/tukorea/ros2_ws/install/lio_sam/share/lio_sam/package.zsh'
[1.225s] Level 1:colcon.colcon_core.environment:create_file_with_runtime_dependencies(/home/tukorea/ros2_ws/install/lio_sam/share/colcon-core/packages/lio_sam)
[1.225s] INFO:colcon.colcon_ros.task.ament_cmake.build:Building ROS package in '/home/tukorea/ros2_ws/src/SLAM/LIO-SAM/livox_lio_sam' with build type 'ament_cmake'
[1.225s] INFO:colcon.colcon_cmake.task.cmake.build:Building CMake package in '/home/tukorea/ros2_ws/src/SLAM/LIO-SAM/livox_lio_sam'
[1.225s] INFO:colcon.colcon_core.shell:Skip shell extension 'powershell' for command environment: Not usable outside of PowerShell
[1.225s] DEBUG:colcon.colcon_core.shell:Skip shell extension 'dsv' for command environment
[1.230s] DEBUG:colcon.colcon_core.event_handler.log_command:Invoking command in '/home/tukorea/ros2_ws/build/livox_lio_sam': CMAKE_PREFIX_PATH=${CMAKE_PREFIX_PATH}:/home/tukorea/ros2_ws/install/slam_launch_manager:/home/tukorea/ros2_ws/install/bag_replay_tool_ros2:/opt/ros/humble /usr/bin/cmake --build /home/tukorea/ros2_ws/build/livox_lio_sam -- -j20 -l20
[1.397s] DEBUG:colcon.colcon_core.event_handler.log_command:Invoked command in '/home/tukorea/ros2_ws/build/livox_lio_sam' returned '0': CMAKE_PREFIX_PATH=${CMAKE_PREFIX_PATH}:/home/tukorea/ros2_ws/install/slam_launch_manager:/home/tukorea/ros2_ws/install/bag_replay_tool_ros2:/opt/ros/humble /usr/bin/cmake --build /home/tukorea/ros2_ws/build/livox_lio_sam -- -j20 -l20
[1.398s] DEBUG:colcon.colcon_core.event_handler.log_command:Invoking command in '/home/tukorea/ros2_ws/build/livox_lio_sam': CMAKE_PREFIX_PATH=${CMAKE_PREFIX_PATH}:/home/tukorea/ros2_ws/install/slam_launch_manager:/home/tukorea/ros2_ws/install/bag_replay_tool_ros2:/opt/ros/humble /usr/bin/cmake --install /home/tukorea/ros2_ws/build/livox_lio_sam
[1.428s] Level 1:colcon.colcon_core.environment:create_environment_scripts_only(livox_lio_sam)
[1.428s] Level 1:colcon.colcon_core.environment:checking '/home/tukorea/ros2_ws/install/livox_lio_sam' for CMake module files
[1.429s] DEBUG:colcon.colcon_core.event_handler.log_command:Invoked command in '/home/tukorea/ros2_ws/build/livox_lio_sam' returned '0': CMAKE_PREFIX_PATH=${CMAKE_PREFIX_PATH}:/home/tukorea/ros2_ws/install/slam_launch_manager:/home/tukorea/ros2_ws/install/bag_replay_tool_ros2:/opt/ros/humble /usr/bin/cmake --install /home/tukorea/ros2_ws/build/livox_lio_sam
[1.429s] Level 1:colcon.colcon_core.environment:checking '/home/tukorea/ros2_ws/install/livox_lio_sam' for CMake config files
[1.429s] Level 1:colcon.colcon_core.shell:create_environment_hook('livox_lio_sam', 'cmake_prefix_path')
[1.429s] INFO:colcon.colcon_core.shell:Creating environment hook '/home/tukorea/ros2_ws/install/livox_lio_sam/share/livox_lio_sam/hook/cmake_prefix_path.ps1'
[1.429s] INFO:colcon.colcon_core.shell:Creating environment descriptor '/home/tukorea/ros2_ws/install/livox_lio_sam/share/livox_lio_sam/hook/cmake_prefix_path.dsv'
[1.430s] INFO:colcon.colcon_core.shell:Creating environment hook '/home/tukorea/ros2_ws/install/livox_lio_sam/share/livox_lio_sam/hook/cmake_prefix_path.sh'
[1.430s] Level 1:colcon.colcon_core.environment:checking '/home/tukorea/ros2_ws/install/livox_lio_sam/lib'
[1.430s] Level 1:colcon.colcon_core.shell:create_environment_hook('livox_lio_sam', 'ld_library_path_lib')
[1.430s] INFO:colcon.colcon_core.shell:Creating environment hook '/home/tukorea/ros2_ws/install/livox_lio_sam/share/livox_lio_sam/hook/ld_library_path_lib.ps1'
[1.430s] INFO:colcon.colcon_core.shell:Creating environment descriptor '/home/tukorea/ros2_ws/install/livox_lio_sam/share/livox_lio_sam/hook/ld_library_path_lib.dsv'
[1.430s] INFO:colcon.colcon_core.shell:Creating environment hook '/home/tukorea/ros2_ws/install/livox_lio_sam/share/livox_lio_sam/hook/ld_library_path_lib.sh'
[1.430s] Level 1:colcon.colcon_core.environment:checking '/home/tukorea/ros2_ws/install/livox_lio_sam/bin'
[1.430s] Level 1:colcon.colcon_core.environment:checking '/home/tukorea/ros2_ws/install/livox_lio_sam/lib/pkgconfig/livox_lio_sam.pc'
[1.431s] Level 1:colcon.colcon_core.environment:checking '/home/tukorea/ros2_ws/install/livox_lio_sam/lib/python3.10/site-packages'
[1.431s] Level 1:colcon.colcon_core.environment:checking '/home/tukorea/ros2_ws/install/livox_lio_sam/bin'
[1.431s] INFO:colcon.colcon_core.shell:Creating package script '/home/tukorea/ros2_ws/install/livox_lio_sam/share/livox_lio_sam/package.ps1'
[1.431s] INFO:colcon.colcon_core.shell:Creating package descriptor '/home/tukorea/ros2_ws/install/livox_lio_sam/share/livox_lio_sam/package.dsv'
[1.431s] INFO:colcon.colcon_core.shell:Creating package script '/home/tukorea/ros2_ws/install/livox_lio_sam/share/livox_lio_sam/package.sh'
[1.431s] INFO:colcon.colcon_core.shell:Creating package script '/home/tukorea/ros2_ws/install/livox_lio_sam/share/livox_lio_sam/package.bash'
[1.431s] INFO:colcon.colcon_core.shell:Creating package script '/home/tukorea/ros2_ws/install/livox_lio_sam/share/livox_lio_sam/package.zsh'
[1.432s] Level 1:colcon.colcon_core.environment:create_file_with_runtime_dependencies(/home/tukorea/ros2_ws/install/livox_lio_sam/share/colcon-core/packages/livox_lio_sam)
[1.432s] Level 1:colcon.colcon_core.environment:create_environment_scripts_only(livox_lio_sam)
[1.432s] Level 1:colcon.colcon_core.environment:checking '/home/tukorea/ros2_ws/install/livox_lio_sam' for CMake module files
[1.432s] Level 1:colcon.colcon_core.environment:checking '/home/tukorea/ros2_ws/install/livox_lio_sam' for CMake config files
[1.432s] Level 1:colcon.colcon_core.shell:create_environment_hook('livox_lio_sam', 'cmake_prefix_path')
[1.432s] INFO:colcon.colcon_core.shell:Creating environment hook '/home/tukorea/ros2_ws/install/livox_lio_sam/share/livox_lio_sam/hook/cmake_prefix_path.ps1'
[1.433s] INFO:colcon.colcon_core.shell:Creating environment descriptor '/home/tukorea/ros2_ws/install/livox_lio_sam/share/livox_lio_sam/hook/cmake_prefix_path.dsv'
[1.433s] INFO:colcon.colcon_core.shell:Creating environment hook '/home/tukorea/ros2_ws/install/livox_lio_sam/share/livox_lio_sam/hook/cmake_prefix_path.sh'
[1.433s] Level 1:colcon.colcon_core.environment:checking '/home/tukorea/ros2_ws/install/livox_lio_sam/lib'
[1.433s] Level 1:colcon.colcon_core.shell:create_environment_hook('livox_lio_sam', 'ld_library_path_lib')
[1.433s] INFO:colcon.colcon_core.shell:Creating environment hook '/home/tukorea/ros2_ws/install/livox_lio_sam/share/livox_lio_sam/hook/ld_library_path_lib.ps1'
[1.433s] INFO:colcon.colcon_core.shell:Creating environment descriptor '/home/tukorea/ros2_ws/install/livox_lio_sam/share/livox_lio_sam/hook/ld_library_path_lib.dsv'
[1.433s] INFO:colcon.colcon_core.shell:Creating environment hook '/home/tukorea/ros2_ws/install/livox_lio_sam/share/livox_lio_sam/hook/ld_library_path_lib.sh'
[1.433s] Level 1:colcon.colcon_core.environment:checking '/home/tukorea/ros2_ws/install/livox_lio_sam/bin'
[1.433s] Level 1:colcon.colcon_core.environment:checking '/home/tukorea/ros2_ws/install/livox_lio_sam/lib/pkgconfig/livox_lio_sam.pc'
[1.434s] Level 1:colcon.colcon_core.environment:checking '/home/tukorea/ros2_ws/install/livox_lio_sam/lib/python3.10/site-packages'
[1.434s] Level 1:colcon.colcon_core.environment:checking '/home/tukorea/ros2_ws/install/livox_lio_sam/bin'
[1.434s] INFO:colcon.colcon_core.shell:Creating package script '/home/tukorea/ros2_ws/install/livox_lio_sam/share/livox_lio_sam/package.ps1'
[1.434s] INFO:colcon.colcon_core.shell:Creating package descriptor '/home/tukorea/ros2_ws/install/livox_lio_sam/share/livox_lio_sam/package.dsv'
[1.434s] INFO:colcon.colcon_core.shell:Creating package script '/home/tukorea/ros2_ws/install/livox_lio_sam/share/livox_lio_sam/package.sh'
[1.434s] INFO:colcon.colcon_core.shell:Creating package script '/home/tukorea/ros2_ws/install/livox_lio_sam/share/livox_lio_sam/package.bash'
[1.434s] INFO:colcon.colcon_core.shell:Creating package script '/home/tukorea/ros2_ws/install/livox_lio_sam/share/livox_lio_sam/package.zsh'
[1.435s] Level 1:colcon.colcon_core.environment:create_file_with_runtime_dependencies(/home/tukorea/ros2_ws/install/livox_lio_sam/share/colcon-core/packages/livox_lio_sam)
[1.435s] INFO:colcon.colcon_ros.task.ament_python.build:Building ROS package in '/home/tukorea/ros2_ws/src/Tool/slam_launch_manager' with build type 'ament_python'
[1.435s] Level 1:colcon.colcon_core.shell:create_environment_hook('slam_launch_manager', 'ament_prefix_path')
[1.435s] INFO:colcon.colcon_core.shell:Creating environment hook '/home/tukorea/ros2_ws/install/slam_launch_manager/share/slam_launch_manager/hook/ament_prefix_path.ps1'
[1.436s] INFO:colcon.colcon_core.shell:Creating environment descriptor '/home/tukorea/ros2_ws/install/slam_launch_manager/share/slam_launch_manager/hook/ament_prefix_path.dsv'
[1.436s] INFO:colcon.colcon_core.shell:Creating environment hook '/home/tukorea/ros2_ws/install/slam_launch_manager/share/slam_launch_manager/hook/ament_prefix_path.sh'
[1.436s] INFO:colcon.colcon_core.shell:Skip shell extension 'powershell' for command environment: Not usable outside of PowerShell
[1.436s] DEBUG:colcon.colcon_core.shell:Skip shell extension 'dsv' for command environment
[1.551s] INFO:colcon.colcon_core.task.python.build:Building Python package in '/home/tukorea/ros2_ws/src/Tool/slam_launch_manager'
[1.551s] INFO:colcon.colcon_core.shell:Skip shell extension 'powershell' for command environment: Not usable outside of PowerShell
[1.551s] DEBUG:colcon.colcon_core.shell:Skip shell extension 'dsv' for command environment
[1.714s] DEBUG:colcon.colcon_core.event_handler.log_command:Invoking command in '/home/tukorea/ros2_ws/src/Tool/slam_launch_manager': PYTHONPATH=/home/tukorea/ros2_ws/build/slam_launch_manager/prefix_override:/usr/lib/python3/dist-packages/colcon_core/task/python/colcon_distutils_commands:/home/tukorea/ros2_ws/install/slam_launch_manager/lib/python3.10/site-packages:${PYTHONPATH} /usr/bin/python3 -W ignore:setup.py install is deprecated -W ignore:easy_install command is deprecated setup.py egg_info --egg-base ../../../build/slam_launch_manager build --build-base /home/tukorea/ros2_ws/build/slam_launch_manager/build install --record /home/tukorea/ros2_ws/build/slam_launch_manager/install.log --single-version-externally-managed install_data
[1.855s] Level 1:colcon.colcon_core.environment:checking '/home/tukorea/ros2_ws/install/slam_launch_manager' for CMake module files
[1.855s] DEBUG:colcon.colcon_core.event_handler.log_command:Invoked command in '/home/tukorea/ros2_ws/src/Tool/slam_launch_manager' returned '0': PYTHONPATH=/home/tukorea/ros2_ws/build/slam_launch_manager/prefix_override:/usr/lib/python3/dist-packages/colcon_core/task/python/colcon_distutils_commands:/home/tukorea/ros2_ws/install/slam_launch_manager/lib/python3.10/site-packages:${PYTHONPATH} /usr/bin/python3 -W ignore:setup.py install is deprecated -W ignore:easy_install command is deprecated setup.py egg_info --egg-base ../../../build/slam_launch_manager build --build-base /home/tukorea/ros2_ws/build/slam_launch_manager/build install --record /home/tukorea/ros2_ws/build/slam_launch_manager/install.log --single-version-externally-managed install_data
[1.856s] Level 1:colcon.colcon_core.environment:checking '/home/tukorea/ros2_ws/install/slam_launch_manager' for CMake config files
[1.856s] Level 1:colcon.colcon_core.environment:checking '/home/tukorea/ros2_ws/install/slam_launch_manager/lib'
[1.856s] Level 1:colcon.colcon_core.environment:checking '/home/tukorea/ros2_ws/install/slam_launch_manager/bin'
[1.856s] Level 1:colcon.colcon_core.environment:checking '/home/tukorea/ros2_ws/install/slam_launch_manager/lib/pkgconfig/slam_launch_manager.pc'
[1.856s] Level 1:colcon.colcon_core.environment:checking '/home/tukorea/ros2_ws/install/slam_launch_manager/lib/python3.10/site-packages'
[1.856s] Level 1:colcon.colcon_core.shell:create_environment_hook('slam_launch_manager', 'pythonpath')
[1.856s] INFO:colcon.colcon_core.shell:Creating environment hook '/home/tukorea/ros2_ws/install/slam_launch_manager/share/slam_launch_manager/hook/pythonpath.ps1'
[1.856s] INFO:colcon.colcon_core.shell:Creating environment descriptor '/home/tukorea/ros2_ws/install/slam_launch_manager/share/slam_launch_manager/hook/pythonpath.dsv'
[1.857s] INFO:colcon.colcon_core.shell:Creating environment hook '/home/tukorea/ros2_ws/install/slam_launch_manager/share/slam_launch_manager/hook/pythonpath.sh'
[1.857s] Level 1:colcon.colcon_core.environment:checking '/home/tukorea/ros2_ws/install/slam_launch_manager/bin'
[1.857s] Level 1:colcon.colcon_core.environment:create_environment_scripts_only(slam_launch_manager)
[1.857s] INFO:colcon.colcon_core.shell:Creating package script '/home/tukorea/ros2_ws/install/slam_launch_manager/share/slam_launch_manager/package.ps1'
[1.857s] INFO:colcon.colcon_core.shell:Creating package descriptor '/home/tukorea/ros2_ws/install/slam_launch_manager/share/slam_launch_manager/package.dsv'
[1.857s] INFO:colcon.colcon_core.shell:Creating package script '/home/tukorea/ros2_ws/install/slam_launch_manager/share/slam_launch_manager/package.sh'
[1.858s] INFO:colcon.colcon_core.shell:Creating package script '/home/tukorea/ros2_ws/install/slam_launch_manager/share/slam_launch_manager/package.bash'
[1.858s] INFO:colcon.colcon_core.shell:Creating package script '/home/tukorea/ros2_ws/install/slam_launch_manager/share/slam_launch_manager/package.zsh'
[1.858s] Level 1:colcon.colcon_core.environment:create_file_with_runtime_dependencies(/home/tukorea/ros2_ws/install/slam_launch_manager/share/colcon-core/packages/slam_launch_manager)
[1.858s] DEBUG:colcon.colcon_parallel_executor.executor.parallel:closing loop
[1.858s] DEBUG:colcon.colcon_parallel_executor.executor.parallel:loop closed
[1.858s] DEBUG:colcon.colcon_parallel_executor.executor.parallel:run_until_complete finished with '0'
[1.859s] DEBUG:colcon.colcon_core.event_reactor:joining thread
[1.877s] INFO:colcon.colcon_core.plugin_system:Skipping extension 'colcon_notification.desktop_notification.notify_send': Could not find 'notify-send'
[1.877s] INFO:colcon.colcon_core.plugin_system:Skipping extension 'colcon_notification.desktop_notification.terminal_notifier': Not used on non-Darwin systems
[1.877s] INFO:colcon.colcon_core.plugin_system:Skipping extension 'colcon_notification.desktop_notification.win32': Not used on non-Windows systems
[1.877s] INFO:colcon.colcon_notification.desktop_notification:Sending desktop notification using 'notify2'
[1.877s] DEBUG:colcon.colcon_notification.desktop_notification.notify2:Failed to initialize notify2: org.freedesktop.DBus.Error.FileNotFound: Failed to connect to socket /run/user/1000/bus: No such file or directory
[1.877s] DEBUG:colcon.colcon_core.event_reactor:joined thread
[1.877s] INFO:colcon.colcon_core.shell:Creating prefix script '/home/tukorea/ros2_ws/install/local_setup.ps1'
[1.878s] INFO:colcon.colcon_core.shell:Creating prefix util module '/home/tukorea/ros2_ws/install/_local_setup_util_ps1.py'
[1.878s] INFO:colcon.colcon_core.shell:Creating prefix chain script '/home/tukorea/ros2_ws/install/setup.ps1'
[1.879s] INFO:colcon.colcon_core.shell:Creating prefix script '/home/tukorea/ros2_ws/install/local_setup.sh'
[1.879s] INFO:colcon.colcon_core.shell:Creating prefix util module '/home/tukorea/ros2_ws/install/_local_setup_util_sh.py'
[1.879s] INFO:colcon.colcon_core.shell:Creating prefix chain script '/home/tukorea/ros2_ws/install/setup.sh'
[1.880s] INFO:colcon.colcon_core.shell:Creating prefix script '/home/tukorea/ros2_ws/install/local_setup.bash'
[1.880s] INFO:colcon.colcon_core.shell:Creating prefix chain script '/home/tukorea/ros2_ws/install/setup.bash'
[1.880s] INFO:colcon.colcon_core.shell:Creating prefix script '/home/tukorea/ros2_ws/install/local_setup.zsh'
[1.881s] INFO:colcon.colcon_core.shell:Creating prefix chain script '/home/tukorea/ros2_ws/install/setup.zsh'
