[0.391s] Invoking command in '/home/tukorea/ros2_ws/src/Tool/slam_launch_manager': PYTHONPATH=/home/tukorea/ros2_ws/build/slam_launch_manager/prefix_override:/usr/lib/python3/dist-packages/colcon_core/task/python/colcon_distutils_commands:/home/tukorea/ros2_ws/install/slam_launch_manager/lib/python3.10/site-packages:${PYTHONPATH} /usr/bin/python3 -W ignore:setup.py install is deprecated -W ignore:easy_install command is deprecated setup.py egg_info --egg-base ../../../build/slam_launch_manager build --build-base /home/tukorea/ros2_ws/build/slam_launch_manager/build install --record /home/tukorea/ros2_ws/build/slam_launch_manager/install.log --single-version-externally-managed install_data
[0.489s] running egg_info
[0.490s] writing ../../../build/slam_launch_manager/slam_launch_manager.egg-info/PKG-INFO
[0.491s] writing dependency_links to ../../../build/slam_launch_manager/slam_launch_manager.egg-info/dependency_links.txt
[0.491s] writing entry points to ../../../build/slam_launch_manager/slam_launch_manager.egg-info/entry_points.txt
[0.491s] writing requirements to ../../../build/slam_launch_manager/slam_launch_manager.egg-info/requires.txt
[0.491s] writing top-level names to ../../../build/slam_launch_manager/slam_launch_manager.egg-info/top_level.txt
[0.492s] reading manifest file '../../../build/slam_launch_manager/slam_launch_manager.egg-info/SOURCES.txt'
[0.492s] writing manifest file '../../../build/slam_launch_manager/slam_launch_manager.egg-info/SOURCES.txt'
[0.493s] running build
[0.493s] running build_py
[0.493s] running install
[0.493s] running install_lib
[0.494s] running install_data
[0.494s] running install_egg_info
[0.494s] removing '/home/tukorea/ros2_ws/install/slam_launch_manager/lib/python3.10/site-packages/slam_launch_manager-0.0.0-py3.10.egg-info' (and everything under it)
[0.494s] Copying ../../../build/slam_launch_manager/slam_launch_manager.egg-info to /home/tukorea/ros2_ws/install/slam_launch_manager/lib/python3.10/site-packages/slam_launch_manager-0.0.0-py3.10.egg-info
[0.494s] running install_scripts
[0.505s] Installing slam_launch_manager script to /home/tukorea/ros2_ws/install/slam_launch_manager/lib/slam_launch_manager
[0.505s] writing list of installed files to '/home/tukorea/ros2_ws/build/slam_launch_manager/install.log'
[0.517s] Invoked command in '/home/tukorea/ros2_ws/src/Tool/slam_launch_manager' returned '0': PYTHONPATH=/home/tukorea/ros2_ws/build/slam_launch_manager/prefix_override:/usr/lib/python3/dist-packages/colcon_core/task/python/colcon_distutils_commands:/home/tukorea/ros2_ws/install/slam_launch_manager/lib/python3.10/site-packages:${PYTHONPATH} /usr/bin/python3 -W ignore:setup.py install is deprecated -W ignore:easy_install command is deprecated setup.py egg_info --egg-base ../../../build/slam_launch_manager build --build-base /home/tukorea/ros2_ws/build/slam_launch_manager/build install --record /home/tukorea/ros2_ws/build/slam_launch_manager/install.log --single-version-externally-managed install_data
