[0.004s] Invoking command in '/home/tukorea/ros2_ws/build/dss_lio_sam': CMAKE_PREFIX_PATH=${CMAKE_PREFIX_PATH}:/home/tukorea/ros2_ws/install/slam_launch_manager:/home/tukorea/ros2_ws/install/bag_replay_tool_ros2:/opt/ros/humble /usr/bin/cmake /home/tukorea/ros2_ws/src/SLAM/LIO-SAM/dss_lio_sam -DCMAKE_BUILD_TYPE=Release -DGTSAM_DIR=/usr/local/lib/cmake/GTSAM -DCMAKE_INSTALL_PREFIX=/home/tukorea/ros2_ws/install/dss_lio_sam
[0.236s] -- The C compiler identification is GNU 11.4.0
[1.602s] -- The CXX compiler identification is GNU 11.4.0
[1.859s] -- Detecting C compiler ABI info
[1.942s] -- Detecting C compiler ABI info - done
[1.945s] -- Check for working C compiler: /usr/bin/cc - skipped
[1.945s] -- Detecting C compile features
[1.945s] -- Detecting C compile features - done
[1.947s] -- Detecting CXX compiler ABI info
[2.195s] -- Detecting CXX compiler ABI info - done
[2.199s] -- Check for working CXX compiler: /usr/bin/c++ - skipped
[2.199s] -- Detecting CXX compile features
[2.199s] -- Detecting CXX compile features - done
[2.206s] -- Found ament_cmake: 1.3.12 (/opt/ros/humble/share/ament_cmake/cmake)
[2.288s] -- Found Python3: /usr/bin/python3 (found version "3.10.12") found components: Interpreter 
[2.354s] -- Found rosidl_default_generators: 1.2.0 (/opt/ros/humble/share/rosidl_default_generators/cmake)
[2.357s] -- Using all available rosidl_typesupport_c: rosidl_typesupport_fastrtps_c;rosidl_typesupport_introspection_c
[2.363s] -- Found rosidl_adapter: 3.1.8 (/opt/ros/humble/share/rosidl_adapter/cmake)
[2.745s] -- Using all available rosidl_typesupport_cpp: rosidl_typesupport_fastrtps_cpp;rosidl_typesupport_introspection_cpp
[2.775s] -- Found rclcpp: 16.0.17 (/opt/ros/humble/share/rclcpp/cmake)
[2.822s] -- Found rmw_implementation_cmake: 6.1.2 (/opt/ros/humble/share/rmw_implementation_cmake/cmake)
[2.825s] -- Found rmw_fastrtps_cpp: 6.2.9 (/opt/ros/humble/share/rmw_fastrtps_cpp/cmake)
[3.441s] -- Found OpenSSL: /usr/lib/x86_64-linux-gnu/libcrypto.so (found version "3.0.2")  
[4.059s] -- Found FastRTPS: /opt/ros/humble/include  
[5.283s] -- Using RMW implementation 'rmw_fastrtps_cpp' as default
[5.304s] -- Looking for pthread.h
[5.383s] -- Looking for pthread.h - found
[5.383s] -- Performing Test CMAKE_HAVE_LIBC_PTHREAD
[5.463s] -- Performing Test CMAKE_HAVE_LIBC_PTHREAD - Success
[5.463s] -- Found Threads: TRUE  
[5.511s] -- Found rclpy: 3.3.19 (/opt/ros/humble/share/rclpy/cmake)
[5.512s] -- Found cv_bridge: 3.2.1 (/opt/ros/humble/share/cv_bridge/cmake)
[5.546s] -- Found nav_msgs: 4.9.0 (/opt/ros/humble/share/nav_msgs/cmake)
[5.559s] -- Found visualization_msgs: 4.9.0 (/opt/ros/humble/share/visualization_msgs/cmake)
[5.572s] -- Found pcl_conversions: 2.4.5 (/opt/ros/humble/share/pcl_conversions/cmake)
[5.595s] -- Checking for module 'eigen3'
[5.602s] --   Found eigen3, version 3.4.0
[5.617s] -- Found Eigen: /usr/include/eigen3 (Required is at least version "3.1") 
[5.617s] -- Eigen found (include: /usr/include/eigen3, version: 3.4.0)
[6.145s] -- Checking for module 'flann'
[6.153s] --   Found flann, version 1.9.1
[6.274s] -- Found FLANN: /usr/lib/x86_64-linux-gnu/libflann_cpp.so  
[6.274s] -- FLANN found (include: /usr/include, lib: /usr/lib/x86_64-linux-gnu/libflann_cpp.so)
[8.336s] -- Checking for module 'libusb-1.0'
[8.344s] --   Found libusb-1.0, version 1.0.25
[8.399s] -- Found libusb: /usr/lib/x86_64-linux-gnu/libusb-1.0.so  
[8.400s] -- OpenNI found (version: 1.5.4.0, include: /usr/include/ni, lib: /usr/lib/libOpenNI.so;libusb::libusb)
[8.504s] -- OpenNI2 found (version: 2.2.0.33, include: /usr/include/openni2, lib: /usr/lib/x86_64-linux-gnu/libOpenNI2.so;libusb::libusb)
[9.445s] -- Eigen found (include: /usr/include/eigen3, version: 3.4.0)
[9.448s] -- OpenNI found (version: 1.5.4.0, include: /usr/include/ni, lib: /usr/lib/libOpenNI.so;libusb::libusb)
[9.451s] -- OpenNI2 found (version: 2.2.0.33, include: /usr/include/openni2, lib: /usr/lib/x86_64-linux-gnu/libOpenNI2.so;libusb::libusb)
[10.314s] -- Found Qhull version 8.0.2
[11.034s] -- OpenNI found (version: 1.5.4.0, include: /usr/include/ni, lib: /usr/lib/libOpenNI.so;libusb::libusb)
[11.756s] -- Found PCL_COMMON: /usr/lib/x86_64-linux-gnu/libpcl_common.so  
[11.756s] -- Found PCL_KDTREE: /usr/lib/x86_64-linux-gnu/libpcl_kdtree.so  
[11.756s] -- Found PCL_OCTREE: /usr/lib/x86_64-linux-gnu/libpcl_octree.so  
[11.756s] -- Found PCL_SEARCH: /usr/lib/x86_64-linux-gnu/libpcl_search.so  
[11.757s] -- Found PCL_SAMPLE_CONSENSUS: /usr/lib/x86_64-linux-gnu/libpcl_sample_consensus.so  
[11.757s] -- Found PCL_FILTERS: /usr/lib/x86_64-linux-gnu/libpcl_filters.so  
[11.757s] -- Found PCL_2D: /usr/include/pcl-1.12  
[11.757s] -- Found PCL_GEOMETRY: /usr/include/pcl-1.12  
[11.758s] -- Found PCL_IO: /usr/lib/x86_64-linux-gnu/libpcl_io.so  
[11.758s] -- Found PCL_FEATURES: /usr/lib/x86_64-linux-gnu/libpcl_features.so  
[11.759s] -- Found PCL_ML: /usr/lib/x86_64-linux-gnu/libpcl_ml.so  
[11.759s] -- Found PCL_SEGMENTATION: /usr/lib/x86_64-linux-gnu/libpcl_segmentation.so  
[11.759s] -- Found PCL_VISUALIZATION: /usr/lib/x86_64-linux-gnu/libpcl_visualization.so  
[11.760s] -- Found PCL_SURFACE: /usr/lib/x86_64-linux-gnu/libpcl_surface.so  
[11.760s] -- Found PCL_REGISTRATION: /usr/lib/x86_64-linux-gnu/libpcl_registration.so  
[11.760s] -- Found PCL_KEYPOINTS: /usr/lib/x86_64-linux-gnu/libpcl_keypoints.so  
[11.761s] -- Found PCL_TRACKING: /usr/lib/x86_64-linux-gnu/libpcl_tracking.so  
[11.761s] -- Found PCL_RECOGNITION: /usr/lib/x86_64-linux-gnu/libpcl_recognition.so  
[11.761s] -- Found PCL_STEREO: /usr/lib/x86_64-linux-gnu/libpcl_stereo.so  
[11.762s] -- Found PCL_APPS: /usr/lib/x86_64-linux-gnu/libpcl_apps.so  
[11.762s] -- Found PCL_IN_HAND_SCANNER: /usr/include/pcl-1.12  
[11.762s] -- Found PCL_MODELER: /usr/include/pcl-1.12  
[11.762s] -- Found PCL_POINT_CLOUD_EDITOR: /usr/include/pcl-1.12  
[11.763s] -- Found PCL_OUTOFCORE: /usr/lib/x86_64-linux-gnu/libpcl_outofcore.so  
[11.763s] -- Found PCL_PEOPLE: /usr/lib/x86_64-linux-gnu/libpcl_people.so  
[11.779s] -- Found tf2: 0.25.18 (/opt/ros/humble/share/tf2/cmake)
[11.786s] -- Found tf2_geometry_msgs: 0.25.18 (/opt/ros/humble/share/tf2_geometry_msgs/cmake)
[11.805s] -- Found eigen3_cmake_module: 0.1.1 (/opt/ros/humble/share/eigen3_cmake_module/cmake)
[11.806s] -- Found Eigen3: TRUE (found version "3.4.0") 
[11.806s] -- Ensuring Eigen3 include directory is part of orocos-kdl CMake target
[11.878s] -- Found tf2_sensor_msgs: 0.25.18 (/opt/ros/humble/share/tf2_sensor_msgs/cmake)
[11.882s] -- Found tf2_eigen: 0.25.18 (/opt/ros/humble/share/tf2_eigen/cmake)
[11.886s] -- Found OpenCV: /usr (found version "4.5.4") 
[11.886s] [33mCMake Warning (dev) at CMakeLists.txt:28 (find_package):
[11.886s]   Policy CMP0074 is not set: find_package uses <PackageName>_ROOT variables.
[11.886s]   Run "cmake --help-policy CMP0074" for policy details.  Use the cmake_policy
[11.886s]   command to set the policy and suppress this warning.
[11.886s] 
[11.886s]   CMake variable PCL_ROOT is set to:
[11.886s] 
[11.886s]     /usr
[11.886s] 
[11.886s]   For compatibility, CMake is ignoring the variable.
[11.886s] This warning is for project developers.  Use -Wno-dev to suppress it.
[11.886s] [0m
[11.901s] -- Found Boost: /usr/lib/x86_64-linux-gnu/cmake/Boost-1.74.0/BoostConfig.cmake (found suitable version "1.74.0", minimum required is "1.65") found components: serialization system filesystem thread program_options date_time timer chrono regex 
[11.901s] -- GTSAM include directory:  /usr/local/lib/cmake/GTSAM/../../../include
[11.905s] -- Found Eigen: /usr/include/eigen3  
[11.905s] -- Eigen found (include: /usr/include/eigen3, version: 3.4.0)
[12.111s] -- Found OpenMP_C: -fopenmp (found version "4.5") 
[12.182s] -- Found OpenMP_CXX: -fopenmp (found version "4.5") 
[12.182s] -- Found OpenMP: TRUE (found version "4.5")  
[12.349s] -- Found ament_cmake_ros: 0.10.0 (/opt/ros/humble/share/ament_cmake_ros/cmake)
[12.497s] -- Using all available rosidl_typesupport_c: rosidl_typesupport_fastrtps_c;rosidl_typesupport_introspection_c
[12.676s] -- Using all available rosidl_typesupport_cpp: rosidl_typesupport_fastrtps_cpp;rosidl_typesupport_introspection_cpp
[12.724s] -- Found PythonInterp: /usr/bin/python3 (found suitable version "3.10.12", minimum required is "3.6") 
[12.726s] -- Found python_cmake_module: 0.10.0 (/opt/ros/humble/share/python_cmake_module/cmake)
[12.886s] -- Found PythonLibs: /usr/lib/x86_64-linux-gnu/libpython3.10.so (found suitable version "3.10.12", minimum required is "3.5") 
[12.886s] -- Using PYTHON_EXECUTABLE: /usr/bin/python3
[12.886s] -- Using PYTHON_INCLUDE_DIRS: /usr/include/python3.10
[12.886s] -- Using PYTHON_LIBRARIES: /usr/lib/x86_64-linux-gnu/libpython3.10.so
[12.898s] -- Found PythonExtra: .so  
[12.981s] -- Found ament_lint_auto: 0.12.14 (/opt/ros/humble/share/ament_lint_auto/cmake)
[13.002s] -- Added test 'cppcheck' to perform static code analysis on C / C++ code
[13.003s] -- Configured cppcheck include dirs: /home/tukorea/ros2_ws/src/SLAM/LIO-SAM/dss_lio_sam/include/dss_lio_sam
[13.003s] -- Configured cppcheck exclude dirs and/or files: 
[13.003s] -- Added test 'flake8' to check Python code syntax and style conventions
[13.004s] -- Added test 'lint_cmake' to check CMake code style
[13.005s] -- Added test 'pep257' to check Python code against some of the docstring style conventions in PEP 257
[13.006s] -- Added test 'uncrustify' to check C / C++ code style
[13.007s] -- Configured uncrustify additional arguments: 
[13.007s] -- Added test 'xmllint' to check XML markup files
[13.009s] -- Configuring done
[13.126s] -- Generating done
[13.148s] -- Build files have been written to: /home/tukorea/ros2_ws/build/dss_lio_sam
[13.162s] Invoked command in '/home/tukorea/ros2_ws/build/dss_lio_sam' returned '0': CMAKE_PREFIX_PATH=${CMAKE_PREFIX_PATH}:/home/tukorea/ros2_ws/install/slam_launch_manager:/home/tukorea/ros2_ws/install/bag_replay_tool_ros2:/opt/ros/humble /usr/bin/cmake /home/tukorea/ros2_ws/src/SLAM/LIO-SAM/dss_lio_sam -DCMAKE_BUILD_TYPE=Release -DGTSAM_DIR=/usr/local/lib/cmake/GTSAM -DCMAKE_INSTALL_PREFIX=/home/tukorea/ros2_ws/install/dss_lio_sam
[13.163s] Invoking command in '/home/tukorea/ros2_ws/build/dss_lio_sam': CMAKE_PREFIX_PATH=${CMAKE_PREFIX_PATH}:/home/tukorea/ros2_ws/install/slam_launch_manager:/home/tukorea/ros2_ws/install/bag_replay_tool_ros2:/opt/ros/humble /usr/bin/cmake --build /home/tukorea/ros2_ws/build/dss_lio_sam -- -j20 -l20
[13.188s] [  2%] [34m[1mGenerating C code for ROS interfaces[0m
[13.193s] [  4%] [34m[1mGenerating C++ code for ROS interfaces[0m
[13.197s] [  4%] Built target ament_cmake_python_copy_dss_lio_sam
[13.303s] running egg_info
[13.303s] creating dss_lio_sam.egg-info
[13.303s] writing dss_lio_sam.egg-info/PKG-INFO
[13.303s] writing dependency_links to dss_lio_sam.egg-info/dependency_links.txt
[13.303s] writing top-level names to dss_lio_sam.egg-info/top_level.txt
[13.303s] writing manifest file 'dss_lio_sam.egg-info/SOURCES.txt'
[13.304s] reading manifest file 'dss_lio_sam.egg-info/SOURCES.txt'
[13.304s] writing manifest file 'dss_lio_sam.egg-info/SOURCES.txt'
[13.319s] [  4%] Built target ament_cmake_python_build_dss_lio_sam_egg
[13.382s] [  4%] Built target dss_lio_sam__cpp
[13.387s] [ 10%] [34m[1mGenerating C++ introspection for ROS interfaces[0m
[13.387s] [ 10%] [34m[1mGenerating C++ type support dispatch for ROS interfaces[0m
[13.388s] [ 10%] [34m[1mGenerating C++ type support for eProsima Fast-RTPS[0m
[13.388s] [ 12%] [32mBuilding C object CMakeFiles/dss_lio_sam__rosidl_generator_c.dir/rosidl_generator_c/dss_lio_sam/msg/detail/cloud_info__functions.c.o[0m
[13.388s] [ 14%] [32mBuilding C object CMakeFiles/dss_lio_sam__rosidl_generator_c.dir/rosidl_generator_c/dss_lio_sam/srv/detail/save_map__functions.c.o[0m
[13.462s] [ 17%] [32m[1mLinking C shared library libdss_lio_sam__rosidl_generator_c.so[0m
[13.539s] [ 21%] [32mBuilding CXX object CMakeFiles/dss_lio_sam__rosidl_typesupport_cpp.dir/rosidl_typesupport_cpp/dss_lio_sam/msg/cloud_info__type_support.cpp.o[0m
[13.539s] [ 21%] [32mBuilding CXX object CMakeFiles/dss_lio_sam__rosidl_typesupport_cpp.dir/rosidl_typesupport_cpp/dss_lio_sam/srv/save_map__type_support.cpp.o[0m
[13.549s] [ 25%] [32mBuilding CXX object CMakeFiles/dss_lio_sam__rosidl_typesupport_introspection_cpp.dir/rosidl_typesupport_introspection_cpp/dss_lio_sam/srv/detail/save_map__type_support.cpp.o[0m
[13.549s] [ 25%] [32mBuilding CXX object CMakeFiles/dss_lio_sam__rosidl_typesupport_introspection_cpp.dir/rosidl_typesupport_introspection_cpp/dss_lio_sam/msg/detail/cloud_info__type_support.cpp.o[0m
[13.572s] [ 29%] [32mBuilding CXX object CMakeFiles/dss_lio_sam__rosidl_typesupport_fastrtps_cpp.dir/rosidl_typesupport_fastrtps_cpp/dss_lio_sam/srv/detail/dds_fastrtps/save_map__type_support.cpp.o[0m
[13.572s] [ 29%] [32mBuilding CXX object CMakeFiles/dss_lio_sam__rosidl_typesupport_fastrtps_cpp.dir/rosidl_typesupport_fastrtps_cpp/dss_lio_sam/msg/detail/dds_fastrtps/cloud_info__type_support.cpp.o[0m
[13.651s] [ 29%] Built target dss_lio_sam__rosidl_generator_c
[13.658s] [ 34%] [34m[1mGenerating C type support dispatch for ROS interfaces[0m
[13.658s] [ 34%] [34m[1mGenerating C introspection for ROS interfaces[0m
[13.658s] [ 36%] [34m[1mGenerating C type support for eProsima Fast-RTPS[0m
[13.676s] [ 38%] [32m[1mLinking CXX shared library libdss_lio_sam__rosidl_typesupport_cpp.so[0m
[13.743s] [ 38%] Built target dss_lio_sam__rosidl_typesupport_cpp
[13.756s] [ 42%] [32mBuilding CXX object CMakeFiles/dss_lio_sam_imuPreintegration.dir/src/imuPreintegration.cpp.o[0m
[13.756s] [ 42%] [32mBuilding CXX object CMakeFiles/dss_lio_sam_featureExtraction.dir/src/featureExtraction.cpp.o[0m
[13.756s] [ 44%] [32mBuilding CXX object CMakeFiles/dss_lio_sam_mapOptimization.dir/src/mapOptmization.cpp.o[0m
[13.757s] [ 46%] [32mBuilding CXX object CMakeFiles/dss_lio_sam_imageProjection.dir/src/imageProjection.cpp.o[0m
[13.822s] [ 51%] [32mBuilding CXX object CMakeFiles/dss_lio_sam__rosidl_typesupport_c.dir/rosidl_typesupport_c/dss_lio_sam/msg/cloud_info__type_support.cpp.o[0m
[13.822s] [ 51%] [32mBuilding CXX object CMakeFiles/dss_lio_sam__rosidl_typesupport_c.dir/rosidl_typesupport_c/dss_lio_sam/srv/save_map__type_support.cpp.o[0m
[13.834s] [ 53%] [32m[1mLinking CXX shared library libdss_lio_sam__rosidl_typesupport_introspection_cpp.so[0m
[13.835s] [ 55%] [32mBuilding C object CMakeFiles/dss_lio_sam__rosidl_typesupport_introspection_c.dir/rosidl_typesupport_introspection_c/dss_lio_sam/srv/detail/save_map__type_support.c.o[0m
[13.835s] [ 57%] [32mBuilding C object CMakeFiles/dss_lio_sam__rosidl_typesupport_introspection_c.dir/rosidl_typesupport_introspection_c/dss_lio_sam/msg/detail/cloud_info__type_support.c.o[0m
[13.841s] [ 59%] [32m[1mLinking CXX shared library libdss_lio_sam__rosidl_typesupport_c.so[0m
[13.854s] [ 61%] [32mBuilding CXX object CMakeFiles/dss_lio_sam__rosidl_typesupport_fastrtps_c.dir/rosidl_typesupport_fastrtps_c/dss_lio_sam/srv/detail/save_map__type_support_c.cpp.o[0m
[13.854s] [ 63%] [32mBuilding CXX object CMakeFiles/dss_lio_sam__rosidl_typesupport_fastrtps_c.dir/rosidl_typesupport_fastrtps_c/dss_lio_sam/msg/detail/cloud_info__type_support_c.cpp.o[0m
[13.862s] [ 65%] [32m[1mLinking CXX shared library libdss_lio_sam__rosidl_typesupport_fastrtps_cpp.so[0m
[13.874s] [ 68%] [32m[1mLinking C shared library libdss_lio_sam__rosidl_typesupport_introspection_c.so[0m
[13.891s] [ 68%] Built target dss_lio_sam__rosidl_typesupport_c
[13.911s] [ 68%] Built target dss_lio_sam__rosidl_typesupport_introspection_cpp
[13.939s] [ 68%] Built target dss_lio_sam__rosidl_typesupport_introspection_c
[13.946s] [ 68%] Built target dss_lio_sam__rosidl_typesupport_fastrtps_cpp
[14.049s] [ 70%] [32m[1mLinking CXX shared library libdss_lio_sam__rosidl_typesupport_fastrtps_c.so[0m
[14.126s] [ 70%] Built target dss_lio_sam__rosidl_typesupport_fastrtps_c
[14.139s] [ 70%] Built target dss_lio_sam
[14.151s] [ 72%] [34m[1mGenerating Python code for ROS interfaces[0m
[14.440s] [ 72%] Built target dss_lio_sam__py
[14.452s] [ 76%] [32mBuilding C object CMakeFiles/dss_lio_sam__rosidl_generator_py.dir/rosidl_generator_py/dss_lio_sam/msg/_cloud_info_s.c.o[0m
[14.452s] [ 76%] [32mBuilding C object CMakeFiles/dss_lio_sam__rosidl_generator_py.dir/rosidl_generator_py/dss_lio_sam/srv/_save_map_s.c.o[0m
[14.591s] [ 78%] [32m[1mLinking C shared library rosidl_generator_py/dss_lio_sam/libdss_lio_sam__rosidl_generator_py.so[0m
[14.646s] [ 78%] Built target dss_lio_sam__rosidl_generator_py
[14.658s] [ 85%] [32mBuilding C object CMakeFiles/dss_lio_sam__rosidl_typesupport_c__pyext.dir/rosidl_generator_py/dss_lio_sam/_dss_lio_sam_s.ep.rosidl_typesupport_c.c.o[0m
[14.658s] [ 85%] [32mBuilding C object CMakeFiles/dss_lio_sam__rosidl_typesupport_introspection_c__pyext.dir/rosidl_generator_py/dss_lio_sam/_dss_lio_sam_s.ep.rosidl_typesupport_introspection_c.c.o[0m
[14.658s] [ 85%] [32mBuilding C object CMakeFiles/dss_lio_sam__rosidl_typesupport_fastrtps_c__pyext.dir/rosidl_generator_py/dss_lio_sam/_dss_lio_sam_s.ep.rosidl_typesupport_fastrtps_c.c.o[0m
[14.733s] [ 91%] [32m[1mLinking C shared library rosidl_generator_py/dss_lio_sam/dss_lio_sam_s__rosidl_typesupport_introspection_c.cpython-310-x86_64-linux-gnu.so[0m
[14.733s] [ 91%] [32m[1mLinking C shared library rosidl_generator_py/dss_lio_sam/dss_lio_sam_s__rosidl_typesupport_fastrtps_c.cpython-310-x86_64-linux-gnu.so[0m
[14.733s] [ 91%] [32m[1mLinking C shared library rosidl_generator_py/dss_lio_sam/dss_lio_sam_s__rosidl_typesupport_c.cpython-310-x86_64-linux-gnu.so[0m
[14.792s] [ 91%] Built target dss_lio_sam__rosidl_typesupport_fastrtps_c__pyext
[14.792s] [ 91%] Built target dss_lio_sam__rosidl_typesupport_c__pyext
[14.792s] [ 91%] Built target dss_lio_sam__rosidl_typesupport_introspection_c__pyext
[29.495s] [ 93%] [32m[1mLinking CXX executable dss_lio_sam_featureExtraction[0m
[29.965s] [ 93%] Built target dss_lio_sam_featureExtraction
[33.260s] [ 95%] [32m[1mLinking CXX executable dss_lio_sam_imageProjection[0m
[33.599s] [ 95%] Built target dss_lio_sam_imageProjection
[40.522s] [ 97%] [32m[1mLinking CXX executable dss_lio_sam_imuPreintegration[0m
[40.939s] [ 97%] Built target dss_lio_sam_imuPreintegration
[59.194s] [100%] [32m[1mLinking CXX executable dss_lio_sam_mapOptimization[0m
[59.628s] /usr/bin/ld: warning: libtbb.so.2, needed by /usr/lib/x86_64-linux-gnu/libopencv_core.so.4.5.4d, may conflict with libtbb.so.12
[59.786s] [100%] Built target dss_lio_sam_mapOptimization
[59.794s] Invoked command in '/home/tukorea/ros2_ws/build/dss_lio_sam' returned '0': CMAKE_PREFIX_PATH=${CMAKE_PREFIX_PATH}:/home/tukorea/ros2_ws/install/slam_launch_manager:/home/tukorea/ros2_ws/install/bag_replay_tool_ros2:/opt/ros/humble /usr/bin/cmake --build /home/tukorea/ros2_ws/build/dss_lio_sam -- -j20 -l20
[59.799s] Invoking command in '/home/tukorea/ros2_ws/build/dss_lio_sam': CMAKE_PREFIX_PATH=${CMAKE_PREFIX_PATH}:/home/tukorea/ros2_ws/install/slam_launch_manager:/home/tukorea/ros2_ws/install/bag_replay_tool_ros2:/opt/ros/humble /usr/bin/cmake --install /home/tukorea/ros2_ws/build/dss_lio_sam
[59.803s] -- Install configuration: "Release"
[59.804s] -- Installing: /home/tukorea/ros2_ws/install/dss_lio_sam/share/ament_index/resource_index/rosidl_interfaces/dss_lio_sam
[59.804s] -- Installing: /home/tukorea/ros2_ws/install/dss_lio_sam/include/dss_lio_sam/dss_lio_sam
[59.804s] -- Installing: /home/tukorea/ros2_ws/install/dss_lio_sam/include/dss_lio_sam/dss_lio_sam/srv
[59.804s] -- Installing: /home/tukorea/ros2_ws/install/dss_lio_sam/include/dss_lio_sam/dss_lio_sam/srv/save_map.h
[59.804s] -- Installing: /home/tukorea/ros2_ws/install/dss_lio_sam/include/dss_lio_sam/dss_lio_sam/srv/detail
[59.805s] -- Installing: /home/tukorea/ros2_ws/install/dss_lio_sam/include/dss_lio_sam/dss_lio_sam/srv/detail/save_map__functions.h
[59.805s] -- Installing: /home/tukorea/ros2_ws/install/dss_lio_sam/include/dss_lio_sam/dss_lio_sam/srv/detail/save_map__functions.c
[59.805s] -- Installing: /home/tukorea/ros2_ws/install/dss_lio_sam/include/dss_lio_sam/dss_lio_sam/srv/detail/save_map__type_support.h
[59.805s] -- Installing: /home/tukorea/ros2_ws/install/dss_lio_sam/include/dss_lio_sam/dss_lio_sam/srv/detail/save_map__struct.h
[59.805s] -- Installing: /home/tukorea/ros2_ws/install/dss_lio_sam/include/dss_lio_sam/dss_lio_sam/msg
[59.805s] -- Installing: /home/tukorea/ros2_ws/install/dss_lio_sam/include/dss_lio_sam/dss_lio_sam/msg/rosidl_generator_c__visibility_control.h
[59.805s] -- Installing: /home/tukorea/ros2_ws/install/dss_lio_sam/include/dss_lio_sam/dss_lio_sam/msg/detail
[59.805s] -- Installing: /home/tukorea/ros2_ws/install/dss_lio_sam/include/dss_lio_sam/dss_lio_sam/msg/detail/cloud_info__functions.h
[59.805s] -- Installing: /home/tukorea/ros2_ws/install/dss_lio_sam/include/dss_lio_sam/dss_lio_sam/msg/detail/cloud_info__type_support.h
[59.805s] -- Installing: /home/tukorea/ros2_ws/install/dss_lio_sam/include/dss_lio_sam/dss_lio_sam/msg/detail/cloud_info__functions.c
[59.805s] -- Installing: /home/tukorea/ros2_ws/install/dss_lio_sam/include/dss_lio_sam/dss_lio_sam/msg/detail/cloud_info__struct.h
[59.805s] -- Installing: /home/tukorea/ros2_ws/install/dss_lio_sam/include/dss_lio_sam/dss_lio_sam/msg/cloud_info.h
[59.806s] -- Installing: /home/tukorea/ros2_ws/install/dss_lio_sam/share/dss_lio_sam/environment/library_path.sh
[59.806s] -- Installing: /home/tukorea/ros2_ws/install/dss_lio_sam/share/dss_lio_sam/environment/library_path.dsv
[59.806s] -- Installing: /home/tukorea/ros2_ws/install/dss_lio_sam/lib/libdss_lio_sam__rosidl_generator_c.so
[59.806s] -- Set runtime path of "/home/tukorea/ros2_ws/install/dss_lio_sam/lib/libdss_lio_sam__rosidl_generator_c.so" to ""
[59.806s] -- Up-to-date: /home/tukorea/ros2_ws/install/dss_lio_sam/include/dss_lio_sam/dss_lio_sam
[59.806s] -- Up-to-date: /home/tukorea/ros2_ws/install/dss_lio_sam/include/dss_lio_sam/dss_lio_sam/srv
[59.806s] -- Up-to-date: /home/tukorea/ros2_ws/install/dss_lio_sam/include/dss_lio_sam/dss_lio_sam/srv/detail
[59.806s] -- Installing: /home/tukorea/ros2_ws/install/dss_lio_sam/include/dss_lio_sam/dss_lio_sam/srv/detail/save_map__rosidl_typesupport_fastrtps_c.h
[59.807s] -- Up-to-date: /home/tukorea/ros2_ws/install/dss_lio_sam/include/dss_lio_sam/dss_lio_sam/msg
[59.807s] -- Installing: /home/tukorea/ros2_ws/install/dss_lio_sam/include/dss_lio_sam/dss_lio_sam/msg/rosidl_typesupport_fastrtps_c__visibility_control.h
[59.807s] -- Up-to-date: /home/tukorea/ros2_ws/install/dss_lio_sam/include/dss_lio_sam/dss_lio_sam/msg/detail
[59.807s] -- Installing: /home/tukorea/ros2_ws/install/dss_lio_sam/include/dss_lio_sam/dss_lio_sam/msg/detail/cloud_info__rosidl_typesupport_fastrtps_c.h
[59.807s] -- Installing: /home/tukorea/ros2_ws/install/dss_lio_sam/lib/libdss_lio_sam__rosidl_typesupport_fastrtps_c.so
[59.807s] -- Set runtime path of "/home/tukorea/ros2_ws/install/dss_lio_sam/lib/libdss_lio_sam__rosidl_typesupport_fastrtps_c.so" to ""
[59.807s] -- Up-to-date: /home/tukorea/ros2_ws/install/dss_lio_sam/include/dss_lio_sam/dss_lio_sam
[59.807s] -- Up-to-date: /home/tukorea/ros2_ws/install/dss_lio_sam/include/dss_lio_sam/dss_lio_sam/srv
[59.807s] -- Up-to-date: /home/tukorea/ros2_ws/install/dss_lio_sam/include/dss_lio_sam/dss_lio_sam/srv/detail
[59.807s] -- Installing: /home/tukorea/ros2_ws/install/dss_lio_sam/include/dss_lio_sam/dss_lio_sam/srv/detail/save_map__rosidl_typesupport_introspection_c.h
[59.807s] -- Installing: /home/tukorea/ros2_ws/install/dss_lio_sam/include/dss_lio_sam/dss_lio_sam/srv/detail/save_map__type_support.c
[59.807s] -- Up-to-date: /home/tukorea/ros2_ws/install/dss_lio_sam/include/dss_lio_sam/dss_lio_sam/msg
[59.807s] -- Up-to-date: /home/tukorea/ros2_ws/install/dss_lio_sam/include/dss_lio_sam/dss_lio_sam/msg/detail
[59.807s] -- Installing: /home/tukorea/ros2_ws/install/dss_lio_sam/include/dss_lio_sam/dss_lio_sam/msg/detail/cloud_info__rosidl_typesupport_introspection_c.h
[59.807s] -- Installing: /home/tukorea/ros2_ws/install/dss_lio_sam/include/dss_lio_sam/dss_lio_sam/msg/detail/cloud_info__type_support.c
[59.807s] -- Installing: /home/tukorea/ros2_ws/install/dss_lio_sam/include/dss_lio_sam/dss_lio_sam/msg/rosidl_typesupport_introspection_c__visibility_control.h
[59.808s] -- Installing: /home/tukorea/ros2_ws/install/dss_lio_sam/lib/libdss_lio_sam__rosidl_typesupport_introspection_c.so
[59.808s] -- Set runtime path of "/home/tukorea/ros2_ws/install/dss_lio_sam/lib/libdss_lio_sam__rosidl_typesupport_introspection_c.so" to ""
[59.808s] -- Installing: /home/tukorea/ros2_ws/install/dss_lio_sam/lib/libdss_lio_sam__rosidl_typesupport_c.so
[59.808s] -- Set runtime path of "/home/tukorea/ros2_ws/install/dss_lio_sam/lib/libdss_lio_sam__rosidl_typesupport_c.so" to ""
[59.808s] -- Up-to-date: /home/tukorea/ros2_ws/install/dss_lio_sam/include/dss_lio_sam/dss_lio_sam
[59.808s] -- Up-to-date: /home/tukorea/ros2_ws/install/dss_lio_sam/include/dss_lio_sam/dss_lio_sam/srv
[59.808s] -- Up-to-date: /home/tukorea/ros2_ws/install/dss_lio_sam/include/dss_lio_sam/dss_lio_sam/srv/detail
[59.808s] -- Installing: /home/tukorea/ros2_ws/install/dss_lio_sam/include/dss_lio_sam/dss_lio_sam/srv/detail/save_map__struct.hpp
[59.808s] -- Installing: /home/tukorea/ros2_ws/install/dss_lio_sam/include/dss_lio_sam/dss_lio_sam/srv/detail/save_map__traits.hpp
[59.808s] -- Installing: /home/tukorea/ros2_ws/install/dss_lio_sam/include/dss_lio_sam/dss_lio_sam/srv/detail/save_map__type_support.hpp
[59.808s] -- Installing: /home/tukorea/ros2_ws/install/dss_lio_sam/include/dss_lio_sam/dss_lio_sam/srv/detail/save_map__builder.hpp
[59.808s] -- Installing: /home/tukorea/ros2_ws/install/dss_lio_sam/include/dss_lio_sam/dss_lio_sam/srv/save_map.hpp
[59.808s] -- Up-to-date: /home/tukorea/ros2_ws/install/dss_lio_sam/include/dss_lio_sam/dss_lio_sam/msg
[59.808s] -- Installing: /home/tukorea/ros2_ws/install/dss_lio_sam/include/dss_lio_sam/dss_lio_sam/msg/rosidl_generator_cpp__visibility_control.hpp
[59.808s] -- Up-to-date: /home/tukorea/ros2_ws/install/dss_lio_sam/include/dss_lio_sam/dss_lio_sam/msg/detail
[59.808s] -- Installing: /home/tukorea/ros2_ws/install/dss_lio_sam/include/dss_lio_sam/dss_lio_sam/msg/detail/cloud_info__struct.hpp
[59.808s] -- Installing: /home/tukorea/ros2_ws/install/dss_lio_sam/include/dss_lio_sam/dss_lio_sam/msg/detail/cloud_info__builder.hpp
[59.808s] -- Installing: /home/tukorea/ros2_ws/install/dss_lio_sam/include/dss_lio_sam/dss_lio_sam/msg/detail/cloud_info__traits.hpp
[59.808s] -- Installing: /home/tukorea/ros2_ws/install/dss_lio_sam/include/dss_lio_sam/dss_lio_sam/msg/detail/cloud_info__type_support.hpp
[59.808s] -- Installing: /home/tukorea/ros2_ws/install/dss_lio_sam/include/dss_lio_sam/dss_lio_sam/msg/cloud_info.hpp
[59.808s] -- Up-to-date: /home/tukorea/ros2_ws/install/dss_lio_sam/include/dss_lio_sam/dss_lio_sam
[59.808s] -- Up-to-date: /home/tukorea/ros2_ws/install/dss_lio_sam/include/dss_lio_sam/dss_lio_sam/srv
[59.808s] -- Up-to-date: /home/tukorea/ros2_ws/install/dss_lio_sam/include/dss_lio_sam/dss_lio_sam/srv/detail
[59.808s] -- Installing: /home/tukorea/ros2_ws/install/dss_lio_sam/include/dss_lio_sam/dss_lio_sam/srv/detail/save_map__rosidl_typesupport_fastrtps_cpp.hpp
[59.808s] -- Installing: /home/tukorea/ros2_ws/install/dss_lio_sam/include/dss_lio_sam/dss_lio_sam/srv/detail/dds_fastrtps
[59.808s] -- Up-to-date: /home/tukorea/ros2_ws/install/dss_lio_sam/include/dss_lio_sam/dss_lio_sam/msg
[59.808s] -- Up-to-date: /home/tukorea/ros2_ws/install/dss_lio_sam/include/dss_lio_sam/dss_lio_sam/msg/detail
[59.808s] -- Installing: /home/tukorea/ros2_ws/install/dss_lio_sam/include/dss_lio_sam/dss_lio_sam/msg/detail/cloud_info__rosidl_typesupport_fastrtps_cpp.hpp
[59.808s] -- Installing: /home/tukorea/ros2_ws/install/dss_lio_sam/include/dss_lio_sam/dss_lio_sam/msg/detail/dds_fastrtps
[59.809s] -- Installing: /home/tukorea/ros2_ws/install/dss_lio_sam/include/dss_lio_sam/dss_lio_sam/msg/rosidl_typesupport_fastrtps_cpp__visibility_control.h
[59.809s] -- Installing: /home/tukorea/ros2_ws/install/dss_lio_sam/lib/libdss_lio_sam__rosidl_typesupport_fastrtps_cpp.so
[59.809s] -- Set runtime path of "/home/tukorea/ros2_ws/install/dss_lio_sam/lib/libdss_lio_sam__rosidl_typesupport_fastrtps_cpp.so" to ""
[59.809s] -- Up-to-date: /home/tukorea/ros2_ws/install/dss_lio_sam/include/dss_lio_sam/dss_lio_sam
[59.809s] -- Up-to-date: /home/tukorea/ros2_ws/install/dss_lio_sam/include/dss_lio_sam/dss_lio_sam/srv
[59.809s] -- Up-to-date: /home/tukorea/ros2_ws/install/dss_lio_sam/include/dss_lio_sam/dss_lio_sam/srv/detail
[59.809s] -- Installing: /home/tukorea/ros2_ws/install/dss_lio_sam/include/dss_lio_sam/dss_lio_sam/srv/detail/save_map__type_support.cpp
[59.809s] -- Installing: /home/tukorea/ros2_ws/install/dss_lio_sam/include/dss_lio_sam/dss_lio_sam/srv/detail/save_map__rosidl_typesupport_introspection_cpp.hpp
[59.809s] -- Up-to-date: /home/tukorea/ros2_ws/install/dss_lio_sam/include/dss_lio_sam/dss_lio_sam/msg
[59.809s] -- Up-to-date: /home/tukorea/ros2_ws/install/dss_lio_sam/include/dss_lio_sam/dss_lio_sam/msg/detail
[59.809s] -- Installing: /home/tukorea/ros2_ws/install/dss_lio_sam/include/dss_lio_sam/dss_lio_sam/msg/detail/cloud_info__type_support.cpp
[59.809s] -- Installing: /home/tukorea/ros2_ws/install/dss_lio_sam/include/dss_lio_sam/dss_lio_sam/msg/detail/cloud_info__rosidl_typesupport_introspection_cpp.hpp
[59.809s] -- Installing: /home/tukorea/ros2_ws/install/dss_lio_sam/lib/libdss_lio_sam__rosidl_typesupport_introspection_cpp.so
[59.809s] -- Set runtime path of "/home/tukorea/ros2_ws/install/dss_lio_sam/lib/libdss_lio_sam__rosidl_typesupport_introspection_cpp.so" to ""
[59.809s] -- Installing: /home/tukorea/ros2_ws/install/dss_lio_sam/lib/libdss_lio_sam__rosidl_typesupport_cpp.so
[59.810s] -- Set runtime path of "/home/tukorea/ros2_ws/install/dss_lio_sam/lib/libdss_lio_sam__rosidl_typesupport_cpp.so" to ""
[59.810s] -- Installing: /home/tukorea/ros2_ws/install/dss_lio_sam/share/dss_lio_sam/environment/pythonpath.sh
[59.810s] -- Installing: /home/tukorea/ros2_ws/install/dss_lio_sam/share/dss_lio_sam/environment/pythonpath.dsv
[59.810s] -- Installing: /home/tukorea/ros2_ws/install/dss_lio_sam/local/lib/python3.10/dist-packages/dss_lio_sam-1.0.0-py3.10.egg-info
[59.811s] -- Installing: /home/tukorea/ros2_ws/install/dss_lio_sam/local/lib/python3.10/dist-packages/dss_lio_sam-1.0.0-py3.10.egg-info/SOURCES.txt
[59.811s] -- Installing: /home/tukorea/ros2_ws/install/dss_lio_sam/local/lib/python3.10/dist-packages/dss_lio_sam-1.0.0-py3.10.egg-info/PKG-INFO
[59.811s] -- Installing: /home/tukorea/ros2_ws/install/dss_lio_sam/local/lib/python3.10/dist-packages/dss_lio_sam-1.0.0-py3.10.egg-info/dependency_links.txt
[59.811s] -- Installing: /home/tukorea/ros2_ws/install/dss_lio_sam/local/lib/python3.10/dist-packages/dss_lio_sam-1.0.0-py3.10.egg-info/top_level.txt
[59.811s] -- Installing: /home/tukorea/ros2_ws/install/dss_lio_sam/local/lib/python3.10/dist-packages/dss_lio_sam
[59.811s] -- Installing: /home/tukorea/ros2_ws/install/dss_lio_sam/local/lib/python3.10/dist-packages/dss_lio_sam/_dss_lio_sam_s.ep.rosidl_typesupport_c.c
[59.811s] -- Installing: /home/tukorea/ros2_ws/install/dss_lio_sam/local/lib/python3.10/dist-packages/dss_lio_sam/libdss_lio_sam__rosidl_generator_py.so
[59.811s] -- Installing: /home/tukorea/ros2_ws/install/dss_lio_sam/local/lib/python3.10/dist-packages/dss_lio_sam/srv
[59.811s] -- Installing: /home/tukorea/ros2_ws/install/dss_lio_sam/local/lib/python3.10/dist-packages/dss_lio_sam/srv/_save_map_s.c
[59.811s] -- Installing: /home/tukorea/ros2_ws/install/dss_lio_sam/local/lib/python3.10/dist-packages/dss_lio_sam/srv/_save_map.py
[59.812s] -- Installing: /home/tukorea/ros2_ws/install/dss_lio_sam/local/lib/python3.10/dist-packages/dss_lio_sam/srv/__init__.py
[59.812s] -- Installing: /home/tukorea/ros2_ws/install/dss_lio_sam/local/lib/python3.10/dist-packages/dss_lio_sam/dss_lio_sam_s__rosidl_typesupport_c.cpython-310-x86_64-linux-gnu.so
[59.812s] -- Installing: /home/tukorea/ros2_ws/install/dss_lio_sam/local/lib/python3.10/dist-packages/dss_lio_sam/msg
[59.812s] -- Installing: /home/tukorea/ros2_ws/install/dss_lio_sam/local/lib/python3.10/dist-packages/dss_lio_sam/msg/_cloud_info.py
[59.812s] -- Installing: /home/tukorea/ros2_ws/install/dss_lio_sam/local/lib/python3.10/dist-packages/dss_lio_sam/msg/__init__.py
[59.812s] -- Installing: /home/tukorea/ros2_ws/install/dss_lio_sam/local/lib/python3.10/dist-packages/dss_lio_sam/msg/_cloud_info_s.c
[59.812s] -- Installing: /home/tukorea/ros2_ws/install/dss_lio_sam/local/lib/python3.10/dist-packages/dss_lio_sam/_dss_lio_sam_s.ep.rosidl_typesupport_introspection_c.c
[59.812s] -- Installing: /home/tukorea/ros2_ws/install/dss_lio_sam/local/lib/python3.10/dist-packages/dss_lio_sam/dss_lio_sam_s__rosidl_typesupport_fastrtps_c.cpython-310-x86_64-linux-gnu.so
[59.812s] -- Installing: /home/tukorea/ros2_ws/install/dss_lio_sam/local/lib/python3.10/dist-packages/dss_lio_sam/__init__.py
[59.812s] -- Installing: /home/tukorea/ros2_ws/install/dss_lio_sam/local/lib/python3.10/dist-packages/dss_lio_sam/dss_lio_sam_s__rosidl_typesupport_introspection_c.cpython-310-x86_64-linux-gnu.so
[59.812s] -- Installing: /home/tukorea/ros2_ws/install/dss_lio_sam/local/lib/python3.10/dist-packages/dss_lio_sam/_dss_lio_sam_s.ep.rosidl_typesupport_fastrtps_c.c
[59.834s] Listing '/home/tukorea/ros2_ws/install/dss_lio_sam/local/lib/python3.10/dist-packages/dss_lio_sam'...
[59.834s] Compiling '/home/tukorea/ros2_ws/install/dss_lio_sam/local/lib/python3.10/dist-packages/dss_lio_sam/__init__.py'...
[59.834s] Listing '/home/tukorea/ros2_ws/install/dss_lio_sam/local/lib/python3.10/dist-packages/dss_lio_sam/msg'...
[59.834s] Compiling '/home/tukorea/ros2_ws/install/dss_lio_sam/local/lib/python3.10/dist-packages/dss_lio_sam/msg/__init__.py'...
[59.834s] Compiling '/home/tukorea/ros2_ws/install/dss_lio_sam/local/lib/python3.10/dist-packages/dss_lio_sam/msg/_cloud_info.py'...
[59.834s] Listing '/home/tukorea/ros2_ws/install/dss_lio_sam/local/lib/python3.10/dist-packages/dss_lio_sam/srv'...
[59.834s] Compiling '/home/tukorea/ros2_ws/install/dss_lio_sam/local/lib/python3.10/dist-packages/dss_lio_sam/srv/__init__.py'...
[59.834s] Compiling '/home/tukorea/ros2_ws/install/dss_lio_sam/local/lib/python3.10/dist-packages/dss_lio_sam/srv/_save_map.py'...
[59.837s] -- Installing: /home/tukorea/ros2_ws/install/dss_lio_sam/local/lib/python3.10/dist-packages/dss_lio_sam/dss_lio_sam_s__rosidl_typesupport_fastrtps_c.cpython-310-x86_64-linux-gnu.so
[59.837s] -- Set runtime path of "/home/tukorea/ros2_ws/install/dss_lio_sam/local/lib/python3.10/dist-packages/dss_lio_sam/dss_lio_sam_s__rosidl_typesupport_fastrtps_c.cpython-310-x86_64-linux-gnu.so" to ""
[59.837s] -- Installing: /home/tukorea/ros2_ws/install/dss_lio_sam/local/lib/python3.10/dist-packages/dss_lio_sam/dss_lio_sam_s__rosidl_typesupport_introspection_c.cpython-310-x86_64-linux-gnu.so
[59.837s] -- Set runtime path of "/home/tukorea/ros2_ws/install/dss_lio_sam/local/lib/python3.10/dist-packages/dss_lio_sam/dss_lio_sam_s__rosidl_typesupport_introspection_c.cpython-310-x86_64-linux-gnu.so" to ""
[59.837s] -- Installing: /home/tukorea/ros2_ws/install/dss_lio_sam/local/lib/python3.10/dist-packages/dss_lio_sam/dss_lio_sam_s__rosidl_typesupport_c.cpython-310-x86_64-linux-gnu.so
[59.837s] -- Set runtime path of "/home/tukorea/ros2_ws/install/dss_lio_sam/local/lib/python3.10/dist-packages/dss_lio_sam/dss_lio_sam_s__rosidl_typesupport_c.cpython-310-x86_64-linux-gnu.so" to ""
[59.837s] -- Installing: /home/tukorea/ros2_ws/install/dss_lio_sam/lib/libdss_lio_sam__rosidl_generator_py.so
[59.837s] -- Set runtime path of "/home/tukorea/ros2_ws/install/dss_lio_sam/lib/libdss_lio_sam__rosidl_generator_py.so" to ""
[59.837s] -- Installing: /home/tukorea/ros2_ws/install/dss_lio_sam/share/dss_lio_sam/msg/CloudInfo.idl
[59.838s] -- Installing: /home/tukorea/ros2_ws/install/dss_lio_sam/share/dss_lio_sam/srv/SaveMap.idl
[59.838s] -- Installing: /home/tukorea/ros2_ws/install/dss_lio_sam/share/dss_lio_sam/msg/CloudInfo.msg
[59.838s] -- Installing: /home/tukorea/ros2_ws/install/dss_lio_sam/share/dss_lio_sam/srv/SaveMap.srv
[59.838s] -- Installing: /home/tukorea/ros2_ws/install/dss_lio_sam/share/dss_lio_sam/srv/SaveMap_Request.msg
[59.838s] -- Installing: /home/tukorea/ros2_ws/install/dss_lio_sam/share/dss_lio_sam/srv/SaveMap_Response.msg
[59.838s] -- Installing: /home/tukorea/ros2_ws/install/dss_lio_sam/share/dss_lio_sam//launch
[59.838s] -- Installing: /home/tukorea/ros2_ws/install/dss_lio_sam/share/dss_lio_sam//launch/__pycache__
[59.838s] -- Installing: /home/tukorea/ros2_ws/install/dss_lio_sam/share/dss_lio_sam//launch/__pycache__/run_localization.launch.cpython-310.pyc:Zone.Identifier
[59.838s] -- Installing: /home/tukorea/ros2_ws/install/dss_lio_sam/share/dss_lio_sam//launch/__pycache__/run_localization.launch.cpython-310.pyc
[59.839s] -- Installing: /home/tukorea/ros2_ws/install/dss_lio_sam/share/dss_lio_sam//launch/__pycache__/run.launch.cpython-310.pyc:Zone.Identifier
[59.839s] -- Installing: /home/tukorea/ros2_ws/install/dss_lio_sam/share/dss_lio_sam//launch/__pycache__/run.launch.cpython-310.pyc
[59.839s] -- Installing: /home/tukorea/ros2_ws/install/dss_lio_sam/share/dss_lio_sam//launch/run.launch.py
[59.839s] -- Installing: /home/tukorea/ros2_ws/install/dss_lio_sam/share/dss_lio_sam//launch/run.launch.py:Zone.Identifier
[59.839s] -- Installing: /home/tukorea/ros2_ws/install/dss_lio_sam/share/dss_lio_sam//launch/run_localization.launch.py:Zone.Identifier
[59.839s] -- Installing: /home/tukorea/ros2_ws/install/dss_lio_sam/share/dss_lio_sam//launch/run_localization.launch.py
[59.840s] -- Installing: /home/tukorea/ros2_ws/install/dss_lio_sam/share/dss_lio_sam//config
[59.840s] -- Installing: /home/tukorea/ros2_ws/install/dss_lio_sam/share/dss_lio_sam//config/params.yaml
[59.840s] -- Installing: /home/tukorea/ros2_ws/install/dss_lio_sam/share/dss_lio_sam//config/params_localization.yaml
[59.840s] -- Installing: /home/tukorea/ros2_ws/install/dss_lio_sam/share/dss_lio_sam//config/params.yaml:Zone.Identifier
[59.840s] -- Installing: /home/tukorea/ros2_ws/install/dss_lio_sam/share/dss_lio_sam//config/rviz2.rviz
[59.841s] -- Installing: /home/tukorea/ros2_ws/install/dss_lio_sam/share/dss_lio_sam//config/rviz2.rviz:Zone.Identifier
[59.841s] -- Installing: /home/tukorea/ros2_ws/install/dss_lio_sam/share/dss_lio_sam//config/params_localization.yaml:Zone.Identifier
[59.841s] -- Installing: /home/tukorea/ros2_ws/install/dss_lio_sam/share/dss_lio_sam//config/dss_lio_sam.rviz:Zone.Identifier
[59.841s] -- Installing: /home/tukorea/ros2_ws/install/dss_lio_sam/share/dss_lio_sam//config/robot.urdf.xacro
[59.841s] -- Installing: /home/tukorea/ros2_ws/install/dss_lio_sam/share/dss_lio_sam//config/dss_lio_sam.rviz
[59.841s] -- Installing: /home/tukorea/ros2_ws/install/dss_lio_sam/share/dss_lio_sam//config/robot.urdf.xacro:Zone.Identifier
[59.841s] -- Installing: /home/tukorea/ros2_ws/install/dss_lio_sam/lib/dss_lio_sam/dss_lio_sam_imageProjection
[59.842s] -- Set runtime path of "/home/tukorea/ros2_ws/install/dss_lio_sam/lib/dss_lio_sam/dss_lio_sam_imageProjection" to ""
[59.842s] -- Installing: /home/tukorea/ros2_ws/install/dss_lio_sam/lib/dss_lio_sam/dss_lio_sam_imuPreintegration
[59.843s] -- Set runtime path of "/home/tukorea/ros2_ws/install/dss_lio_sam/lib/dss_lio_sam/dss_lio_sam_imuPreintegration" to ""
[59.843s] -- Installing: /home/tukorea/ros2_ws/install/dss_lio_sam/lib/dss_lio_sam/dss_lio_sam_featureExtraction
[59.844s] -- Set runtime path of "/home/tukorea/ros2_ws/install/dss_lio_sam/lib/dss_lio_sam/dss_lio_sam_featureExtraction" to ""
[59.844s] -- Installing: /home/tukorea/ros2_ws/install/dss_lio_sam/lib/dss_lio_sam/dss_lio_sam_mapOptimization
[59.845s] -- Set runtime path of "/home/tukorea/ros2_ws/install/dss_lio_sam/lib/dss_lio_sam/dss_lio_sam_mapOptimization" to ""
[59.845s] -- Up-to-date: /home/tukorea/ros2_ws/install/dss_lio_sam/include
[59.845s] -- Up-to-date: /home/tukorea/ros2_ws/install/dss_lio_sam/include/dss_lio_sam
[59.845s] -- Installing: /home/tukorea/ros2_ws/install/dss_lio_sam/include/dss_lio_sam/utility.hpp
[59.845s] -- Installing: /home/tukorea/ros2_ws/install/dss_lio_sam/include/dss_lio_sam/utility.hpp:Zone.Identifier
[59.846s] -- Installing: /home/tukorea/ros2_ws/install/dss_lio_sam/share/ament_index/resource_index/package_run_dependencies/dss_lio_sam
[59.846s] -- Installing: /home/tukorea/ros2_ws/install/dss_lio_sam/share/ament_index/resource_index/parent_prefix_path/dss_lio_sam
[59.846s] -- Installing: /home/tukorea/ros2_ws/install/dss_lio_sam/share/dss_lio_sam/environment/ament_prefix_path.sh
[59.846s] -- Installing: /home/tukorea/ros2_ws/install/dss_lio_sam/share/dss_lio_sam/environment/ament_prefix_path.dsv
[59.846s] -- Installing: /home/tukorea/ros2_ws/install/dss_lio_sam/share/dss_lio_sam/environment/path.sh
[59.846s] -- Installing: /home/tukorea/ros2_ws/install/dss_lio_sam/share/dss_lio_sam/environment/path.dsv
[59.846s] -- Installing: /home/tukorea/ros2_ws/install/dss_lio_sam/share/dss_lio_sam/local_setup.bash
[59.846s] -- Installing: /home/tukorea/ros2_ws/install/dss_lio_sam/share/dss_lio_sam/local_setup.sh
[59.846s] -- Installing: /home/tukorea/ros2_ws/install/dss_lio_sam/share/dss_lio_sam/local_setup.zsh
[59.846s] -- Installing: /home/tukorea/ros2_ws/install/dss_lio_sam/share/dss_lio_sam/local_setup.dsv
[59.846s] -- Installing: /home/tukorea/ros2_ws/install/dss_lio_sam/share/dss_lio_sam/package.dsv
[59.847s] -- Installing: /home/tukorea/ros2_ws/install/dss_lio_sam/share/ament_index/resource_index/packages/dss_lio_sam
[59.847s] -- Installing: /home/tukorea/ros2_ws/install/dss_lio_sam/share/dss_lio_sam/cmake/export_dss_lio_sam__rosidl_generator_cExport.cmake
[59.847s] -- Installing: /home/tukorea/ros2_ws/install/dss_lio_sam/share/dss_lio_sam/cmake/export_dss_lio_sam__rosidl_generator_cExport-release.cmake
[59.847s] -- Installing: /home/tukorea/ros2_ws/install/dss_lio_sam/share/dss_lio_sam/cmake/export_dss_lio_sam__rosidl_typesupport_fastrtps_cExport.cmake
[59.847s] -- Installing: /home/tukorea/ros2_ws/install/dss_lio_sam/share/dss_lio_sam/cmake/export_dss_lio_sam__rosidl_typesupport_fastrtps_cExport-release.cmake
[59.847s] -- Installing: /home/tukorea/ros2_ws/install/dss_lio_sam/share/dss_lio_sam/cmake/dss_lio_sam__rosidl_typesupport_introspection_cExport.cmake
[59.847s] -- Installing: /home/tukorea/ros2_ws/install/dss_lio_sam/share/dss_lio_sam/cmake/dss_lio_sam__rosidl_typesupport_introspection_cExport-release.cmake
[59.847s] -- Installing: /home/tukorea/ros2_ws/install/dss_lio_sam/share/dss_lio_sam/cmake/dss_lio_sam__rosidl_typesupport_cExport.cmake
[59.847s] -- Installing: /home/tukorea/ros2_ws/install/dss_lio_sam/share/dss_lio_sam/cmake/dss_lio_sam__rosidl_typesupport_cExport-release.cmake
[59.847s] -- Installing: /home/tukorea/ros2_ws/install/dss_lio_sam/share/dss_lio_sam/cmake/export_dss_lio_sam__rosidl_generator_cppExport.cmake
[59.847s] -- Installing: /home/tukorea/ros2_ws/install/dss_lio_sam/share/dss_lio_sam/cmake/export_dss_lio_sam__rosidl_typesupport_fastrtps_cppExport.cmake
[59.847s] -- Installing: /home/tukorea/ros2_ws/install/dss_lio_sam/share/dss_lio_sam/cmake/export_dss_lio_sam__rosidl_typesupport_fastrtps_cppExport-release.cmake
[59.847s] -- Installing: /home/tukorea/ros2_ws/install/dss_lio_sam/share/dss_lio_sam/cmake/dss_lio_sam__rosidl_typesupport_introspection_cppExport.cmake
[59.847s] -- Installing: /home/tukorea/ros2_ws/install/dss_lio_sam/share/dss_lio_sam/cmake/dss_lio_sam__rosidl_typesupport_introspection_cppExport-release.cmake
[59.847s] -- Installing: /home/tukorea/ros2_ws/install/dss_lio_sam/share/dss_lio_sam/cmake/dss_lio_sam__rosidl_typesupport_cppExport.cmake
[59.847s] -- Installing: /home/tukorea/ros2_ws/install/dss_lio_sam/share/dss_lio_sam/cmake/dss_lio_sam__rosidl_typesupport_cppExport-release.cmake
[59.847s] -- Installing: /home/tukorea/ros2_ws/install/dss_lio_sam/share/dss_lio_sam/cmake/export_dss_lio_sam__rosidl_generator_pyExport.cmake
[59.847s] -- Installing: /home/tukorea/ros2_ws/install/dss_lio_sam/share/dss_lio_sam/cmake/export_dss_lio_sam__rosidl_generator_pyExport-release.cmake
[59.848s] -- Installing: /home/tukorea/ros2_ws/install/dss_lio_sam/share/dss_lio_sam/cmake/rosidl_cmake-extras.cmake
[59.848s] -- Installing: /home/tukorea/ros2_ws/install/dss_lio_sam/share/dss_lio_sam/cmake/ament_cmake_export_dependencies-extras.cmake
[59.848s] -- Installing: /home/tukorea/ros2_ws/install/dss_lio_sam/share/dss_lio_sam/cmake/ament_cmake_export_include_directories-extras.cmake
[59.848s] -- Installing: /home/tukorea/ros2_ws/install/dss_lio_sam/share/dss_lio_sam/cmake/ament_cmake_export_libraries-extras.cmake
[59.848s] -- Installing: /home/tukorea/ros2_ws/install/dss_lio_sam/share/dss_lio_sam/cmake/ament_cmake_export_targets-extras.cmake
[59.848s] -- Installing: /home/tukorea/ros2_ws/install/dss_lio_sam/share/dss_lio_sam/cmake/rosidl_cmake_export_typesupport_targets-extras.cmake
[59.848s] -- Installing: /home/tukorea/ros2_ws/install/dss_lio_sam/share/dss_lio_sam/cmake/rosidl_cmake_export_typesupport_libraries-extras.cmake
[59.848s] -- Installing: /home/tukorea/ros2_ws/install/dss_lio_sam/share/dss_lio_sam/cmake/dss_lio_samConfig.cmake
[59.848s] -- Installing: /home/tukorea/ros2_ws/install/dss_lio_sam/share/dss_lio_sam/cmake/dss_lio_samConfig-version.cmake
[59.848s] -- Installing: /home/tukorea/ros2_ws/install/dss_lio_sam/share/dss_lio_sam/package.xml
[59.850s] Invoked command in '/home/tukorea/ros2_ws/build/dss_lio_sam' returned '0': CMAKE_PREFIX_PATH=${CMAKE_PREFIX_PATH}:/home/tukorea/ros2_ws/install/slam_launch_manager:/home/tukorea/ros2_ws/install/bag_replay_tool_ros2:/opt/ros/humble /usr/bin/cmake --install /home/tukorea/ros2_ws/build/dss_lio_sam
