[0.369s] Invoking command in '/home/amap/ros2_ws/src/Tools/slam_launch_manager': PYTHONPATH=/home/amap/ros2_ws/src/Tools/slam_launch_manager/build/slam_launch_manager/prefix_override:/usr/lib/python3/dist-packages/colcon_core/task/python/colcon_distutils_commands:/home/amap/ros2_ws/src/Tools/slam_launch_manager/install/slam_launch_manager/lib/python3.10/site-packages:${PYTHONPATH} /usr/bin/python3 -W ignore:setup.py install is deprecated -W ignore:easy_install command is deprecated setup.py egg_info --egg-base build/slam_launch_manager build --build-base /home/amap/ros2_ws/src/Tools/slam_launch_manager/build/slam_launch_manager/build install --record /home/amap/ros2_ws/src/Tools/slam_launch_manager/build/slam_launch_manager/install.log --single-version-externally-managed install_data
[0.499s] running egg_info
[0.499s] writing build/slam_launch_manager/slam_launch_manager.egg-info/PKG-INFO
[0.499s] writing dependency_links to build/slam_launch_manager/slam_launch_manager.egg-info/dependency_links.txt
[0.499s] writing entry points to build/slam_launch_manager/slam_launch_manager.egg-info/entry_points.txt
[0.499s] writing requirements to build/slam_launch_manager/slam_launch_manager.egg-info/requires.txt
[0.500s] writing top-level names to build/slam_launch_manager/slam_launch_manager.egg-info/top_level.txt
[0.500s] reading manifest file 'build/slam_launch_manager/slam_launch_manager.egg-info/SOURCES.txt'
[0.501s] writing manifest file 'build/slam_launch_manager/slam_launch_manager.egg-info/SOURCES.txt'
[0.501s] running build
[0.501s] running build_py
[0.501s] running install
[0.501s] running install_lib
[0.502s] running install_data
[0.502s] running install_egg_info
[0.503s] removing '/home/amap/ros2_ws/src/Tools/slam_launch_manager/install/slam_launch_manager/lib/python3.10/site-packages/slam_launch_manager-0.0.0-py3.10.egg-info' (and everything under it)
[0.503s] Copying build/slam_launch_manager/slam_launch_manager.egg-info to /home/amap/ros2_ws/src/Tools/slam_launch_manager/install/slam_launch_manager/lib/python3.10/site-packages/slam_launch_manager-0.0.0-py3.10.egg-info
[0.504s] running install_scripts
[0.517s] Installing slam_launch_manager script to /home/amap/ros2_ws/src/Tools/slam_launch_manager/install/slam_launch_manager/lib/slam_launch_manager
[0.517s] writing list of installed files to '/home/amap/ros2_ws/src/Tools/slam_launch_manager/build/slam_launch_manager/install.log'
[0.534s] Invoked command in '/home/amap/ros2_ws/src/Tools/slam_launch_manager' returned '0': PYTHONPATH=/home/amap/ros2_ws/src/Tools/slam_launch_manager/build/slam_launch_manager/prefix_override:/usr/lib/python3/dist-packages/colcon_core/task/python/colcon_distutils_commands:/home/amap/ros2_ws/src/Tools/slam_launch_manager/install/slam_launch_manager/lib/python3.10/site-packages:${PYTHONPATH} /usr/bin/python3 -W ignore:setup.py install is deprecated -W ignore:easy_install command is deprecated setup.py egg_info --egg-base build/slam_launch_manager build --build-base /home/amap/ros2_ws/src/Tools/slam_launch_manager/build/slam_launch_manager/build install --record /home/amap/ros2_ws/src/Tools/slam_launch_manager/build/slam_launch_manager/install.log --single-version-externally-managed install_data
