[0.134s] DEBUG:colcon:Command line arguments: ['/usr/bin/colcon', 'build', '--parallel-workers', '1', '--cmake-args', '-DCMAKE_BUILD_TYPE=Release', '-DGTSAM_DIR=/usr/local/lib/cmake/GTSAM']
[0.134s] DEBUG:colcon:Parsed command line arguments: Namespace(log_base=None, log_level=None, verb_name='build', build_base='build', install_base='install', merge_install=False, symlink_install=False, test_result_base=None, continue_on_error=False, executor='parallel', parallel_workers=1, event_handlers=None, ignore_user_meta=False, metas=['./colcon.meta'], base_paths=['.'], packages_ignore=None, packages_ignore_regex=None, paths=None, packages_up_to=None, packages_up_to_regex=None, packages_above=None, packages_above_and_dependencies=None, packages_above_depth=None, packages_select_by_dep=None, packages_skip_by_dep=None, packages_skip_up_to=None, packages_select_build_failed=False, packages_skip_build_finished=False, packages_select_test_failures=False, packages_skip_test_passed=False, packages_select=None, packages_skip=None, packages_select_regex=None, packages_skip_regex=None, packages_start=None, packages_end=None, allow_overriding=[], cmake_args=['-DCMAKE_BUILD_TYPE=Release', '-DGTSAM_DIR=/usr/local/lib/cmake/GTSAM'], cmake_target=None, cmake_target_skip_unavailable=False, cmake_clean_cache=False, cmake_clean_first=False, cmake_force_configure=False, ament_cmake_args=None, catkin_cmake_args=None, catkin_skip_building_tests=False, verb_parser=<colcon_defaults.argument_parser.defaults.DefaultArgumentsDecorator object at 0x74e49dd17f40>, verb_extension=<colcon_core.verb.build.BuildVerb object at 0x74e49de5d2a0>, main=<bound method BuildVerb.main of <colcon_core.verb.build.BuildVerb object at 0x74e49de5d2a0>>)
[0.288s] Level 1:colcon.colcon_core.package_discovery:discover_packages(colcon_meta) check parameters
[0.288s] Level 1:colcon.colcon_core.package_discovery:discover_packages(recursive) check parameters
[0.288s] Level 1:colcon.colcon_core.package_discovery:discover_packages(ignore) check parameters
[0.288s] Level 1:colcon.colcon_core.package_discovery:discover_packages(path) check parameters
[0.288s] Level 1:colcon.colcon_core.package_discovery:discover_packages(colcon_meta) discover
[0.288s] Level 1:colcon.colcon_core.package_discovery:discover_packages(recursive) discover
[0.288s] INFO:colcon.colcon_core.package_discovery:Crawling recursively for packages in '/home/tukorea/ros2_ws'
[0.288s] Level 1:colcon.colcon_core.package_identification:_identify(.) by extensions ['ignore', 'ignore_ament_install']
[0.288s] Level 1:colcon.colcon_core.package_identification:_identify(.) by extension 'ignore'
[0.288s] Level 1:colcon.colcon_core.package_identification:_identify(.) by extension 'ignore_ament_install'
[0.288s] Level 1:colcon.colcon_core.package_identification:_identify(.) by extensions ['colcon_pkg']
[0.288s] Level 1:colcon.colcon_core.package_identification:_identify(.) by extension 'colcon_pkg'
[0.288s] Level 1:colcon.colcon_core.package_identification:_identify(.) by extensions ['colcon_meta']
[0.288s] Level 1:colcon.colcon_core.package_identification:_identify(.) by extension 'colcon_meta'
[0.288s] Level 1:colcon.colcon_core.package_identification:_identify(.) by extensions ['ros']
[0.288s] Level 1:colcon.colcon_core.package_identification:_identify(.) by extension 'ros'
[0.296s] Level 1:colcon.colcon_core.package_identification:_identify(.) by extensions ['cmake', 'python']
[0.296s] Level 1:colcon.colcon_core.package_identification:_identify(.) by extension 'cmake'
[0.296s] Level 1:colcon.colcon_core.package_identification:_identify(.) by extension 'python'
[0.296s] Level 1:colcon.colcon_core.package_identification:_identify(.) by extensions ['python_setup_py']
[0.296s] Level 1:colcon.colcon_core.package_identification:_identify(.) by extension 'python_setup_py'
[0.296s] Level 1:colcon.colcon_core.package_identification:_identify(build) by extensions ['ignore', 'ignore_ament_install']
[0.296s] Level 1:colcon.colcon_core.package_identification:_identify(build) by extension 'ignore'
[0.296s] Level 1:colcon.colcon_core.package_identification:_identify(build) ignored
[0.296s] Level 1:colcon.colcon_core.package_identification:_identify(install) by extensions ['ignore', 'ignore_ament_install']
[0.296s] Level 1:colcon.colcon_core.package_identification:_identify(install) by extension 'ignore'
[0.296s] Level 1:colcon.colcon_core.package_identification:_identify(install) ignored
[0.296s] Level 1:colcon.colcon_core.package_identification:_identify(log) by extensions ['ignore', 'ignore_ament_install']
[0.296s] Level 1:colcon.colcon_core.package_identification:_identify(log) by extension 'ignore'
[0.296s] Level 1:colcon.colcon_core.package_identification:_identify(log) ignored
[0.297s] Level 1:colcon.colcon_core.package_identification:_identify(rosbag) by extensions ['ignore', 'ignore_ament_install']
[0.297s] Level 1:colcon.colcon_core.package_identification:_identify(rosbag) by extension 'ignore'
[0.297s] Level 1:colcon.colcon_core.package_identification:_identify(rosbag) by extension 'ignore_ament_install'
[0.297s] Level 1:colcon.colcon_core.package_identification:_identify(rosbag) by extensions ['colcon_pkg']
[0.297s] Level 1:colcon.colcon_core.package_identification:_identify(rosbag) by extension 'colcon_pkg'
[0.297s] Level 1:colcon.colcon_core.package_identification:_identify(rosbag) by extensions ['colcon_meta']
[0.297s] Level 1:colcon.colcon_core.package_identification:_identify(rosbag) by extension 'colcon_meta'
[0.297s] Level 1:colcon.colcon_core.package_identification:_identify(rosbag) by extensions ['ros']
[0.297s] Level 1:colcon.colcon_core.package_identification:_identify(rosbag) by extension 'ros'
[0.297s] Level 1:colcon.colcon_core.package_identification:_identify(rosbag) by extensions ['cmake', 'python']
[0.297s] Level 1:colcon.colcon_core.package_identification:_identify(rosbag) by extension 'cmake'
[0.297s] Level 1:colcon.colcon_core.package_identification:_identify(rosbag) by extension 'python'
[0.297s] Level 1:colcon.colcon_core.package_identification:_identify(rosbag) by extensions ['python_setup_py']
[0.297s] Level 1:colcon.colcon_core.package_identification:_identify(rosbag) by extension 'python_setup_py'
[0.297s] Level 1:colcon.colcon_core.package_identification:_identify(rosbag/rosbag2_2025_12_05-14_42_30) by extensions ['ignore', 'ignore_ament_install']
[0.297s] Level 1:colcon.colcon_core.package_identification:_identify(rosbag/rosbag2_2025_12_05-14_42_30) by extension 'ignore'
[0.297s] Level 1:colcon.colcon_core.package_identification:_identify(rosbag/rosbag2_2025_12_05-14_42_30) by extension 'ignore_ament_install'
[0.297s] Level 1:colcon.colcon_core.package_identification:_identify(rosbag/rosbag2_2025_12_05-14_42_30) by extensions ['colcon_pkg']
[0.297s] Level 1:colcon.colcon_core.package_identification:_identify(rosbag/rosbag2_2025_12_05-14_42_30) by extension 'colcon_pkg'
[0.297s] Level 1:colcon.colcon_core.package_identification:_identify(rosbag/rosbag2_2025_12_05-14_42_30) by extensions ['colcon_meta']
[0.297s] Level 1:colcon.colcon_core.package_identification:_identify(rosbag/rosbag2_2025_12_05-14_42_30) by extension 'colcon_meta'
[0.297s] Level 1:colcon.colcon_core.package_identification:_identify(rosbag/rosbag2_2025_12_05-14_42_30) by extensions ['ros']
[0.297s] Level 1:colcon.colcon_core.package_identification:_identify(rosbag/rosbag2_2025_12_05-14_42_30) by extension 'ros'
[0.297s] Level 1:colcon.colcon_core.package_identification:_identify(rosbag/rosbag2_2025_12_05-14_42_30) by extensions ['cmake', 'python']
[0.297s] Level 1:colcon.colcon_core.package_identification:_identify(rosbag/rosbag2_2025_12_05-14_42_30) by extension 'cmake'
[0.297s] Level 1:colcon.colcon_core.package_identification:_identify(rosbag/rosbag2_2025_12_05-14_42_30) by extension 'python'
[0.297s] Level 1:colcon.colcon_core.package_identification:_identify(rosbag/rosbag2_2025_12_05-14_42_30) by extensions ['python_setup_py']
[0.297s] Level 1:colcon.colcon_core.package_identification:_identify(rosbag/rosbag2_2025_12_05-14_42_30) by extension 'python_setup_py'
[0.297s] Level 1:colcon.colcon_core.package_identification:_identify(src) by extensions ['ignore', 'ignore_ament_install']
[0.297s] Level 1:colcon.colcon_core.package_identification:_identify(src) by extension 'ignore'
[0.298s] Level 1:colcon.colcon_core.package_identification:_identify(src) by extension 'ignore_ament_install'
[0.298s] Level 1:colcon.colcon_core.package_identification:_identify(src) by extensions ['colcon_pkg']
[0.298s] Level 1:colcon.colcon_core.package_identification:_identify(src) by extension 'colcon_pkg'
[0.298s] Level 1:colcon.colcon_core.package_identification:_identify(src) by extensions ['colcon_meta']
[0.298s] Level 1:colcon.colcon_core.package_identification:_identify(src) by extension 'colcon_meta'
[0.298s] Level 1:colcon.colcon_core.package_identification:_identify(src) by extensions ['ros']
[0.298s] Level 1:colcon.colcon_core.package_identification:_identify(src) by extension 'ros'
[0.298s] Level 1:colcon.colcon_core.package_identification:_identify(src) by extensions ['cmake', 'python']
[0.298s] Level 1:colcon.colcon_core.package_identification:_identify(src) by extension 'cmake'
[0.298s] Level 1:colcon.colcon_core.package_identification:_identify(src) by extension 'python'
[0.298s] Level 1:colcon.colcon_core.package_identification:_identify(src) by extensions ['python_setup_py']
[0.298s] Level 1:colcon.colcon_core.package_identification:_identify(src) by extension 'python_setup_py'
[0.298s] Level 1:colcon.colcon_core.package_identification:_identify(src/SLAM) by extensions ['ignore', 'ignore_ament_install']
[0.298s] Level 1:colcon.colcon_core.package_identification:_identify(src/SLAM) by extension 'ignore'
[0.298s] Level 1:colcon.colcon_core.package_identification:_identify(src/SLAM) by extension 'ignore_ament_install'
[0.298s] Level 1:colcon.colcon_core.package_identification:_identify(src/SLAM) by extensions ['colcon_pkg']
[0.298s] Level 1:colcon.colcon_core.package_identification:_identify(src/SLAM) by extension 'colcon_pkg'
[0.298s] Level 1:colcon.colcon_core.package_identification:_identify(src/SLAM) by extensions ['colcon_meta']
[0.298s] Level 1:colcon.colcon_core.package_identification:_identify(src/SLAM) by extension 'colcon_meta'
[0.298s] Level 1:colcon.colcon_core.package_identification:_identify(src/SLAM) by extensions ['ros']
[0.298s] Level 1:colcon.colcon_core.package_identification:_identify(src/SLAM) by extension 'ros'
[0.298s] Level 1:colcon.colcon_core.package_identification:_identify(src/SLAM) by extensions ['cmake', 'python']
[0.298s] Level 1:colcon.colcon_core.package_identification:_identify(src/SLAM) by extension 'cmake'
[0.298s] Level 1:colcon.colcon_core.package_identification:_identify(src/SLAM) by extension 'python'
[0.298s] Level 1:colcon.colcon_core.package_identification:_identify(src/SLAM) by extensions ['python_setup_py']
[0.298s] Level 1:colcon.colcon_core.package_identification:_identify(src/SLAM) by extension 'python_setup_py'
[0.298s] Level 1:colcon.colcon_core.package_identification:_identify(src/SLAM/LIO-SAM) by extensions ['ignore', 'ignore_ament_install']
[0.298s] Level 1:colcon.colcon_core.package_identification:_identify(src/SLAM/LIO-SAM) by extension 'ignore'
[0.298s] Level 1:colcon.colcon_core.package_identification:_identify(src/SLAM/LIO-SAM) by extension 'ignore_ament_install'
[0.298s] Level 1:colcon.colcon_core.package_identification:_identify(src/SLAM/LIO-SAM) by extensions ['colcon_pkg']
[0.298s] Level 1:colcon.colcon_core.package_identification:_identify(src/SLAM/LIO-SAM) by extension 'colcon_pkg'
[0.298s] Level 1:colcon.colcon_core.package_identification:_identify(src/SLAM/LIO-SAM) by extensions ['colcon_meta']
[0.298s] Level 1:colcon.colcon_core.package_identification:_identify(src/SLAM/LIO-SAM) by extension 'colcon_meta'
[0.298s] Level 1:colcon.colcon_core.package_identification:_identify(src/SLAM/LIO-SAM) by extensions ['ros']
[0.298s] Level 1:colcon.colcon_core.package_identification:_identify(src/SLAM/LIO-SAM) by extension 'ros'
[0.298s] Level 1:colcon.colcon_core.package_identification:_identify(src/SLAM/LIO-SAM) by extensions ['cmake', 'python']
[0.298s] Level 1:colcon.colcon_core.package_identification:_identify(src/SLAM/LIO-SAM) by extension 'cmake'
[0.298s] Level 1:colcon.colcon_core.package_identification:_identify(src/SLAM/LIO-SAM) by extension 'python'
[0.298s] Level 1:colcon.colcon_core.package_identification:_identify(src/SLAM/LIO-SAM) by extensions ['python_setup_py']
[0.298s] Level 1:colcon.colcon_core.package_identification:_identify(src/SLAM/LIO-SAM) by extension 'python_setup_py'
[0.299s] Level 1:colcon.colcon_core.package_identification:_identify(src/SLAM/LIO-SAM/dss_lio_sam) by extensions ['ignore', 'ignore_ament_install']
[0.299s] Level 1:colcon.colcon_core.package_identification:_identify(src/SLAM/LIO-SAM/dss_lio_sam) by extension 'ignore'
[0.299s] Level 1:colcon.colcon_core.package_identification:_identify(src/SLAM/LIO-SAM/dss_lio_sam) by extension 'ignore_ament_install'
[0.299s] Level 1:colcon.colcon_core.package_identification:_identify(src/SLAM/LIO-SAM/dss_lio_sam) by extensions ['colcon_pkg']
[0.299s] Level 1:colcon.colcon_core.package_identification:_identify(src/SLAM/LIO-SAM/dss_lio_sam) by extension 'colcon_pkg'
[0.299s] Level 1:colcon.colcon_core.package_identification:_identify(src/SLAM/LIO-SAM/dss_lio_sam) by extensions ['colcon_meta']
[0.299s] Level 1:colcon.colcon_core.package_identification:_identify(src/SLAM/LIO-SAM/dss_lio_sam) by extension 'colcon_meta'
[0.299s] Level 1:colcon.colcon_core.package_identification:_identify(src/SLAM/LIO-SAM/dss_lio_sam) by extensions ['ros']
[0.299s] Level 1:colcon.colcon_core.package_identification:_identify(src/SLAM/LIO-SAM/dss_lio_sam) by extension 'ros'
[0.301s] DEBUG:colcon.colcon_core.package_identification:Package 'src/SLAM/LIO-SAM/dss_lio_sam' with type 'ros.ament_cmake' and name 'dss_lio_sam'
[0.301s] Level 1:colcon.colcon_core.package_identification:_identify(src/SLAM/LIO-SAM/lio_sam_ros2) by extensions ['ignore', 'ignore_ament_install']
[0.301s] Level 1:colcon.colcon_core.package_identification:_identify(src/SLAM/LIO-SAM/lio_sam_ros2) by extension 'ignore'
[0.301s] Level 1:colcon.colcon_core.package_identification:_identify(src/SLAM/LIO-SAM/lio_sam_ros2) by extension 'ignore_ament_install'
[0.301s] Level 1:colcon.colcon_core.package_identification:_identify(src/SLAM/LIO-SAM/lio_sam_ros2) by extensions ['colcon_pkg']
[0.301s] Level 1:colcon.colcon_core.package_identification:_identify(src/SLAM/LIO-SAM/lio_sam_ros2) by extension 'colcon_pkg'
[0.301s] Level 1:colcon.colcon_core.package_identification:_identify(src/SLAM/LIO-SAM/lio_sam_ros2) by extensions ['colcon_meta']
[0.301s] Level 1:colcon.colcon_core.package_identification:_identify(src/SLAM/LIO-SAM/lio_sam_ros2) by extension 'colcon_meta'
[0.301s] Level 1:colcon.colcon_core.package_identification:_identify(src/SLAM/LIO-SAM/lio_sam_ros2) by extensions ['ros']
[0.301s] Level 1:colcon.colcon_core.package_identification:_identify(src/SLAM/LIO-SAM/lio_sam_ros2) by extension 'ros'
[0.302s] DEBUG:colcon.colcon_core.package_identification:Package 'src/SLAM/LIO-SAM/lio_sam_ros2' with type 'ros.ament_cmake' and name 'lio_sam'
[0.302s] Level 1:colcon.colcon_core.package_identification:_identify(src/SLAM/LIO-SAM/livox_lio_sam) by extensions ['ignore', 'ignore_ament_install']
[0.302s] Level 1:colcon.colcon_core.package_identification:_identify(src/SLAM/LIO-SAM/livox_lio_sam) by extension 'ignore'
[0.302s] Level 1:colcon.colcon_core.package_identification:_identify(src/SLAM/LIO-SAM/livox_lio_sam) by extension 'ignore_ament_install'
[0.302s] Level 1:colcon.colcon_core.package_identification:_identify(src/SLAM/LIO-SAM/livox_lio_sam) by extensions ['colcon_pkg']
[0.302s] Level 1:colcon.colcon_core.package_identification:_identify(src/SLAM/LIO-SAM/livox_lio_sam) by extension 'colcon_pkg'
[0.302s] Level 1:colcon.colcon_core.package_identification:_identify(src/SLAM/LIO-SAM/livox_lio_sam) by extensions ['colcon_meta']
[0.302s] Level 1:colcon.colcon_core.package_identification:_identify(src/SLAM/LIO-SAM/livox_lio_sam) by extension 'colcon_meta'
[0.302s] Level 1:colcon.colcon_core.package_identification:_identify(src/SLAM/LIO-SAM/livox_lio_sam) by extensions ['ros']
[0.302s] Level 1:colcon.colcon_core.package_identification:_identify(src/SLAM/LIO-SAM/livox_lio_sam) by extension 'ros'
[0.303s] DEBUG:colcon.colcon_core.package_identification:Package 'src/SLAM/LIO-SAM/livox_lio_sam' with type 'ros.ament_cmake' and name 'livox_lio_sam'
[0.303s] Level 1:colcon.colcon_core.package_identification:_identify(src/Tool) by extensions ['ignore', 'ignore_ament_install']
[0.303s] Level 1:colcon.colcon_core.package_identification:_identify(src/Tool) by extension 'ignore'
[0.303s] Level 1:colcon.colcon_core.package_identification:_identify(src/Tool) by extension 'ignore_ament_install'
[0.303s] Level 1:colcon.colcon_core.package_identification:_identify(src/Tool) by extensions ['colcon_pkg']
[0.303s] Level 1:colcon.colcon_core.package_identification:_identify(src/Tool) by extension 'colcon_pkg'
[0.303s] Level 1:colcon.colcon_core.package_identification:_identify(src/Tool) by extensions ['colcon_meta']
[0.303s] Level 1:colcon.colcon_core.package_identification:_identify(src/Tool) by extension 'colcon_meta'
[0.303s] Level 1:colcon.colcon_core.package_identification:_identify(src/Tool) by extensions ['ros']
[0.303s] Level 1:colcon.colcon_core.package_identification:_identify(src/Tool) by extension 'ros'
[0.303s] Level 1:colcon.colcon_core.package_identification:_identify(src/Tool) by extensions ['cmake', 'python']
[0.303s] Level 1:colcon.colcon_core.package_identification:_identify(src/Tool) by extension 'cmake'
[0.303s] Level 1:colcon.colcon_core.package_identification:_identify(src/Tool) by extension 'python'
[0.303s] Level 1:colcon.colcon_core.package_identification:_identify(src/Tool) by extensions ['python_setup_py']
[0.303s] Level 1:colcon.colcon_core.package_identification:_identify(src/Tool) by extension 'python_setup_py'
[0.303s] Level 1:colcon.colcon_core.package_identification:_identify(src/Tool/bag_replay_tool_ros2) by extensions ['ignore', 'ignore_ament_install']
[0.303s] Level 1:colcon.colcon_core.package_identification:_identify(src/Tool/bag_replay_tool_ros2) by extension 'ignore'
[0.303s] Level 1:colcon.colcon_core.package_identification:_identify(src/Tool/bag_replay_tool_ros2) by extension 'ignore_ament_install'
[0.303s] Level 1:colcon.colcon_core.package_identification:_identify(src/Tool/bag_replay_tool_ros2) by extensions ['colcon_pkg']
[0.303s] Level 1:colcon.colcon_core.package_identification:_identify(src/Tool/bag_replay_tool_ros2) by extension 'colcon_pkg'
[0.303s] Level 1:colcon.colcon_core.package_identification:_identify(src/Tool/bag_replay_tool_ros2) by extensions ['colcon_meta']
[0.303s] Level 1:colcon.colcon_core.package_identification:_identify(src/Tool/bag_replay_tool_ros2) by extension 'colcon_meta'
[0.303s] Level 1:colcon.colcon_core.package_identification:_identify(src/Tool/bag_replay_tool_ros2) by extensions ['ros']
[0.303s] Level 1:colcon.colcon_core.package_identification:_identify(src/Tool/bag_replay_tool_ros2) by extension 'ros'
[0.304s] DEBUG:colcon.colcon_core.package_identification:Package 'src/Tool/bag_replay_tool_ros2' with type 'ros.ament_python' and name 'bag_replay_tool_ros2'
[0.304s] Level 1:colcon.colcon_core.package_identification:_identify(src/Tool/slam_launch_manager) by extensions ['ignore', 'ignore_ament_install']
[0.304s] Level 1:colcon.colcon_core.package_identification:_identify(src/Tool/slam_launch_manager) by extension 'ignore'
[0.304s] Level 1:colcon.colcon_core.package_identification:_identify(src/Tool/slam_launch_manager) by extension 'ignore_ament_install'
[0.304s] Level 1:colcon.colcon_core.package_identification:_identify(src/Tool/slam_launch_manager) by extensions ['colcon_pkg']
[0.304s] Level 1:colcon.colcon_core.package_identification:_identify(src/Tool/slam_launch_manager) by extension 'colcon_pkg'
[0.304s] Level 1:colcon.colcon_core.package_identification:_identify(src/Tool/slam_launch_manager) by extensions ['colcon_meta']
[0.305s] Level 1:colcon.colcon_core.package_identification:_identify(src/Tool/slam_launch_manager) by extension 'colcon_meta'
[0.305s] Level 1:colcon.colcon_core.package_identification:_identify(src/Tool/slam_launch_manager) by extensions ['ros']
[0.305s] Level 1:colcon.colcon_core.package_identification:_identify(src/Tool/slam_launch_manager) by extension 'ros'
[0.305s] DEBUG:colcon.colcon_core.package_identification:Package 'src/Tool/slam_launch_manager' with type 'ros.ament_python' and name 'slam_launch_manager'
[0.305s] Level 1:colcon.colcon_core.package_identification:_identify(src/dss_ros2_bridge) by extensions ['ignore', 'ignore_ament_install']
[0.305s] Level 1:colcon.colcon_core.package_identification:_identify(src/dss_ros2_bridge) by extension 'ignore'
[0.305s] Level 1:colcon.colcon_core.package_identification:_identify(src/dss_ros2_bridge) by extension 'ignore_ament_install'
[0.305s] Level 1:colcon.colcon_core.package_identification:_identify(src/dss_ros2_bridge) by extensions ['colcon_pkg']
[0.306s] Level 1:colcon.colcon_core.package_identification:_identify(src/dss_ros2_bridge) by extension 'colcon_pkg'
[0.306s] Level 1:colcon.colcon_core.package_identification:_identify(src/dss_ros2_bridge) by extensions ['colcon_meta']
[0.306s] Level 1:colcon.colcon_core.package_identification:_identify(src/dss_ros2_bridge) by extension 'colcon_meta'
[0.306s] Level 1:colcon.colcon_core.package_identification:_identify(src/dss_ros2_bridge) by extensions ['ros']
[0.306s] Level 1:colcon.colcon_core.package_identification:_identify(src/dss_ros2_bridge) by extension 'ros'
[0.306s] Level 1:colcon.colcon_core.package_identification:_identify(src/dss_ros2_bridge) by extensions ['cmake', 'python']
[0.306s] Level 1:colcon.colcon_core.package_identification:_identify(src/dss_ros2_bridge) by extension 'cmake'
[0.306s] Level 1:colcon.colcon_core.package_identification:_identify(src/dss_ros2_bridge) by extension 'python'
[0.306s] Level 1:colcon.colcon_core.package_identification:_identify(src/dss_ros2_bridge) by extensions ['python_setup_py']
[0.306s] Level 1:colcon.colcon_core.package_identification:_identify(src/dss_ros2_bridge) by extension 'python_setup_py'
[0.306s] Level 1:colcon.colcon_core.package_identification:_identify(src/dss_ros2_bridge/dss_ros2_bridge) by extensions ['ignore', 'ignore_ament_install']
[0.306s] Level 1:colcon.colcon_core.package_identification:_identify(src/dss_ros2_bridge/dss_ros2_bridge) by extension 'ignore'
[0.306s] Level 1:colcon.colcon_core.package_identification:_identify(src/dss_ros2_bridge/dss_ros2_bridge) by extension 'ignore_ament_install'
[0.306s] Level 1:colcon.colcon_core.package_identification:_identify(src/dss_ros2_bridge/dss_ros2_bridge) by extensions ['colcon_pkg']
[0.306s] Level 1:colcon.colcon_core.package_identification:_identify(src/dss_ros2_bridge/dss_ros2_bridge) by extension 'colcon_pkg'
[0.306s] Level 1:colcon.colcon_core.package_identification:_identify(src/dss_ros2_bridge/dss_ros2_bridge) by extensions ['colcon_meta']
[0.306s] Level 1:colcon.colcon_core.package_identification:_identify(src/dss_ros2_bridge/dss_ros2_bridge) by extension 'colcon_meta'
[0.306s] Level 1:colcon.colcon_core.package_identification:_identify(src/dss_ros2_bridge/dss_ros2_bridge) by extensions ['ros']
[0.306s] Level 1:colcon.colcon_core.package_identification:_identify(src/dss_ros2_bridge/dss_ros2_bridge) by extension 'ros'
[0.307s] DEBUG:colcon.colcon_core.package_identification:Package 'src/dss_ros2_bridge/dss_ros2_bridge' with type 'ros.ament_cmake' and name 'dss_ros2_bridge'
[0.307s] Level 1:colcon.colcon_core.package_identification:_identify(src/dss_ros2_bridge/proto) by extensions ['ignore', 'ignore_ament_install']
[0.307s] Level 1:colcon.colcon_core.package_identification:_identify(src/dss_ros2_bridge/proto) by extension 'ignore'
[0.307s] Level 1:colcon.colcon_core.package_identification:_identify(src/dss_ros2_bridge/proto) by extension 'ignore_ament_install'
[0.307s] Level 1:colcon.colcon_core.package_identification:_identify(src/dss_ros2_bridge/proto) by extensions ['colcon_pkg']
[0.307s] Level 1:colcon.colcon_core.package_identification:_identify(src/dss_ros2_bridge/proto) by extension 'colcon_pkg'
[0.307s] Level 1:colcon.colcon_core.package_identification:_identify(src/dss_ros2_bridge/proto) by extensions ['colcon_meta']
[0.307s] Level 1:colcon.colcon_core.package_identification:_identify(src/dss_ros2_bridge/proto) by extension 'colcon_meta'
[0.307s] Level 1:colcon.colcon_core.package_identification:_identify(src/dss_ros2_bridge/proto) by extensions ['ros']
[0.307s] Level 1:colcon.colcon_core.package_identification:_identify(src/dss_ros2_bridge/proto) by extension 'ros'
[0.307s] Level 1:colcon.colcon_core.package_identification:_identify(src/dss_ros2_bridge/proto) by extensions ['cmake', 'python']
[0.307s] Level 1:colcon.colcon_core.package_identification:_identify(src/dss_ros2_bridge/proto) by extension 'cmake'
[0.308s] Level 1:colcon.colcon_core.package_identification:_identify(src/dss_ros2_bridge/proto) by extension 'python'
[0.308s] Level 1:colcon.colcon_core.package_identification:_identify(src/dss_ros2_bridge/proto) by extensions ['python_setup_py']
[0.308s] Level 1:colcon.colcon_core.package_identification:_identify(src/dss_ros2_bridge/proto) by extension 'python_setup_py'
[0.308s] Level 1:colcon.colcon_core.package_identification:_identify(src/dss_ros2_bridge/proto/grpc) by extensions ['ignore', 'ignore_ament_install']
[0.308s] Level 1:colcon.colcon_core.package_identification:_identify(src/dss_ros2_bridge/proto/grpc) by extension 'ignore'
[0.308s] Level 1:colcon.colcon_core.package_identification:_identify(src/dss_ros2_bridge/proto/grpc) by extension 'ignore_ament_install'
[0.308s] Level 1:colcon.colcon_core.package_identification:_identify(src/dss_ros2_bridge/proto/grpc) by extensions ['colcon_pkg']
[0.308s] Level 1:colcon.colcon_core.package_identification:_identify(src/dss_ros2_bridge/proto/grpc) by extension 'colcon_pkg'
[0.308s] Level 1:colcon.colcon_core.package_identification:_identify(src/dss_ros2_bridge/proto/grpc) by extensions ['colcon_meta']
[0.308s] Level 1:colcon.colcon_core.package_identification:_identify(src/dss_ros2_bridge/proto/grpc) by extension 'colcon_meta'
[0.308s] Level 1:colcon.colcon_core.package_identification:_identify(src/dss_ros2_bridge/proto/grpc) by extensions ['ros']
[0.308s] Level 1:colcon.colcon_core.package_identification:_identify(src/dss_ros2_bridge/proto/grpc) by extension 'ros'
[0.308s] Level 1:colcon.colcon_core.package_identification:_identify(src/dss_ros2_bridge/proto/grpc) by extensions ['cmake', 'python']
[0.308s] Level 1:colcon.colcon_core.package_identification:_identify(src/dss_ros2_bridge/proto/grpc) by extension 'cmake'
[0.308s] Level 1:colcon.colcon_core.package_identification:_identify(src/dss_ros2_bridge/proto/grpc) by extension 'python'
[0.308s] Level 1:colcon.colcon_core.package_identification:_identify(src/dss_ros2_bridge/proto/grpc) by extensions ['python_setup_py']
[0.308s] Level 1:colcon.colcon_core.package_identification:_identify(src/dss_ros2_bridge/proto/grpc) by extension 'python_setup_py'
[0.308s] Level 1:colcon.colcon_core.package_identification:_identify(src/dss_ros2_bridge/proto/grpc/grpc) by extensions ['ignore', 'ignore_ament_install']
[0.308s] Level 1:colcon.colcon_core.package_identification:_identify(src/dss_ros2_bridge/proto/grpc/grpc) by extension 'ignore'
[0.308s] Level 1:colcon.colcon_core.package_identification:_identify(src/dss_ros2_bridge/proto/grpc/grpc) by extension 'ignore_ament_install'
[0.308s] Level 1:colcon.colcon_core.package_identification:_identify(src/dss_ros2_bridge/proto/grpc/grpc) by extensions ['colcon_pkg']
[0.308s] Level 1:colcon.colcon_core.package_identification:_identify(src/dss_ros2_bridge/proto/grpc/grpc) by extension 'colcon_pkg'
[0.308s] Level 1:colcon.colcon_core.package_identification:_identify(src/dss_ros2_bridge/proto/grpc/grpc) by extensions ['colcon_meta']
[0.308s] Level 1:colcon.colcon_core.package_identification:_identify(src/dss_ros2_bridge/proto/grpc/grpc) by extension 'colcon_meta'
[0.308s] Level 1:colcon.colcon_core.package_identification:_identify(src/dss_ros2_bridge/proto/grpc/grpc) by extensions ['ros']
[0.308s] Level 1:colcon.colcon_core.package_identification:_identify(src/dss_ros2_bridge/proto/grpc/grpc) by extension 'ros'
[0.308s] Level 1:colcon.colcon_core.package_identification:_identify(src/dss_ros2_bridge/proto/grpc/grpc) by extensions ['cmake', 'python']
[0.308s] Level 1:colcon.colcon_core.package_identification:_identify(src/dss_ros2_bridge/proto/grpc/grpc) by extension 'cmake'
[0.308s] Level 1:colcon.colcon_core.package_identification:_identify(src/dss_ros2_bridge/proto/grpc/grpc) by extension 'python'
[0.308s] Level 1:colcon.colcon_core.package_identification:_identify(src/dss_ros2_bridge/proto/grpc/grpc) by extensions ['python_setup_py']
[0.308s] Level 1:colcon.colcon_core.package_identification:_identify(src/dss_ros2_bridge/proto/grpc/grpc) by extension 'python_setup_py'
[0.309s] Level 1:colcon.colcon_core.package_identification:_identify(src/dss_ros2_bridge/proto/grpc/protobuf) by extensions ['ignore', 'ignore_ament_install']
[0.309s] Level 1:colcon.colcon_core.package_identification:_identify(src/dss_ros2_bridge/proto/grpc/protobuf) by extension 'ignore'
[0.309s] Level 1:colcon.colcon_core.package_identification:_identify(src/dss_ros2_bridge/proto/grpc/protobuf) by extension 'ignore_ament_install'
[0.309s] Level 1:colcon.colcon_core.package_identification:_identify(src/dss_ros2_bridge/proto/grpc/protobuf) by extensions ['colcon_pkg']
[0.309s] Level 1:colcon.colcon_core.package_identification:_identify(src/dss_ros2_bridge/proto/grpc/protobuf) by extension 'colcon_pkg'
[0.309s] Level 1:colcon.colcon_core.package_identification:_identify(src/dss_ros2_bridge/proto/grpc/protobuf) by extensions ['colcon_meta']
[0.309s] Level 1:colcon.colcon_core.package_identification:_identify(src/dss_ros2_bridge/proto/grpc/protobuf) by extension 'colcon_meta'
[0.309s] Level 1:colcon.colcon_core.package_identification:_identify(src/dss_ros2_bridge/proto/grpc/protobuf) by extensions ['ros']
[0.309s] Level 1:colcon.colcon_core.package_identification:_identify(src/dss_ros2_bridge/proto/grpc/protobuf) by extension 'ros'
[0.309s] Level 1:colcon.colcon_core.package_identification:_identify(src/dss_ros2_bridge/proto/grpc/protobuf) by extensions ['cmake', 'python']
[0.309s] Level 1:colcon.colcon_core.package_identification:_identify(src/dss_ros2_bridge/proto/grpc/protobuf) by extension 'cmake'
[0.309s] Level 1:colcon.colcon_core.package_identification:_identify(src/dss_ros2_bridge/proto/grpc/protobuf) by extension 'python'
[0.309s] Level 1:colcon.colcon_core.package_identification:_identify(src/dss_ros2_bridge/proto/grpc/protobuf) by extensions ['python_setup_py']
[0.309s] Level 1:colcon.colcon_core.package_identification:_identify(src/dss_ros2_bridge/proto/grpc/protobuf) by extension 'python_setup_py'
[0.309s] Level 1:colcon.colcon_core.package_identification:_identify(src/dss_ros2_bridge/proto/grpc/upb) by extensions ['ignore', 'ignore_ament_install']
[0.309s] Level 1:colcon.colcon_core.package_identification:_identify(src/dss_ros2_bridge/proto/grpc/upb) by extension 'ignore'
[0.309s] Level 1:colcon.colcon_core.package_identification:_identify(src/dss_ros2_bridge/proto/grpc/upb) by extension 'ignore_ament_install'
[0.309s] Level 1:colcon.colcon_core.package_identification:_identify(src/dss_ros2_bridge/proto/grpc/upb) by extensions ['colcon_pkg']
[0.309s] Level 1:colcon.colcon_core.package_identification:_identify(src/dss_ros2_bridge/proto/grpc/upb) by extension 'colcon_pkg'
[0.309s] Level 1:colcon.colcon_core.package_identification:_identify(src/dss_ros2_bridge/proto/grpc/upb) by extensions ['colcon_meta']
[0.309s] Level 1:colcon.colcon_core.package_identification:_identify(src/dss_ros2_bridge/proto/grpc/upb) by extension 'colcon_meta'
[0.309s] Level 1:colcon.colcon_core.package_identification:_identify(src/dss_ros2_bridge/proto/grpc/upb) by extensions ['ros']
[0.309s] Level 1:colcon.colcon_core.package_identification:_identify(src/dss_ros2_bridge/proto/grpc/upb) by extension 'ros'
[0.309s] Level 1:colcon.colcon_core.package_identification:_identify(src/dss_ros2_bridge/proto/grpc/upb) by extensions ['cmake', 'python']
[0.309s] Level 1:colcon.colcon_core.package_identification:_identify(src/dss_ros2_bridge/proto/grpc/upb) by extension 'cmake'
[0.309s] Level 1:colcon.colcon_core.package_identification:_identify(src/dss_ros2_bridge/proto/grpc/upb) by extension 'python'
[0.309s] Level 1:colcon.colcon_core.package_identification:_identify(src/dss_ros2_bridge/proto/grpc/upb) by extensions ['python_setup_py']
[0.309s] Level 1:colcon.colcon_core.package_identification:_identify(src/dss_ros2_bridge/proto/grpc/upb) by extension 'python_setup_py'
[0.309s] Level 1:colcon.colcon_core.package_identification:_identify(src/gtsam) by extensions ['ignore', 'ignore_ament_install']
[0.309s] Level 1:colcon.colcon_core.package_identification:_identify(src/gtsam) by extension 'ignore'
[0.309s] Level 1:colcon.colcon_core.package_identification:_identify(src/gtsam) ignored
[0.309s] Level 1:colcon.colcon_core.package_discovery:discover_packages(recursive) using defaults
[0.309s] Level 1:colcon.colcon_core.package_discovery:discover_packages(ignore) discover
[0.309s] Level 1:colcon.colcon_core.package_discovery:discover_packages(ignore) using defaults
[0.309s] Level 1:colcon.colcon_core.package_discovery:discover_packages(path) discover
[0.309s] Level 1:colcon.colcon_core.package_discovery:discover_packages(path) using defaults
[0.334s] Level 1:colcon.colcon_core.package_discovery:discover_packages(prefix_path) check parameters
[0.334s] Level 1:colcon.colcon_core.package_discovery:discover_packages(prefix_path) discover
[0.335s] WARNING:colcon.colcon_ros.prefix_path.ament:The path '/home/tukorea/ros2_ws/install/lio_sam' in the environment variable AMENT_PREFIX_PATH doesn't exist
[0.335s] WARNING:colcon.colcon_ros.prefix_path.ament:The path '/home/tukorea/ros2_ws/install/dss_lio_sam' in the environment variable AMENT_PREFIX_PATH doesn't exist
[0.335s] WARNING:colcon.colcon_ros.prefix_path.ament:The path '/home/tukorea/ros2_ws/install/dss_ros2_bridge' in the environment variable AMENT_PREFIX_PATH doesn't exist
[0.335s] WARNING:colcon.colcon_ros.prefix_path.ament:The path '/home/tukorea/ros2_ws/install/slam_launch_manager' in the environment variable AMENT_PREFIX_PATH doesn't exist
[0.335s] WARNING:colcon.colcon_ros.prefix_path.ament:The path '/home/tukorea/ros2_ws/install/bag_replay_tool_ros2' in the environment variable AMENT_PREFIX_PATH doesn't exist
[0.335s] WARNING:colcon.colcon_ros.prefix_path.catkin:The path '/home/tukorea/ros2_ws/install/lio_sam' in the environment variable CMAKE_PREFIX_PATH doesn't exist
[0.335s] WARNING:colcon.colcon_ros.prefix_path.catkin:The path '/home/tukorea/ros2_ws/install/dss_lio_sam' in the environment variable CMAKE_PREFIX_PATH doesn't exist
[0.335s] WARNING:colcon.colcon_ros.prefix_path.catkin:The path '/home/tukorea/ros2_ws/install/dss_ros2_bridge' in the environment variable CMAKE_PREFIX_PATH doesn't exist
[0.335s] WARNING:colcon.colcon_ros.prefix_path.catkin:The path '/home/tukorea/ros2_ws/install/gtsam' in the environment variable CMAKE_PREFIX_PATH doesn't exist
[0.337s] DEBUG:colcon.colcon_installed_package_information.package_discovery:Found 0 installed packages in /home/tukorea/ros2_ws/install
[0.338s] DEBUG:colcon.colcon_installed_package_information.package_discovery:Found 295 installed packages in /opt/ros/humble
[0.339s] Level 1:colcon.colcon_core.package_discovery:discover_packages(prefix_path) using defaults
[0.356s] Level 5:colcon.colcon_core.verb:set package 'bag_replay_tool_ros2' build argument 'cmake_args' from command line to '['-DCMAKE_BUILD_TYPE=Release', '-DGTSAM_DIR=/usr/local/lib/cmake/GTSAM']'
[0.356s] Level 5:colcon.colcon_core.verb:set package 'bag_replay_tool_ros2' build argument 'cmake_target' from command line to 'None'
[0.356s] Level 5:colcon.colcon_core.verb:set package 'bag_replay_tool_ros2' build argument 'cmake_target_skip_unavailable' from command line to 'False'
[0.356s] Level 5:colcon.colcon_core.verb:set package 'bag_replay_tool_ros2' build argument 'cmake_clean_cache' from command line to 'False'
[0.356s] Level 5:colcon.colcon_core.verb:set package 'bag_replay_tool_ros2' build argument 'cmake_clean_first' from command line to 'False'
[0.356s] Level 5:colcon.colcon_core.verb:set package 'bag_replay_tool_ros2' build argument 'cmake_force_configure' from command line to 'False'
[0.356s] Level 5:colcon.colcon_core.verb:set package 'bag_replay_tool_ros2' build argument 'ament_cmake_args' from command line to 'None'
[0.356s] Level 5:colcon.colcon_core.verb:set package 'bag_replay_tool_ros2' build argument 'catkin_cmake_args' from command line to 'None'
[0.356s] Level 5:colcon.colcon_core.verb:set package 'bag_replay_tool_ros2' build argument 'catkin_skip_building_tests' from command line to 'False'
[0.356s] DEBUG:colcon.colcon_core.verb:Building package 'bag_replay_tool_ros2' with the following arguments: {'ament_cmake_args': None, 'build_base': '/home/tukorea/ros2_ws/build/bag_replay_tool_ros2', 'catkin_cmake_args': None, 'catkin_skip_building_tests': False, 'cmake_args': ['-DCMAKE_BUILD_TYPE=Release', '-DGTSAM_DIR=/usr/local/lib/cmake/GTSAM'], 'cmake_clean_cache': False, 'cmake_clean_first': False, 'cmake_force_configure': False, 'cmake_target': None, 'cmake_target_skip_unavailable': False, 'install_base': '/home/tukorea/ros2_ws/install/bag_replay_tool_ros2', 'merge_install': False, 'path': '/home/tukorea/ros2_ws/src/Tool/bag_replay_tool_ros2', 'symlink_install': False, 'test_result_base': None}
[0.356s] Level 5:colcon.colcon_core.verb:set package 'dss_lio_sam' build argument 'cmake_args' from command line to '['-DCMAKE_BUILD_TYPE=Release', '-DGTSAM_DIR=/usr/local/lib/cmake/GTSAM']'
[0.356s] Level 5:colcon.colcon_core.verb:set package 'dss_lio_sam' build argument 'cmake_target' from command line to 'None'
[0.356s] Level 5:colcon.colcon_core.verb:set package 'dss_lio_sam' build argument 'cmake_target_skip_unavailable' from command line to 'False'
[0.356s] Level 5:colcon.colcon_core.verb:set package 'dss_lio_sam' build argument 'cmake_clean_cache' from command line to 'False'
[0.356s] Level 5:colcon.colcon_core.verb:set package 'dss_lio_sam' build argument 'cmake_clean_first' from command line to 'False'
[0.356s] Level 5:colcon.colcon_core.verb:set package 'dss_lio_sam' build argument 'cmake_force_configure' from command line to 'False'
[0.356s] Level 5:colcon.colcon_core.verb:set package 'dss_lio_sam' build argument 'ament_cmake_args' from command line to 'None'
[0.356s] Level 5:colcon.colcon_core.verb:set package 'dss_lio_sam' build argument 'catkin_cmake_args' from command line to 'None'
[0.357s] Level 5:colcon.colcon_core.verb:set package 'dss_lio_sam' build argument 'catkin_skip_building_tests' from command line to 'False'
[0.357s] DEBUG:colcon.colcon_core.verb:Building package 'dss_lio_sam' with the following arguments: {'ament_cmake_args': None, 'build_base': '/home/tukorea/ros2_ws/build/dss_lio_sam', 'catkin_cmake_args': None, 'catkin_skip_building_tests': False, 'cmake_args': ['-DCMAKE_BUILD_TYPE=Release', '-DGTSAM_DIR=/usr/local/lib/cmake/GTSAM'], 'cmake_clean_cache': False, 'cmake_clean_first': False, 'cmake_force_configure': False, 'cmake_target': None, 'cmake_target_skip_unavailable': False, 'install_base': '/home/tukorea/ros2_ws/install/dss_lio_sam', 'merge_install': False, 'path': '/home/tukorea/ros2_ws/src/SLAM/LIO-SAM/dss_lio_sam', 'symlink_install': False, 'test_result_base': None}
[0.357s] Level 5:colcon.colcon_core.verb:set package 'dss_ros2_bridge' build argument 'cmake_args' from command line to '['-DCMAKE_BUILD_TYPE=Release', '-DGTSAM_DIR=/usr/local/lib/cmake/GTSAM']'
[0.357s] Level 5:colcon.colcon_core.verb:set package 'dss_ros2_bridge' build argument 'cmake_target' from command line to 'None'
[0.357s] Level 5:colcon.colcon_core.verb:set package 'dss_ros2_bridge' build argument 'cmake_target_skip_unavailable' from command line to 'False'
[0.357s] Level 5:colcon.colcon_core.verb:set package 'dss_ros2_bridge' build argument 'cmake_clean_cache' from command line to 'False'
[0.357s] Level 5:colcon.colcon_core.verb:set package 'dss_ros2_bridge' build argument 'cmake_clean_first' from command line to 'False'
[0.357s] Level 5:colcon.colcon_core.verb:set package 'dss_ros2_bridge' build argument 'cmake_force_configure' from command line to 'False'
[0.357s] Level 5:colcon.colcon_core.verb:set package 'dss_ros2_bridge' build argument 'ament_cmake_args' from command line to 'None'
[0.357s] Level 5:colcon.colcon_core.verb:set package 'dss_ros2_bridge' build argument 'catkin_cmake_args' from command line to 'None'
[0.357s] Level 5:colcon.colcon_core.verb:set package 'dss_ros2_bridge' build argument 'catkin_skip_building_tests' from command line to 'False'
[0.357s] DEBUG:colcon.colcon_core.verb:Building package 'dss_ros2_bridge' with the following arguments: {'ament_cmake_args': None, 'build_base': '/home/tukorea/ros2_ws/build/dss_ros2_bridge', 'catkin_cmake_args': None, 'catkin_skip_building_tests': False, 'cmake_args': ['-DCMAKE_BUILD_TYPE=Release', '-DGTSAM_DIR=/usr/local/lib/cmake/GTSAM'], 'cmake_clean_cache': False, 'cmake_clean_first': False, 'cmake_force_configure': False, 'cmake_target': None, 'cmake_target_skip_unavailable': False, 'install_base': '/home/tukorea/ros2_ws/install/dss_ros2_bridge', 'merge_install': False, 'path': '/home/tukorea/ros2_ws/src/dss_ros2_bridge/dss_ros2_bridge', 'symlink_install': False, 'test_result_base': None}
[0.357s] Level 5:colcon.colcon_core.verb:set package 'lio_sam' build argument 'cmake_args' from command line to '['-DCMAKE_BUILD_TYPE=Release', '-DGTSAM_DIR=/usr/local/lib/cmake/GTSAM']'
[0.357s] Level 5:colcon.colcon_core.verb:set package 'lio_sam' build argument 'cmake_target' from command line to 'None'
[0.357s] Level 5:colcon.colcon_core.verb:set package 'lio_sam' build argument 'cmake_target_skip_unavailable' from command line to 'False'
[0.357s] Level 5:colcon.colcon_core.verb:set package 'lio_sam' build argument 'cmake_clean_cache' from command line to 'False'
[0.357s] Level 5:colcon.colcon_core.verb:set package 'lio_sam' build argument 'cmake_clean_first' from command line to 'False'
[0.357s] Level 5:colcon.colcon_core.verb:set package 'lio_sam' build argument 'cmake_force_configure' from command line to 'False'
[0.357s] Level 5:colcon.colcon_core.verb:set package 'lio_sam' build argument 'ament_cmake_args' from command line to 'None'
[0.357s] Level 5:colcon.colcon_core.verb:set package 'lio_sam' build argument 'catkin_cmake_args' from command line to 'None'
[0.357s] Level 5:colcon.colcon_core.verb:set package 'lio_sam' build argument 'catkin_skip_building_tests' from command line to 'False'
[0.357s] DEBUG:colcon.colcon_core.verb:Building package 'lio_sam' with the following arguments: {'ament_cmake_args': None, 'build_base': '/home/tukorea/ros2_ws/build/lio_sam', 'catkin_cmake_args': None, 'catkin_skip_building_tests': False, 'cmake_args': ['-DCMAKE_BUILD_TYPE=Release', '-DGTSAM_DIR=/usr/local/lib/cmake/GTSAM'], 'cmake_clean_cache': False, 'cmake_clean_first': False, 'cmake_force_configure': False, 'cmake_target': None, 'cmake_target_skip_unavailable': False, 'install_base': '/home/tukorea/ros2_ws/install/lio_sam', 'merge_install': False, 'path': '/home/tukorea/ros2_ws/src/SLAM/LIO-SAM/lio_sam_ros2', 'symlink_install': False, 'test_result_base': None}
[0.357s] Level 5:colcon.colcon_core.verb:set package 'livox_lio_sam' build argument 'cmake_args' from command line to '['-DCMAKE_BUILD_TYPE=Release', '-DGTSAM_DIR=/usr/local/lib/cmake/GTSAM']'
[0.357s] Level 5:colcon.colcon_core.verb:set package 'livox_lio_sam' build argument 'cmake_target' from command line to 'None'
[0.357s] Level 5:colcon.colcon_core.verb:set package 'livox_lio_sam' build argument 'cmake_target_skip_unavailable' from command line to 'False'
[0.357s] Level 5:colcon.colcon_core.verb:set package 'livox_lio_sam' build argument 'cmake_clean_cache' from command line to 'False'
[0.357s] Level 5:colcon.colcon_core.verb:set package 'livox_lio_sam' build argument 'cmake_clean_first' from command line to 'False'
[0.357s] Level 5:colcon.colcon_core.verb:set package 'livox_lio_sam' build argument 'cmake_force_configure' from command line to 'False'
[0.357s] Level 5:colcon.colcon_core.verb:set package 'livox_lio_sam' build argument 'ament_cmake_args' from command line to 'None'
[0.357s] Level 5:colcon.colcon_core.verb:set package 'livox_lio_sam' build argument 'catkin_cmake_args' from command line to 'None'
[0.357s] Level 5:colcon.colcon_core.verb:set package 'livox_lio_sam' build argument 'catkin_skip_building_tests' from command line to 'False'
[0.357s] DEBUG:colcon.colcon_core.verb:Building package 'livox_lio_sam' with the following arguments: {'ament_cmake_args': None, 'build_base': '/home/tukorea/ros2_ws/build/livox_lio_sam', 'catkin_cmake_args': None, 'catkin_skip_building_tests': False, 'cmake_args': ['-DCMAKE_BUILD_TYPE=Release', '-DGTSAM_DIR=/usr/local/lib/cmake/GTSAM'], 'cmake_clean_cache': False, 'cmake_clean_first': False, 'cmake_force_configure': False, 'cmake_target': None, 'cmake_target_skip_unavailable': False, 'install_base': '/home/tukorea/ros2_ws/install/livox_lio_sam', 'merge_install': False, 'path': '/home/tukorea/ros2_ws/src/SLAM/LIO-SAM/livox_lio_sam', 'symlink_install': False, 'test_result_base': None}
[0.357s] Level 5:colcon.colcon_core.verb:set package 'slam_launch_manager' build argument 'cmake_args' from command line to '['-DCMAKE_BUILD_TYPE=Release', '-DGTSAM_DIR=/usr/local/lib/cmake/GTSAM']'
[0.357s] Level 5:colcon.colcon_core.verb:set package 'slam_launch_manager' build argument 'cmake_target' from command line to 'None'
[0.357s] Level 5:colcon.colcon_core.verb:set package 'slam_launch_manager' build argument 'cmake_target_skip_unavailable' from command line to 'False'
[0.357s] Level 5:colcon.colcon_core.verb:set package 'slam_launch_manager' build argument 'cmake_clean_cache' from command line to 'False'
[0.357s] Level 5:colcon.colcon_core.verb:set package 'slam_launch_manager' build argument 'cmake_clean_first' from command line to 'False'
[0.357s] Level 5:colcon.colcon_core.verb:set package 'slam_launch_manager' build argument 'cmake_force_configure' from command line to 'False'
[0.357s] Level 5:colcon.colcon_core.verb:set package 'slam_launch_manager' build argument 'ament_cmake_args' from command line to 'None'
[0.357s] Level 5:colcon.colcon_core.verb:set package 'slam_launch_manager' build argument 'catkin_cmake_args' from command line to 'None'
[0.357s] Level 5:colcon.colcon_core.verb:set package 'slam_launch_manager' build argument 'catkin_skip_building_tests' from command line to 'False'
[0.357s] DEBUG:colcon.colcon_core.verb:Building package 'slam_launch_manager' with the following arguments: {'ament_cmake_args': None, 'build_base': '/home/tukorea/ros2_ws/build/slam_launch_manager', 'catkin_cmake_args': None, 'catkin_skip_building_tests': False, 'cmake_args': ['-DCMAKE_BUILD_TYPE=Release', '-DGTSAM_DIR=/usr/local/lib/cmake/GTSAM'], 'cmake_clean_cache': False, 'cmake_clean_first': False, 'cmake_force_configure': False, 'cmake_target': None, 'cmake_target_skip_unavailable': False, 'install_base': '/home/tukorea/ros2_ws/install/slam_launch_manager', 'merge_install': False, 'path': '/home/tukorea/ros2_ws/src/Tool/slam_launch_manager', 'symlink_install': False, 'test_result_base': None}
[0.357s] INFO:colcon.colcon_core.executor:Executing jobs using 'parallel' executor
[0.358s] DEBUG:colcon.colcon_parallel_executor.executor.parallel:run_until_complete
[0.358s] INFO:colcon.colcon_ros.task.ament_python.build:Building ROS package in '/home/tukorea/ros2_ws/src/Tool/bag_replay_tool_ros2' with build type 'ament_python'
[0.359s] Level 1:colcon.colcon_core.shell:create_environment_hook('bag_replay_tool_ros2', 'ament_prefix_path')
[0.361s] INFO:colcon.colcon_core.plugin_system:Skipping extension 'colcon_core.shell.bat': Not used on non-Windows systems
[0.362s] INFO:colcon.colcon_core.shell:Creating environment hook '/home/tukorea/ros2_ws/install/bag_replay_tool_ros2/share/bag_replay_tool_ros2/hook/ament_prefix_path.ps1'
[0.362s] INFO:colcon.colcon_core.shell:Creating environment descriptor '/home/tukorea/ros2_ws/install/bag_replay_tool_ros2/share/bag_replay_tool_ros2/hook/ament_prefix_path.dsv'
[0.363s] INFO:colcon.colcon_core.shell:Creating environment hook '/home/tukorea/ros2_ws/install/bag_replay_tool_ros2/share/bag_replay_tool_ros2/hook/ament_prefix_path.sh'
[0.364s] INFO:colcon.colcon_core.shell:Skip shell extension 'powershell' for command environment: Not usable outside of PowerShell
[0.364s] DEBUG:colcon.colcon_core.shell:Skip shell extension 'dsv' for command environment
[0.484s] INFO:colcon.colcon_core.task.python.build:Building Python package in '/home/tukorea/ros2_ws/src/Tool/bag_replay_tool_ros2'
[0.484s] INFO:colcon.colcon_core.shell:Skip shell extension 'powershell' for command environment: Not usable outside of PowerShell
[0.484s] DEBUG:colcon.colcon_core.shell:Skip shell extension 'dsv' for command environment
[0.786s] DEBUG:colcon.colcon_core.event_handler.log_command:Invoking command in '/home/tukorea/ros2_ws/src/Tool/bag_replay_tool_ros2': PYTHONPATH=/home/tukorea/ros2_ws/build/bag_replay_tool_ros2/prefix_override:/usr/lib/python3/dist-packages/colcon_core/task/python/colcon_distutils_commands:/home/tukorea/ros2_ws/install/bag_replay_tool_ros2/lib/python3.10/site-packages:${PYTHONPATH} /usr/bin/python3 -W ignore:setup.py install is deprecated -W ignore:easy_install command is deprecated setup.py egg_info --egg-base ../../../build/bag_replay_tool_ros2 build --build-base /home/tukorea/ros2_ws/build/bag_replay_tool_ros2/build install --record /home/tukorea/ros2_ws/build/bag_replay_tool_ros2/install.log --single-version-externally-managed install_data
[0.918s] DEBUG:colcon.colcon_core.event_handler.log_command:Invoked command in '/home/tukorea/ros2_ws/src/Tool/bag_replay_tool_ros2' returned '0': PYTHONPATH=/home/tukorea/ros2_ws/build/bag_replay_tool_ros2/prefix_override:/usr/lib/python3/dist-packages/colcon_core/task/python/colcon_distutils_commands:/home/tukorea/ros2_ws/install/bag_replay_tool_ros2/lib/python3.10/site-packages:${PYTHONPATH} /usr/bin/python3 -W ignore:setup.py install is deprecated -W ignore:easy_install command is deprecated setup.py egg_info --egg-base ../../../build/bag_replay_tool_ros2 build --build-base /home/tukorea/ros2_ws/build/bag_replay_tool_ros2/build install --record /home/tukorea/ros2_ws/build/bag_replay_tool_ros2/install.log --single-version-externally-managed install_data
[0.922s] Level 1:colcon.colcon_core.environment:checking '/home/tukorea/ros2_ws/install/bag_replay_tool_ros2' for CMake module files
[0.922s] Level 1:colcon.colcon_core.environment:checking '/home/tukorea/ros2_ws/install/bag_replay_tool_ros2' for CMake config files
[0.922s] Level 1:colcon.colcon_core.environment:checking '/home/tukorea/ros2_ws/install/bag_replay_tool_ros2/lib'
[0.923s] Level 1:colcon.colcon_core.environment:checking '/home/tukorea/ros2_ws/install/bag_replay_tool_ros2/bin'
[0.923s] Level 1:colcon.colcon_core.environment:checking '/home/tukorea/ros2_ws/install/bag_replay_tool_ros2/lib/pkgconfig/bag_replay_tool_ros2.pc'
[0.923s] Level 1:colcon.colcon_core.environment:checking '/home/tukorea/ros2_ws/install/bag_replay_tool_ros2/lib/python3.10/site-packages'
[0.923s] Level 1:colcon.colcon_core.shell:create_environment_hook('bag_replay_tool_ros2', 'pythonpath')
[0.923s] INFO:colcon.colcon_core.shell:Creating environment hook '/home/tukorea/ros2_ws/install/bag_replay_tool_ros2/share/bag_replay_tool_ros2/hook/pythonpath.ps1'
[0.923s] INFO:colcon.colcon_core.shell:Creating environment descriptor '/home/tukorea/ros2_ws/install/bag_replay_tool_ros2/share/bag_replay_tool_ros2/hook/pythonpath.dsv'
[0.923s] INFO:colcon.colcon_core.shell:Creating environment hook '/home/tukorea/ros2_ws/install/bag_replay_tool_ros2/share/bag_replay_tool_ros2/hook/pythonpath.sh'
[0.924s] Level 1:colcon.colcon_core.environment:checking '/home/tukorea/ros2_ws/install/bag_replay_tool_ros2/bin'
[0.924s] Level 1:colcon.colcon_core.environment:create_environment_scripts_only(bag_replay_tool_ros2)
[0.924s] INFO:colcon.colcon_core.shell:Creating package script '/home/tukorea/ros2_ws/install/bag_replay_tool_ros2/share/bag_replay_tool_ros2/package.ps1'
[0.924s] INFO:colcon.colcon_core.shell:Creating package descriptor '/home/tukorea/ros2_ws/install/bag_replay_tool_ros2/share/bag_replay_tool_ros2/package.dsv'
[0.925s] INFO:colcon.colcon_core.shell:Creating package script '/home/tukorea/ros2_ws/install/bag_replay_tool_ros2/share/bag_replay_tool_ros2/package.sh'
[0.925s] INFO:colcon.colcon_core.shell:Creating package script '/home/tukorea/ros2_ws/install/bag_replay_tool_ros2/share/bag_replay_tool_ros2/package.bash'
[0.926s] INFO:colcon.colcon_core.shell:Creating package script '/home/tukorea/ros2_ws/install/bag_replay_tool_ros2/share/bag_replay_tool_ros2/package.zsh'
[0.926s] Level 1:colcon.colcon_core.environment:create_file_with_runtime_dependencies(/home/tukorea/ros2_ws/install/bag_replay_tool_ros2/share/colcon-core/packages/bag_replay_tool_ros2)
[0.926s] INFO:colcon.colcon_ros.task.ament_cmake.build:Building ROS package in '/home/tukorea/ros2_ws/src/SLAM/LIO-SAM/dss_lio_sam' with build type 'ament_cmake'
[0.926s] INFO:colcon.colcon_cmake.task.cmake.build:Building CMake package in '/home/tukorea/ros2_ws/src/SLAM/LIO-SAM/dss_lio_sam'
[0.927s] INFO:colcon.colcon_core.shell:Skip shell extension 'powershell' for command environment: Not usable outside of PowerShell
[0.927s] DEBUG:colcon.colcon_core.shell:Skip shell extension 'dsv' for command environment
[0.931s] DEBUG:colcon.colcon_core.event_handler.log_command:Invoking command in '/home/tukorea/ros2_ws/build/dss_lio_sam': CMAKE_PREFIX_PATH=${CMAKE_PREFIX_PATH}:/home/tukorea/ros2_ws/install/slam_launch_manager:/home/tukorea/ros2_ws/install/bag_replay_tool_ros2:/opt/ros/humble /usr/bin/cmake /home/tukorea/ros2_ws/src/SLAM/LIO-SAM/dss_lio_sam -DCMAKE_BUILD_TYPE=Release -DGTSAM_DIR=/usr/local/lib/cmake/GTSAM -DCMAKE_INSTALL_PREFIX=/home/tukorea/ros2_ws/install/dss_lio_sam
[14.089s] DEBUG:colcon.colcon_core.event_handler.log_command:Invoked command in '/home/tukorea/ros2_ws/build/dss_lio_sam' returned '0': CMAKE_PREFIX_PATH=${CMAKE_PREFIX_PATH}:/home/tukorea/ros2_ws/install/slam_launch_manager:/home/tukorea/ros2_ws/install/bag_replay_tool_ros2:/opt/ros/humble /usr/bin/cmake /home/tukorea/ros2_ws/src/SLAM/LIO-SAM/dss_lio_sam -DCMAKE_BUILD_TYPE=Release -DGTSAM_DIR=/usr/local/lib/cmake/GTSAM -DCMAKE_INSTALL_PREFIX=/home/tukorea/ros2_ws/install/dss_lio_sam
[14.091s] DEBUG:colcon.colcon_core.event_handler.log_command:Invoking command in '/home/tukorea/ros2_ws/build/dss_lio_sam': CMAKE_PREFIX_PATH=${CMAKE_PREFIX_PATH}:/home/tukorea/ros2_ws/install/slam_launch_manager:/home/tukorea/ros2_ws/install/bag_replay_tool_ros2:/opt/ros/humble /usr/bin/cmake --build /home/tukorea/ros2_ws/build/dss_lio_sam -- -j20 -l20
[60.721s] DEBUG:colcon.colcon_core.event_handler.log_command:Invoked command in '/home/tukorea/ros2_ws/build/dss_lio_sam' returned '0': CMAKE_PREFIX_PATH=${CMAKE_PREFIX_PATH}:/home/tukorea/ros2_ws/install/slam_launch_manager:/home/tukorea/ros2_ws/install/bag_replay_tool_ros2:/opt/ros/humble /usr/bin/cmake --build /home/tukorea/ros2_ws/build/dss_lio_sam -- -j20 -l20
[60.727s] DEBUG:colcon.colcon_core.event_handler.log_command:Invoking command in '/home/tukorea/ros2_ws/build/dss_lio_sam': CMAKE_PREFIX_PATH=${CMAKE_PREFIX_PATH}:/home/tukorea/ros2_ws/install/slam_launch_manager:/home/tukorea/ros2_ws/install/bag_replay_tool_ros2:/opt/ros/humble /usr/bin/cmake --install /home/tukorea/ros2_ws/build/dss_lio_sam
[60.777s] Level 1:colcon.colcon_core.environment:create_environment_scripts_only(dss_lio_sam)
[60.777s] Level 1:colcon.colcon_core.environment:checking '/home/tukorea/ros2_ws/install/dss_lio_sam' for CMake module files
[60.777s] DEBUG:colcon.colcon_core.event_handler.log_command:Invoked command in '/home/tukorea/ros2_ws/build/dss_lio_sam' returned '0': CMAKE_PREFIX_PATH=${CMAKE_PREFIX_PATH}:/home/tukorea/ros2_ws/install/slam_launch_manager:/home/tukorea/ros2_ws/install/bag_replay_tool_ros2:/opt/ros/humble /usr/bin/cmake --install /home/tukorea/ros2_ws/build/dss_lio_sam
[60.778s] Level 1:colcon.colcon_core.environment:checking '/home/tukorea/ros2_ws/install/dss_lio_sam' for CMake config files
[60.778s] Level 1:colcon.colcon_core.shell:create_environment_hook('dss_lio_sam', 'cmake_prefix_path')
[60.778s] INFO:colcon.colcon_core.shell:Creating environment hook '/home/tukorea/ros2_ws/install/dss_lio_sam/share/dss_lio_sam/hook/cmake_prefix_path.ps1'
[60.778s] INFO:colcon.colcon_core.shell:Creating environment descriptor '/home/tukorea/ros2_ws/install/dss_lio_sam/share/dss_lio_sam/hook/cmake_prefix_path.dsv'
[60.778s] INFO:colcon.colcon_core.shell:Creating environment hook '/home/tukorea/ros2_ws/install/dss_lio_sam/share/dss_lio_sam/hook/cmake_prefix_path.sh'
[60.779s] Level 1:colcon.colcon_core.environment:checking '/home/tukorea/ros2_ws/install/dss_lio_sam/lib'
[60.779s] Level 1:colcon.colcon_core.shell:create_environment_hook('dss_lio_sam', 'ld_library_path_lib')
[60.779s] INFO:colcon.colcon_core.shell:Creating environment hook '/home/tukorea/ros2_ws/install/dss_lio_sam/share/dss_lio_sam/hook/ld_library_path_lib.ps1'
[60.779s] INFO:colcon.colcon_core.shell:Creating environment descriptor '/home/tukorea/ros2_ws/install/dss_lio_sam/share/dss_lio_sam/hook/ld_library_path_lib.dsv'
[60.779s] INFO:colcon.colcon_core.shell:Creating environment hook '/home/tukorea/ros2_ws/install/dss_lio_sam/share/dss_lio_sam/hook/ld_library_path_lib.sh'
[60.779s] Level 1:colcon.colcon_core.environment:checking '/home/tukorea/ros2_ws/install/dss_lio_sam/bin'
[60.779s] Level 1:colcon.colcon_core.environment:checking '/home/tukorea/ros2_ws/install/dss_lio_sam/lib/pkgconfig/dss_lio_sam.pc'
[60.779s] Level 1:colcon.colcon_core.environment:checking '/home/tukorea/ros2_ws/install/dss_lio_sam/lib/python3.10/site-packages'
[60.780s] Level 1:colcon.colcon_core.environment:checking '/home/tukorea/ros2_ws/install/dss_lio_sam/bin'
[60.780s] INFO:colcon.colcon_core.shell:Creating package script '/home/tukorea/ros2_ws/install/dss_lio_sam/share/dss_lio_sam/package.ps1'
[60.780s] INFO:colcon.colcon_core.shell:Creating package descriptor '/home/tukorea/ros2_ws/install/dss_lio_sam/share/dss_lio_sam/package.dsv'
[60.780s] INFO:colcon.colcon_core.shell:Creating package script '/home/tukorea/ros2_ws/install/dss_lio_sam/share/dss_lio_sam/package.sh'
[60.780s] INFO:colcon.colcon_core.shell:Creating package script '/home/tukorea/ros2_ws/install/dss_lio_sam/share/dss_lio_sam/package.bash'
[60.780s] INFO:colcon.colcon_core.shell:Creating package script '/home/tukorea/ros2_ws/install/dss_lio_sam/share/dss_lio_sam/package.zsh'
[60.781s] Level 1:colcon.colcon_core.environment:create_file_with_runtime_dependencies(/home/tukorea/ros2_ws/install/dss_lio_sam/share/colcon-core/packages/dss_lio_sam)
[60.781s] Level 1:colcon.colcon_core.environment:create_environment_scripts_only(dss_lio_sam)
[60.781s] Level 1:colcon.colcon_core.environment:checking '/home/tukorea/ros2_ws/install/dss_lio_sam' for CMake module files
[60.781s] Level 1:colcon.colcon_core.environment:checking '/home/tukorea/ros2_ws/install/dss_lio_sam' for CMake config files
[60.781s] Level 1:colcon.colcon_core.shell:create_environment_hook('dss_lio_sam', 'cmake_prefix_path')
[60.781s] INFO:colcon.colcon_core.shell:Creating environment hook '/home/tukorea/ros2_ws/install/dss_lio_sam/share/dss_lio_sam/hook/cmake_prefix_path.ps1'
[60.782s] INFO:colcon.colcon_core.shell:Creating environment descriptor '/home/tukorea/ros2_ws/install/dss_lio_sam/share/dss_lio_sam/hook/cmake_prefix_path.dsv'
[60.782s] INFO:colcon.colcon_core.shell:Creating environment hook '/home/tukorea/ros2_ws/install/dss_lio_sam/share/dss_lio_sam/hook/cmake_prefix_path.sh'
[60.782s] Level 1:colcon.colcon_core.environment:checking '/home/tukorea/ros2_ws/install/dss_lio_sam/lib'
[60.782s] Level 1:colcon.colcon_core.shell:create_environment_hook('dss_lio_sam', 'ld_library_path_lib')
[60.782s] INFO:colcon.colcon_core.shell:Creating environment hook '/home/tukorea/ros2_ws/install/dss_lio_sam/share/dss_lio_sam/hook/ld_library_path_lib.ps1'
[60.782s] INFO:colcon.colcon_core.shell:Creating environment descriptor '/home/tukorea/ros2_ws/install/dss_lio_sam/share/dss_lio_sam/hook/ld_library_path_lib.dsv'
[60.782s] INFO:colcon.colcon_core.shell:Creating environment hook '/home/tukorea/ros2_ws/install/dss_lio_sam/share/dss_lio_sam/hook/ld_library_path_lib.sh'
[60.782s] Level 1:colcon.colcon_core.environment:checking '/home/tukorea/ros2_ws/install/dss_lio_sam/bin'
[60.782s] Level 1:colcon.colcon_core.environment:checking '/home/tukorea/ros2_ws/install/dss_lio_sam/lib/pkgconfig/dss_lio_sam.pc'
[60.783s] Level 1:colcon.colcon_core.environment:checking '/home/tukorea/ros2_ws/install/dss_lio_sam/lib/python3.10/site-packages'
[60.783s] Level 1:colcon.colcon_core.environment:checking '/home/tukorea/ros2_ws/install/dss_lio_sam/bin'
[60.783s] INFO:colcon.colcon_core.shell:Creating package script '/home/tukorea/ros2_ws/install/dss_lio_sam/share/dss_lio_sam/package.ps1'
[60.783s] INFO:colcon.colcon_core.shell:Creating package descriptor '/home/tukorea/ros2_ws/install/dss_lio_sam/share/dss_lio_sam/package.dsv'
[60.783s] INFO:colcon.colcon_core.shell:Creating package script '/home/tukorea/ros2_ws/install/dss_lio_sam/share/dss_lio_sam/package.sh'
[60.784s] INFO:colcon.colcon_core.shell:Creating package script '/home/tukorea/ros2_ws/install/dss_lio_sam/share/dss_lio_sam/package.bash'
[60.784s] INFO:colcon.colcon_core.shell:Creating package script '/home/tukorea/ros2_ws/install/dss_lio_sam/share/dss_lio_sam/package.zsh'
[60.784s] Level 1:colcon.colcon_core.environment:create_file_with_runtime_dependencies(/home/tukorea/ros2_ws/install/dss_lio_sam/share/colcon-core/packages/dss_lio_sam)
[60.784s] INFO:colcon.colcon_ros.task.ament_cmake.build:Building ROS package in '/home/tukorea/ros2_ws/src/dss_ros2_bridge/dss_ros2_bridge' with build type 'ament_cmake'
[60.784s] INFO:colcon.colcon_cmake.task.cmake.build:Building CMake package in '/home/tukorea/ros2_ws/src/dss_ros2_bridge/dss_ros2_bridge'
[60.785s] INFO:colcon.colcon_core.shell:Skip shell extension 'powershell' for command environment: Not usable outside of PowerShell
[60.785s] DEBUG:colcon.colcon_core.shell:Skip shell extension 'dsv' for command environment
[60.790s] DEBUG:colcon.colcon_core.event_handler.log_command:Invoking command in '/home/tukorea/ros2_ws/build/dss_ros2_bridge': CMAKE_PREFIX_PATH=${CMAKE_PREFIX_PATH}:/home/tukorea/ros2_ws/install/slam_launch_manager:/home/tukorea/ros2_ws/install/bag_replay_tool_ros2:/opt/ros/humble /usr/bin/cmake /home/tukorea/ros2_ws/src/dss_ros2_bridge/dss_ros2_bridge -DCMAKE_BUILD_TYPE=Release -DGTSAM_DIR=/usr/local/lib/cmake/GTSAM -DCMAKE_INSTALL_PREFIX=/home/tukorea/ros2_ws/install/dss_ros2_bridge
[66.771s] DEBUG:colcon.colcon_core.event_handler.log_command:Invoked command in '/home/tukorea/ros2_ws/build/dss_ros2_bridge' returned '0': CMAKE_PREFIX_PATH=${CMAKE_PREFIX_PATH}:/home/tukorea/ros2_ws/install/slam_launch_manager:/home/tukorea/ros2_ws/install/bag_replay_tool_ros2:/opt/ros/humble /usr/bin/cmake /home/tukorea/ros2_ws/src/dss_ros2_bridge/dss_ros2_bridge -DCMAKE_BUILD_TYPE=Release -DGTSAM_DIR=/usr/local/lib/cmake/GTSAM -DCMAKE_INSTALL_PREFIX=/home/tukorea/ros2_ws/install/dss_ros2_bridge
[66.772s] DEBUG:colcon.colcon_core.event_handler.log_command:Invoking command in '/home/tukorea/ros2_ws/build/dss_ros2_bridge': CMAKE_PREFIX_PATH=${CMAKE_PREFIX_PATH}:/home/tukorea/ros2_ws/install/slam_launch_manager:/home/tukorea/ros2_ws/install/bag_replay_tool_ros2:/opt/ros/humble /usr/bin/cmake --build /home/tukorea/ros2_ws/build/dss_ros2_bridge -- -j20 -l20
[77.722s] DEBUG:colcon.colcon_core.event_handler.log_command:Invoked command in '/home/tukorea/ros2_ws/build/dss_ros2_bridge' returned '0': CMAKE_PREFIX_PATH=${CMAKE_PREFIX_PATH}:/home/tukorea/ros2_ws/install/slam_launch_manager:/home/tukorea/ros2_ws/install/bag_replay_tool_ros2:/opt/ros/humble /usr/bin/cmake --build /home/tukorea/ros2_ws/build/dss_ros2_bridge -- -j20 -l20
[77.724s] DEBUG:colcon.colcon_core.event_handler.log_command:Invoking command in '/home/tukorea/ros2_ws/build/dss_ros2_bridge': CMAKE_PREFIX_PATH=${CMAKE_PREFIX_PATH}:/home/tukorea/ros2_ws/install/slam_launch_manager:/home/tukorea/ros2_ws/install/bag_replay_tool_ros2:/opt/ros/humble /usr/bin/cmake --install /home/tukorea/ros2_ws/build/dss_ros2_bridge
[77.763s] Level 1:colcon.colcon_core.environment:create_environment_scripts_only(dss_ros2_bridge)
[77.763s] Level 1:colcon.colcon_core.environment:checking '/home/tukorea/ros2_ws/install/dss_ros2_bridge' for CMake module files
[77.763s] DEBUG:colcon.colcon_core.event_handler.log_command:Invoked command in '/home/tukorea/ros2_ws/build/dss_ros2_bridge' returned '0': CMAKE_PREFIX_PATH=${CMAKE_PREFIX_PATH}:/home/tukorea/ros2_ws/install/slam_launch_manager:/home/tukorea/ros2_ws/install/bag_replay_tool_ros2:/opt/ros/humble /usr/bin/cmake --install /home/tukorea/ros2_ws/build/dss_ros2_bridge
[77.764s] Level 1:colcon.colcon_core.environment:checking '/home/tukorea/ros2_ws/install/dss_ros2_bridge' for CMake config files
[77.764s] Level 1:colcon.colcon_core.shell:create_environment_hook('dss_ros2_bridge', 'cmake_prefix_path')
[77.764s] INFO:colcon.colcon_core.shell:Creating environment hook '/home/tukorea/ros2_ws/install/dss_ros2_bridge/share/dss_ros2_bridge/hook/cmake_prefix_path.ps1'
[77.764s] INFO:colcon.colcon_core.shell:Creating environment descriptor '/home/tukorea/ros2_ws/install/dss_ros2_bridge/share/dss_ros2_bridge/hook/cmake_prefix_path.dsv'
[77.764s] INFO:colcon.colcon_core.shell:Creating environment hook '/home/tukorea/ros2_ws/install/dss_ros2_bridge/share/dss_ros2_bridge/hook/cmake_prefix_path.sh'
[77.765s] Level 1:colcon.colcon_core.environment:checking '/home/tukorea/ros2_ws/install/dss_ros2_bridge/lib'
[77.765s] Level 1:colcon.colcon_core.shell:create_environment_hook('dss_ros2_bridge', 'ld_library_path_lib')
[77.765s] INFO:colcon.colcon_core.shell:Creating environment hook '/home/tukorea/ros2_ws/install/dss_ros2_bridge/share/dss_ros2_bridge/hook/ld_library_path_lib.ps1'
[77.765s] INFO:colcon.colcon_core.shell:Creating environment descriptor '/home/tukorea/ros2_ws/install/dss_ros2_bridge/share/dss_ros2_bridge/hook/ld_library_path_lib.dsv'
[77.765s] INFO:colcon.colcon_core.shell:Creating environment hook '/home/tukorea/ros2_ws/install/dss_ros2_bridge/share/dss_ros2_bridge/hook/ld_library_path_lib.sh'
[77.765s] Level 1:colcon.colcon_core.environment:checking '/home/tukorea/ros2_ws/install/dss_ros2_bridge/bin'
[77.765s] Level 1:colcon.colcon_core.environment:checking '/home/tukorea/ros2_ws/install/dss_ros2_bridge/lib/pkgconfig/dss_ros2_bridge.pc'
[77.765s] Level 1:colcon.colcon_core.environment:checking '/home/tukorea/ros2_ws/install/dss_ros2_bridge/lib/python3.10/site-packages'
[77.765s] Level 1:colcon.colcon_core.environment:checking '/home/tukorea/ros2_ws/install/dss_ros2_bridge/bin'
[77.766s] INFO:colcon.colcon_core.shell:Creating package script '/home/tukorea/ros2_ws/install/dss_ros2_bridge/share/dss_ros2_bridge/package.ps1'
[77.766s] INFO:colcon.colcon_core.shell:Creating package descriptor '/home/tukorea/ros2_ws/install/dss_ros2_bridge/share/dss_ros2_bridge/package.dsv'
[77.766s] INFO:colcon.colcon_core.shell:Creating package script '/home/tukorea/ros2_ws/install/dss_ros2_bridge/share/dss_ros2_bridge/package.sh'
[77.766s] INFO:colcon.colcon_core.shell:Creating package script '/home/tukorea/ros2_ws/install/dss_ros2_bridge/share/dss_ros2_bridge/package.bash'
[77.766s] INFO:colcon.colcon_core.shell:Creating package script '/home/tukorea/ros2_ws/install/dss_ros2_bridge/share/dss_ros2_bridge/package.zsh'
[77.766s] Level 1:colcon.colcon_core.environment:create_file_with_runtime_dependencies(/home/tukorea/ros2_ws/install/dss_ros2_bridge/share/colcon-core/packages/dss_ros2_bridge)
[77.767s] Level 1:colcon.colcon_core.environment:create_environment_scripts_only(dss_ros2_bridge)
[77.767s] Level 1:colcon.colcon_core.environment:checking '/home/tukorea/ros2_ws/install/dss_ros2_bridge' for CMake module files
[77.767s] Level 1:colcon.colcon_core.environment:checking '/home/tukorea/ros2_ws/install/dss_ros2_bridge' for CMake config files
[77.767s] Level 1:colcon.colcon_core.shell:create_environment_hook('dss_ros2_bridge', 'cmake_prefix_path')
[77.767s] INFO:colcon.colcon_core.shell:Creating environment hook '/home/tukorea/ros2_ws/install/dss_ros2_bridge/share/dss_ros2_bridge/hook/cmake_prefix_path.ps1'
[77.767s] INFO:colcon.colcon_core.shell:Creating environment descriptor '/home/tukorea/ros2_ws/install/dss_ros2_bridge/share/dss_ros2_bridge/hook/cmake_prefix_path.dsv'
[77.767s] INFO:colcon.colcon_core.shell:Creating environment hook '/home/tukorea/ros2_ws/install/dss_ros2_bridge/share/dss_ros2_bridge/hook/cmake_prefix_path.sh'
[77.768s] Level 1:colcon.colcon_core.environment:checking '/home/tukorea/ros2_ws/install/dss_ros2_bridge/lib'
[77.768s] Level 1:colcon.colcon_core.shell:create_environment_hook('dss_ros2_bridge', 'ld_library_path_lib')
[77.768s] INFO:colcon.colcon_core.shell:Creating environment hook '/home/tukorea/ros2_ws/install/dss_ros2_bridge/share/dss_ros2_bridge/hook/ld_library_path_lib.ps1'
[77.768s] INFO:colcon.colcon_core.shell:Creating environment descriptor '/home/tukorea/ros2_ws/install/dss_ros2_bridge/share/dss_ros2_bridge/hook/ld_library_path_lib.dsv'
[77.768s] INFO:colcon.colcon_core.shell:Creating environment hook '/home/tukorea/ros2_ws/install/dss_ros2_bridge/share/dss_ros2_bridge/hook/ld_library_path_lib.sh'
[77.768s] Level 1:colcon.colcon_core.environment:checking '/home/tukorea/ros2_ws/install/dss_ros2_bridge/bin'
[77.768s] Level 1:colcon.colcon_core.environment:checking '/home/tukorea/ros2_ws/install/dss_ros2_bridge/lib/pkgconfig/dss_ros2_bridge.pc'
[77.768s] Level 1:colcon.colcon_core.environment:checking '/home/tukorea/ros2_ws/install/dss_ros2_bridge/lib/python3.10/site-packages'
[77.768s] Level 1:colcon.colcon_core.environment:checking '/home/tukorea/ros2_ws/install/dss_ros2_bridge/bin'
[77.769s] INFO:colcon.colcon_core.shell:Creating package script '/home/tukorea/ros2_ws/install/dss_ros2_bridge/share/dss_ros2_bridge/package.ps1'
[77.769s] INFO:colcon.colcon_core.shell:Creating package descriptor '/home/tukorea/ros2_ws/install/dss_ros2_bridge/share/dss_ros2_bridge/package.dsv'
[77.769s] INFO:colcon.colcon_core.shell:Creating package script '/home/tukorea/ros2_ws/install/dss_ros2_bridge/share/dss_ros2_bridge/package.sh'
[77.769s] INFO:colcon.colcon_core.shell:Creating package script '/home/tukorea/ros2_ws/install/dss_ros2_bridge/share/dss_ros2_bridge/package.bash'
[77.769s] INFO:colcon.colcon_core.shell:Creating package script '/home/tukorea/ros2_ws/install/dss_ros2_bridge/share/dss_ros2_bridge/package.zsh'
[77.769s] Level 1:colcon.colcon_core.environment:create_file_with_runtime_dependencies(/home/tukorea/ros2_ws/install/dss_ros2_bridge/share/colcon-core/packages/dss_ros2_bridge)
[77.770s] INFO:colcon.colcon_ros.task.ament_cmake.build:Building ROS package in '/home/tukorea/ros2_ws/src/SLAM/LIO-SAM/lio_sam_ros2' with build type 'ament_cmake'
[77.770s] INFO:colcon.colcon_cmake.task.cmake.build:Building CMake package in '/home/tukorea/ros2_ws/src/SLAM/LIO-SAM/lio_sam_ros2'
[77.770s] INFO:colcon.colcon_core.shell:Skip shell extension 'powershell' for command environment: Not usable outside of PowerShell
[77.770s] DEBUG:colcon.colcon_core.shell:Skip shell extension 'dsv' for command environment
[77.774s] DEBUG:colcon.colcon_core.event_handler.log_command:Invoking command in '/home/tukorea/ros2_ws/build/lio_sam': CMAKE_PREFIX_PATH=${CMAKE_PREFIX_PATH}:/home/tukorea/ros2_ws/install/slam_launch_manager:/home/tukorea/ros2_ws/install/bag_replay_tool_ros2:/opt/ros/humble /usr/bin/cmake /home/tukorea/ros2_ws/src/SLAM/LIO-SAM/lio_sam_ros2 -DCMAKE_BUILD_TYPE=Release -DGTSAM_DIR=/usr/local/lib/cmake/GTSAM -DCMAKE_INSTALL_PREFIX=/home/tukorea/ros2_ws/install/lio_sam
[92.489s] DEBUG:colcon.colcon_core.event_handler.log_command:Invoked command in '/home/tukorea/ros2_ws/build/lio_sam' returned '0': CMAKE_PREFIX_PATH=${CMAKE_PREFIX_PATH}:/home/tukorea/ros2_ws/install/slam_launch_manager:/home/tukorea/ros2_ws/install/bag_replay_tool_ros2:/opt/ros/humble /usr/bin/cmake /home/tukorea/ros2_ws/src/SLAM/LIO-SAM/lio_sam_ros2 -DCMAKE_BUILD_TYPE=Release -DGTSAM_DIR=/usr/local/lib/cmake/GTSAM -DCMAKE_INSTALL_PREFIX=/home/tukorea/ros2_ws/install/lio_sam
[92.489s] DEBUG:colcon.colcon_core.event_handler.log_command:Invoking command in '/home/tukorea/ros2_ws/build/lio_sam': CMAKE_PREFIX_PATH=${CMAKE_PREFIX_PATH}:/home/tukorea/ros2_ws/install/slam_launch_manager:/home/tukorea/ros2_ws/install/bag_replay_tool_ros2:/opt/ros/humble /usr/bin/cmake --build /home/tukorea/ros2_ws/build/lio_sam -- -j20 -l20
[136.681s] DEBUG:colcon.colcon_core.event_handler.log_command:Invoked command in '/home/tukorea/ros2_ws/build/lio_sam' returned '0': CMAKE_PREFIX_PATH=${CMAKE_PREFIX_PATH}:/home/tukorea/ros2_ws/install/slam_launch_manager:/home/tukorea/ros2_ws/install/bag_replay_tool_ros2:/opt/ros/humble /usr/bin/cmake --build /home/tukorea/ros2_ws/build/lio_sam -- -j20 -l20
[136.682s] DEBUG:colcon.colcon_core.event_handler.log_command:Invoking command in '/home/tukorea/ros2_ws/build/lio_sam': CMAKE_PREFIX_PATH=${CMAKE_PREFIX_PATH}:/home/tukorea/ros2_ws/install/slam_launch_manager:/home/tukorea/ros2_ws/install/bag_replay_tool_ros2:/opt/ros/humble /usr/bin/cmake --install /home/tukorea/ros2_ws/build/lio_sam
[136.822s] Level 1:colcon.colcon_core.environment:create_environment_scripts_only(lio_sam)
[136.823s] DEBUG:colcon.colcon_core.event_handler.log_command:Invoked command in '/home/tukorea/ros2_ws/build/lio_sam' returned '0': CMAKE_PREFIX_PATH=${CMAKE_PREFIX_PATH}:/home/tukorea/ros2_ws/install/slam_launch_manager:/home/tukorea/ros2_ws/install/bag_replay_tool_ros2:/opt/ros/humble /usr/bin/cmake --install /home/tukorea/ros2_ws/build/lio_sam
[136.823s] Level 1:colcon.colcon_core.environment:checking '/home/tukorea/ros2_ws/install/lio_sam' for CMake module files
[136.823s] Level 1:colcon.colcon_core.environment:checking '/home/tukorea/ros2_ws/install/lio_sam' for CMake config files
[136.823s] Level 1:colcon.colcon_core.shell:create_environment_hook('lio_sam', 'cmake_prefix_path')
[136.823s] INFO:colcon.colcon_core.shell:Creating environment hook '/home/tukorea/ros2_ws/install/lio_sam/share/lio_sam/hook/cmake_prefix_path.ps1'
[136.824s] INFO:colcon.colcon_core.shell:Creating environment descriptor '/home/tukorea/ros2_ws/install/lio_sam/share/lio_sam/hook/cmake_prefix_path.dsv'
[136.824s] INFO:colcon.colcon_core.shell:Creating environment hook '/home/tukorea/ros2_ws/install/lio_sam/share/lio_sam/hook/cmake_prefix_path.sh'
[136.824s] Level 1:colcon.colcon_core.environment:checking '/home/tukorea/ros2_ws/install/lio_sam/lib'
[136.824s] Level 1:colcon.colcon_core.shell:create_environment_hook('lio_sam', 'ld_library_path_lib')
[136.824s] INFO:colcon.colcon_core.shell:Creating environment hook '/home/tukorea/ros2_ws/install/lio_sam/share/lio_sam/hook/ld_library_path_lib.ps1'
[136.824s] INFO:colcon.colcon_core.shell:Creating environment descriptor '/home/tukorea/ros2_ws/install/lio_sam/share/lio_sam/hook/ld_library_path_lib.dsv'
[136.825s] INFO:colcon.colcon_core.shell:Creating environment hook '/home/tukorea/ros2_ws/install/lio_sam/share/lio_sam/hook/ld_library_path_lib.sh'
[136.825s] Level 1:colcon.colcon_core.environment:checking '/home/tukorea/ros2_ws/install/lio_sam/bin'
[136.825s] Level 1:colcon.colcon_core.environment:checking '/home/tukorea/ros2_ws/install/lio_sam/lib/pkgconfig/lio_sam.pc'
[136.825s] Level 1:colcon.colcon_core.environment:checking '/home/tukorea/ros2_ws/install/lio_sam/lib/python3.10/site-packages'
[136.825s] Level 1:colcon.colcon_core.environment:checking '/home/tukorea/ros2_ws/install/lio_sam/bin'
[136.825s] INFO:colcon.colcon_core.shell:Creating package script '/home/tukorea/ros2_ws/install/lio_sam/share/lio_sam/package.ps1'
[136.825s] INFO:colcon.colcon_core.shell:Creating package descriptor '/home/tukorea/ros2_ws/install/lio_sam/share/lio_sam/package.dsv'
[136.826s] INFO:colcon.colcon_core.shell:Creating package script '/home/tukorea/ros2_ws/install/lio_sam/share/lio_sam/package.sh'
[136.826s] INFO:colcon.colcon_core.shell:Creating package script '/home/tukorea/ros2_ws/install/lio_sam/share/lio_sam/package.bash'
[136.826s] INFO:colcon.colcon_core.shell:Creating package script '/home/tukorea/ros2_ws/install/lio_sam/share/lio_sam/package.zsh'
[136.826s] Level 1:colcon.colcon_core.environment:create_file_with_runtime_dependencies(/home/tukorea/ros2_ws/install/lio_sam/share/colcon-core/packages/lio_sam)
[136.826s] Level 1:colcon.colcon_core.environment:create_environment_scripts_only(lio_sam)
[136.826s] Level 1:colcon.colcon_core.environment:checking '/home/tukorea/ros2_ws/install/lio_sam' for CMake module files
[136.827s] Level 1:colcon.colcon_core.environment:checking '/home/tukorea/ros2_ws/install/lio_sam' for CMake config files
[136.827s] Level 1:colcon.colcon_core.shell:create_environment_hook('lio_sam', 'cmake_prefix_path')
[136.827s] INFO:colcon.colcon_core.shell:Creating environment hook '/home/tukorea/ros2_ws/install/lio_sam/share/lio_sam/hook/cmake_prefix_path.ps1'
[136.827s] INFO:colcon.colcon_core.shell:Creating environment descriptor '/home/tukorea/ros2_ws/install/lio_sam/share/lio_sam/hook/cmake_prefix_path.dsv'
[136.827s] INFO:colcon.colcon_core.shell:Creating environment hook '/home/tukorea/ros2_ws/install/lio_sam/share/lio_sam/hook/cmake_prefix_path.sh'
[136.827s] Level 1:colcon.colcon_core.environment:checking '/home/tukorea/ros2_ws/install/lio_sam/lib'
[136.827s] Level 1:colcon.colcon_core.shell:create_environment_hook('lio_sam', 'ld_library_path_lib')
[136.828s] INFO:colcon.colcon_core.shell:Creating environment hook '/home/tukorea/ros2_ws/install/lio_sam/share/lio_sam/hook/ld_library_path_lib.ps1'
[136.828s] INFO:colcon.colcon_core.shell:Creating environment descriptor '/home/tukorea/ros2_ws/install/lio_sam/share/lio_sam/hook/ld_library_path_lib.dsv'
[136.828s] INFO:colcon.colcon_core.shell:Creating environment hook '/home/tukorea/ros2_ws/install/lio_sam/share/lio_sam/hook/ld_library_path_lib.sh'
[136.828s] Level 1:colcon.colcon_core.environment:checking '/home/tukorea/ros2_ws/install/lio_sam/bin'
[136.828s] Level 1:colcon.colcon_core.environment:checking '/home/tukorea/ros2_ws/install/lio_sam/lib/pkgconfig/lio_sam.pc'
[136.828s] Level 1:colcon.colcon_core.environment:checking '/home/tukorea/ros2_ws/install/lio_sam/lib/python3.10/site-packages'
[136.828s] Level 1:colcon.colcon_core.environment:checking '/home/tukorea/ros2_ws/install/lio_sam/bin'
[136.828s] INFO:colcon.colcon_core.shell:Creating package script '/home/tukorea/ros2_ws/install/lio_sam/share/lio_sam/package.ps1'
[136.829s] INFO:colcon.colcon_core.shell:Creating package descriptor '/home/tukorea/ros2_ws/install/lio_sam/share/lio_sam/package.dsv'
[136.829s] INFO:colcon.colcon_core.shell:Creating package script '/home/tukorea/ros2_ws/install/lio_sam/share/lio_sam/package.sh'
[136.829s] INFO:colcon.colcon_core.shell:Creating package script '/home/tukorea/ros2_ws/install/lio_sam/share/lio_sam/package.bash'
[136.829s] INFO:colcon.colcon_core.shell:Creating package script '/home/tukorea/ros2_ws/install/lio_sam/share/lio_sam/package.zsh'
[136.829s] Level 1:colcon.colcon_core.environment:create_file_with_runtime_dependencies(/home/tukorea/ros2_ws/install/lio_sam/share/colcon-core/packages/lio_sam)
[136.829s] INFO:colcon.colcon_ros.task.ament_cmake.build:Building ROS package in '/home/tukorea/ros2_ws/src/SLAM/LIO-SAM/livox_lio_sam' with build type 'ament_cmake'
[136.829s] INFO:colcon.colcon_cmake.task.cmake.build:Building CMake package in '/home/tukorea/ros2_ws/src/SLAM/LIO-SAM/livox_lio_sam'
[136.830s] INFO:colcon.colcon_core.shell:Skip shell extension 'powershell' for command environment: Not usable outside of PowerShell
[136.830s] DEBUG:colcon.colcon_core.shell:Skip shell extension 'dsv' for command environment
[136.834s] DEBUG:colcon.colcon_core.event_handler.log_command:Invoking command in '/home/tukorea/ros2_ws/build/livox_lio_sam': CMAKE_PREFIX_PATH=${CMAKE_PREFIX_PATH}:/home/tukorea/ros2_ws/install/slam_launch_manager:/home/tukorea/ros2_ws/install/bag_replay_tool_ros2:/opt/ros/humble /usr/bin/cmake /home/tukorea/ros2_ws/src/SLAM/LIO-SAM/livox_lio_sam -DCMAKE_BUILD_TYPE=Release -DGTSAM_DIR=/usr/local/lib/cmake/GTSAM -DCMAKE_INSTALL_PREFIX=/home/tukorea/ros2_ws/install/livox_lio_sam
[151.593s] DEBUG:colcon.colcon_core.event_handler.log_command:Invoked command in '/home/tukorea/ros2_ws/build/livox_lio_sam' returned '0': CMAKE_PREFIX_PATH=${CMAKE_PREFIX_PATH}:/home/tukorea/ros2_ws/install/slam_launch_manager:/home/tukorea/ros2_ws/install/bag_replay_tool_ros2:/opt/ros/humble /usr/bin/cmake /home/tukorea/ros2_ws/src/SLAM/LIO-SAM/livox_lio_sam -DCMAKE_BUILD_TYPE=Release -DGTSAM_DIR=/usr/local/lib/cmake/GTSAM -DCMAKE_INSTALL_PREFIX=/home/tukorea/ros2_ws/install/livox_lio_sam
[151.594s] DEBUG:colcon.colcon_core.event_handler.log_command:Invoking command in '/home/tukorea/ros2_ws/build/livox_lio_sam': CMAKE_PREFIX_PATH=${CMAKE_PREFIX_PATH}:/home/tukorea/ros2_ws/install/slam_launch_manager:/home/tukorea/ros2_ws/install/bag_replay_tool_ros2:/opt/ros/humble /usr/bin/cmake --build /home/tukorea/ros2_ws/build/livox_lio_sam -- -j20 -l20
[197.181s] DEBUG:colcon.colcon_core.event_handler.log_command:Invoked command in '/home/tukorea/ros2_ws/build/livox_lio_sam' returned '2': CMAKE_PREFIX_PATH=${CMAKE_PREFIX_PATH}:/home/tukorea/ros2_ws/install/slam_launch_manager:/home/tukorea/ros2_ws/install/bag_replay_tool_ros2:/opt/ros/humble /usr/bin/cmake --build /home/tukorea/ros2_ws/build/livox_lio_sam -- -j20 -l20
[197.181s] Level 1:colcon.colcon_core.environment:create_environment_scripts_only(livox_lio_sam)
[197.181s] Level 1:colcon.colcon_core.environment:checking '/home/tukorea/ros2_ws/install/livox_lio_sam' for CMake module files
[197.181s] Level 1:colcon.colcon_core.environment:checking '/home/tukorea/ros2_ws/install/livox_lio_sam' for CMake config files
[197.181s] Level 1:colcon.colcon_core.environment:checking '/home/tukorea/ros2_ws/install/livox_lio_sam/bin'
[197.181s] Level 1:colcon.colcon_core.environment:checking '/home/tukorea/ros2_ws/install/livox_lio_sam/lib/pkgconfig/livox_lio_sam.pc'
[197.181s] Level 1:colcon.colcon_core.environment:checking '/home/tukorea/ros2_ws/install/livox_lio_sam/lib/python3.10/site-packages'
[197.182s] Level 1:colcon.colcon_core.environment:checking '/home/tukorea/ros2_ws/install/livox_lio_sam/bin'
[197.182s] INFO:colcon.colcon_core.shell:Creating package script '/home/tukorea/ros2_ws/install/livox_lio_sam/share/livox_lio_sam/package.ps1'
[197.182s] INFO:colcon.colcon_core.shell:Creating package descriptor '/home/tukorea/ros2_ws/install/livox_lio_sam/share/livox_lio_sam/package.dsv'
[197.183s] INFO:colcon.colcon_core.shell:Creating package script '/home/tukorea/ros2_ws/install/livox_lio_sam/share/livox_lio_sam/package.sh'
[197.183s] INFO:colcon.colcon_core.shell:Creating package script '/home/tukorea/ros2_ws/install/livox_lio_sam/share/livox_lio_sam/package.bash'
[197.183s] INFO:colcon.colcon_core.shell:Creating package script '/home/tukorea/ros2_ws/install/livox_lio_sam/share/livox_lio_sam/package.zsh'
[197.183s] Level 1:colcon.colcon_core.environment:create_file_with_runtime_dependencies(/home/tukorea/ros2_ws/install/livox_lio_sam/share/colcon-core/packages/livox_lio_sam)
[197.194s] DEBUG:colcon.colcon_parallel_executor.executor.parallel:closing loop
[197.194s] DEBUG:colcon.colcon_parallel_executor.executor.parallel:loop closed
[197.194s] DEBUG:colcon.colcon_parallel_executor.executor.parallel:run_until_complete finished with '2'
[197.194s] DEBUG:colcon.colcon_core.event_reactor:joining thread
[197.221s] INFO:colcon.colcon_core.plugin_system:Skipping extension 'colcon_notification.desktop_notification.notify_send': Could not find 'notify-send'
[197.221s] INFO:colcon.colcon_core.plugin_system:Skipping extension 'colcon_notification.desktop_notification.terminal_notifier': Not used on non-Darwin systems
[197.221s] INFO:colcon.colcon_core.plugin_system:Skipping extension 'colcon_notification.desktop_notification.win32': Not used on non-Windows systems
[197.221s] INFO:colcon.colcon_notification.desktop_notification:Sending desktop notification using 'notify2'
[197.221s] DEBUG:colcon.colcon_notification.desktop_notification.notify2:Failed to initialize notify2: org.freedesktop.DBus.Error.FileNotFound: Failed to connect to socket /run/user/1000/bus: No such file or directory
[197.222s] DEBUG:colcon.colcon_core.event_reactor:joined thread
[197.222s] INFO:colcon.colcon_core.shell:Creating prefix script '/home/tukorea/ros2_ws/install/local_setup.ps1'
[197.223s] INFO:colcon.colcon_core.shell:Creating prefix util module '/home/tukorea/ros2_ws/install/_local_setup_util_ps1.py'
[197.224s] INFO:colcon.colcon_core.shell:Creating prefix chain script '/home/tukorea/ros2_ws/install/setup.ps1'
[197.225s] INFO:colcon.colcon_core.shell:Creating prefix script '/home/tukorea/ros2_ws/install/local_setup.sh'
[197.225s] INFO:colcon.colcon_core.shell:Creating prefix util module '/home/tukorea/ros2_ws/install/_local_setup_util_sh.py'
[197.225s] INFO:colcon.colcon_core.shell:Creating prefix chain script '/home/tukorea/ros2_ws/install/setup.sh'
[197.226s] INFO:colcon.colcon_core.shell:Creating prefix script '/home/tukorea/ros2_ws/install/local_setup.bash'
[197.227s] INFO:colcon.colcon_core.shell:Creating prefix chain script '/home/tukorea/ros2_ws/install/setup.bash'
[197.227s] INFO:colcon.colcon_core.shell:Creating prefix script '/home/tukorea/ros2_ws/install/local_setup.zsh'
[197.228s] INFO:colcon.colcon_core.shell:Creating prefix chain script '/home/tukorea/ros2_ws/install/setup.zsh'
