[0.278s] Invoking command in '/home/tukorea/ros2_ws/src/Tool/slam_launch_manager': PYTHONPATH=/home/tukorea/ros2_ws/build/slam_launch_manager/prefix_override:/usr/lib/python3/dist-packages/colcon_core/task/python/colcon_distutils_commands:/home/tukorea/ros2_ws/install/slam_launch_manager/lib/python3.10/site-packages:${PYTHONPATH} /usr/bin/python3 -W ignore:setup.py install is deprecated -W ignore:easy_install command is deprecated setup.py egg_info --egg-base ../../../build/slam_launch_manager build --build-base /home/tukorea/ros2_ws/build/slam_launch_manager/build install --record /home/tukorea/ros2_ws/build/slam_launch_manager/install.log --single-version-externally-managed install_data
[0.384s] running egg_info
[0.384s] creating ../../../build/slam_launch_manager/slam_launch_manager.egg-info
[0.384s] writing ../../../build/slam_launch_manager/slam_launch_manager.egg-info/PKG-INFO
[0.384s] writing dependency_links to ../../../build/slam_launch_manager/slam_launch_manager.egg-info/dependency_links.txt
[0.384s] writing entry points to ../../../build/slam_launch_manager/slam_launch_manager.egg-info/entry_points.txt
[0.384s] writing requirements to ../../../build/slam_launch_manager/slam_launch_manager.egg-info/requires.txt
[0.384s] writing top-level names to ../../../build/slam_launch_manager/slam_launch_manager.egg-info/top_level.txt
[0.384s] writing manifest file '../../../build/slam_launch_manager/slam_launch_manager.egg-info/SOURCES.txt'
[0.386s] reading manifest file '../../../build/slam_launch_manager/slam_launch_manager.egg-info/SOURCES.txt'
[0.386s] writing manifest file '../../../build/slam_launch_manager/slam_launch_manager.egg-info/SOURCES.txt'
[0.386s] running build
[0.386s] running build_py
[0.386s] creating /home/tukorea/ros2_ws/build/slam_launch_manager/build
[0.387s] creating /home/tukorea/ros2_ws/build/slam_launch_manager/build/lib
[0.387s] creating /home/tukorea/ros2_ws/build/slam_launch_manager/build/lib/slam_launch_manager
[0.387s] copying slam_launch_manager/slam_launch_manager_node.py -> /home/tukorea/ros2_ws/build/slam_launch_manager/build/lib/slam_launch_manager
[0.388s] copying slam_launch_manager/__init__.py -> /home/tukorea/ros2_ws/build/slam_launch_manager/build/lib/slam_launch_manager
[0.388s] creating /home/tukorea/ros2_ws/build/slam_launch_manager/build/lib/slam_launch_manager/ui
[0.388s] copying slam_launch_manager/ui/slam_launch_manager.ui -> /home/tukorea/ros2_ws/build/slam_launch_manager/build/lib/slam_launch_manager/ui
[0.389s] running install
[0.389s] running install_lib
[0.389s] creating /home/tukorea/ros2_ws/install/slam_launch_manager/lib/python3.10/site-packages/slam_launch_manager
[0.390s] copying /home/tukorea/ros2_ws/build/slam_launch_manager/build/lib/slam_launch_manager/slam_launch_manager_node.py -> /home/tukorea/ros2_ws/install/slam_launch_manager/lib/python3.10/site-packages/slam_launch_manager
[0.390s] creating /home/tukorea/ros2_ws/install/slam_launch_manager/lib/python3.10/site-packages/slam_launch_manager/ui
[0.390s] copying /home/tukorea/ros2_ws/build/slam_launch_manager/build/lib/slam_launch_manager/ui/slam_launch_manager.ui -> /home/tukorea/ros2_ws/install/slam_launch_manager/lib/python3.10/site-packages/slam_launch_manager/ui
[0.390s] copying /home/tukorea/ros2_ws/build/slam_launch_manager/build/lib/slam_launch_manager/__init__.py -> /home/tukorea/ros2_ws/install/slam_launch_manager/lib/python3.10/site-packages/slam_launch_manager
[0.390s] byte-compiling /home/tukorea/ros2_ws/install/slam_launch_manager/lib/python3.10/site-packages/slam_launch_manager/slam_launch_manager_node.py to slam_launch_manager_node.cpython-310.pyc
[0.395s] byte-compiling /home/tukorea/ros2_ws/install/slam_launch_manager/lib/python3.10/site-packages/slam_launch_manager/__init__.py to __init__.cpython-310.pyc
[0.395s] running install_data
[0.395s] creating /home/tukorea/ros2_ws/install/slam_launch_manager/share/ament_index
[0.395s] creating /home/tukorea/ros2_ws/install/slam_launch_manager/share/ament_index/resource_index
[0.395s] creating /home/tukorea/ros2_ws/install/slam_launch_manager/share/ament_index/resource_index/packages
[0.395s] copying resource/slam_launch_manager -> /home/tukorea/ros2_ws/install/slam_launch_manager/share/ament_index/resource_index/packages
[0.395s] copying package.xml -> /home/tukorea/ros2_ws/install/slam_launch_manager/share/slam_launch_manager
[0.395s] creating /home/tukorea/ros2_ws/install/slam_launch_manager/share/slam_launch_manager/ui
[0.395s] copying slam_launch_manager/ui/slam_launch_manager.ui -> /home/tukorea/ros2_ws/install/slam_launch_manager/share/slam_launch_manager/ui
[0.395s] running install_egg_info
[0.396s] Copying ../../../build/slam_launch_manager/slam_launch_manager.egg-info to /home/tukorea/ros2_ws/install/slam_launch_manager/lib/python3.10/site-packages/slam_launch_manager-0.0.0-py3.10.egg-info
[0.396s] running install_scripts
[0.407s] Installing slam_launch_manager script to /home/tukorea/ros2_ws/install/slam_launch_manager/lib/slam_launch_manager
[0.407s] writing list of installed files to '/home/tukorea/ros2_ws/build/slam_launch_manager/install.log'
[0.420s] Invoked command in '/home/tukorea/ros2_ws/src/Tool/slam_launch_manager' returned '0': PYTHONPATH=/home/tukorea/ros2_ws/build/slam_launch_manager/prefix_override:/usr/lib/python3/dist-packages/colcon_core/task/python/colcon_distutils_commands:/home/tukorea/ros2_ws/install/slam_launch_manager/lib/python3.10/site-packages:${PYTHONPATH} /usr/bin/python3 -W ignore:setup.py install is deprecated -W ignore:easy_install command is deprecated setup.py egg_info --egg-base ../../../build/slam_launch_manager build --build-base /home/tukorea/ros2_ws/build/slam_launch_manager/build install --record /home/tukorea/ros2_ws/build/slam_launch_manager/install.log --single-version-externally-managed install_data
