[0.005s] Invoking command in '/home/tukorea/ros2_ws/build/dss_lio_sam': CMAKE_PREFIX_PATH=${CMAKE_PREFIX_PATH}:/home/tukorea/ros2_ws/install/slam_launch_manager:/home/tukorea/ros2_ws/install/bag_replay_tool_ros2:/opt/ros/humble /usr/bin/cmake --build /home/tukorea/ros2_ws/build/dss_lio_sam -- -j20 -l20
[0.030s] [35m[1mConsolidate compiler generated dependencies of target dss_lio_sam__rosidl_generator_c[0m
[0.035s] [  2%] Built target dss_lio_sam__cpp
[0.036s] [ 10%] Built target dss_lio_sam__rosidl_generator_c
[0.041s] [ 10%] Built target ament_cmake_python_copy_dss_lio_sam
[0.041s] [35m[1mConsolidate compiler generated dependencies of target dss_lio_sam__rosidl_typesupport_cpp[0m
[0.041s] [35m[1mConsolidate compiler generated dependencies of target dss_lio_sam__rosidl_typesupport_fastrtps_cpp[0m
[0.045s] [35m[1mConsolidate compiler generated dependencies of target dss_lio_sam__rosidl_typesupport_introspection_cpp[0m
[0.047s] [35m[1mConsolidate compiler generated dependencies of target dss_lio_sam__rosidl_typesupport_introspection_c[0m
[0.047s] [35m[1mConsolidate compiler generated dependencies of target dss_lio_sam__rosidl_typesupport_c[0m
[0.047s] [35m[1mConsolidate compiler generated dependencies of target dss_lio_sam__rosidl_typesupport_fastrtps_c[0m
[0.048s] [ 19%] Built target dss_lio_sam__rosidl_typesupport_fastrtps_cpp
[0.051s] [ 27%] Built target dss_lio_sam__rosidl_typesupport_cpp
[0.052s] [ 36%] Built target dss_lio_sam__rosidl_typesupport_introspection_cpp
[0.053s] [ 44%] Built target dss_lio_sam__rosidl_typesupport_c
[0.053s] [ 53%] Built target dss_lio_sam__rosidl_typesupport_introspection_c
[0.056s] [ 61%] Built target dss_lio_sam__rosidl_typesupport_fastrtps_c
[0.057s] [35m[1mConsolidate compiler generated dependencies of target dss_lio_sam_featureExtraction[0m
[0.057s] [35m[1mConsolidate compiler generated dependencies of target dss_lio_sam_imageProjection[0m
[0.058s] [35m[1mConsolidate compiler generated dependencies of target dss_lio_sam_mapOptimization[0m
[0.061s] [35m[1mConsolidate compiler generated dependencies of target dss_lio_sam_imuPreintegration[0m
[0.067s] [ 61%] Built target dss_lio_sam
[0.074s] [ 65%] Built target dss_lio_sam_imageProjection
[0.074s] [ 70%] Built target dss_lio_sam_featureExtraction
[0.076s] [ 74%] Built target dss_lio_sam_mapOptimization
[0.078s] [ 78%] Built target dss_lio_sam_imuPreintegration
[0.079s] [ 80%] Built target dss_lio_sam__py
[0.085s] [35m[1mConsolidate compiler generated dependencies of target dss_lio_sam__rosidl_generator_py[0m
[0.092s] [ 87%] Built target dss_lio_sam__rosidl_generator_py
[0.098s] [35m[1mConsolidate compiler generated dependencies of target dss_lio_sam__rosidl_typesupport_fastrtps_c__pyext[0m
[0.098s] [35m[1mConsolidate compiler generated dependencies of target dss_lio_sam__rosidl_typesupport_introspection_c__pyext[0m
[0.098s] [35m[1mConsolidate compiler generated dependencies of target dss_lio_sam__rosidl_typesupport_c__pyext[0m
[0.105s] [ 95%] Built target dss_lio_sam__rosidl_typesupport_fastrtps_c__pyext
[0.105s] [100%] Built target dss_lio_sam__rosidl_typesupport_introspection_c__pyext
[0.105s] [100%] Built target dss_lio_sam__rosidl_typesupport_c__pyext
[0.148s] running egg_info
[0.148s] writing dss_lio_sam.egg-info/PKG-INFO
[0.148s] writing dependency_links to dss_lio_sam.egg-info/dependency_links.txt
[0.149s] writing top-level names to dss_lio_sam.egg-info/top_level.txt
[0.149s] reading manifest file 'dss_lio_sam.egg-info/SOURCES.txt'
[0.150s] writing manifest file 'dss_lio_sam.egg-info/SOURCES.txt'
[0.165s] [100%] Built target ament_cmake_python_build_dss_lio_sam_egg
[0.172s] Invoked command in '/home/tukorea/ros2_ws/build/dss_lio_sam' returned '0': CMAKE_PREFIX_PATH=${CMAKE_PREFIX_PATH}:/home/tukorea/ros2_ws/install/slam_launch_manager:/home/tukorea/ros2_ws/install/bag_replay_tool_ros2:/opt/ros/humble /usr/bin/cmake --build /home/tukorea/ros2_ws/build/dss_lio_sam -- -j20 -l20
[0.178s] Invoking command in '/home/tukorea/ros2_ws/build/dss_lio_sam': CMAKE_PREFIX_PATH=${CMAKE_PREFIX_PATH}:/home/tukorea/ros2_ws/install/slam_launch_manager:/home/tukorea/ros2_ws/install/bag_replay_tool_ros2:/opt/ros/humble /usr/bin/cmake --install /home/tukorea/ros2_ws/build/dss_lio_sam
[0.182s] -- Install configuration: "Release"
[0.182s] -- Up-to-date: /home/tukorea/ros2_ws/install/dss_lio_sam/share/ament_index/resource_index/rosidl_interfaces/dss_lio_sam
[0.182s] -- Up-to-date: /home/tukorea/ros2_ws/install/dss_lio_sam/include/dss_lio_sam/dss_lio_sam
[0.182s] -- Up-to-date: /home/tukorea/ros2_ws/install/dss_lio_sam/include/dss_lio_sam/dss_lio_sam/srv
[0.182s] -- Up-to-date: /home/tukorea/ros2_ws/install/dss_lio_sam/include/dss_lio_sam/dss_lio_sam/srv/save_map.h
[0.182s] -- Up-to-date: /home/tukorea/ros2_ws/install/dss_lio_sam/include/dss_lio_sam/dss_lio_sam/srv/detail
[0.182s] -- Up-to-date: /home/tukorea/ros2_ws/install/dss_lio_sam/include/dss_lio_sam/dss_lio_sam/srv/detail/save_map__functions.h
[0.182s] -- Up-to-date: /home/tukorea/ros2_ws/install/dss_lio_sam/include/dss_lio_sam/dss_lio_sam/srv/detail/save_map__functions.c
[0.182s] -- Up-to-date: /home/tukorea/ros2_ws/install/dss_lio_sam/include/dss_lio_sam/dss_lio_sam/srv/detail/save_map__type_support.h
[0.182s] -- Up-to-date: /home/tukorea/ros2_ws/install/dss_lio_sam/include/dss_lio_sam/dss_lio_sam/srv/detail/save_map__struct.h
[0.182s] -- Up-to-date: /home/tukorea/ros2_ws/install/dss_lio_sam/include/dss_lio_sam/dss_lio_sam/msg
[0.182s] -- Up-to-date: /home/tukorea/ros2_ws/install/dss_lio_sam/include/dss_lio_sam/dss_lio_sam/msg/rosidl_generator_c__visibility_control.h
[0.182s] -- Up-to-date: /home/tukorea/ros2_ws/install/dss_lio_sam/include/dss_lio_sam/dss_lio_sam/msg/detail
[0.182s] -- Up-to-date: /home/tukorea/ros2_ws/install/dss_lio_sam/include/dss_lio_sam/dss_lio_sam/msg/detail/cloud_info__functions.h
[0.182s] -- Up-to-date: /home/tukorea/ros2_ws/install/dss_lio_sam/include/dss_lio_sam/dss_lio_sam/msg/detail/cloud_info__type_support.h
[0.182s] -- Up-to-date: /home/tukorea/ros2_ws/install/dss_lio_sam/include/dss_lio_sam/dss_lio_sam/msg/detail/cloud_info__functions.c
[0.182s] -- Up-to-date: /home/tukorea/ros2_ws/install/dss_lio_sam/include/dss_lio_sam/dss_lio_sam/msg/detail/cloud_info__struct.h
[0.182s] -- Up-to-date: /home/tukorea/ros2_ws/install/dss_lio_sam/include/dss_lio_sam/dss_lio_sam/msg/cloud_info.h
[0.183s] -- Up-to-date: /home/tukorea/ros2_ws/install/dss_lio_sam/share/dss_lio_sam/environment/library_path.sh
[0.183s] -- Up-to-date: /home/tukorea/ros2_ws/install/dss_lio_sam/share/dss_lio_sam/environment/library_path.dsv
[0.183s] -- Up-to-date: /home/tukorea/ros2_ws/install/dss_lio_sam/lib/libdss_lio_sam__rosidl_generator_c.so
[0.183s] -- Up-to-date: /home/tukorea/ros2_ws/install/dss_lio_sam/include/dss_lio_sam/dss_lio_sam
[0.183s] -- Up-to-date: /home/tukorea/ros2_ws/install/dss_lio_sam/include/dss_lio_sam/dss_lio_sam/srv
[0.183s] -- Up-to-date: /home/tukorea/ros2_ws/install/dss_lio_sam/include/dss_lio_sam/dss_lio_sam/srv/detail
[0.183s] -- Up-to-date: /home/tukorea/ros2_ws/install/dss_lio_sam/include/dss_lio_sam/dss_lio_sam/srv/detail/save_map__rosidl_typesupport_fastrtps_c.h
[0.183s] -- Up-to-date: /home/tukorea/ros2_ws/install/dss_lio_sam/include/dss_lio_sam/dss_lio_sam/msg
[0.183s] -- Up-to-date: /home/tukorea/ros2_ws/install/dss_lio_sam/include/dss_lio_sam/dss_lio_sam/msg/rosidl_typesupport_fastrtps_c__visibility_control.h
[0.183s] -- Up-to-date: /home/tukorea/ros2_ws/install/dss_lio_sam/include/dss_lio_sam/dss_lio_sam/msg/detail
[0.183s] -- Up-to-date: /home/tukorea/ros2_ws/install/dss_lio_sam/include/dss_lio_sam/dss_lio_sam/msg/detail/cloud_info__rosidl_typesupport_fastrtps_c.h
[0.183s] -- Up-to-date: /home/tukorea/ros2_ws/install/dss_lio_sam/lib/libdss_lio_sam__rosidl_typesupport_fastrtps_c.so
[0.183s] -- Up-to-date: /home/tukorea/ros2_ws/install/dss_lio_sam/include/dss_lio_sam/dss_lio_sam
[0.183s] -- Up-to-date: /home/tukorea/ros2_ws/install/dss_lio_sam/include/dss_lio_sam/dss_lio_sam/srv
[0.183s] -- Up-to-date: /home/tukorea/ros2_ws/install/dss_lio_sam/include/dss_lio_sam/dss_lio_sam/srv/detail
[0.183s] -- Up-to-date: /home/tukorea/ros2_ws/install/dss_lio_sam/include/dss_lio_sam/dss_lio_sam/srv/detail/save_map__rosidl_typesupport_introspection_c.h
[0.183s] -- Up-to-date: /home/tukorea/ros2_ws/install/dss_lio_sam/include/dss_lio_sam/dss_lio_sam/srv/detail/save_map__type_support.c
[0.183s] -- Up-to-date: /home/tukorea/ros2_ws/install/dss_lio_sam/include/dss_lio_sam/dss_lio_sam/msg
[0.183s] -- Up-to-date: /home/tukorea/ros2_ws/install/dss_lio_sam/include/dss_lio_sam/dss_lio_sam/msg/detail
[0.183s] -- Up-to-date: /home/tukorea/ros2_ws/install/dss_lio_sam/include/dss_lio_sam/dss_lio_sam/msg/detail/cloud_info__rosidl_typesupport_introspection_c.h
[0.183s] -- Up-to-date: /home/tukorea/ros2_ws/install/dss_lio_sam/include/dss_lio_sam/dss_lio_sam/msg/detail/cloud_info__type_support.c
[0.183s] -- Up-to-date: /home/tukorea/ros2_ws/install/dss_lio_sam/include/dss_lio_sam/dss_lio_sam/msg/rosidl_typesupport_introspection_c__visibility_control.h
[0.183s] -- Up-to-date: /home/tukorea/ros2_ws/install/dss_lio_sam/lib/libdss_lio_sam__rosidl_typesupport_introspection_c.so
[0.183s] -- Up-to-date: /home/tukorea/ros2_ws/install/dss_lio_sam/lib/libdss_lio_sam__rosidl_typesupport_c.so
[0.183s] -- Up-to-date: /home/tukorea/ros2_ws/install/dss_lio_sam/include/dss_lio_sam/dss_lio_sam
[0.183s] -- Up-to-date: /home/tukorea/ros2_ws/install/dss_lio_sam/include/dss_lio_sam/dss_lio_sam/srv
[0.183s] -- Up-to-date: /home/tukorea/ros2_ws/install/dss_lio_sam/include/dss_lio_sam/dss_lio_sam/srv/detail
[0.183s] -- Up-to-date: /home/tukorea/ros2_ws/install/dss_lio_sam/include/dss_lio_sam/dss_lio_sam/srv/detail/save_map__struct.hpp
[0.184s] -- Up-to-date: /home/tukorea/ros2_ws/install/dss_lio_sam/include/dss_lio_sam/dss_lio_sam/srv/detail/save_map__traits.hpp
[0.184s] -- Up-to-date: /home/tukorea/ros2_ws/install/dss_lio_sam/include/dss_lio_sam/dss_lio_sam/srv/detail/save_map__type_support.hpp
[0.184s] -- Up-to-date: /home/tukorea/ros2_ws/install/dss_lio_sam/include/dss_lio_sam/dss_lio_sam/srv/detail/save_map__builder.hpp
[0.184s] -- Up-to-date: /home/tukorea/ros2_ws/install/dss_lio_sam/include/dss_lio_sam/dss_lio_sam/srv/save_map.hpp
[0.184s] -- Up-to-date: /home/tukorea/ros2_ws/install/dss_lio_sam/include/dss_lio_sam/dss_lio_sam/msg
[0.184s] -- Up-to-date: /home/tukorea/ros2_ws/install/dss_lio_sam/include/dss_lio_sam/dss_lio_sam/msg/rosidl_generator_cpp__visibility_control.hpp
[0.184s] -- Up-to-date: /home/tukorea/ros2_ws/install/dss_lio_sam/include/dss_lio_sam/dss_lio_sam/msg/detail
[0.184s] -- Up-to-date: /home/tukorea/ros2_ws/install/dss_lio_sam/include/dss_lio_sam/dss_lio_sam/msg/detail/cloud_info__struct.hpp
[0.184s] -- Up-to-date: /home/tukorea/ros2_ws/install/dss_lio_sam/include/dss_lio_sam/dss_lio_sam/msg/detail/cloud_info__builder.hpp
[0.184s] -- Up-to-date: /home/tukorea/ros2_ws/install/dss_lio_sam/include/dss_lio_sam/dss_lio_sam/msg/detail/cloud_info__traits.hpp
[0.184s] -- Up-to-date: /home/tukorea/ros2_ws/install/dss_lio_sam/include/dss_lio_sam/dss_lio_sam/msg/detail/cloud_info__type_support.hpp
[0.184s] -- Up-to-date: /home/tukorea/ros2_ws/install/dss_lio_sam/include/dss_lio_sam/dss_lio_sam/msg/cloud_info.hpp
[0.184s] -- Up-to-date: /home/tukorea/ros2_ws/install/dss_lio_sam/include/dss_lio_sam/dss_lio_sam
[0.184s] -- Up-to-date: /home/tukorea/ros2_ws/install/dss_lio_sam/include/dss_lio_sam/dss_lio_sam/srv
[0.184s] -- Up-to-date: /home/tukorea/ros2_ws/install/dss_lio_sam/include/dss_lio_sam/dss_lio_sam/srv/detail
[0.184s] -- Up-to-date: /home/tukorea/ros2_ws/install/dss_lio_sam/include/dss_lio_sam/dss_lio_sam/srv/detail/save_map__rosidl_typesupport_fastrtps_cpp.hpp
[0.184s] -- Up-to-date: /home/tukorea/ros2_ws/install/dss_lio_sam/include/dss_lio_sam/dss_lio_sam/srv/detail/dds_fastrtps
[0.184s] -- Up-to-date: /home/tukorea/ros2_ws/install/dss_lio_sam/include/dss_lio_sam/dss_lio_sam/msg
[0.184s] -- Up-to-date: /home/tukorea/ros2_ws/install/dss_lio_sam/include/dss_lio_sam/dss_lio_sam/msg/detail
[0.184s] -- Up-to-date: /home/tukorea/ros2_ws/install/dss_lio_sam/include/dss_lio_sam/dss_lio_sam/msg/detail/cloud_info__rosidl_typesupport_fastrtps_cpp.hpp
[0.184s] -- Up-to-date: /home/tukorea/ros2_ws/install/dss_lio_sam/include/dss_lio_sam/dss_lio_sam/msg/detail/dds_fastrtps
[0.184s] -- Up-to-date: /home/tukorea/ros2_ws/install/dss_lio_sam/include/dss_lio_sam/dss_lio_sam/msg/rosidl_typesupport_fastrtps_cpp__visibility_control.h
[0.184s] -- Up-to-date: /home/tukorea/ros2_ws/install/dss_lio_sam/lib/libdss_lio_sam__rosidl_typesupport_fastrtps_cpp.so
[0.184s] -- Up-to-date: /home/tukorea/ros2_ws/install/dss_lio_sam/include/dss_lio_sam/dss_lio_sam
[0.184s] -- Up-to-date: /home/tukorea/ros2_ws/install/dss_lio_sam/include/dss_lio_sam/dss_lio_sam/srv
[0.184s] -- Up-to-date: /home/tukorea/ros2_ws/install/dss_lio_sam/include/dss_lio_sam/dss_lio_sam/srv/detail
[0.184s] -- Up-to-date: /home/tukorea/ros2_ws/install/dss_lio_sam/include/dss_lio_sam/dss_lio_sam/srv/detail/save_map__type_support.cpp
[0.184s] -- Up-to-date: /home/tukorea/ros2_ws/install/dss_lio_sam/include/dss_lio_sam/dss_lio_sam/srv/detail/save_map__rosidl_typesupport_introspection_cpp.hpp
[0.184s] -- Up-to-date: /home/tukorea/ros2_ws/install/dss_lio_sam/include/dss_lio_sam/dss_lio_sam/msg
[0.184s] -- Up-to-date: /home/tukorea/ros2_ws/install/dss_lio_sam/include/dss_lio_sam/dss_lio_sam/msg/detail
[0.184s] -- Up-to-date: /home/tukorea/ros2_ws/install/dss_lio_sam/include/dss_lio_sam/dss_lio_sam/msg/detail/cloud_info__type_support.cpp
[0.184s] -- Up-to-date: /home/tukorea/ros2_ws/install/dss_lio_sam/include/dss_lio_sam/dss_lio_sam/msg/detail/cloud_info__rosidl_typesupport_introspection_cpp.hpp
[0.184s] -- Up-to-date: /home/tukorea/ros2_ws/install/dss_lio_sam/lib/libdss_lio_sam__rosidl_typesupport_introspection_cpp.so
[0.184s] -- Up-to-date: /home/tukorea/ros2_ws/install/dss_lio_sam/lib/libdss_lio_sam__rosidl_typesupport_cpp.so
[0.184s] -- Up-to-date: /home/tukorea/ros2_ws/install/dss_lio_sam/share/dss_lio_sam/environment/pythonpath.sh
[0.184s] -- Up-to-date: /home/tukorea/ros2_ws/install/dss_lio_sam/share/dss_lio_sam/environment/pythonpath.dsv
[0.184s] -- Up-to-date: /home/tukorea/ros2_ws/install/dss_lio_sam/local/lib/python3.10/dist-packages/dss_lio_sam-1.0.0-py3.10.egg-info
[0.184s] -- Installing: /home/tukorea/ros2_ws/install/dss_lio_sam/local/lib/python3.10/dist-packages/dss_lio_sam-1.0.0-py3.10.egg-info/SOURCES.txt
[0.184s] -- Installing: /home/tukorea/ros2_ws/install/dss_lio_sam/local/lib/python3.10/dist-packages/dss_lio_sam-1.0.0-py3.10.egg-info/PKG-INFO
[0.184s] -- Installing: /home/tukorea/ros2_ws/install/dss_lio_sam/local/lib/python3.10/dist-packages/dss_lio_sam-1.0.0-py3.10.egg-info/dependency_links.txt
[0.185s] -- Installing: /home/tukorea/ros2_ws/install/dss_lio_sam/local/lib/python3.10/dist-packages/dss_lio_sam-1.0.0-py3.10.egg-info/top_level.txt
[0.185s] -- Up-to-date: /home/tukorea/ros2_ws/install/dss_lio_sam/local/lib/python3.10/dist-packages/dss_lio_sam
[0.185s] -- Up-to-date: /home/tukorea/ros2_ws/install/dss_lio_sam/local/lib/python3.10/dist-packages/dss_lio_sam/_dss_lio_sam_s.ep.rosidl_typesupport_c.c
[0.185s] -- Up-to-date: /home/tukorea/ros2_ws/install/dss_lio_sam/local/lib/python3.10/dist-packages/dss_lio_sam/libdss_lio_sam__rosidl_generator_py.so
[0.185s] -- Up-to-date: /home/tukorea/ros2_ws/install/dss_lio_sam/local/lib/python3.10/dist-packages/dss_lio_sam/srv
[0.185s] -- Up-to-date: /home/tukorea/ros2_ws/install/dss_lio_sam/local/lib/python3.10/dist-packages/dss_lio_sam/srv/_save_map_s.c
[0.185s] -- Up-to-date: /home/tukorea/ros2_ws/install/dss_lio_sam/local/lib/python3.10/dist-packages/dss_lio_sam/srv/_save_map.py
[0.185s] -- Up-to-date: /home/tukorea/ros2_ws/install/dss_lio_sam/local/lib/python3.10/dist-packages/dss_lio_sam/srv/__init__.py
[0.185s] -- Up-to-date: /home/tukorea/ros2_ws/install/dss_lio_sam/local/lib/python3.10/dist-packages/dss_lio_sam/dss_lio_sam_s__rosidl_typesupport_c.cpython-310-x86_64-linux-gnu.so
[0.185s] -- Up-to-date: /home/tukorea/ros2_ws/install/dss_lio_sam/local/lib/python3.10/dist-packages/dss_lio_sam/msg
[0.185s] -- Up-to-date: /home/tukorea/ros2_ws/install/dss_lio_sam/local/lib/python3.10/dist-packages/dss_lio_sam/msg/_cloud_info.py
[0.185s] -- Up-to-date: /home/tukorea/ros2_ws/install/dss_lio_sam/local/lib/python3.10/dist-packages/dss_lio_sam/msg/__init__.py
[0.185s] -- Up-to-date: /home/tukorea/ros2_ws/install/dss_lio_sam/local/lib/python3.10/dist-packages/dss_lio_sam/msg/_cloud_info_s.c
[0.185s] -- Up-to-date: /home/tukorea/ros2_ws/install/dss_lio_sam/local/lib/python3.10/dist-packages/dss_lio_sam/_dss_lio_sam_s.ep.rosidl_typesupport_introspection_c.c
[0.185s] -- Up-to-date: /home/tukorea/ros2_ws/install/dss_lio_sam/local/lib/python3.10/dist-packages/dss_lio_sam/dss_lio_sam_s__rosidl_typesupport_fastrtps_c.cpython-310-x86_64-linux-gnu.so
[0.185s] -- Up-to-date: /home/tukorea/ros2_ws/install/dss_lio_sam/local/lib/python3.10/dist-packages/dss_lio_sam/__init__.py
[0.185s] -- Up-to-date: /home/tukorea/ros2_ws/install/dss_lio_sam/local/lib/python3.10/dist-packages/dss_lio_sam/dss_lio_sam_s__rosidl_typesupport_introspection_c.cpython-310-x86_64-linux-gnu.so
[0.185s] -- Up-to-date: /home/tukorea/ros2_ws/install/dss_lio_sam/local/lib/python3.10/dist-packages/dss_lio_sam/_dss_lio_sam_s.ep.rosidl_typesupport_fastrtps_c.c
[0.200s] Listing '/home/tukorea/ros2_ws/install/dss_lio_sam/local/lib/python3.10/dist-packages/dss_lio_sam'...
[0.200s] Listing '/home/tukorea/ros2_ws/install/dss_lio_sam/local/lib/python3.10/dist-packages/dss_lio_sam/msg'...
[0.200s] Listing '/home/tukorea/ros2_ws/install/dss_lio_sam/local/lib/python3.10/dist-packages/dss_lio_sam/srv'...
[0.202s] -- Up-to-date: /home/tukorea/ros2_ws/install/dss_lio_sam/local/lib/python3.10/dist-packages/dss_lio_sam/dss_lio_sam_s__rosidl_typesupport_fastrtps_c.cpython-310-x86_64-linux-gnu.so
[0.202s] -- Up-to-date: /home/tukorea/ros2_ws/install/dss_lio_sam/local/lib/python3.10/dist-packages/dss_lio_sam/dss_lio_sam_s__rosidl_typesupport_introspection_c.cpython-310-x86_64-linux-gnu.so
[0.202s] -- Up-to-date: /home/tukorea/ros2_ws/install/dss_lio_sam/local/lib/python3.10/dist-packages/dss_lio_sam/dss_lio_sam_s__rosidl_typesupport_c.cpython-310-x86_64-linux-gnu.so
[0.202s] -- Up-to-date: /home/tukorea/ros2_ws/install/dss_lio_sam/lib/libdss_lio_sam__rosidl_generator_py.so
[0.202s] -- Up-to-date: /home/tukorea/ros2_ws/install/dss_lio_sam/share/dss_lio_sam/msg/CloudInfo.idl
[0.203s] -- Up-to-date: /home/tukorea/ros2_ws/install/dss_lio_sam/share/dss_lio_sam/srv/SaveMap.idl
[0.203s] -- Up-to-date: /home/tukorea/ros2_ws/install/dss_lio_sam/share/dss_lio_sam/msg/CloudInfo.msg
[0.203s] -- Up-to-date: /home/tukorea/ros2_ws/install/dss_lio_sam/share/dss_lio_sam/srv/SaveMap.srv
[0.203s] -- Up-to-date: /home/tukorea/ros2_ws/install/dss_lio_sam/share/dss_lio_sam/srv/SaveMap_Request.msg
[0.203s] -- Up-to-date: /home/tukorea/ros2_ws/install/dss_lio_sam/share/dss_lio_sam/srv/SaveMap_Response.msg
[0.203s] -- Up-to-date: /home/tukorea/ros2_ws/install/dss_lio_sam/share/dss_lio_sam//launch
[0.203s] -- Up-to-date: /home/tukorea/ros2_ws/install/dss_lio_sam/share/dss_lio_sam//launch/__pycache__
[0.203s] -- Up-to-date: /home/tukorea/ros2_ws/install/dss_lio_sam/share/dss_lio_sam//launch/__pycache__/run_localization.launch.cpython-310.pyc:Zone.Identifier
[0.203s] -- Up-to-date: /home/tukorea/ros2_ws/install/dss_lio_sam/share/dss_lio_sam//launch/__pycache__/run_localization.launch.cpython-310.pyc
[0.203s] -- Up-to-date: /home/tukorea/ros2_ws/install/dss_lio_sam/share/dss_lio_sam//launch/__pycache__/run.launch.cpython-310.pyc:Zone.Identifier
[0.203s] -- Up-to-date: /home/tukorea/ros2_ws/install/dss_lio_sam/share/dss_lio_sam//launch/__pycache__/run.launch.cpython-310.pyc
[0.203s] -- Up-to-date: /home/tukorea/ros2_ws/install/dss_lio_sam/share/dss_lio_sam//launch/run.launch.py
[0.203s] -- Up-to-date: /home/tukorea/ros2_ws/install/dss_lio_sam/share/dss_lio_sam//launch/run.launch.py:Zone.Identifier
[0.203s] -- Up-to-date: /home/tukorea/ros2_ws/install/dss_lio_sam/share/dss_lio_sam//launch/run_localization.launch.py:Zone.Identifier
[0.203s] -- Up-to-date: /home/tukorea/ros2_ws/install/dss_lio_sam/share/dss_lio_sam//launch/run_localization.launch.py
[0.203s] -- Up-to-date: /home/tukorea/ros2_ws/install/dss_lio_sam/share/dss_lio_sam//config
[0.203s] -- Up-to-date: /home/tukorea/ros2_ws/install/dss_lio_sam/share/dss_lio_sam//config/params.yaml
[0.203s] -- Up-to-date: /home/tukorea/ros2_ws/install/dss_lio_sam/share/dss_lio_sam//config/params_localization.yaml
[0.203s] -- Up-to-date: /home/tukorea/ros2_ws/install/dss_lio_sam/share/dss_lio_sam//config/params.yaml:Zone.Identifier
[0.203s] -- Up-to-date: /home/tukorea/ros2_ws/install/dss_lio_sam/share/dss_lio_sam//config/rviz2.rviz
[0.203s] -- Up-to-date: /home/tukorea/ros2_ws/install/dss_lio_sam/share/dss_lio_sam//config/rviz2.rviz:Zone.Identifier
[0.203s] -- Up-to-date: /home/tukorea/ros2_ws/install/dss_lio_sam/share/dss_lio_sam//config/params_localization.yaml:Zone.Identifier
[0.203s] -- Up-to-date: /home/tukorea/ros2_ws/install/dss_lio_sam/share/dss_lio_sam//config/dss_lio_sam.rviz:Zone.Identifier
[0.203s] -- Up-to-date: /home/tukorea/ros2_ws/install/dss_lio_sam/share/dss_lio_sam//config/robot.urdf.xacro
[0.203s] -- Up-to-date: /home/tukorea/ros2_ws/install/dss_lio_sam/share/dss_lio_sam//config/dss_lio_sam.rviz
[0.203s] -- Up-to-date: /home/tukorea/ros2_ws/install/dss_lio_sam/share/dss_lio_sam//config/robot.urdf.xacro:Zone.Identifier
[0.203s] -- Up-to-date: /home/tukorea/ros2_ws/install/dss_lio_sam/lib/dss_lio_sam/dss_lio_sam_imageProjection
[0.203s] -- Up-to-date: /home/tukorea/ros2_ws/install/dss_lio_sam/lib/dss_lio_sam/dss_lio_sam_imuPreintegration
[0.203s] -- Up-to-date: /home/tukorea/ros2_ws/install/dss_lio_sam/lib/dss_lio_sam/dss_lio_sam_featureExtraction
[0.203s] -- Up-to-date: /home/tukorea/ros2_ws/install/dss_lio_sam/lib/dss_lio_sam/dss_lio_sam_mapOptimization
[0.203s] -- Up-to-date: /home/tukorea/ros2_ws/install/dss_lio_sam/include
[0.203s] -- Up-to-date: /home/tukorea/ros2_ws/install/dss_lio_sam/include/dss_lio_sam
[0.204s] -- Up-to-date: /home/tukorea/ros2_ws/install/dss_lio_sam/include/dss_lio_sam/utility.hpp
[0.204s] -- Up-to-date: /home/tukorea/ros2_ws/install/dss_lio_sam/include/dss_lio_sam/utility.hpp:Zone.Identifier
[0.204s] -- Up-to-date: /home/tukorea/ros2_ws/install/dss_lio_sam/share/ament_index/resource_index/package_run_dependencies/dss_lio_sam
[0.204s] -- Up-to-date: /home/tukorea/ros2_ws/install/dss_lio_sam/share/ament_index/resource_index/parent_prefix_path/dss_lio_sam
[0.204s] -- Up-to-date: /home/tukorea/ros2_ws/install/dss_lio_sam/share/dss_lio_sam/environment/ament_prefix_path.sh
[0.204s] -- Up-to-date: /home/tukorea/ros2_ws/install/dss_lio_sam/share/dss_lio_sam/environment/ament_prefix_path.dsv
[0.204s] -- Up-to-date: /home/tukorea/ros2_ws/install/dss_lio_sam/share/dss_lio_sam/environment/path.sh
[0.204s] -- Up-to-date: /home/tukorea/ros2_ws/install/dss_lio_sam/share/dss_lio_sam/environment/path.dsv
[0.204s] -- Up-to-date: /home/tukorea/ros2_ws/install/dss_lio_sam/share/dss_lio_sam/local_setup.bash
[0.204s] -- Up-to-date: /home/tukorea/ros2_ws/install/dss_lio_sam/share/dss_lio_sam/local_setup.sh
[0.204s] -- Up-to-date: /home/tukorea/ros2_ws/install/dss_lio_sam/share/dss_lio_sam/local_setup.zsh
[0.204s] -- Up-to-date: /home/tukorea/ros2_ws/install/dss_lio_sam/share/dss_lio_sam/local_setup.dsv
[0.204s] -- Installing: /home/tukorea/ros2_ws/install/dss_lio_sam/share/dss_lio_sam/package.dsv
[0.204s] -- Up-to-date: /home/tukorea/ros2_ws/install/dss_lio_sam/share/ament_index/resource_index/packages/dss_lio_sam
[0.204s] -- Up-to-date: /home/tukorea/ros2_ws/install/dss_lio_sam/share/dss_lio_sam/cmake/export_dss_lio_sam__rosidl_generator_cExport.cmake
[0.204s] -- Up-to-date: /home/tukorea/ros2_ws/install/dss_lio_sam/share/dss_lio_sam/cmake/export_dss_lio_sam__rosidl_generator_cExport-release.cmake
[0.204s] -- Up-to-date: /home/tukorea/ros2_ws/install/dss_lio_sam/share/dss_lio_sam/cmake/export_dss_lio_sam__rosidl_typesupport_fastrtps_cExport.cmake
[0.204s] -- Up-to-date: /home/tukorea/ros2_ws/install/dss_lio_sam/share/dss_lio_sam/cmake/export_dss_lio_sam__rosidl_typesupport_fastrtps_cExport-release.cmake
[0.205s] -- Up-to-date: /home/tukorea/ros2_ws/install/dss_lio_sam/share/dss_lio_sam/cmake/dss_lio_sam__rosidl_typesupport_introspection_cExport.cmake
[0.205s] -- Up-to-date: /home/tukorea/ros2_ws/install/dss_lio_sam/share/dss_lio_sam/cmake/dss_lio_sam__rosidl_typesupport_introspection_cExport-release.cmake
[0.205s] -- Up-to-date: /home/tukorea/ros2_ws/install/dss_lio_sam/share/dss_lio_sam/cmake/dss_lio_sam__rosidl_typesupport_cExport.cmake
[0.205s] -- Up-to-date: /home/tukorea/ros2_ws/install/dss_lio_sam/share/dss_lio_sam/cmake/dss_lio_sam__rosidl_typesupport_cExport-release.cmake
[0.205s] -- Up-to-date: /home/tukorea/ros2_ws/install/dss_lio_sam/share/dss_lio_sam/cmake/export_dss_lio_sam__rosidl_generator_cppExport.cmake
[0.205s] -- Up-to-date: /home/tukorea/ros2_ws/install/dss_lio_sam/share/dss_lio_sam/cmake/export_dss_lio_sam__rosidl_typesupport_fastrtps_cppExport.cmake
[0.205s] -- Up-to-date: /home/tukorea/ros2_ws/install/dss_lio_sam/share/dss_lio_sam/cmake/export_dss_lio_sam__rosidl_typesupport_fastrtps_cppExport-release.cmake
[0.205s] -- Up-to-date: /home/tukorea/ros2_ws/install/dss_lio_sam/share/dss_lio_sam/cmake/dss_lio_sam__rosidl_typesupport_introspection_cppExport.cmake
[0.205s] -- Up-to-date: /home/tukorea/ros2_ws/install/dss_lio_sam/share/dss_lio_sam/cmake/dss_lio_sam__rosidl_typesupport_introspection_cppExport-release.cmake
[0.205s] -- Up-to-date: /home/tukorea/ros2_ws/install/dss_lio_sam/share/dss_lio_sam/cmake/dss_lio_sam__rosidl_typesupport_cppExport.cmake
[0.205s] -- Up-to-date: /home/tukorea/ros2_ws/install/dss_lio_sam/share/dss_lio_sam/cmake/dss_lio_sam__rosidl_typesupport_cppExport-release.cmake
[0.205s] -- Up-to-date: /home/tukorea/ros2_ws/install/dss_lio_sam/share/dss_lio_sam/cmake/export_dss_lio_sam__rosidl_generator_pyExport.cmake
[0.205s] -- Up-to-date: /home/tukorea/ros2_ws/install/dss_lio_sam/share/dss_lio_sam/cmake/export_dss_lio_sam__rosidl_generator_pyExport-release.cmake
[0.205s] -- Up-to-date: /home/tukorea/ros2_ws/install/dss_lio_sam/share/dss_lio_sam/cmake/rosidl_cmake-extras.cmake
[0.205s] -- Up-to-date: /home/tukorea/ros2_ws/install/dss_lio_sam/share/dss_lio_sam/cmake/ament_cmake_export_dependencies-extras.cmake
[0.205s] -- Up-to-date: /home/tukorea/ros2_ws/install/dss_lio_sam/share/dss_lio_sam/cmake/ament_cmake_export_include_directories-extras.cmake
[0.205s] -- Up-to-date: /home/tukorea/ros2_ws/install/dss_lio_sam/share/dss_lio_sam/cmake/ament_cmake_export_libraries-extras.cmake
[0.205s] -- Up-to-date: /home/tukorea/ros2_ws/install/dss_lio_sam/share/dss_lio_sam/cmake/ament_cmake_export_targets-extras.cmake
[0.205s] -- Up-to-date: /home/tukorea/ros2_ws/install/dss_lio_sam/share/dss_lio_sam/cmake/rosidl_cmake_export_typesupport_targets-extras.cmake
[0.205s] -- Up-to-date: /home/tukorea/ros2_ws/install/dss_lio_sam/share/dss_lio_sam/cmake/rosidl_cmake_export_typesupport_libraries-extras.cmake
[0.205s] -- Up-to-date: /home/tukorea/ros2_ws/install/dss_lio_sam/share/dss_lio_sam/cmake/dss_lio_samConfig.cmake
[0.205s] -- Up-to-date: /home/tukorea/ros2_ws/install/dss_lio_sam/share/dss_lio_sam/cmake/dss_lio_samConfig-version.cmake
[0.205s] -- Up-to-date: /home/tukorea/ros2_ws/install/dss_lio_sam/share/dss_lio_sam/package.xml
[0.206s] Invoked command in '/home/tukorea/ros2_ws/build/dss_lio_sam' returned '0': CMAKE_PREFIX_PATH=${CMAKE_PREFIX_PATH}:/home/tukorea/ros2_ws/install/slam_launch_manager:/home/tukorea/ros2_ws/install/bag_replay_tool_ros2:/opt/ros/humble /usr/bin/cmake --install /home/tukorea/ros2_ws/build/dss_lio_sam
