[0.070s] DEBUG:colcon:Command line arguments: ['/usr/bin/colcon', 'build']
[0.070s] DEBUG:colcon:Parsed command line arguments: Namespace(log_base=None, log_level=None, verb_name='build', build_base='build', install_base='install', merge_install=False, symlink_install=False, test_result_base=None, continue_on_error=False, executor='parallel', parallel_workers=20, event_handlers=None, ignore_user_meta=False, metas=['./colcon.meta'], base_paths=['.'], packages_ignore=None, packages_ignore_regex=None, paths=None, packages_up_to=None, packages_up_to_regex=None, packages_above=None, packages_above_and_dependencies=None, packages_above_depth=None, packages_select_by_dep=None, packages_skip_by_dep=None, packages_skip_up_to=None, packages_select_build_failed=False, packages_skip_build_finished=False, packages_select_test_failures=False, packages_skip_test_passed=False, packages_select=None, packages_skip=None, packages_select_regex=None, packages_skip_regex=None, packages_start=None, packages_end=None, allow_overriding=[], cmake_args=None, cmake_target=None, cmake_target_skip_unavailable=False, cmake_clean_cache=False, cmake_clean_first=False, cmake_force_configure=False, ament_cmake_args=None, catkin_cmake_args=None, catkin_skip_building_tests=False, verb_parser=<colcon_defaults.argument_parser.defaults.DefaultArgumentsDecorator object at 0x7b86bc1aaf80>, verb_extension=<colcon_core.verb.build.BuildVerb object at 0x7b86bc36c400>, main=<bound method BuildVerb.main of <colcon_core.verb.build.BuildVerb object at 0x7b86bc36c400>>)
[0.137s] Level 1:colcon.colcon_core.package_discovery:discover_packages(colcon_meta) check parameters
[0.137s] Level 1:colcon.colcon_core.package_discovery:discover_packages(recursive) check parameters
[0.137s] Level 1:colcon.colcon_core.package_discovery:discover_packages(ignore) check parameters
[0.137s] Level 1:colcon.colcon_core.package_discovery:discover_packages(path) check parameters
[0.137s] Level 1:colcon.colcon_core.package_discovery:discover_packages(colcon_meta) discover
[0.137s] Level 1:colcon.colcon_core.package_discovery:discover_packages(recursive) discover
[0.137s] INFO:colcon.colcon_core.package_discovery:Crawling recursively for packages in '/home/tukorea/ros2_ws'
[0.137s] Level 1:colcon.colcon_core.package_identification:_identify(.) by extensions ['ignore', 'ignore_ament_install']
[0.137s] Level 1:colcon.colcon_core.package_identification:_identify(.) by extension 'ignore'
[0.137s] Level 1:colcon.colcon_core.package_identification:_identify(.) by extension 'ignore_ament_install'
[0.137s] Level 1:colcon.colcon_core.package_identification:_identify(.) by extensions ['colcon_pkg']
[0.137s] Level 1:colcon.colcon_core.package_identification:_identify(.) by extension 'colcon_pkg'
[0.137s] Level 1:colcon.colcon_core.package_identification:_identify(.) by extensions ['colcon_meta']
[0.137s] Level 1:colcon.colcon_core.package_identification:_identify(.) by extension 'colcon_meta'
[0.137s] Level 1:colcon.colcon_core.package_identification:_identify(.) by extensions ['ros']
[0.137s] Level 1:colcon.colcon_core.package_identification:_identify(.) by extension 'ros'
[0.142s] Level 1:colcon.colcon_core.package_identification:_identify(.) by extensions ['cmake', 'python']
[0.142s] Level 1:colcon.colcon_core.package_identification:_identify(.) by extension 'cmake'
[0.143s] Level 1:colcon.colcon_core.package_identification:_identify(.) by extension 'python'
[0.143s] Level 1:colcon.colcon_core.package_identification:_identify(.) by extensions ['python_setup_py']
[0.143s] Level 1:colcon.colcon_core.package_identification:_identify(.) by extension 'python_setup_py'
[0.143s] Level 1:colcon.colcon_core.package_identification:_identify(build) by extensions ['ignore', 'ignore_ament_install']
[0.143s] Level 1:colcon.colcon_core.package_identification:_identify(build) by extension 'ignore'
[0.143s] Level 1:colcon.colcon_core.package_identification:_identify(build) ignored
[0.143s] Level 1:colcon.colcon_core.package_identification:_identify(install) by extensions ['ignore', 'ignore_ament_install']
[0.143s] Level 1:colcon.colcon_core.package_identification:_identify(install) by extension 'ignore'
[0.143s] Level 1:colcon.colcon_core.package_identification:_identify(install) ignored
[0.143s] Level 1:colcon.colcon_core.package_identification:_identify(log) by extensions ['ignore', 'ignore_ament_install']
[0.143s] Level 1:colcon.colcon_core.package_identification:_identify(log) by extension 'ignore'
[0.143s] Level 1:colcon.colcon_core.package_identification:_identify(log) ignored
[0.143s] Level 1:colcon.colcon_core.package_identification:_identify(rosbag) by extensions ['ignore', 'ignore_ament_install']
[0.143s] Level 1:colcon.colcon_core.package_identification:_identify(rosbag) by extension 'ignore'
[0.143s] Level 1:colcon.colcon_core.package_identification:_identify(rosbag) by extension 'ignore_ament_install'
[0.143s] Level 1:colcon.colcon_core.package_identification:_identify(rosbag) by extensions ['colcon_pkg']
[0.143s] Level 1:colcon.colcon_core.package_identification:_identify(rosbag) by extension 'colcon_pkg'
[0.143s] Level 1:colcon.colcon_core.package_identification:_identify(rosbag) by extensions ['colcon_meta']
[0.143s] Level 1:colcon.colcon_core.package_identification:_identify(rosbag) by extension 'colcon_meta'
[0.143s] Level 1:colcon.colcon_core.package_identification:_identify(rosbag) by extensions ['ros']
[0.143s] Level 1:colcon.colcon_core.package_identification:_identify(rosbag) by extension 'ros'
[0.143s] Level 1:colcon.colcon_core.package_identification:_identify(rosbag) by extensions ['cmake', 'python']
[0.143s] Level 1:colcon.colcon_core.package_identification:_identify(rosbag) by extension 'cmake'
[0.143s] Level 1:colcon.colcon_core.package_identification:_identify(rosbag) by extension 'python'
[0.143s] Level 1:colcon.colcon_core.package_identification:_identify(rosbag) by extensions ['python_setup_py']
[0.143s] Level 1:colcon.colcon_core.package_identification:_identify(rosbag) by extension 'python_setup_py'
[0.143s] Level 1:colcon.colcon_core.package_identification:_identify(rosbag/rosbag2_2025_12_05-14_42_30) by extensions ['ignore', 'ignore_ament_install']
[0.143s] Level 1:colcon.colcon_core.package_identification:_identify(rosbag/rosbag2_2025_12_05-14_42_30) by extension 'ignore'
[0.143s] Level 1:colcon.colcon_core.package_identification:_identify(rosbag/rosbag2_2025_12_05-14_42_30) by extension 'ignore_ament_install'
[0.143s] Level 1:colcon.colcon_core.package_identification:_identify(rosbag/rosbag2_2025_12_05-14_42_30) by extensions ['colcon_pkg']
[0.143s] Level 1:colcon.colcon_core.package_identification:_identify(rosbag/rosbag2_2025_12_05-14_42_30) by extension 'colcon_pkg'
[0.143s] Level 1:colcon.colcon_core.package_identification:_identify(rosbag/rosbag2_2025_12_05-14_42_30) by extensions ['colcon_meta']
[0.143s] Level 1:colcon.colcon_core.package_identification:_identify(rosbag/rosbag2_2025_12_05-14_42_30) by extension 'colcon_meta'
[0.143s] Level 1:colcon.colcon_core.package_identification:_identify(rosbag/rosbag2_2025_12_05-14_42_30) by extensions ['ros']
[0.143s] Level 1:colcon.colcon_core.package_identification:_identify(rosbag/rosbag2_2025_12_05-14_42_30) by extension 'ros'
[0.143s] Level 1:colcon.colcon_core.package_identification:_identify(rosbag/rosbag2_2025_12_05-14_42_30) by extensions ['cmake', 'python']
[0.143s] Level 1:colcon.colcon_core.package_identification:_identify(rosbag/rosbag2_2025_12_05-14_42_30) by extension 'cmake'
[0.143s] Level 1:colcon.colcon_core.package_identification:_identify(rosbag/rosbag2_2025_12_05-14_42_30) by extension 'python'
[0.143s] Level 1:colcon.colcon_core.package_identification:_identify(rosbag/rosbag2_2025_12_05-14_42_30) by extensions ['python_setup_py']
[0.143s] Level 1:colcon.colcon_core.package_identification:_identify(rosbag/rosbag2_2025_12_05-14_42_30) by extension 'python_setup_py'
[0.143s] Level 1:colcon.colcon_core.package_identification:_identify(src) by extensions ['ignore', 'ignore_ament_install']
[0.143s] Level 1:colcon.colcon_core.package_identification:_identify(src) by extension 'ignore'
[0.144s] Level 1:colcon.colcon_core.package_identification:_identify(src) by extension 'ignore_ament_install'
[0.144s] Level 1:colcon.colcon_core.package_identification:_identify(src) by extensions ['colcon_pkg']
[0.144s] Level 1:colcon.colcon_core.package_identification:_identify(src) by extension 'colcon_pkg'
[0.144s] Level 1:colcon.colcon_core.package_identification:_identify(src) by extensions ['colcon_meta']
[0.144s] Level 1:colcon.colcon_core.package_identification:_identify(src) by extension 'colcon_meta'
[0.144s] Level 1:colcon.colcon_core.package_identification:_identify(src) by extensions ['ros']
[0.144s] Level 1:colcon.colcon_core.package_identification:_identify(src) by extension 'ros'
[0.144s] Level 1:colcon.colcon_core.package_identification:_identify(src) by extensions ['cmake', 'python']
[0.144s] Level 1:colcon.colcon_core.package_identification:_identify(src) by extension 'cmake'
[0.144s] Level 1:colcon.colcon_core.package_identification:_identify(src) by extension 'python'
[0.144s] Level 1:colcon.colcon_core.package_identification:_identify(src) by extensions ['python_setup_py']
[0.144s] Level 1:colcon.colcon_core.package_identification:_identify(src) by extension 'python_setup_py'
[0.144s] Level 1:colcon.colcon_core.package_identification:_identify(src/SLAM) by extensions ['ignore', 'ignore_ament_install']
[0.144s] Level 1:colcon.colcon_core.package_identification:_identify(src/SLAM) by extension 'ignore'
[0.144s] Level 1:colcon.colcon_core.package_identification:_identify(src/SLAM) by extension 'ignore_ament_install'
[0.144s] Level 1:colcon.colcon_core.package_identification:_identify(src/SLAM) by extensions ['colcon_pkg']
[0.144s] Level 1:colcon.colcon_core.package_identification:_identify(src/SLAM) by extension 'colcon_pkg'
[0.144s] Level 1:colcon.colcon_core.package_identification:_identify(src/SLAM) by extensions ['colcon_meta']
[0.144s] Level 1:colcon.colcon_core.package_identification:_identify(src/SLAM) by extension 'colcon_meta'
[0.144s] Level 1:colcon.colcon_core.package_identification:_identify(src/SLAM) by extensions ['ros']
[0.144s] Level 1:colcon.colcon_core.package_identification:_identify(src/SLAM) by extension 'ros'
[0.144s] Level 1:colcon.colcon_core.package_identification:_identify(src/SLAM) by extensions ['cmake', 'python']
[0.144s] Level 1:colcon.colcon_core.package_identification:_identify(src/SLAM) by extension 'cmake'
[0.144s] Level 1:colcon.colcon_core.package_identification:_identify(src/SLAM) by extension 'python'
[0.144s] Level 1:colcon.colcon_core.package_identification:_identify(src/SLAM) by extensions ['python_setup_py']
[0.144s] Level 1:colcon.colcon_core.package_identification:_identify(src/SLAM) by extension 'python_setup_py'
[0.144s] Level 1:colcon.colcon_core.package_identification:_identify(src/SLAM/LIO-SAM) by extensions ['ignore', 'ignore_ament_install']
[0.144s] Level 1:colcon.colcon_core.package_identification:_identify(src/SLAM/LIO-SAM) by extension 'ignore'
[0.144s] Level 1:colcon.colcon_core.package_identification:_identify(src/SLAM/LIO-SAM) by extension 'ignore_ament_install'
[0.144s] Level 1:colcon.colcon_core.package_identification:_identify(src/SLAM/LIO-SAM) by extensions ['colcon_pkg']
[0.144s] Level 1:colcon.colcon_core.package_identification:_identify(src/SLAM/LIO-SAM) by extension 'colcon_pkg'
[0.144s] Level 1:colcon.colcon_core.package_identification:_identify(src/SLAM/LIO-SAM) by extensions ['colcon_meta']
[0.144s] Level 1:colcon.colcon_core.package_identification:_identify(src/SLAM/LIO-SAM) by extension 'colcon_meta'
[0.144s] Level 1:colcon.colcon_core.package_identification:_identify(src/SLAM/LIO-SAM) by extensions ['ros']
[0.144s] Level 1:colcon.colcon_core.package_identification:_identify(src/SLAM/LIO-SAM) by extension 'ros'
[0.144s] Level 1:colcon.colcon_core.package_identification:_identify(src/SLAM/LIO-SAM) by extensions ['cmake', 'python']
[0.144s] Level 1:colcon.colcon_core.package_identification:_identify(src/SLAM/LIO-SAM) by extension 'cmake'
[0.144s] Level 1:colcon.colcon_core.package_identification:_identify(src/SLAM/LIO-SAM) by extension 'python'
[0.144s] Level 1:colcon.colcon_core.package_identification:_identify(src/SLAM/LIO-SAM) by extensions ['python_setup_py']
[0.144s] Level 1:colcon.colcon_core.package_identification:_identify(src/SLAM/LIO-SAM) by extension 'python_setup_py'
[0.144s] Level 1:colcon.colcon_core.package_identification:_identify(src/SLAM/LIO-SAM/dss_lio_sam) by extensions ['ignore', 'ignore_ament_install']
[0.144s] Level 1:colcon.colcon_core.package_identification:_identify(src/SLAM/LIO-SAM/dss_lio_sam) by extension 'ignore'
[0.144s] Level 1:colcon.colcon_core.package_identification:_identify(src/SLAM/LIO-SAM/dss_lio_sam) by extension 'ignore_ament_install'
[0.144s] Level 1:colcon.colcon_core.package_identification:_identify(src/SLAM/LIO-SAM/dss_lio_sam) by extensions ['colcon_pkg']
[0.144s] Level 1:colcon.colcon_core.package_identification:_identify(src/SLAM/LIO-SAM/dss_lio_sam) by extension 'colcon_pkg'
[0.144s] Level 1:colcon.colcon_core.package_identification:_identify(src/SLAM/LIO-SAM/dss_lio_sam) by extensions ['colcon_meta']
[0.144s] Level 1:colcon.colcon_core.package_identification:_identify(src/SLAM/LIO-SAM/dss_lio_sam) by extension 'colcon_meta'
[0.144s] Level 1:colcon.colcon_core.package_identification:_identify(src/SLAM/LIO-SAM/dss_lio_sam) by extensions ['ros']
[0.144s] Level 1:colcon.colcon_core.package_identification:_identify(src/SLAM/LIO-SAM/dss_lio_sam) by extension 'ros'
[0.146s] DEBUG:colcon.colcon_core.package_identification:Package 'src/SLAM/LIO-SAM/dss_lio_sam' with type 'ros.ament_cmake' and name 'dss_lio_sam'
[0.146s] Level 1:colcon.colcon_core.package_identification:_identify(src/SLAM/LIO-SAM/lio_sam_ros2) by extensions ['ignore', 'ignore_ament_install']
[0.146s] Level 1:colcon.colcon_core.package_identification:_identify(src/SLAM/LIO-SAM/lio_sam_ros2) by extension 'ignore'
[0.146s] Level 1:colcon.colcon_core.package_identification:_identify(src/SLAM/LIO-SAM/lio_sam_ros2) by extension 'ignore_ament_install'
[0.146s] Level 1:colcon.colcon_core.package_identification:_identify(src/SLAM/LIO-SAM/lio_sam_ros2) by extensions ['colcon_pkg']
[0.146s] Level 1:colcon.colcon_core.package_identification:_identify(src/SLAM/LIO-SAM/lio_sam_ros2) by extension 'colcon_pkg'
[0.146s] Level 1:colcon.colcon_core.package_identification:_identify(src/SLAM/LIO-SAM/lio_sam_ros2) by extensions ['colcon_meta']
[0.146s] Level 1:colcon.colcon_core.package_identification:_identify(src/SLAM/LIO-SAM/lio_sam_ros2) by extension 'colcon_meta'
[0.146s] Level 1:colcon.colcon_core.package_identification:_identify(src/SLAM/LIO-SAM/lio_sam_ros2) by extensions ['ros']
[0.146s] Level 1:colcon.colcon_core.package_identification:_identify(src/SLAM/LIO-SAM/lio_sam_ros2) by extension 'ros'
[0.146s] DEBUG:colcon.colcon_core.package_identification:Package 'src/SLAM/LIO-SAM/lio_sam_ros2' with type 'ros.ament_cmake' and name 'lio_sam'
[0.146s] Level 1:colcon.colcon_core.package_identification:_identify(src/SLAM/LIO-SAM/livox_lio_sam) by extensions ['ignore', 'ignore_ament_install']
[0.146s] Level 1:colcon.colcon_core.package_identification:_identify(src/SLAM/LIO-SAM/livox_lio_sam) by extension 'ignore'
[0.147s] Level 1:colcon.colcon_core.package_identification:_identify(src/SLAM/LIO-SAM/livox_lio_sam) by extension 'ignore_ament_install'
[0.147s] Level 1:colcon.colcon_core.package_identification:_identify(src/SLAM/LIO-SAM/livox_lio_sam) by extensions ['colcon_pkg']
[0.147s] Level 1:colcon.colcon_core.package_identification:_identify(src/SLAM/LIO-SAM/livox_lio_sam) by extension 'colcon_pkg'
[0.147s] Level 1:colcon.colcon_core.package_identification:_identify(src/SLAM/LIO-SAM/livox_lio_sam) by extensions ['colcon_meta']
[0.147s] Level 1:colcon.colcon_core.package_identification:_identify(src/SLAM/LIO-SAM/livox_lio_sam) by extension 'colcon_meta'
[0.147s] Level 1:colcon.colcon_core.package_identification:_identify(src/SLAM/LIO-SAM/livox_lio_sam) by extensions ['ros']
[0.147s] Level 1:colcon.colcon_core.package_identification:_identify(src/SLAM/LIO-SAM/livox_lio_sam) by extension 'ros'
[0.147s] DEBUG:colcon.colcon_core.package_identification:Package 'src/SLAM/LIO-SAM/livox_lio_sam' with type 'ros.ament_cmake' and name 'livox_lio_sam'
[0.147s] Level 1:colcon.colcon_core.package_identification:_identify(src/Tool) by extensions ['ignore', 'ignore_ament_install']
[0.147s] Level 1:colcon.colcon_core.package_identification:_identify(src/Tool) by extension 'ignore'
[0.147s] Level 1:colcon.colcon_core.package_identification:_identify(src/Tool) by extension 'ignore_ament_install'
[0.147s] Level 1:colcon.colcon_core.package_identification:_identify(src/Tool) by extensions ['colcon_pkg']
[0.147s] Level 1:colcon.colcon_core.package_identification:_identify(src/Tool) by extension 'colcon_pkg'
[0.147s] Level 1:colcon.colcon_core.package_identification:_identify(src/Tool) by extensions ['colcon_meta']
[0.147s] Level 1:colcon.colcon_core.package_identification:_identify(src/Tool) by extension 'colcon_meta'
[0.147s] Level 1:colcon.colcon_core.package_identification:_identify(src/Tool) by extensions ['ros']
[0.147s] Level 1:colcon.colcon_core.package_identification:_identify(src/Tool) by extension 'ros'
[0.147s] Level 1:colcon.colcon_core.package_identification:_identify(src/Tool) by extensions ['cmake', 'python']
[0.147s] Level 1:colcon.colcon_core.package_identification:_identify(src/Tool) by extension 'cmake'
[0.147s] Level 1:colcon.colcon_core.package_identification:_identify(src/Tool) by extension 'python'
[0.147s] Level 1:colcon.colcon_core.package_identification:_identify(src/Tool) by extensions ['python_setup_py']
[0.147s] Level 1:colcon.colcon_core.package_identification:_identify(src/Tool) by extension 'python_setup_py'
[0.147s] Level 1:colcon.colcon_core.package_identification:_identify(src/Tool/bag_replay_tool_ros2) by extensions ['ignore', 'ignore_ament_install']
[0.147s] Level 1:colcon.colcon_core.package_identification:_identify(src/Tool/bag_replay_tool_ros2) by extension 'ignore'
[0.147s] Level 1:colcon.colcon_core.package_identification:_identify(src/Tool/bag_replay_tool_ros2) by extension 'ignore_ament_install'
[0.147s] Level 1:colcon.colcon_core.package_identification:_identify(src/Tool/bag_replay_tool_ros2) by extensions ['colcon_pkg']
[0.147s] Level 1:colcon.colcon_core.package_identification:_identify(src/Tool/bag_replay_tool_ros2) by extension 'colcon_pkg'
[0.147s] Level 1:colcon.colcon_core.package_identification:_identify(src/Tool/bag_replay_tool_ros2) by extensions ['colcon_meta']
[0.147s] Level 1:colcon.colcon_core.package_identification:_identify(src/Tool/bag_replay_tool_ros2) by extension 'colcon_meta'
[0.147s] Level 1:colcon.colcon_core.package_identification:_identify(src/Tool/bag_replay_tool_ros2) by extensions ['ros']
[0.147s] Level 1:colcon.colcon_core.package_identification:_identify(src/Tool/bag_replay_tool_ros2) by extension 'ros'
[0.148s] DEBUG:colcon.colcon_core.package_identification:Package 'src/Tool/bag_replay_tool_ros2' with type 'ros.ament_python' and name 'bag_replay_tool_ros2'
[0.148s] Level 1:colcon.colcon_core.package_identification:_identify(src/Tool/slam_launch_manager) by extensions ['ignore', 'ignore_ament_install']
[0.148s] Level 1:colcon.colcon_core.package_identification:_identify(src/Tool/slam_launch_manager) by extension 'ignore'
[0.148s] Level 1:colcon.colcon_core.package_identification:_identify(src/Tool/slam_launch_manager) by extension 'ignore_ament_install'
[0.148s] Level 1:colcon.colcon_core.package_identification:_identify(src/Tool/slam_launch_manager) by extensions ['colcon_pkg']
[0.148s] Level 1:colcon.colcon_core.package_identification:_identify(src/Tool/slam_launch_manager) by extension 'colcon_pkg'
[0.148s] Level 1:colcon.colcon_core.package_identification:_identify(src/Tool/slam_launch_manager) by extensions ['colcon_meta']
[0.148s] Level 1:colcon.colcon_core.package_identification:_identify(src/Tool/slam_launch_manager) by extension 'colcon_meta'
[0.148s] Level 1:colcon.colcon_core.package_identification:_identify(src/Tool/slam_launch_manager) by extensions ['ros']
[0.148s] Level 1:colcon.colcon_core.package_identification:_identify(src/Tool/slam_launch_manager) by extension 'ros'
[0.148s] DEBUG:colcon.colcon_core.package_identification:Package 'src/Tool/slam_launch_manager' with type 'ros.ament_python' and name 'slam_launch_manager'
[0.148s] Level 1:colcon.colcon_core.package_identification:_identify(src/dss_ros2_bridge) by extensions ['ignore', 'ignore_ament_install']
[0.148s] Level 1:colcon.colcon_core.package_identification:_identify(src/dss_ros2_bridge) by extension 'ignore'
[0.148s] Level 1:colcon.colcon_core.package_identification:_identify(src/dss_ros2_bridge) by extension 'ignore_ament_install'
[0.148s] Level 1:colcon.colcon_core.package_identification:_identify(src/dss_ros2_bridge) by extensions ['colcon_pkg']
[0.148s] Level 1:colcon.colcon_core.package_identification:_identify(src/dss_ros2_bridge) by extension 'colcon_pkg'
[0.148s] Level 1:colcon.colcon_core.package_identification:_identify(src/dss_ros2_bridge) by extensions ['colcon_meta']
[0.148s] Level 1:colcon.colcon_core.package_identification:_identify(src/dss_ros2_bridge) by extension 'colcon_meta'
[0.148s] Level 1:colcon.colcon_core.package_identification:_identify(src/dss_ros2_bridge) by extensions ['ros']
[0.148s] Level 1:colcon.colcon_core.package_identification:_identify(src/dss_ros2_bridge) by extension 'ros'
[0.149s] Level 1:colcon.colcon_core.package_identification:_identify(src/dss_ros2_bridge) by extensions ['cmake', 'python']
[0.149s] Level 1:colcon.colcon_core.package_identification:_identify(src/dss_ros2_bridge) by extension 'cmake'
[0.149s] Level 1:colcon.colcon_core.package_identification:_identify(src/dss_ros2_bridge) by extension 'python'
[0.149s] Level 1:colcon.colcon_core.package_identification:_identify(src/dss_ros2_bridge) by extensions ['python_setup_py']
[0.149s] Level 1:colcon.colcon_core.package_identification:_identify(src/dss_ros2_bridge) by extension 'python_setup_py'
[0.149s] Level 1:colcon.colcon_core.package_identification:_identify(src/dss_ros2_bridge/dss_ros2_bridge) by extensions ['ignore', 'ignore_ament_install']
[0.149s] Level 1:colcon.colcon_core.package_identification:_identify(src/dss_ros2_bridge/dss_ros2_bridge) by extension 'ignore'
[0.149s] Level 1:colcon.colcon_core.package_identification:_identify(src/dss_ros2_bridge/dss_ros2_bridge) by extension 'ignore_ament_install'
[0.149s] Level 1:colcon.colcon_core.package_identification:_identify(src/dss_ros2_bridge/dss_ros2_bridge) by extensions ['colcon_pkg']
[0.149s] Level 1:colcon.colcon_core.package_identification:_identify(src/dss_ros2_bridge/dss_ros2_bridge) by extension 'colcon_pkg'
[0.149s] Level 1:colcon.colcon_core.package_identification:_identify(src/dss_ros2_bridge/dss_ros2_bridge) by extensions ['colcon_meta']
[0.149s] Level 1:colcon.colcon_core.package_identification:_identify(src/dss_ros2_bridge/dss_ros2_bridge) by extension 'colcon_meta'
[0.149s] Level 1:colcon.colcon_core.package_identification:_identify(src/dss_ros2_bridge/dss_ros2_bridge) by extensions ['ros']
[0.149s] Level 1:colcon.colcon_core.package_identification:_identify(src/dss_ros2_bridge/dss_ros2_bridge) by extension 'ros'
[0.149s] DEBUG:colcon.colcon_core.package_identification:Package 'src/dss_ros2_bridge/dss_ros2_bridge' with type 'ros.ament_cmake' and name 'dss_ros2_bridge'
[0.149s] Level 1:colcon.colcon_core.package_identification:_identify(src/dss_ros2_bridge/proto) by extensions ['ignore', 'ignore_ament_install']
[0.149s] Level 1:colcon.colcon_core.package_identification:_identify(src/dss_ros2_bridge/proto) by extension 'ignore'
[0.149s] Level 1:colcon.colcon_core.package_identification:_identify(src/dss_ros2_bridge/proto) by extension 'ignore_ament_install'
[0.149s] Level 1:colcon.colcon_core.package_identification:_identify(src/dss_ros2_bridge/proto) by extensions ['colcon_pkg']
[0.149s] Level 1:colcon.colcon_core.package_identification:_identify(src/dss_ros2_bridge/proto) by extension 'colcon_pkg'
[0.149s] Level 1:colcon.colcon_core.package_identification:_identify(src/dss_ros2_bridge/proto) by extensions ['colcon_meta']
[0.149s] Level 1:colcon.colcon_core.package_identification:_identify(src/dss_ros2_bridge/proto) by extension 'colcon_meta'
[0.149s] Level 1:colcon.colcon_core.package_identification:_identify(src/dss_ros2_bridge/proto) by extensions ['ros']
[0.149s] Level 1:colcon.colcon_core.package_identification:_identify(src/dss_ros2_bridge/proto) by extension 'ros'
[0.149s] Level 1:colcon.colcon_core.package_identification:_identify(src/dss_ros2_bridge/proto) by extensions ['cmake', 'python']
[0.149s] Level 1:colcon.colcon_core.package_identification:_identify(src/dss_ros2_bridge/proto) by extension 'cmake'
[0.149s] Level 1:colcon.colcon_core.package_identification:_identify(src/dss_ros2_bridge/proto) by extension 'python'
[0.149s] Level 1:colcon.colcon_core.package_identification:_identify(src/dss_ros2_bridge/proto) by extensions ['python_setup_py']
[0.149s] Level 1:colcon.colcon_core.package_identification:_identify(src/dss_ros2_bridge/proto) by extension 'python_setup_py'
[0.149s] Level 1:colcon.colcon_core.package_identification:_identify(src/dss_ros2_bridge/proto/grpc) by extensions ['ignore', 'ignore_ament_install']
[0.149s] Level 1:colcon.colcon_core.package_identification:_identify(src/dss_ros2_bridge/proto/grpc) by extension 'ignore'
[0.149s] Level 1:colcon.colcon_core.package_identification:_identify(src/dss_ros2_bridge/proto/grpc) by extension 'ignore_ament_install'
[0.149s] Level 1:colcon.colcon_core.package_identification:_identify(src/dss_ros2_bridge/proto/grpc) by extensions ['colcon_pkg']
[0.149s] Level 1:colcon.colcon_core.package_identification:_identify(src/dss_ros2_bridge/proto/grpc) by extension 'colcon_pkg'
[0.149s] Level 1:colcon.colcon_core.package_identification:_identify(src/dss_ros2_bridge/proto/grpc) by extensions ['colcon_meta']
[0.149s] Level 1:colcon.colcon_core.package_identification:_identify(src/dss_ros2_bridge/proto/grpc) by extension 'colcon_meta'
[0.149s] Level 1:colcon.colcon_core.package_identification:_identify(src/dss_ros2_bridge/proto/grpc) by extensions ['ros']
[0.149s] Level 1:colcon.colcon_core.package_identification:_identify(src/dss_ros2_bridge/proto/grpc) by extension 'ros'
[0.150s] Level 1:colcon.colcon_core.package_identification:_identify(src/dss_ros2_bridge/proto/grpc) by extensions ['cmake', 'python']
[0.150s] Level 1:colcon.colcon_core.package_identification:_identify(src/dss_ros2_bridge/proto/grpc) by extension 'cmake'
[0.150s] Level 1:colcon.colcon_core.package_identification:_identify(src/dss_ros2_bridge/proto/grpc) by extension 'python'
[0.150s] Level 1:colcon.colcon_core.package_identification:_identify(src/dss_ros2_bridge/proto/grpc) by extensions ['python_setup_py']
[0.150s] Level 1:colcon.colcon_core.package_identification:_identify(src/dss_ros2_bridge/proto/grpc) by extension 'python_setup_py'
[0.150s] Level 1:colcon.colcon_core.package_identification:_identify(src/dss_ros2_bridge/proto/grpc/grpc) by extensions ['ignore', 'ignore_ament_install']
[0.150s] Level 1:colcon.colcon_core.package_identification:_identify(src/dss_ros2_bridge/proto/grpc/grpc) by extension 'ignore'
[0.150s] Level 1:colcon.colcon_core.package_identification:_identify(src/dss_ros2_bridge/proto/grpc/grpc) by extension 'ignore_ament_install'
[0.150s] Level 1:colcon.colcon_core.package_identification:_identify(src/dss_ros2_bridge/proto/grpc/grpc) by extensions ['colcon_pkg']
[0.150s] Level 1:colcon.colcon_core.package_identification:_identify(src/dss_ros2_bridge/proto/grpc/grpc) by extension 'colcon_pkg'
[0.150s] Level 1:colcon.colcon_core.package_identification:_identify(src/dss_ros2_bridge/proto/grpc/grpc) by extensions ['colcon_meta']
[0.150s] Level 1:colcon.colcon_core.package_identification:_identify(src/dss_ros2_bridge/proto/grpc/grpc) by extension 'colcon_meta'
[0.150s] Level 1:colcon.colcon_core.package_identification:_identify(src/dss_ros2_bridge/proto/grpc/grpc) by extensions ['ros']
[0.150s] Level 1:colcon.colcon_core.package_identification:_identify(src/dss_ros2_bridge/proto/grpc/grpc) by extension 'ros'
[0.150s] Level 1:colcon.colcon_core.package_identification:_identify(src/dss_ros2_bridge/proto/grpc/grpc) by extensions ['cmake', 'python']
[0.150s] Level 1:colcon.colcon_core.package_identification:_identify(src/dss_ros2_bridge/proto/grpc/grpc) by extension 'cmake'
[0.150s] Level 1:colcon.colcon_core.package_identification:_identify(src/dss_ros2_bridge/proto/grpc/grpc) by extension 'python'
[0.150s] Level 1:colcon.colcon_core.package_identification:_identify(src/dss_ros2_bridge/proto/grpc/grpc) by extensions ['python_setup_py']
[0.150s] Level 1:colcon.colcon_core.package_identification:_identify(src/dss_ros2_bridge/proto/grpc/grpc) by extension 'python_setup_py'
[0.150s] Level 1:colcon.colcon_core.package_identification:_identify(src/dss_ros2_bridge/proto/grpc/protobuf) by extensions ['ignore', 'ignore_ament_install']
[0.150s] Level 1:colcon.colcon_core.package_identification:_identify(src/dss_ros2_bridge/proto/grpc/protobuf) by extension 'ignore'
[0.150s] Level 1:colcon.colcon_core.package_identification:_identify(src/dss_ros2_bridge/proto/grpc/protobuf) by extension 'ignore_ament_install'
[0.150s] Level 1:colcon.colcon_core.package_identification:_identify(src/dss_ros2_bridge/proto/grpc/protobuf) by extensions ['colcon_pkg']
[0.150s] Level 1:colcon.colcon_core.package_identification:_identify(src/dss_ros2_bridge/proto/grpc/protobuf) by extension 'colcon_pkg'
[0.150s] Level 1:colcon.colcon_core.package_identification:_identify(src/dss_ros2_bridge/proto/grpc/protobuf) by extensions ['colcon_meta']
[0.150s] Level 1:colcon.colcon_core.package_identification:_identify(src/dss_ros2_bridge/proto/grpc/protobuf) by extension 'colcon_meta'
[0.150s] Level 1:colcon.colcon_core.package_identification:_identify(src/dss_ros2_bridge/proto/grpc/protobuf) by extensions ['ros']
[0.150s] Level 1:colcon.colcon_core.package_identification:_identify(src/dss_ros2_bridge/proto/grpc/protobuf) by extension 'ros'
[0.150s] Level 1:colcon.colcon_core.package_identification:_identify(src/dss_ros2_bridge/proto/grpc/protobuf) by extensions ['cmake', 'python']
[0.150s] Level 1:colcon.colcon_core.package_identification:_identify(src/dss_ros2_bridge/proto/grpc/protobuf) by extension 'cmake'
[0.150s] Level 1:colcon.colcon_core.package_identification:_identify(src/dss_ros2_bridge/proto/grpc/protobuf) by extension 'python'
[0.150s] Level 1:colcon.colcon_core.package_identification:_identify(src/dss_ros2_bridge/proto/grpc/protobuf) by extensions ['python_setup_py']
[0.150s] Level 1:colcon.colcon_core.package_identification:_identify(src/dss_ros2_bridge/proto/grpc/protobuf) by extension 'python_setup_py'
[0.150s] Level 1:colcon.colcon_core.package_identification:_identify(src/dss_ros2_bridge/proto/grpc/upb) by extensions ['ignore', 'ignore_ament_install']
[0.150s] Level 1:colcon.colcon_core.package_identification:_identify(src/dss_ros2_bridge/proto/grpc/upb) by extension 'ignore'
[0.150s] Level 1:colcon.colcon_core.package_identification:_identify(src/dss_ros2_bridge/proto/grpc/upb) by extension 'ignore_ament_install'
[0.150s] Level 1:colcon.colcon_core.package_identification:_identify(src/dss_ros2_bridge/proto/grpc/upb) by extensions ['colcon_pkg']
[0.150s] Level 1:colcon.colcon_core.package_identification:_identify(src/dss_ros2_bridge/proto/grpc/upb) by extension 'colcon_pkg'
[0.150s] Level 1:colcon.colcon_core.package_identification:_identify(src/dss_ros2_bridge/proto/grpc/upb) by extensions ['colcon_meta']
[0.150s] Level 1:colcon.colcon_core.package_identification:_identify(src/dss_ros2_bridge/proto/grpc/upb) by extension 'colcon_meta'
[0.150s] Level 1:colcon.colcon_core.package_identification:_identify(src/dss_ros2_bridge/proto/grpc/upb) by extensions ['ros']
[0.150s] Level 1:colcon.colcon_core.package_identification:_identify(src/dss_ros2_bridge/proto/grpc/upb) by extension 'ros'
[0.150s] Level 1:colcon.colcon_core.package_identification:_identify(src/dss_ros2_bridge/proto/grpc/upb) by extensions ['cmake', 'python']
[0.150s] Level 1:colcon.colcon_core.package_identification:_identify(src/dss_ros2_bridge/proto/grpc/upb) by extension 'cmake'
[0.150s] Level 1:colcon.colcon_core.package_identification:_identify(src/dss_ros2_bridge/proto/grpc/upb) by extension 'python'
[0.150s] Level 1:colcon.colcon_core.package_identification:_identify(src/dss_ros2_bridge/proto/grpc/upb) by extensions ['python_setup_py']
[0.150s] Level 1:colcon.colcon_core.package_identification:_identify(src/dss_ros2_bridge/proto/grpc/upb) by extension 'python_setup_py'
[0.150s] Level 1:colcon.colcon_core.package_identification:_identify(src/gtsam) by extensions ['ignore', 'ignore_ament_install']
[0.150s] Level 1:colcon.colcon_core.package_identification:_identify(src/gtsam) by extension 'ignore'
[0.150s] Level 1:colcon.colcon_core.package_identification:_identify(src/gtsam) ignored
[0.151s] Level 1:colcon.colcon_core.package_discovery:discover_packages(recursive) using defaults
[0.151s] Level 1:colcon.colcon_core.package_discovery:discover_packages(ignore) discover
[0.151s] Level 1:colcon.colcon_core.package_discovery:discover_packages(ignore) using defaults
[0.151s] Level 1:colcon.colcon_core.package_discovery:discover_packages(path) discover
[0.151s] Level 1:colcon.colcon_core.package_discovery:discover_packages(path) using defaults
[0.165s] Level 1:colcon.colcon_core.package_discovery:discover_packages(prefix_path) check parameters
[0.165s] Level 1:colcon.colcon_core.package_discovery:discover_packages(prefix_path) discover
[0.166s] DEBUG:colcon.colcon_installed_package_information.package_discovery:Found 295 installed packages in /opt/ros/humble
[0.167s] Level 1:colcon.colcon_core.package_discovery:discover_packages(prefix_path) using defaults
[0.182s] Level 5:colcon.colcon_core.verb:set package 'bag_replay_tool_ros2' build argument 'cmake_args' from command line to 'None'
[0.182s] Level 5:colcon.colcon_core.verb:set package 'bag_replay_tool_ros2' build argument 'cmake_target' from command line to 'None'
[0.182s] Level 5:colcon.colcon_core.verb:set package 'bag_replay_tool_ros2' build argument 'cmake_target_skip_unavailable' from command line to 'False'
[0.182s] Level 5:colcon.colcon_core.verb:set package 'bag_replay_tool_ros2' build argument 'cmake_clean_cache' from command line to 'False'
[0.182s] Level 5:colcon.colcon_core.verb:set package 'bag_replay_tool_ros2' build argument 'cmake_clean_first' from command line to 'False'
[0.182s] Level 5:colcon.colcon_core.verb:set package 'bag_replay_tool_ros2' build argument 'cmake_force_configure' from command line to 'False'
[0.182s] Level 5:colcon.colcon_core.verb:set package 'bag_replay_tool_ros2' build argument 'ament_cmake_args' from command line to 'None'
[0.182s] Level 5:colcon.colcon_core.verb:set package 'bag_replay_tool_ros2' build argument 'catkin_cmake_args' from command line to 'None'
[0.182s] Level 5:colcon.colcon_core.verb:set package 'bag_replay_tool_ros2' build argument 'catkin_skip_building_tests' from command line to 'False'
[0.182s] DEBUG:colcon.colcon_core.verb:Building package 'bag_replay_tool_ros2' with the following arguments: {'ament_cmake_args': None, 'build_base': '/home/tukorea/ros2_ws/build/bag_replay_tool_ros2', 'catkin_cmake_args': None, 'catkin_skip_building_tests': False, 'cmake_args': None, 'cmake_clean_cache': False, 'cmake_clean_first': False, 'cmake_force_configure': False, 'cmake_target': None, 'cmake_target_skip_unavailable': False, 'install_base': '/home/tukorea/ros2_ws/install/bag_replay_tool_ros2', 'merge_install': False, 'path': '/home/tukorea/ros2_ws/src/Tool/bag_replay_tool_ros2', 'symlink_install': False, 'test_result_base': None}
[0.182s] Level 5:colcon.colcon_core.verb:set package 'dss_lio_sam' build argument 'cmake_args' from command line to 'None'
[0.182s] Level 5:colcon.colcon_core.verb:set package 'dss_lio_sam' build argument 'cmake_target' from command line to 'None'
[0.182s] Level 5:colcon.colcon_core.verb:set package 'dss_lio_sam' build argument 'cmake_target_skip_unavailable' from command line to 'False'
[0.182s] Level 5:colcon.colcon_core.verb:set package 'dss_lio_sam' build argument 'cmake_clean_cache' from command line to 'False'
[0.182s] Level 5:colcon.colcon_core.verb:set package 'dss_lio_sam' build argument 'cmake_clean_first' from command line to 'False'
[0.182s] Level 5:colcon.colcon_core.verb:set package 'dss_lio_sam' build argument 'cmake_force_configure' from command line to 'False'
[0.182s] Level 5:colcon.colcon_core.verb:set package 'dss_lio_sam' build argument 'ament_cmake_args' from command line to 'None'
[0.182s] Level 5:colcon.colcon_core.verb:set package 'dss_lio_sam' build argument 'catkin_cmake_args' from command line to 'None'
[0.182s] Level 5:colcon.colcon_core.verb:set package 'dss_lio_sam' build argument 'catkin_skip_building_tests' from command line to 'False'
[0.182s] DEBUG:colcon.colcon_core.verb:Building package 'dss_lio_sam' with the following arguments: {'ament_cmake_args': None, 'build_base': '/home/tukorea/ros2_ws/build/dss_lio_sam', 'catkin_cmake_args': None, 'catkin_skip_building_tests': False, 'cmake_args': None, 'cmake_clean_cache': False, 'cmake_clean_first': False, 'cmake_force_configure': False, 'cmake_target': None, 'cmake_target_skip_unavailable': False, 'install_base': '/home/tukorea/ros2_ws/install/dss_lio_sam', 'merge_install': False, 'path': '/home/tukorea/ros2_ws/src/SLAM/LIO-SAM/dss_lio_sam', 'symlink_install': False, 'test_result_base': None}
[0.182s] Level 5:colcon.colcon_core.verb:set package 'dss_ros2_bridge' build argument 'cmake_args' from command line to 'None'
[0.182s] Level 5:colcon.colcon_core.verb:set package 'dss_ros2_bridge' build argument 'cmake_target' from command line to 'None'
[0.182s] Level 5:colcon.colcon_core.verb:set package 'dss_ros2_bridge' build argument 'cmake_target_skip_unavailable' from command line to 'False'
[0.182s] Level 5:colcon.colcon_core.verb:set package 'dss_ros2_bridge' build argument 'cmake_clean_cache' from command line to 'False'
[0.182s] Level 5:colcon.colcon_core.verb:set package 'dss_ros2_bridge' build argument 'cmake_clean_first' from command line to 'False'
[0.182s] Level 5:colcon.colcon_core.verb:set package 'dss_ros2_bridge' build argument 'cmake_force_configure' from command line to 'False'
[0.182s] Level 5:colcon.colcon_core.verb:set package 'dss_ros2_bridge' build argument 'ament_cmake_args' from command line to 'None'
[0.182s] Level 5:colcon.colcon_core.verb:set package 'dss_ros2_bridge' build argument 'catkin_cmake_args' from command line to 'None'
[0.182s] Level 5:colcon.colcon_core.verb:set package 'dss_ros2_bridge' build argument 'catkin_skip_building_tests' from command line to 'False'
[0.182s] DEBUG:colcon.colcon_core.verb:Building package 'dss_ros2_bridge' with the following arguments: {'ament_cmake_args': None, 'build_base': '/home/tukorea/ros2_ws/build/dss_ros2_bridge', 'catkin_cmake_args': None, 'catkin_skip_building_tests': False, 'cmake_args': None, 'cmake_clean_cache': False, 'cmake_clean_first': False, 'cmake_force_configure': False, 'cmake_target': None, 'cmake_target_skip_unavailable': False, 'install_base': '/home/tukorea/ros2_ws/install/dss_ros2_bridge', 'merge_install': False, 'path': '/home/tukorea/ros2_ws/src/dss_ros2_bridge/dss_ros2_bridge', 'symlink_install': False, 'test_result_base': None}
[0.182s] Level 5:colcon.colcon_core.verb:set package 'lio_sam' build argument 'cmake_args' from command line to 'None'
[0.182s] Level 5:colcon.colcon_core.verb:set package 'lio_sam' build argument 'cmake_target' from command line to 'None'
[0.182s] Level 5:colcon.colcon_core.verb:set package 'lio_sam' build argument 'cmake_target_skip_unavailable' from command line to 'False'
[0.182s] Level 5:colcon.colcon_core.verb:set package 'lio_sam' build argument 'cmake_clean_cache' from command line to 'False'
[0.182s] Level 5:colcon.colcon_core.verb:set package 'lio_sam' build argument 'cmake_clean_first' from command line to 'False'
[0.182s] Level 5:colcon.colcon_core.verb:set package 'lio_sam' build argument 'cmake_force_configure' from command line to 'False'
[0.182s] Level 5:colcon.colcon_core.verb:set package 'lio_sam' build argument 'ament_cmake_args' from command line to 'None'
[0.182s] Level 5:colcon.colcon_core.verb:set package 'lio_sam' build argument 'catkin_cmake_args' from command line to 'None'
[0.182s] Level 5:colcon.colcon_core.verb:set package 'lio_sam' build argument 'catkin_skip_building_tests' from command line to 'False'
[0.182s] DEBUG:colcon.colcon_core.verb:Building package 'lio_sam' with the following arguments: {'ament_cmake_args': None, 'build_base': '/home/tukorea/ros2_ws/build/lio_sam', 'catkin_cmake_args': None, 'catkin_skip_building_tests': False, 'cmake_args': None, 'cmake_clean_cache': False, 'cmake_clean_first': False, 'cmake_force_configure': False, 'cmake_target': None, 'cmake_target_skip_unavailable': False, 'install_base': '/home/tukorea/ros2_ws/install/lio_sam', 'merge_install': False, 'path': '/home/tukorea/ros2_ws/src/SLAM/LIO-SAM/lio_sam_ros2', 'symlink_install': False, 'test_result_base': None}
[0.183s] Level 5:colcon.colcon_core.verb:set package 'livox_lio_sam' build argument 'cmake_args' from command line to 'None'
[0.183s] Level 5:colcon.colcon_core.verb:set package 'livox_lio_sam' build argument 'cmake_target' from command line to 'None'
[0.183s] Level 5:colcon.colcon_core.verb:set package 'livox_lio_sam' build argument 'cmake_target_skip_unavailable' from command line to 'False'
[0.183s] Level 5:colcon.colcon_core.verb:set package 'livox_lio_sam' build argument 'cmake_clean_cache' from command line to 'False'
[0.183s] Level 5:colcon.colcon_core.verb:set package 'livox_lio_sam' build argument 'cmake_clean_first' from command line to 'False'
[0.183s] Level 5:colcon.colcon_core.verb:set package 'livox_lio_sam' build argument 'cmake_force_configure' from command line to 'False'
[0.183s] Level 5:colcon.colcon_core.verb:set package 'livox_lio_sam' build argument 'ament_cmake_args' from command line to 'None'
[0.183s] Level 5:colcon.colcon_core.verb:set package 'livox_lio_sam' build argument 'catkin_cmake_args' from command line to 'None'
[0.183s] Level 5:colcon.colcon_core.verb:set package 'livox_lio_sam' build argument 'catkin_skip_building_tests' from command line to 'False'
[0.183s] DEBUG:colcon.colcon_core.verb:Building package 'livox_lio_sam' with the following arguments: {'ament_cmake_args': None, 'build_base': '/home/tukorea/ros2_ws/build/livox_lio_sam', 'catkin_cmake_args': None, 'catkin_skip_building_tests': False, 'cmake_args': None, 'cmake_clean_cache': False, 'cmake_clean_first': False, 'cmake_force_configure': False, 'cmake_target': None, 'cmake_target_skip_unavailable': False, 'install_base': '/home/tukorea/ros2_ws/install/livox_lio_sam', 'merge_install': False, 'path': '/home/tukorea/ros2_ws/src/SLAM/LIO-SAM/livox_lio_sam', 'symlink_install': False, 'test_result_base': None}
[0.183s] Level 5:colcon.colcon_core.verb:set package 'slam_launch_manager' build argument 'cmake_args' from command line to 'None'
[0.183s] Level 5:colcon.colcon_core.verb:set package 'slam_launch_manager' build argument 'cmake_target' from command line to 'None'
[0.183s] Level 5:colcon.colcon_core.verb:set package 'slam_launch_manager' build argument 'cmake_target_skip_unavailable' from command line to 'False'
[0.183s] Level 5:colcon.colcon_core.verb:set package 'slam_launch_manager' build argument 'cmake_clean_cache' from command line to 'False'
[0.183s] Level 5:colcon.colcon_core.verb:set package 'slam_launch_manager' build argument 'cmake_clean_first' from command line to 'False'
[0.183s] Level 5:colcon.colcon_core.verb:set package 'slam_launch_manager' build argument 'cmake_force_configure' from command line to 'False'
[0.183s] Level 5:colcon.colcon_core.verb:set package 'slam_launch_manager' build argument 'ament_cmake_args' from command line to 'None'
[0.183s] Level 5:colcon.colcon_core.verb:set package 'slam_launch_manager' build argument 'catkin_cmake_args' from command line to 'None'
[0.183s] Level 5:colcon.colcon_core.verb:set package 'slam_launch_manager' build argument 'catkin_skip_building_tests' from command line to 'False'
[0.183s] DEBUG:colcon.colcon_core.verb:Building package 'slam_launch_manager' with the following arguments: {'ament_cmake_args': None, 'build_base': '/home/tukorea/ros2_ws/build/slam_launch_manager', 'catkin_cmake_args': None, 'catkin_skip_building_tests': False, 'cmake_args': None, 'cmake_clean_cache': False, 'cmake_clean_first': False, 'cmake_force_configure': False, 'cmake_target': None, 'cmake_target_skip_unavailable': False, 'install_base': '/home/tukorea/ros2_ws/install/slam_launch_manager', 'merge_install': False, 'path': '/home/tukorea/ros2_ws/src/Tool/slam_launch_manager', 'symlink_install': False, 'test_result_base': None}
[0.183s] INFO:colcon.colcon_core.executor:Executing jobs using 'parallel' executor
[0.184s] DEBUG:colcon.colcon_parallel_executor.executor.parallel:run_until_complete
[0.184s] INFO:colcon.colcon_ros.task.ament_python.build:Building ROS package in '/home/tukorea/ros2_ws/src/Tool/bag_replay_tool_ros2' with build type 'ament_python'
[0.184s] Level 1:colcon.colcon_core.shell:create_environment_hook('bag_replay_tool_ros2', 'ament_prefix_path')
[0.185s] INFO:colcon.colcon_core.plugin_system:Skipping extension 'colcon_core.shell.bat': Not used on non-Windows systems
[0.185s] INFO:colcon.colcon_core.shell:Creating environment hook '/home/tukorea/ros2_ws/install/bag_replay_tool_ros2/share/bag_replay_tool_ros2/hook/ament_prefix_path.ps1'
[0.185s] INFO:colcon.colcon_core.shell:Creating environment descriptor '/home/tukorea/ros2_ws/install/bag_replay_tool_ros2/share/bag_replay_tool_ros2/hook/ament_prefix_path.dsv'
[0.186s] INFO:colcon.colcon_core.shell:Creating environment hook '/home/tukorea/ros2_ws/install/bag_replay_tool_ros2/share/bag_replay_tool_ros2/hook/ament_prefix_path.sh'
[0.186s] INFO:colcon.colcon_core.shell:Skip shell extension 'powershell' for command environment: Not usable outside of PowerShell
[0.186s] DEBUG:colcon.colcon_core.shell:Skip shell extension 'dsv' for command environment
[0.187s] INFO:colcon.colcon_ros.task.ament_cmake.build:Building ROS package in '/home/tukorea/ros2_ws/src/SLAM/LIO-SAM/dss_lio_sam' with build type 'ament_cmake'
[0.187s] INFO:colcon.colcon_cmake.task.cmake.build:Building CMake package in '/home/tukorea/ros2_ws/src/SLAM/LIO-SAM/dss_lio_sam'
[0.188s] INFO:colcon.colcon_core.shell:Skip shell extension 'powershell' for command environment: Not usable outside of PowerShell
[0.188s] DEBUG:colcon.colcon_core.shell:Skip shell extension 'dsv' for command environment
[0.189s] INFO:colcon.colcon_ros.task.ament_cmake.build:Building ROS package in '/home/tukorea/ros2_ws/src/dss_ros2_bridge/dss_ros2_bridge' with build type 'ament_cmake'
[0.189s] INFO:colcon.colcon_cmake.task.cmake.build:Building CMake package in '/home/tukorea/ros2_ws/src/dss_ros2_bridge/dss_ros2_bridge'
[0.189s] INFO:colcon.colcon_core.shell:Skip shell extension 'powershell' for command environment: Not usable outside of PowerShell
[0.189s] DEBUG:colcon.colcon_core.shell:Skip shell extension 'dsv' for command environment
[0.190s] INFO:colcon.colcon_ros.task.ament_cmake.build:Building ROS package in '/home/tukorea/ros2_ws/src/SLAM/LIO-SAM/lio_sam_ros2' with build type 'ament_cmake'
[0.190s] INFO:colcon.colcon_cmake.task.cmake.build:Building CMake package in '/home/tukorea/ros2_ws/src/SLAM/LIO-SAM/lio_sam_ros2'
[0.191s] INFO:colcon.colcon_core.shell:Skip shell extension 'powershell' for command environment: Not usable outside of PowerShell
[0.191s] DEBUG:colcon.colcon_core.shell:Skip shell extension 'dsv' for command environment
[0.192s] INFO:colcon.colcon_ros.task.ament_cmake.build:Building ROS package in '/home/tukorea/ros2_ws/src/SLAM/LIO-SAM/livox_lio_sam' with build type 'ament_cmake'
[0.192s] INFO:colcon.colcon_cmake.task.cmake.build:Building CMake package in '/home/tukorea/ros2_ws/src/SLAM/LIO-SAM/livox_lio_sam'
[0.192s] INFO:colcon.colcon_core.shell:Skip shell extension 'powershell' for command environment: Not usable outside of PowerShell
[0.192s] DEBUG:colcon.colcon_core.shell:Skip shell extension 'dsv' for command environment
[0.193s] INFO:colcon.colcon_ros.task.ament_python.build:Building ROS package in '/home/tukorea/ros2_ws/src/Tool/slam_launch_manager' with build type 'ament_python'
[0.193s] Level 1:colcon.colcon_core.shell:create_environment_hook('slam_launch_manager', 'ament_prefix_path')
[0.194s] INFO:colcon.colcon_core.shell:Creating environment hook '/home/tukorea/ros2_ws/install/slam_launch_manager/share/slam_launch_manager/hook/ament_prefix_path.ps1'
[0.194s] INFO:colcon.colcon_core.shell:Creating environment descriptor '/home/tukorea/ros2_ws/install/slam_launch_manager/share/slam_launch_manager/hook/ament_prefix_path.dsv'
[0.194s] INFO:colcon.colcon_core.shell:Creating environment hook '/home/tukorea/ros2_ws/install/slam_launch_manager/share/slam_launch_manager/hook/ament_prefix_path.sh'
[0.194s] INFO:colcon.colcon_core.shell:Skip shell extension 'powershell' for command environment: Not usable outside of PowerShell
[0.194s] DEBUG:colcon.colcon_core.shell:Skip shell extension 'dsv' for command environment
[0.302s] INFO:colcon.colcon_core.task.python.build:Building Python package in '/home/tukorea/ros2_ws/src/Tool/bag_replay_tool_ros2'
[0.302s] INFO:colcon.colcon_core.shell:Skip shell extension 'powershell' for command environment: Not usable outside of PowerShell
[0.302s] DEBUG:colcon.colcon_core.shell:Skip shell extension 'dsv' for command environment
[0.306s] DEBUG:colcon.colcon_core.event_handler.log_command:Invoking command in '/home/tukorea/ros2_ws/build/dss_lio_sam': CMAKE_PREFIX_PATH=/opt/ros/humble /usr/bin/cmake /home/tukorea/ros2_ws/src/SLAM/LIO-SAM/dss_lio_sam -DCMAKE_INSTALL_PREFIX=/home/tukorea/ros2_ws/install/dss_lio_sam
[0.308s] DEBUG:colcon.colcon_core.event_handler.log_command:Invoking command in '/home/tukorea/ros2_ws/build/dss_ros2_bridge': CMAKE_PREFIX_PATH=/opt/ros/humble /usr/bin/cmake /home/tukorea/ros2_ws/src/dss_ros2_bridge/dss_ros2_bridge -DCMAKE_INSTALL_PREFIX=/home/tukorea/ros2_ws/install/dss_ros2_bridge
[0.311s] DEBUG:colcon.colcon_core.event_handler.log_command:Invoking command in '/home/tukorea/ros2_ws/build/lio_sam': CMAKE_PREFIX_PATH=/opt/ros/humble /usr/bin/cmake /home/tukorea/ros2_ws/src/SLAM/LIO-SAM/lio_sam_ros2 -DCMAKE_INSTALL_PREFIX=/home/tukorea/ros2_ws/install/lio_sam
[0.315s] DEBUG:colcon.colcon_core.event_handler.log_command:Invoking command in '/home/tukorea/ros2_ws/build/livox_lio_sam': CMAKE_PREFIX_PATH=/opt/ros/humble /usr/bin/cmake /home/tukorea/ros2_ws/src/SLAM/LIO-SAM/livox_lio_sam -DCMAKE_INSTALL_PREFIX=/home/tukorea/ros2_ws/install/livox_lio_sam
[0.429s] INFO:colcon.colcon_core.task.python.build:Building Python package in '/home/tukorea/ros2_ws/src/Tool/slam_launch_manager'
[0.429s] INFO:colcon.colcon_core.shell:Skip shell extension 'powershell' for command environment: Not usable outside of PowerShell
[0.429s] DEBUG:colcon.colcon_core.shell:Skip shell extension 'dsv' for command environment
[0.584s] DEBUG:colcon.colcon_core.event_handler.log_command:Invoking command in '/home/tukorea/ros2_ws/src/Tool/bag_replay_tool_ros2': PYTHONPATH=/home/tukorea/ros2_ws/build/bag_replay_tool_ros2/prefix_override:/usr/lib/python3/dist-packages/colcon_core/task/python/colcon_distutils_commands:/home/tukorea/ros2_ws/install/bag_replay_tool_ros2/lib/python3.10/site-packages:${PYTHONPATH} /usr/bin/python3 -W ignore:setup.py install is deprecated -W ignore:easy_install command is deprecated setup.py egg_info --egg-base ../../../build/bag_replay_tool_ros2 build --build-base /home/tukorea/ros2_ws/build/bag_replay_tool_ros2/build install --record /home/tukorea/ros2_ws/build/bag_replay_tool_ros2/install.log --single-version-externally-managed install_data
[0.585s] DEBUG:colcon.colcon_core.event_handler.log_command:Invoking command in '/home/tukorea/ros2_ws/src/Tool/slam_launch_manager': PYTHONPATH=/home/tukorea/ros2_ws/build/slam_launch_manager/prefix_override:/usr/lib/python3/dist-packages/colcon_core/task/python/colcon_distutils_commands:/home/tukorea/ros2_ws/install/slam_launch_manager/lib/python3.10/site-packages:${PYTHONPATH} /usr/bin/python3 -W ignore:setup.py install is deprecated -W ignore:easy_install command is deprecated setup.py egg_info --egg-base ../../../build/slam_launch_manager build --build-base /home/tukorea/ros2_ws/build/slam_launch_manager/build install --record /home/tukorea/ros2_ws/build/slam_launch_manager/install.log --single-version-externally-managed install_data
[0.711s] DEBUG:colcon.colcon_core.event_handler.log_command:Invoked command in '/home/tukorea/ros2_ws/src/Tool/slam_launch_manager' returned '0': PYTHONPATH=/home/tukorea/ros2_ws/build/slam_launch_manager/prefix_override:/usr/lib/python3/dist-packages/colcon_core/task/python/colcon_distutils_commands:/home/tukorea/ros2_ws/install/slam_launch_manager/lib/python3.10/site-packages:${PYTHONPATH} /usr/bin/python3 -W ignore:setup.py install is deprecated -W ignore:easy_install command is deprecated setup.py egg_info --egg-base ../../../build/slam_launch_manager build --build-base /home/tukorea/ros2_ws/build/slam_launch_manager/build install --record /home/tukorea/ros2_ws/build/slam_launch_manager/install.log --single-version-externally-managed install_data
[0.712s] Level 1:colcon.colcon_core.environment:checking '/home/tukorea/ros2_ws/install/slam_launch_manager' for CMake module files
[0.713s] Level 1:colcon.colcon_core.environment:checking '/home/tukorea/ros2_ws/install/slam_launch_manager' for CMake config files
[0.713s] Level 1:colcon.colcon_core.environment:checking '/home/tukorea/ros2_ws/install/slam_launch_manager/lib'
[0.713s] Level 1:colcon.colcon_core.environment:checking '/home/tukorea/ros2_ws/install/slam_launch_manager/bin'
[0.713s] Level 1:colcon.colcon_core.environment:checking '/home/tukorea/ros2_ws/install/slam_launch_manager/lib/pkgconfig/slam_launch_manager.pc'
[0.713s] Level 1:colcon.colcon_core.environment:checking '/home/tukorea/ros2_ws/install/slam_launch_manager/lib/python3.10/site-packages'
[0.713s] Level 1:colcon.colcon_core.shell:create_environment_hook('slam_launch_manager', 'pythonpath')
[0.713s] INFO:colcon.colcon_core.shell:Creating environment hook '/home/tukorea/ros2_ws/install/slam_launch_manager/share/slam_launch_manager/hook/pythonpath.ps1'
[0.714s] INFO:colcon.colcon_core.shell:Creating environment descriptor '/home/tukorea/ros2_ws/install/slam_launch_manager/share/slam_launch_manager/hook/pythonpath.dsv'
[0.714s] INFO:colcon.colcon_core.shell:Creating environment hook '/home/tukorea/ros2_ws/install/slam_launch_manager/share/slam_launch_manager/hook/pythonpath.sh'
[0.714s] Level 1:colcon.colcon_core.environment:checking '/home/tukorea/ros2_ws/install/slam_launch_manager/bin'
[0.714s] Level 1:colcon.colcon_core.environment:create_environment_scripts_only(slam_launch_manager)
[0.714s] INFO:colcon.colcon_core.shell:Creating package script '/home/tukorea/ros2_ws/install/slam_launch_manager/share/slam_launch_manager/package.ps1'
[0.715s] INFO:colcon.colcon_core.shell:Creating package descriptor '/home/tukorea/ros2_ws/install/slam_launch_manager/share/slam_launch_manager/package.dsv'
[0.715s] INFO:colcon.colcon_core.shell:Creating package script '/home/tukorea/ros2_ws/install/slam_launch_manager/share/slam_launch_manager/package.sh'
[0.715s] INFO:colcon.colcon_core.shell:Creating package script '/home/tukorea/ros2_ws/install/slam_launch_manager/share/slam_launch_manager/package.bash'
[0.716s] INFO:colcon.colcon_core.shell:Creating package script '/home/tukorea/ros2_ws/install/slam_launch_manager/share/slam_launch_manager/package.zsh'
[0.716s] Level 1:colcon.colcon_core.environment:create_file_with_runtime_dependencies(/home/tukorea/ros2_ws/install/slam_launch_manager/share/colcon-core/packages/slam_launch_manager)
[0.717s] Level 1:colcon.colcon_core.environment:checking '/home/tukorea/ros2_ws/install/bag_replay_tool_ros2' for CMake module files
[0.717s] DEBUG:colcon.colcon_core.event_handler.log_command:Invoked command in '/home/tukorea/ros2_ws/src/Tool/bag_replay_tool_ros2' returned '0': PYTHONPATH=/home/tukorea/ros2_ws/build/bag_replay_tool_ros2/prefix_override:/usr/lib/python3/dist-packages/colcon_core/task/python/colcon_distutils_commands:/home/tukorea/ros2_ws/install/bag_replay_tool_ros2/lib/python3.10/site-packages:${PYTHONPATH} /usr/bin/python3 -W ignore:setup.py install is deprecated -W ignore:easy_install command is deprecated setup.py egg_info --egg-base ../../../build/bag_replay_tool_ros2 build --build-base /home/tukorea/ros2_ws/build/bag_replay_tool_ros2/build install --record /home/tukorea/ros2_ws/build/bag_replay_tool_ros2/install.log --single-version-externally-managed install_data
[0.717s] Level 1:colcon.colcon_core.environment:checking '/home/tukorea/ros2_ws/install/bag_replay_tool_ros2' for CMake config files
[0.717s] Level 1:colcon.colcon_core.environment:checking '/home/tukorea/ros2_ws/install/bag_replay_tool_ros2/lib'
[0.718s] Level 1:colcon.colcon_core.environment:checking '/home/tukorea/ros2_ws/install/bag_replay_tool_ros2/bin'
[0.718s] Level 1:colcon.colcon_core.environment:checking '/home/tukorea/ros2_ws/install/bag_replay_tool_ros2/lib/pkgconfig/bag_replay_tool_ros2.pc'
[0.718s] Level 1:colcon.colcon_core.environment:checking '/home/tukorea/ros2_ws/install/bag_replay_tool_ros2/lib/python3.10/site-packages'
[0.718s] Level 1:colcon.colcon_core.shell:create_environment_hook('bag_replay_tool_ros2', 'pythonpath')
[0.718s] INFO:colcon.colcon_core.shell:Creating environment hook '/home/tukorea/ros2_ws/install/bag_replay_tool_ros2/share/bag_replay_tool_ros2/hook/pythonpath.ps1'
[0.718s] INFO:colcon.colcon_core.shell:Creating environment descriptor '/home/tukorea/ros2_ws/install/bag_replay_tool_ros2/share/bag_replay_tool_ros2/hook/pythonpath.dsv'
[0.718s] INFO:colcon.colcon_core.shell:Creating environment hook '/home/tukorea/ros2_ws/install/bag_replay_tool_ros2/share/bag_replay_tool_ros2/hook/pythonpath.sh'
[0.718s] Level 1:colcon.colcon_core.environment:checking '/home/tukorea/ros2_ws/install/bag_replay_tool_ros2/bin'
[0.718s] Level 1:colcon.colcon_core.environment:create_environment_scripts_only(bag_replay_tool_ros2)
[0.719s] INFO:colcon.colcon_core.shell:Creating package script '/home/tukorea/ros2_ws/install/bag_replay_tool_ros2/share/bag_replay_tool_ros2/package.ps1'
[0.719s] INFO:colcon.colcon_core.shell:Creating package descriptor '/home/tukorea/ros2_ws/install/bag_replay_tool_ros2/share/bag_replay_tool_ros2/package.dsv'
[0.719s] INFO:colcon.colcon_core.shell:Creating package script '/home/tukorea/ros2_ws/install/bag_replay_tool_ros2/share/bag_replay_tool_ros2/package.sh'
[0.719s] INFO:colcon.colcon_core.shell:Creating package script '/home/tukorea/ros2_ws/install/bag_replay_tool_ros2/share/bag_replay_tool_ros2/package.bash'
[0.719s] INFO:colcon.colcon_core.shell:Creating package script '/home/tukorea/ros2_ws/install/bag_replay_tool_ros2/share/bag_replay_tool_ros2/package.zsh'
[0.719s] Level 1:colcon.colcon_core.environment:create_file_with_runtime_dependencies(/home/tukorea/ros2_ws/install/bag_replay_tool_ros2/share/colcon-core/packages/bag_replay_tool_ros2)
[4.799s] DEBUG:colcon.colcon_core.event_handler.log_command:Invoked command in '/home/tukorea/ros2_ws/build/dss_ros2_bridge' returned '0': CMAKE_PREFIX_PATH=/opt/ros/humble /usr/bin/cmake /home/tukorea/ros2_ws/src/dss_ros2_bridge/dss_ros2_bridge -DCMAKE_INSTALL_PREFIX=/home/tukorea/ros2_ws/install/dss_ros2_bridge
[4.800s] DEBUG:colcon.colcon_core.event_handler.log_command:Invoking command in '/home/tukorea/ros2_ws/build/dss_ros2_bridge': CMAKE_PREFIX_PATH=/opt/ros/humble /usr/bin/cmake --build /home/tukorea/ros2_ws/build/dss_ros2_bridge -- -j20 -l20
[4.963s] DEBUG:colcon.colcon_core.event_handler.log_command:Invoked command in '/home/tukorea/ros2_ws/build/dss_ros2_bridge' returned '0': CMAKE_PREFIX_PATH=/opt/ros/humble /usr/bin/cmake --build /home/tukorea/ros2_ws/build/dss_ros2_bridge -- -j20 -l20
[4.968s] DEBUG:colcon.colcon_core.event_handler.log_command:Invoking command in '/home/tukorea/ros2_ws/build/dss_ros2_bridge': CMAKE_PREFIX_PATH=/opt/ros/humble /usr/bin/cmake --install /home/tukorea/ros2_ws/build/dss_ros2_bridge
[4.996s] Level 1:colcon.colcon_core.environment:create_environment_scripts_only(dss_ros2_bridge)
[4.996s] Level 1:colcon.colcon_core.environment:checking '/home/tukorea/ros2_ws/install/dss_ros2_bridge' for CMake module files
[4.996s] DEBUG:colcon.colcon_core.event_handler.log_command:Invoked command in '/home/tukorea/ros2_ws/build/dss_ros2_bridge' returned '0': CMAKE_PREFIX_PATH=/opt/ros/humble /usr/bin/cmake --install /home/tukorea/ros2_ws/build/dss_ros2_bridge
[4.996s] Level 1:colcon.colcon_core.environment:checking '/home/tukorea/ros2_ws/install/dss_ros2_bridge' for CMake config files
[4.997s] Level 1:colcon.colcon_core.shell:create_environment_hook('dss_ros2_bridge', 'cmake_prefix_path')
[4.997s] INFO:colcon.colcon_core.shell:Creating environment hook '/home/tukorea/ros2_ws/install/dss_ros2_bridge/share/dss_ros2_bridge/hook/cmake_prefix_path.ps1'
[4.997s] INFO:colcon.colcon_core.shell:Creating environment descriptor '/home/tukorea/ros2_ws/install/dss_ros2_bridge/share/dss_ros2_bridge/hook/cmake_prefix_path.dsv'
[4.997s] INFO:colcon.colcon_core.shell:Creating environment hook '/home/tukorea/ros2_ws/install/dss_ros2_bridge/share/dss_ros2_bridge/hook/cmake_prefix_path.sh'
[4.997s] Level 1:colcon.colcon_core.environment:checking '/home/tukorea/ros2_ws/install/dss_ros2_bridge/lib'
[4.998s] Level 1:colcon.colcon_core.shell:create_environment_hook('dss_ros2_bridge', 'ld_library_path_lib')
[4.998s] INFO:colcon.colcon_core.shell:Creating environment hook '/home/tukorea/ros2_ws/install/dss_ros2_bridge/share/dss_ros2_bridge/hook/ld_library_path_lib.ps1'
[4.998s] INFO:colcon.colcon_core.shell:Creating environment descriptor '/home/tukorea/ros2_ws/install/dss_ros2_bridge/share/dss_ros2_bridge/hook/ld_library_path_lib.dsv'
[4.998s] INFO:colcon.colcon_core.shell:Creating environment hook '/home/tukorea/ros2_ws/install/dss_ros2_bridge/share/dss_ros2_bridge/hook/ld_library_path_lib.sh'
[4.998s] Level 1:colcon.colcon_core.environment:checking '/home/tukorea/ros2_ws/install/dss_ros2_bridge/bin'
[4.998s] Level 1:colcon.colcon_core.environment:checking '/home/tukorea/ros2_ws/install/dss_ros2_bridge/lib/pkgconfig/dss_ros2_bridge.pc'
[4.998s] Level 1:colcon.colcon_core.environment:checking '/home/tukorea/ros2_ws/install/dss_ros2_bridge/lib/python3.10/site-packages'
[4.998s] Level 1:colcon.colcon_core.environment:checking '/home/tukorea/ros2_ws/install/dss_ros2_bridge/bin'
[4.999s] INFO:colcon.colcon_core.shell:Creating package script '/home/tukorea/ros2_ws/install/dss_ros2_bridge/share/dss_ros2_bridge/package.ps1'
[4.999s] INFO:colcon.colcon_core.shell:Creating package descriptor '/home/tukorea/ros2_ws/install/dss_ros2_bridge/share/dss_ros2_bridge/package.dsv'
[4.999s] INFO:colcon.colcon_core.shell:Creating package script '/home/tukorea/ros2_ws/install/dss_ros2_bridge/share/dss_ros2_bridge/package.sh'
[4.999s] INFO:colcon.colcon_core.shell:Creating package script '/home/tukorea/ros2_ws/install/dss_ros2_bridge/share/dss_ros2_bridge/package.bash'
[4.999s] INFO:colcon.colcon_core.shell:Creating package script '/home/tukorea/ros2_ws/install/dss_ros2_bridge/share/dss_ros2_bridge/package.zsh'
[4.999s] Level 1:colcon.colcon_core.environment:create_file_with_runtime_dependencies(/home/tukorea/ros2_ws/install/dss_ros2_bridge/share/colcon-core/packages/dss_ros2_bridge)
[5.000s] Level 1:colcon.colcon_core.environment:create_environment_scripts_only(dss_ros2_bridge)
[5.000s] Level 1:colcon.colcon_core.environment:checking '/home/tukorea/ros2_ws/install/dss_ros2_bridge' for CMake module files
[5.000s] Level 1:colcon.colcon_core.environment:checking '/home/tukorea/ros2_ws/install/dss_ros2_bridge' for CMake config files
[5.000s] Level 1:colcon.colcon_core.shell:create_environment_hook('dss_ros2_bridge', 'cmake_prefix_path')
[5.000s] INFO:colcon.colcon_core.shell:Creating environment hook '/home/tukorea/ros2_ws/install/dss_ros2_bridge/share/dss_ros2_bridge/hook/cmake_prefix_path.ps1'
[5.000s] INFO:colcon.colcon_core.shell:Creating environment descriptor '/home/tukorea/ros2_ws/install/dss_ros2_bridge/share/dss_ros2_bridge/hook/cmake_prefix_path.dsv'
[5.000s] INFO:colcon.colcon_core.shell:Creating environment hook '/home/tukorea/ros2_ws/install/dss_ros2_bridge/share/dss_ros2_bridge/hook/cmake_prefix_path.sh'
[5.001s] Level 1:colcon.colcon_core.environment:checking '/home/tukorea/ros2_ws/install/dss_ros2_bridge/lib'
[5.001s] Level 1:colcon.colcon_core.shell:create_environment_hook('dss_ros2_bridge', 'ld_library_path_lib')
[5.001s] INFO:colcon.colcon_core.shell:Creating environment hook '/home/tukorea/ros2_ws/install/dss_ros2_bridge/share/dss_ros2_bridge/hook/ld_library_path_lib.ps1'
[5.001s] INFO:colcon.colcon_core.shell:Creating environment descriptor '/home/tukorea/ros2_ws/install/dss_ros2_bridge/share/dss_ros2_bridge/hook/ld_library_path_lib.dsv'
[5.001s] INFO:colcon.colcon_core.shell:Creating environment hook '/home/tukorea/ros2_ws/install/dss_ros2_bridge/share/dss_ros2_bridge/hook/ld_library_path_lib.sh'
[5.001s] Level 1:colcon.colcon_core.environment:checking '/home/tukorea/ros2_ws/install/dss_ros2_bridge/bin'
[5.001s] Level 1:colcon.colcon_core.environment:checking '/home/tukorea/ros2_ws/install/dss_ros2_bridge/lib/pkgconfig/dss_ros2_bridge.pc'
[5.001s] Level 1:colcon.colcon_core.environment:checking '/home/tukorea/ros2_ws/install/dss_ros2_bridge/lib/python3.10/site-packages'
[5.001s] Level 1:colcon.colcon_core.environment:checking '/home/tukorea/ros2_ws/install/dss_ros2_bridge/bin'
[5.001s] INFO:colcon.colcon_core.shell:Creating package script '/home/tukorea/ros2_ws/install/dss_ros2_bridge/share/dss_ros2_bridge/package.ps1'
[5.002s] INFO:colcon.colcon_core.shell:Creating package descriptor '/home/tukorea/ros2_ws/install/dss_ros2_bridge/share/dss_ros2_bridge/package.dsv'
[5.002s] INFO:colcon.colcon_core.shell:Creating package script '/home/tukorea/ros2_ws/install/dss_ros2_bridge/share/dss_ros2_bridge/package.sh'
[5.002s] INFO:colcon.colcon_core.shell:Creating package script '/home/tukorea/ros2_ws/install/dss_ros2_bridge/share/dss_ros2_bridge/package.bash'
[5.002s] INFO:colcon.colcon_core.shell:Creating package script '/home/tukorea/ros2_ws/install/dss_ros2_bridge/share/dss_ros2_bridge/package.zsh'
[5.002s] Level 1:colcon.colcon_core.environment:create_file_with_runtime_dependencies(/home/tukorea/ros2_ws/install/dss_ros2_bridge/share/colcon-core/packages/dss_ros2_bridge)
[11.195s] DEBUG:colcon.colcon_core.event_handler.log_command:Invoked command in '/home/tukorea/ros2_ws/build/lio_sam' returned '0': CMAKE_PREFIX_PATH=/opt/ros/humble /usr/bin/cmake /home/tukorea/ros2_ws/src/SLAM/LIO-SAM/lio_sam_ros2 -DCMAKE_INSTALL_PREFIX=/home/tukorea/ros2_ws/install/lio_sam
[11.195s] DEBUG:colcon.colcon_core.event_handler.log_command:Invoking command in '/home/tukorea/ros2_ws/build/lio_sam': CMAKE_PREFIX_PATH=/opt/ros/humble /usr/bin/cmake --build /home/tukorea/ros2_ws/build/lio_sam -- -j20 -l20
[11.241s] DEBUG:colcon.colcon_core.event_handler.log_command:Invoked command in '/home/tukorea/ros2_ws/build/dss_lio_sam' returned '0': CMAKE_PREFIX_PATH=/opt/ros/humble /usr/bin/cmake /home/tukorea/ros2_ws/src/SLAM/LIO-SAM/dss_lio_sam -DCMAKE_INSTALL_PREFIX=/home/tukorea/ros2_ws/install/dss_lio_sam
[11.242s] DEBUG:colcon.colcon_core.event_handler.log_command:Invoking command in '/home/tukorea/ros2_ws/build/dss_lio_sam': CMAKE_PREFIX_PATH=/opt/ros/humble /usr/bin/cmake --build /home/tukorea/ros2_ws/build/dss_lio_sam -- -j20 -l20
[11.383s] DEBUG:colcon.colcon_core.event_handler.log_command:Invoked command in '/home/tukorea/ros2_ws/build/lio_sam' returned '0': CMAKE_PREFIX_PATH=/opt/ros/humble /usr/bin/cmake --build /home/tukorea/ros2_ws/build/lio_sam -- -j20 -l20
[11.384s] DEBUG:colcon.colcon_core.event_handler.log_command:Invoking command in '/home/tukorea/ros2_ws/build/lio_sam': CMAKE_PREFIX_PATH=/opt/ros/humble /usr/bin/cmake --install /home/tukorea/ros2_ws/build/lio_sam
[11.417s] Level 1:colcon.colcon_core.environment:create_environment_scripts_only(lio_sam)
[11.418s] DEBUG:colcon.colcon_core.event_handler.log_command:Invoked command in '/home/tukorea/ros2_ws/build/lio_sam' returned '0': CMAKE_PREFIX_PATH=/opt/ros/humble /usr/bin/cmake --install /home/tukorea/ros2_ws/build/lio_sam
[11.418s] Level 1:colcon.colcon_core.environment:checking '/home/tukorea/ros2_ws/install/lio_sam' for CMake module files
[11.418s] Level 1:colcon.colcon_core.environment:checking '/home/tukorea/ros2_ws/install/lio_sam' for CMake config files
[11.418s] Level 1:colcon.colcon_core.shell:create_environment_hook('lio_sam', 'cmake_prefix_path')
[11.418s] INFO:colcon.colcon_core.shell:Creating environment hook '/home/tukorea/ros2_ws/install/lio_sam/share/lio_sam/hook/cmake_prefix_path.ps1'
[11.419s] INFO:colcon.colcon_core.shell:Creating environment descriptor '/home/tukorea/ros2_ws/install/lio_sam/share/lio_sam/hook/cmake_prefix_path.dsv'
[11.419s] INFO:colcon.colcon_core.shell:Creating environment hook '/home/tukorea/ros2_ws/install/lio_sam/share/lio_sam/hook/cmake_prefix_path.sh'
[11.419s] Level 1:colcon.colcon_core.environment:checking '/home/tukorea/ros2_ws/install/lio_sam/lib'
[11.419s] Level 1:colcon.colcon_core.shell:create_environment_hook('lio_sam', 'ld_library_path_lib')
[11.419s] INFO:colcon.colcon_core.shell:Creating environment hook '/home/tukorea/ros2_ws/install/lio_sam/share/lio_sam/hook/ld_library_path_lib.ps1'
[11.419s] INFO:colcon.colcon_core.shell:Creating environment descriptor '/home/tukorea/ros2_ws/install/lio_sam/share/lio_sam/hook/ld_library_path_lib.dsv'
[11.420s] INFO:colcon.colcon_core.shell:Creating environment hook '/home/tukorea/ros2_ws/install/lio_sam/share/lio_sam/hook/ld_library_path_lib.sh'
[11.420s] Level 1:colcon.colcon_core.environment:checking '/home/tukorea/ros2_ws/install/lio_sam/bin'
[11.420s] Level 1:colcon.colcon_core.environment:checking '/home/tukorea/ros2_ws/install/lio_sam/lib/pkgconfig/lio_sam.pc'
[11.420s] Level 1:colcon.colcon_core.environment:checking '/home/tukorea/ros2_ws/install/lio_sam/lib/python3.10/site-packages'
[11.420s] Level 1:colcon.colcon_core.environment:checking '/home/tukorea/ros2_ws/install/lio_sam/bin'
[11.420s] INFO:colcon.colcon_core.shell:Creating package script '/home/tukorea/ros2_ws/install/lio_sam/share/lio_sam/package.ps1'
[11.420s] INFO:colcon.colcon_core.shell:Creating package descriptor '/home/tukorea/ros2_ws/install/lio_sam/share/lio_sam/package.dsv'
[11.421s] INFO:colcon.colcon_core.shell:Creating package script '/home/tukorea/ros2_ws/install/lio_sam/share/lio_sam/package.sh'
[11.421s] INFO:colcon.colcon_core.shell:Creating package script '/home/tukorea/ros2_ws/install/lio_sam/share/lio_sam/package.bash'
[11.421s] INFO:colcon.colcon_core.shell:Creating package script '/home/tukorea/ros2_ws/install/lio_sam/share/lio_sam/package.zsh'
[11.421s] Level 1:colcon.colcon_core.environment:create_file_with_runtime_dependencies(/home/tukorea/ros2_ws/install/lio_sam/share/colcon-core/packages/lio_sam)
[11.421s] Level 1:colcon.colcon_core.environment:create_environment_scripts_only(lio_sam)
[11.421s] Level 1:colcon.colcon_core.environment:checking '/home/tukorea/ros2_ws/install/lio_sam' for CMake module files
[11.422s] Level 1:colcon.colcon_core.environment:checking '/home/tukorea/ros2_ws/install/lio_sam' for CMake config files
[11.422s] Level 1:colcon.colcon_core.shell:create_environment_hook('lio_sam', 'cmake_prefix_path')
[11.422s] INFO:colcon.colcon_core.shell:Creating environment hook '/home/tukorea/ros2_ws/install/lio_sam/share/lio_sam/hook/cmake_prefix_path.ps1'
[11.422s] INFO:colcon.colcon_core.shell:Creating environment descriptor '/home/tukorea/ros2_ws/install/lio_sam/share/lio_sam/hook/cmake_prefix_path.dsv'
[11.422s] INFO:colcon.colcon_core.shell:Creating environment hook '/home/tukorea/ros2_ws/install/lio_sam/share/lio_sam/hook/cmake_prefix_path.sh'
[11.423s] Level 1:colcon.colcon_core.environment:checking '/home/tukorea/ros2_ws/install/lio_sam/lib'
[11.423s] Level 1:colcon.colcon_core.shell:create_environment_hook('lio_sam', 'ld_library_path_lib')
[11.423s] INFO:colcon.colcon_core.shell:Creating environment hook '/home/tukorea/ros2_ws/install/lio_sam/share/lio_sam/hook/ld_library_path_lib.ps1'
[11.423s] INFO:colcon.colcon_core.shell:Creating environment descriptor '/home/tukorea/ros2_ws/install/lio_sam/share/lio_sam/hook/ld_library_path_lib.dsv'
[11.423s] INFO:colcon.colcon_core.shell:Creating environment hook '/home/tukorea/ros2_ws/install/lio_sam/share/lio_sam/hook/ld_library_path_lib.sh'
[11.423s] Level 1:colcon.colcon_core.environment:checking '/home/tukorea/ros2_ws/install/lio_sam/bin'
[11.423s] Level 1:colcon.colcon_core.environment:checking '/home/tukorea/ros2_ws/install/lio_sam/lib/pkgconfig/lio_sam.pc'
[11.423s] Level 1:colcon.colcon_core.environment:checking '/home/tukorea/ros2_ws/install/lio_sam/lib/python3.10/site-packages'
[11.423s] Level 1:colcon.colcon_core.environment:checking '/home/tukorea/ros2_ws/install/lio_sam/bin'
[11.424s] INFO:colcon.colcon_core.shell:Creating package script '/home/tukorea/ros2_ws/install/lio_sam/share/lio_sam/package.ps1'
[11.424s] INFO:colcon.colcon_core.shell:Creating package descriptor '/home/tukorea/ros2_ws/install/lio_sam/share/lio_sam/package.dsv'
[11.424s] INFO:colcon.colcon_core.shell:Creating package script '/home/tukorea/ros2_ws/install/lio_sam/share/lio_sam/package.sh'
[11.424s] INFO:colcon.colcon_core.shell:Creating package script '/home/tukorea/ros2_ws/install/lio_sam/share/lio_sam/package.bash'
[11.424s] INFO:colcon.colcon_core.shell:Creating package script '/home/tukorea/ros2_ws/install/lio_sam/share/lio_sam/package.zsh'
[11.424s] Level 1:colcon.colcon_core.environment:create_file_with_runtime_dependencies(/home/tukorea/ros2_ws/install/lio_sam/share/colcon-core/packages/lio_sam)
[11.426s] DEBUG:colcon.colcon_core.event_handler.log_command:Invoked command in '/home/tukorea/ros2_ws/build/dss_lio_sam' returned '0': CMAKE_PREFIX_PATH=/opt/ros/humble /usr/bin/cmake --build /home/tukorea/ros2_ws/build/dss_lio_sam -- -j20 -l20
[11.426s] DEBUG:colcon.colcon_core.event_handler.log_command:Invoking command in '/home/tukorea/ros2_ws/build/dss_lio_sam': CMAKE_PREFIX_PATH=/opt/ros/humble /usr/bin/cmake --install /home/tukorea/ros2_ws/build/dss_lio_sam
[11.442s] DEBUG:colcon.colcon_core.event_handler.log_command:Invoked command in '/home/tukorea/ros2_ws/build/livox_lio_sam' returned '0': CMAKE_PREFIX_PATH=/opt/ros/humble /usr/bin/cmake /home/tukorea/ros2_ws/src/SLAM/LIO-SAM/livox_lio_sam -DCMAKE_INSTALL_PREFIX=/home/tukorea/ros2_ws/install/livox_lio_sam
[11.444s] DEBUG:colcon.colcon_core.event_handler.log_command:Invoking command in '/home/tukorea/ros2_ws/build/livox_lio_sam': CMAKE_PREFIX_PATH=/opt/ros/humble /usr/bin/cmake --build /home/tukorea/ros2_ws/build/livox_lio_sam -- -j20 -l20
[11.458s] Level 1:colcon.colcon_core.environment:create_environment_scripts_only(dss_lio_sam)
[11.458s] Level 1:colcon.colcon_core.environment:checking '/home/tukorea/ros2_ws/install/dss_lio_sam' for CMake module files
[11.460s] DEBUG:colcon.colcon_core.event_handler.log_command:Invoked command in '/home/tukorea/ros2_ws/build/dss_lio_sam' returned '0': CMAKE_PREFIX_PATH=/opt/ros/humble /usr/bin/cmake --install /home/tukorea/ros2_ws/build/dss_lio_sam
[11.460s] Level 1:colcon.colcon_core.environment:checking '/home/tukorea/ros2_ws/install/dss_lio_sam' for CMake config files
[11.460s] Level 1:colcon.colcon_core.shell:create_environment_hook('dss_lio_sam', 'cmake_prefix_path')
[11.460s] INFO:colcon.colcon_core.shell:Creating environment hook '/home/tukorea/ros2_ws/install/dss_lio_sam/share/dss_lio_sam/hook/cmake_prefix_path.ps1'
[11.460s] INFO:colcon.colcon_core.shell:Creating environment descriptor '/home/tukorea/ros2_ws/install/dss_lio_sam/share/dss_lio_sam/hook/cmake_prefix_path.dsv'
[11.461s] INFO:colcon.colcon_core.shell:Creating environment hook '/home/tukorea/ros2_ws/install/dss_lio_sam/share/dss_lio_sam/hook/cmake_prefix_path.sh'
[11.461s] Level 1:colcon.colcon_core.environment:checking '/home/tukorea/ros2_ws/install/dss_lio_sam/lib'
[11.461s] Level 1:colcon.colcon_core.shell:create_environment_hook('dss_lio_sam', 'ld_library_path_lib')
[11.461s] INFO:colcon.colcon_core.shell:Creating environment hook '/home/tukorea/ros2_ws/install/dss_lio_sam/share/dss_lio_sam/hook/ld_library_path_lib.ps1'
[11.461s] INFO:colcon.colcon_core.shell:Creating environment descriptor '/home/tukorea/ros2_ws/install/dss_lio_sam/share/dss_lio_sam/hook/ld_library_path_lib.dsv'
[11.461s] INFO:colcon.colcon_core.shell:Creating environment hook '/home/tukorea/ros2_ws/install/dss_lio_sam/share/dss_lio_sam/hook/ld_library_path_lib.sh'
[11.461s] Level 1:colcon.colcon_core.environment:checking '/home/tukorea/ros2_ws/install/dss_lio_sam/bin'
[11.461s] Level 1:colcon.colcon_core.environment:checking '/home/tukorea/ros2_ws/install/dss_lio_sam/lib/pkgconfig/dss_lio_sam.pc'
[11.462s] Level 1:colcon.colcon_core.environment:checking '/home/tukorea/ros2_ws/install/dss_lio_sam/lib/python3.10/site-packages'
[11.462s] Level 1:colcon.colcon_core.environment:checking '/home/tukorea/ros2_ws/install/dss_lio_sam/bin'
[11.462s] INFO:colcon.colcon_core.shell:Creating package script '/home/tukorea/ros2_ws/install/dss_lio_sam/share/dss_lio_sam/package.ps1'
[11.462s] INFO:colcon.colcon_core.shell:Creating package descriptor '/home/tukorea/ros2_ws/install/dss_lio_sam/share/dss_lio_sam/package.dsv'
[11.462s] INFO:colcon.colcon_core.shell:Creating package script '/home/tukorea/ros2_ws/install/dss_lio_sam/share/dss_lio_sam/package.sh'
[11.462s] INFO:colcon.colcon_core.shell:Creating package script '/home/tukorea/ros2_ws/install/dss_lio_sam/share/dss_lio_sam/package.bash'
[11.463s] INFO:colcon.colcon_core.shell:Creating package script '/home/tukorea/ros2_ws/install/dss_lio_sam/share/dss_lio_sam/package.zsh'
[11.463s] Level 1:colcon.colcon_core.environment:create_file_with_runtime_dependencies(/home/tukorea/ros2_ws/install/dss_lio_sam/share/colcon-core/packages/dss_lio_sam)
[11.463s] Level 1:colcon.colcon_core.environment:create_environment_scripts_only(dss_lio_sam)
[11.463s] Level 1:colcon.colcon_core.environment:checking '/home/tukorea/ros2_ws/install/dss_lio_sam' for CMake module files
[11.463s] Level 1:colcon.colcon_core.environment:checking '/home/tukorea/ros2_ws/install/dss_lio_sam' for CMake config files
[11.463s] Level 1:colcon.colcon_core.shell:create_environment_hook('dss_lio_sam', 'cmake_prefix_path')
[11.463s] INFO:colcon.colcon_core.shell:Creating environment hook '/home/tukorea/ros2_ws/install/dss_lio_sam/share/dss_lio_sam/hook/cmake_prefix_path.ps1'
[11.464s] INFO:colcon.colcon_core.shell:Creating environment descriptor '/home/tukorea/ros2_ws/install/dss_lio_sam/share/dss_lio_sam/hook/cmake_prefix_path.dsv'
[11.464s] INFO:colcon.colcon_core.shell:Creating environment hook '/home/tukorea/ros2_ws/install/dss_lio_sam/share/dss_lio_sam/hook/cmake_prefix_path.sh'
[11.464s] Level 1:colcon.colcon_core.environment:checking '/home/tukorea/ros2_ws/install/dss_lio_sam/lib'
[11.464s] Level 1:colcon.colcon_core.shell:create_environment_hook('dss_lio_sam', 'ld_library_path_lib')
[11.464s] INFO:colcon.colcon_core.shell:Creating environment hook '/home/tukorea/ros2_ws/install/dss_lio_sam/share/dss_lio_sam/hook/ld_library_path_lib.ps1'
[11.464s] INFO:colcon.colcon_core.shell:Creating environment descriptor '/home/tukorea/ros2_ws/install/dss_lio_sam/share/dss_lio_sam/hook/ld_library_path_lib.dsv'
[11.465s] INFO:colcon.colcon_core.shell:Creating environment hook '/home/tukorea/ros2_ws/install/dss_lio_sam/share/dss_lio_sam/hook/ld_library_path_lib.sh'
[11.465s] Level 1:colcon.colcon_core.environment:checking '/home/tukorea/ros2_ws/install/dss_lio_sam/bin'
[11.465s] Level 1:colcon.colcon_core.environment:checking '/home/tukorea/ros2_ws/install/dss_lio_sam/lib/pkgconfig/dss_lio_sam.pc'
[11.465s] Level 1:colcon.colcon_core.environment:checking '/home/tukorea/ros2_ws/install/dss_lio_sam/lib/python3.10/site-packages'
[11.465s] Level 1:colcon.colcon_core.environment:checking '/home/tukorea/ros2_ws/install/dss_lio_sam/bin'
[11.465s] INFO:colcon.colcon_core.shell:Creating package script '/home/tukorea/ros2_ws/install/dss_lio_sam/share/dss_lio_sam/package.ps1'
[11.465s] INFO:colcon.colcon_core.shell:Creating package descriptor '/home/tukorea/ros2_ws/install/dss_lio_sam/share/dss_lio_sam/package.dsv'
[11.466s] INFO:colcon.colcon_core.shell:Creating package script '/home/tukorea/ros2_ws/install/dss_lio_sam/share/dss_lio_sam/package.sh'
[11.466s] INFO:colcon.colcon_core.shell:Creating package script '/home/tukorea/ros2_ws/install/dss_lio_sam/share/dss_lio_sam/package.bash'
[11.466s] INFO:colcon.colcon_core.shell:Creating package script '/home/tukorea/ros2_ws/install/dss_lio_sam/share/dss_lio_sam/package.zsh'
[11.466s] Level 1:colcon.colcon_core.environment:create_file_with_runtime_dependencies(/home/tukorea/ros2_ws/install/dss_lio_sam/share/colcon-core/packages/dss_lio_sam)
[11.622s] DEBUG:colcon.colcon_core.event_handler.log_command:Invoked command in '/home/tukorea/ros2_ws/build/livox_lio_sam' returned '0': CMAKE_PREFIX_PATH=/opt/ros/humble /usr/bin/cmake --build /home/tukorea/ros2_ws/build/livox_lio_sam -- -j20 -l20
[11.623s] DEBUG:colcon.colcon_core.event_handler.log_command:Invoking command in '/home/tukorea/ros2_ws/build/livox_lio_sam': CMAKE_PREFIX_PATH=/opt/ros/humble /usr/bin/cmake --install /home/tukorea/ros2_ws/build/livox_lio_sam
[11.652s] Level 1:colcon.colcon_core.environment:create_environment_scripts_only(livox_lio_sam)
[11.652s] DEBUG:colcon.colcon_core.event_handler.log_command:Invoked command in '/home/tukorea/ros2_ws/build/livox_lio_sam' returned '0': CMAKE_PREFIX_PATH=/opt/ros/humble /usr/bin/cmake --install /home/tukorea/ros2_ws/build/livox_lio_sam
[11.652s] Level 1:colcon.colcon_core.environment:checking '/home/tukorea/ros2_ws/install/livox_lio_sam' for CMake module files
[11.653s] Level 1:colcon.colcon_core.environment:checking '/home/tukorea/ros2_ws/install/livox_lio_sam' for CMake config files
[11.653s] Level 1:colcon.colcon_core.shell:create_environment_hook('livox_lio_sam', 'cmake_prefix_path')
[11.653s] INFO:colcon.colcon_core.shell:Creating environment hook '/home/tukorea/ros2_ws/install/livox_lio_sam/share/livox_lio_sam/hook/cmake_prefix_path.ps1'
[11.653s] INFO:colcon.colcon_core.shell:Creating environment descriptor '/home/tukorea/ros2_ws/install/livox_lio_sam/share/livox_lio_sam/hook/cmake_prefix_path.dsv'
[11.654s] INFO:colcon.colcon_core.shell:Creating environment hook '/home/tukorea/ros2_ws/install/livox_lio_sam/share/livox_lio_sam/hook/cmake_prefix_path.sh'
[11.654s] Level 1:colcon.colcon_core.environment:checking '/home/tukorea/ros2_ws/install/livox_lio_sam/lib'
[11.654s] Level 1:colcon.colcon_core.shell:create_environment_hook('livox_lio_sam', 'ld_library_path_lib')
[11.654s] INFO:colcon.colcon_core.shell:Creating environment hook '/home/tukorea/ros2_ws/install/livox_lio_sam/share/livox_lio_sam/hook/ld_library_path_lib.ps1'
[11.654s] INFO:colcon.colcon_core.shell:Creating environment descriptor '/home/tukorea/ros2_ws/install/livox_lio_sam/share/livox_lio_sam/hook/ld_library_path_lib.dsv'
[11.654s] INFO:colcon.colcon_core.shell:Creating environment hook '/home/tukorea/ros2_ws/install/livox_lio_sam/share/livox_lio_sam/hook/ld_library_path_lib.sh'
[11.655s] Level 1:colcon.colcon_core.environment:checking '/home/tukorea/ros2_ws/install/livox_lio_sam/bin'
[11.655s] Level 1:colcon.colcon_core.environment:checking '/home/tukorea/ros2_ws/install/livox_lio_sam/lib/pkgconfig/livox_lio_sam.pc'
[11.655s] Level 1:colcon.colcon_core.environment:checking '/home/tukorea/ros2_ws/install/livox_lio_sam/lib/python3.10/site-packages'
[11.655s] Level 1:colcon.colcon_core.environment:checking '/home/tukorea/ros2_ws/install/livox_lio_sam/bin'
[11.655s] INFO:colcon.colcon_core.shell:Creating package script '/home/tukorea/ros2_ws/install/livox_lio_sam/share/livox_lio_sam/package.ps1'
[11.655s] INFO:colcon.colcon_core.shell:Creating package descriptor '/home/tukorea/ros2_ws/install/livox_lio_sam/share/livox_lio_sam/package.dsv'
[11.656s] INFO:colcon.colcon_core.shell:Creating package script '/home/tukorea/ros2_ws/install/livox_lio_sam/share/livox_lio_sam/package.sh'
[11.656s] INFO:colcon.colcon_core.shell:Creating package script '/home/tukorea/ros2_ws/install/livox_lio_sam/share/livox_lio_sam/package.bash'
[11.656s] INFO:colcon.colcon_core.shell:Creating package script '/home/tukorea/ros2_ws/install/livox_lio_sam/share/livox_lio_sam/package.zsh'
[11.656s] Level 1:colcon.colcon_core.environment:create_file_with_runtime_dependencies(/home/tukorea/ros2_ws/install/livox_lio_sam/share/colcon-core/packages/livox_lio_sam)
[11.656s] Level 1:colcon.colcon_core.environment:create_environment_scripts_only(livox_lio_sam)
[11.657s] Level 1:colcon.colcon_core.environment:checking '/home/tukorea/ros2_ws/install/livox_lio_sam' for CMake module files
[11.657s] Level 1:colcon.colcon_core.environment:checking '/home/tukorea/ros2_ws/install/livox_lio_sam' for CMake config files
[11.657s] Level 1:colcon.colcon_core.shell:create_environment_hook('livox_lio_sam', 'cmake_prefix_path')
[11.657s] INFO:colcon.colcon_core.shell:Creating environment hook '/home/tukorea/ros2_ws/install/livox_lio_sam/share/livox_lio_sam/hook/cmake_prefix_path.ps1'
[11.657s] INFO:colcon.colcon_core.shell:Creating environment descriptor '/home/tukorea/ros2_ws/install/livox_lio_sam/share/livox_lio_sam/hook/cmake_prefix_path.dsv'
[11.657s] INFO:colcon.colcon_core.shell:Creating environment hook '/home/tukorea/ros2_ws/install/livox_lio_sam/share/livox_lio_sam/hook/cmake_prefix_path.sh'
[11.657s] Level 1:colcon.colcon_core.environment:checking '/home/tukorea/ros2_ws/install/livox_lio_sam/lib'
[11.658s] Level 1:colcon.colcon_core.shell:create_environment_hook('livox_lio_sam', 'ld_library_path_lib')
[11.658s] INFO:colcon.colcon_core.shell:Creating environment hook '/home/tukorea/ros2_ws/install/livox_lio_sam/share/livox_lio_sam/hook/ld_library_path_lib.ps1'
[11.658s] INFO:colcon.colcon_core.shell:Creating environment descriptor '/home/tukorea/ros2_ws/install/livox_lio_sam/share/livox_lio_sam/hook/ld_library_path_lib.dsv'
[11.658s] INFO:colcon.colcon_core.shell:Creating environment hook '/home/tukorea/ros2_ws/install/livox_lio_sam/share/livox_lio_sam/hook/ld_library_path_lib.sh'
[11.658s] Level 1:colcon.colcon_core.environment:checking '/home/tukorea/ros2_ws/install/livox_lio_sam/bin'
[11.658s] Level 1:colcon.colcon_core.environment:checking '/home/tukorea/ros2_ws/install/livox_lio_sam/lib/pkgconfig/livox_lio_sam.pc'
[11.658s] Level 1:colcon.colcon_core.environment:checking '/home/tukorea/ros2_ws/install/livox_lio_sam/lib/python3.10/site-packages'
[11.658s] Level 1:colcon.colcon_core.environment:checking '/home/tukorea/ros2_ws/install/livox_lio_sam/bin'
[11.658s] INFO:colcon.colcon_core.shell:Creating package script '/home/tukorea/ros2_ws/install/livox_lio_sam/share/livox_lio_sam/package.ps1'
[11.659s] INFO:colcon.colcon_core.shell:Creating package descriptor '/home/tukorea/ros2_ws/install/livox_lio_sam/share/livox_lio_sam/package.dsv'
[11.659s] INFO:colcon.colcon_core.shell:Creating package script '/home/tukorea/ros2_ws/install/livox_lio_sam/share/livox_lio_sam/package.sh'
[11.659s] INFO:colcon.colcon_core.shell:Creating package script '/home/tukorea/ros2_ws/install/livox_lio_sam/share/livox_lio_sam/package.bash'
[11.659s] INFO:colcon.colcon_core.shell:Creating package script '/home/tukorea/ros2_ws/install/livox_lio_sam/share/livox_lio_sam/package.zsh'
[11.659s] Level 1:colcon.colcon_core.environment:create_file_with_runtime_dependencies(/home/tukorea/ros2_ws/install/livox_lio_sam/share/colcon-core/packages/livox_lio_sam)
[11.659s] DEBUG:colcon.colcon_parallel_executor.executor.parallel:closing loop
[11.660s] DEBUG:colcon.colcon_parallel_executor.executor.parallel:loop closed
[11.660s] DEBUG:colcon.colcon_parallel_executor.executor.parallel:run_until_complete finished with '0'
[11.660s] DEBUG:colcon.colcon_core.event_reactor:joining thread
[11.687s] INFO:colcon.colcon_core.plugin_system:Skipping extension 'colcon_notification.desktop_notification.notify_send': Could not find 'notify-send'
[11.687s] INFO:colcon.colcon_core.plugin_system:Skipping extension 'colcon_notification.desktop_notification.terminal_notifier': Not used on non-Darwin systems
[11.688s] INFO:colcon.colcon_core.plugin_system:Skipping extension 'colcon_notification.desktop_notification.win32': Not used on non-Windows systems
[11.688s] INFO:colcon.colcon_notification.desktop_notification:Sending desktop notification using 'notify2'
[11.688s] DEBUG:colcon.colcon_notification.desktop_notification.notify2:Failed to initialize notify2: org.freedesktop.DBus.Error.FileNotFound: Failed to connect to socket /run/user/1000/bus: No such file or directory
[11.688s] DEBUG:colcon.colcon_core.event_reactor:joined thread
[11.688s] INFO:colcon.colcon_core.shell:Creating prefix script '/home/tukorea/ros2_ws/install/local_setup.ps1'
[11.688s] INFO:colcon.colcon_core.shell:Creating prefix util module '/home/tukorea/ros2_ws/install/_local_setup_util_ps1.py'
[11.689s] INFO:colcon.colcon_core.shell:Creating prefix chain script '/home/tukorea/ros2_ws/install/setup.ps1'
[11.689s] INFO:colcon.colcon_core.shell:Creating prefix script '/home/tukorea/ros2_ws/install/local_setup.sh'
[11.690s] INFO:colcon.colcon_core.shell:Creating prefix util module '/home/tukorea/ros2_ws/install/_local_setup_util_sh.py'
[11.690s] INFO:colcon.colcon_core.shell:Creating prefix chain script '/home/tukorea/ros2_ws/install/setup.sh'
[11.690s] INFO:colcon.colcon_core.shell:Creating prefix script '/home/tukorea/ros2_ws/install/local_setup.bash'
[11.690s] INFO:colcon.colcon_core.shell:Creating prefix chain script '/home/tukorea/ros2_ws/install/setup.bash'
[11.691s] INFO:colcon.colcon_core.shell:Creating prefix script '/home/tukorea/ros2_ws/install/local_setup.zsh'
[11.691s] INFO:colcon.colcon_core.shell:Creating prefix chain script '/home/tukorea/ros2_ws/install/setup.zsh'
