[0.006s] Invoking command in '/home/tukorea/ros2_ws/build/dss_ros2_bridge': CMAKE_PREFIX_PATH=/opt/ros/humble /usr/bin/cmake /home/tukorea/ros2_ws/src/dss_ros2_bridge/dss_ros2_bridge -DAMENT_CMAKE_SYMLINK_INSTALL=1 -DCMAKE_INSTALL_PREFIX=/home/tukorea/ros2_ws/install/dss_ros2_bridge
[0.090s] -- The C compiler identification is GNU 11.4.0
[0.303s] -- The CXX compiler identification is GNU 11.4.0
[0.425s] -- Detecting C compiler ABI info
[0.480s] -- Detecting C compiler ABI info - done
[0.483s] -- Check for working C compiler: /usr/bin/cc - skipped
[0.484s] -- Detecting C compile features
[0.484s] -- Detecting C compile features - done
[0.486s] -- Detecting CXX compiler ABI info
[0.547s] -- Detecting CXX compiler ABI info - done
[0.550s] -- Check for working CXX compiler: /usr/bin/c++ - skipped
[0.550s] -- Detecting CXX compile features
[0.550s] -- Detecting CXX compile features - done
[0.553s] -- Found ament_cmake: 1.3.12 (/opt/ros/humble/share/ament_cmake/cmake)
[0.624s] -- Found Python3: /usr/bin/python3 (found version "3.10.12") found components: Interpreter 
[0.661s] -- Override CMake install command with custom implementation using symlinks instead of copying resources
[0.681s] -- Found rclcpp: 16.0.17 (/opt/ros/humble/share/rclcpp/cmake)
[0.753s] -- Found rosidl_generator_c: 3.1.8 (/opt/ros/humble/share/rosidl_generator_c/cmake)
[0.755s] -- Found rosidl_adapter: 3.1.8 (/opt/ros/humble/share/rosidl_adapter/cmake)
[0.761s] -- Found rosidl_generator_cpp: 3.1.8 (/opt/ros/humble/share/rosidl_generator_cpp/cmake)
[0.771s] -- Using all available rosidl_typesupport_c: rosidl_typesupport_fastrtps_c;rosidl_typesupport_introspection_c
[0.780s] -- Using all available rosidl_typesupport_cpp: rosidl_typesupport_fastrtps_cpp;rosidl_typesupport_introspection_cpp
[0.812s] -- Found rmw_implementation_cmake: 6.1.2 (/opt/ros/humble/share/rmw_implementation_cmake/cmake)
[0.814s] -- Found rmw_fastrtps_cpp: 6.2.9 (/opt/ros/humble/share/rmw_fastrtps_cpp/cmake)
[1.371s] -- Found OpenSSL: /usr/lib/x86_64-linux-gnu/libcrypto.so (found version "3.0.2")  
[1.887s] -- Found FastRTPS: /opt/ros/humble/include  
[2.794s] -- Using RMW implementation 'rmw_fastrtps_cpp' as default
[2.802s] -- Looking for pthread.h
[2.874s] -- Looking for pthread.h - found
[2.874s] -- Performing Test CMAKE_HAVE_LIBC_PTHREAD
[2.928s] -- Performing Test CMAKE_HAVE_LIBC_PTHREAD - Success
[2.929s] -- Found Threads: TRUE  
[2.964s] -- Found rclpy: 3.3.19 (/opt/ros/humble/share/rclpy/cmake)
[2.965s] -- Found cv_bridge: 3.2.1 (/opt/ros/humble/share/cv_bridge/cmake)
[2.996s] -- Found nav_msgs: 4.9.0 (/opt/ros/humble/share/nav_msgs/cmake)
[3.006s] -- Found visualization_msgs: 4.9.0 (/opt/ros/humble/share/visualization_msgs/cmake)
[3.018s] -- Found OpenCV: /usr (found version "4.5.4") 
[3.139s] -- Found Protobuf: /usr/local/lib/libprotobuf.so (found suitable version "3.15.8", minimum required is "3.15") 
[3.141s] -- Found rosidl_default_generators: 1.2.0 (/opt/ros/humble/share/rosidl_default_generators/cmake)
[3.271s] -- Found ament_cmake_ros: 0.10.0 (/opt/ros/humble/share/ament_cmake_ros/cmake)
[3.412s] -- Using all available rosidl_typesupport_c: rosidl_typesupport_fastrtps_c;rosidl_typesupport_introspection_c
[3.465s] -- Using all available rosidl_typesupport_cpp: rosidl_typesupport_fastrtps_cpp;rosidl_typesupport_introspection_cpp
[3.504s] -- Found PythonInterp: /usr/bin/python3 (found suitable version "3.10.12", minimum required is "3.6") 
[3.506s] -- Found python_cmake_module: 0.10.0 (/opt/ros/humble/share/python_cmake_module/cmake)
[3.606s] -- Found PythonLibs: /usr/lib/x86_64-linux-gnu/libpython3.10.so (found suitable version "3.10.12", minimum required is "3.5") 
[3.606s] -- Using PYTHON_EXECUTABLE: /usr/bin/python3
[3.606s] -- Using PYTHON_INCLUDE_DIRS: /usr/include/python3.10
[3.606s] -- Using PYTHON_LIBRARIES: /usr/lib/x86_64-linux-gnu/libpython3.10.so
[3.616s] -- Found PythonExtra: .so  
[3.657s] -- Configuring done
[3.689s] -- Generating done
[3.698s] -- Build files have been written to: /home/tukorea/ros2_ws/build/dss_ros2_bridge
[3.707s] Invoked command in '/home/tukorea/ros2_ws/build/dss_ros2_bridge' returned '0': CMAKE_PREFIX_PATH=/opt/ros/humble /usr/bin/cmake /home/tukorea/ros2_ws/src/dss_ros2_bridge/dss_ros2_bridge -DAMENT_CMAKE_SYMLINK_INSTALL=1 -DCMAKE_INSTALL_PREFIX=/home/tukorea/ros2_ws/install/dss_ros2_bridge
[3.708s] Invoking command in '/home/tukorea/ros2_ws/build/dss_ros2_bridge': CMAKE_PREFIX_PATH=/opt/ros/humble /usr/bin/cmake --build /home/tukorea/ros2_ws/build/dss_ros2_bridge -- -j20 -l20
[3.728s] [  1%] [34m[1mGenerating C code for ROS interfaces[0m
[3.732s] [  3%] [34m[1mGenerating C++ code for ROS interfaces[0m
[3.736s] [  3%] Built target ament_cmake_python_symlink_dss_ros2_bridge
[3.831s] running egg_info
[3.831s] creating dss_ros2_bridge.egg-info
[3.831s] writing dss_ros2_bridge.egg-info/PKG-INFO
[3.831s] writing dependency_links to dss_ros2_bridge.egg-info/dependency_links.txt
[3.832s] writing top-level names to dss_ros2_bridge.egg-info/top_level.txt
[3.832s] writing manifest file 'dss_ros2_bridge.egg-info/SOURCES.txt'
[3.833s] reading manifest file 'dss_ros2_bridge.egg-info/SOURCES.txt'
[3.834s] writing manifest file 'dss_ros2_bridge.egg-info/SOURCES.txt'
[3.835s] [  3%] Built target dss_ros2_bridge__cpp
[3.840s] [  7%] [34m[1mGenerating C++ introspection for ROS interfaces[0m
[3.840s] [  7%] [34m[1mGenerating C++ type support dispatch for ROS interfaces[0m
[3.840s] [  8%] [34m[1mGenerating C++ type support for eProsima Fast-RTPS[0m
[3.840s] [ 10%] [32mBuilding C object CMakeFiles/dss_ros2_bridge__rosidl_generator_c.dir/rosidl_generator_c/dss_ros2_bridge/msg/detail/dss_control__functions.c.o[0m
[3.847s] [ 10%] Built target ament_cmake_python_build_dss_ros2_bridge_egg
[3.865s] [ 12%] [32m[1mLinking C shared library libdss_ros2_bridge__rosidl_generator_c.so[0m
[3.907s] [ 12%] Built target dss_ros2_bridge__rosidl_generator_c
[3.912s] [ 16%] [34m[1mGenerating C introspection for ROS interfaces[0m
[3.912s] [ 16%] [34m[1mGenerating C type support for eProsima Fast-RTPS[0m
[3.913s] [ 17%] [34m[1mGenerating C type support dispatch for ROS interfaces[0m
[3.929s] [ 19%] [32mBuilding CXX object CMakeFiles/dss_ros2_bridge__rosidl_typesupport_cpp.dir/rosidl_typesupport_cpp/dss_ros2_bridge/msg/dss_control__type_support.cpp.o[0m
[3.934s] [ 21%] [32mBuilding CXX object CMakeFiles/dss_ros2_bridge__rosidl_typesupport_introspection_cpp.dir/rosidl_typesupport_introspection_cpp/dss_ros2_bridge/msg/detail/dss_control__type_support.cpp.o[0m
[3.938s] [ 23%] [32mBuilding CXX object CMakeFiles/dss_ros2_bridge__rosidl_typesupport_fastrtps_cpp.dir/rosidl_typesupport_fastrtps_cpp/dss_ros2_bridge/msg/detail/dds_fastrtps/dss_control__type_support.cpp.o[0m
[4.007s] [ 25%] [32mBuilding CXX object CMakeFiles/dss_ros2_bridge__rosidl_typesupport_c.dir/rosidl_typesupport_c/dss_ros2_bridge/msg/dss_control__type_support.cpp.o[0m
[4.011s] [ 26%] [32mBuilding C object CMakeFiles/dss_ros2_bridge__rosidl_typesupport_introspection_c.dir/rosidl_typesupport_introspection_c/dss_ros2_bridge/msg/detail/dss_control__type_support.c.o[0m
[4.015s] [ 28%] [32mBuilding CXX object CMakeFiles/dss_ros2_bridge__rosidl_typesupport_fastrtps_c.dir/rosidl_typesupport_fastrtps_c/dss_ros2_bridge/msg/detail/dss_control__type_support_c.cpp.o[0m
[4.021s] [ 30%] [32m[1mLinking CXX shared library libdss_ros2_bridge__rosidl_typesupport_c.so[0m
[4.027s] [ 32%] [32m[1mLinking C shared library libdss_ros2_bridge__rosidl_typesupport_introspection_c.so[0m
[4.050s] [ 33%] [32m[1mLinking CXX shared library libdss_ros2_bridge__rosidl_typesupport_cpp.so[0m
[4.079s] [ 33%] Built target dss_ros2_bridge__rosidl_typesupport_introspection_c
[4.079s] [ 33%] Built target dss_ros2_bridge__rosidl_typesupport_c
[4.101s] [ 35%] [32m[1mLinking CXX shared library libdss_ros2_bridge__rosidl_typesupport_introspection_cpp.so[0m
[4.102s] [ 35%] Built target dss_ros2_bridge__rosidl_typesupport_cpp
[4.112s] [ 39%] [32mBuilding CXX object CMakeFiles/DSSToROSPointCloudNode.dir/src/DSSToROSPointCloud.cpp.o[0m
[4.112s] [ 39%] [32mBuilding CXX object CMakeFiles/DSSToROSImageNode.dir/src/defaultGateway.cpp.o[0m
[4.113s] [ 41%] [32mBuilding CXX object CMakeFiles/DSSToROSPointCloudNode.dir/src/dss.pb.cc.o[0m
[4.113s] [ 42%] [32mBuilding CXX object CMakeFiles/DSSToROSGpsNode.dir/src/dss.pb.cc.o[0m
[4.113s] [ 44%] [32mBuilding CXX object CMakeFiles/DSSDemoNode.dir/src/DSSDemo.cpp.o[0m
[4.114s] [ 46%] [32m[1mLinking CXX shared library libdss_ros2_bridge__rosidl_typesupport_fastrtps_cpp.so[0m
[4.114s] [ 48%] [32mBuilding CXX object CMakeFiles/DSSDemoNode.dir/src/dss.pb.cc.o[0m
[4.115s] [ 51%] [32mBuilding CXX object CMakeFiles/DSSToROSImageNode.dir/src/dss.pb.cc.o[0m
[4.115s] [ 51%] [32mBuilding CXX object CMakeFiles/DSSToROSGpsNode.dir/src/defaultGateway.cpp.o[0m
[4.116s] [ 53%] [32mBuilding CXX object CMakeFiles/DSSToROSImageNode.dir/src/DSSToROSImage.cpp.o[0m
[4.116s] [ 55%] [32mBuilding CXX object CMakeFiles/DSSToROSPointCloudNode.dir/src/defaultGateway.cpp.o[0m
[4.116s] [ 57%] [32mBuilding CXX object CMakeFiles/DSSDemoNode.dir/src/DSS.VSSClient.cpp.o[0m
[4.116s] [ 58%] [32mBuilding CXX object CMakeFiles/DSSDemoNode.dir/src/defaultGateway.cpp.o[0m
[4.117s] [ 62%] [32mBuilding CXX object CMakeFiles/DSSToROSClockNode.dir/src/defaultGateway.cpp.o[0m
[4.117s] [ 62%] [32mBuilding CXX object CMakeFiles/DSSToROSClockNode.dir/src/DSSToROSClock.cpp.o[0m
[4.117s] [ 64%] [32mBuilding CXX object CMakeFiles/DSSToROSClockNode.dir/src/dss.pb.cc.o[0m
[4.118s] [ 66%] [32mBuilding CXX object CMakeFiles/DSSToROSIMUNode.dir/src/DSSToROSIMU.cpp.o[0m
[4.121s] [ 67%] [32mBuilding CXX object CMakeFiles/DSSToROSGpsNode.dir/src/DSSToROSGps.cpp.o[0m
[4.188s] [ 69%] [32m[1mLinking CXX shared library libdss_ros2_bridge__rosidl_typesupport_fastrtps_c.so[0m
[4.195s] [ 69%] Built target dss_ros2_bridge__rosidl_typesupport_introspection_cpp
[4.203s] [ 71%] [32mBuilding CXX object CMakeFiles/DSSToROSIMUNode.dir/src/dss.pb.cc.o[0m
[4.234s] [ 71%] Built target dss_ros2_bridge__rosidl_typesupport_fastrtps_cpp
[4.242s] [ 73%] [32mBuilding CXX object CMakeFiles/DSSToROSIMUNode.dir/src/defaultGateway.cpp.o[0m
[4.322s] [ 73%] Built target dss_ros2_bridge__rosidl_typesupport_fastrtps_c
[4.336s] [ 73%] Built target dss_ros2_bridge
[4.349s] [ 75%] [34m[1mGenerating Python code for ROS interfaces[0m
[4.518s] [ 75%] Built target dss_ros2_bridge__py
[4.531s] [ 76%] [32mBuilding C object CMakeFiles/dss_ros2_bridge__rosidl_generator_py.dir/rosidl_generator_py/dss_ros2_bridge/msg/_dss_control_s.c.o[0m
[4.601s] [ 78%] [32m[1mLinking C shared library rosidl_generator_py/dss_ros2_bridge/libdss_ros2_bridge__rosidl_generator_py.so[0m
[4.653s] [ 78%] Built target dss_ros2_bridge__rosidl_generator_py
[4.665s] [ 83%] [32mBuilding C object CMakeFiles/dss_ros2_bridge__rosidl_typesupport_c__pyext.dir/rosidl_generator_py/dss_ros2_bridge/_dss_ros2_bridge_s.ep.rosidl_typesupport_c.c.o[0m
[4.665s] [ 83%] [32mBuilding C object CMakeFiles/dss_ros2_bridge__rosidl_typesupport_fastrtps_c__pyext.dir/rosidl_generator_py/dss_ros2_bridge/_dss_ros2_bridge_s.ep.rosidl_typesupport_fastrtps_c.c.o[0m
[4.665s] [ 83%] [32mBuilding C object CMakeFiles/dss_ros2_bridge__rosidl_typesupport_introspection_c__pyext.dir/rosidl_generator_py/dss_ros2_bridge/_dss_ros2_bridge_s.ep.rosidl_typesupport_introspection_c.c.o[0m
[4.713s] [ 85%] [32m[1mLinking C shared library rosidl_generator_py/dss_ros2_bridge/dss_ros2_bridge_s__rosidl_typesupport_fastrtps_c.cpython-310-x86_64-linux-gnu.so[0m
[4.713s] [ 87%] [32m[1mLinking C shared library rosidl_generator_py/dss_ros2_bridge/dss_ros2_bridge_s__rosidl_typesupport_introspection_c.cpython-310-x86_64-linux-gnu.so[0m
[4.714s] [ 89%] [32m[1mLinking C shared library rosidl_generator_py/dss_ros2_bridge/dss_ros2_bridge_s__rosidl_typesupport_c.cpython-310-x86_64-linux-gnu.so[0m
[4.755s] [ 89%] Built target dss_ros2_bridge__rosidl_typesupport_fastrtps_c__pyext
[4.755s] [ 89%] Built target dss_ros2_bridge__rosidl_typesupport_introspection_c__pyext
[4.755s] [ 89%] Built target dss_ros2_bridge__rosidl_typesupport_c__pyext
[7.916s] [ 92%] [32m[1mLinking CXX executable DSSToROSClockNode[0m
[7.916s] [ 92%] [32m[1mLinking CXX executable DSSToROSGpsNode[0m
[7.944s] [ 94%] [32m[1mLinking CXX executable DSSToROSPointCloudNode[0m
[8.221s] [ 94%] Built target DSSToROSGpsNode
[8.222s] [ 94%] Built target DSSToROSPointCloudNode
[8.222s] [ 94%] Built target DSSToROSClockNode
[8.489s] [ 96%] [32m[1mLinking CXX executable DSSToROSImageNode[0m
[8.548s] [ 98%] [32m[1mLinking CXX executable DSSToROSIMUNode[0m
[8.760s] [ 98%] Built target DSSToROSIMUNode
[8.969s] [ 98%] Built target DSSToROSImageNode
[11.363s] [100%] [32m[1mLinking CXX executable DSSDemoNode[0m
[11.802s] [100%] Built target DSSDemoNode
[11.812s] Invoked command in '/home/tukorea/ros2_ws/build/dss_ros2_bridge' returned '0': CMAKE_PREFIX_PATH=/opt/ros/humble /usr/bin/cmake --build /home/tukorea/ros2_ws/build/dss_ros2_bridge -- -j20 -l20
[11.817s] Invoking command in '/home/tukorea/ros2_ws/build/dss_ros2_bridge': CMAKE_PREFIX_PATH=/opt/ros/humble /usr/bin/cmake --install /home/tukorea/ros2_ws/build/dss_ros2_bridge
[11.820s] -- Install configuration: ""
[11.820s] -- Execute custom install script
[11.821s] -- Symlinking: /home/tukorea/ros2_ws/install/dss_ros2_bridge/share/ament_index/resource_index/rosidl_interfaces/dss_ros2_bridge
[11.827s] -- Symlinking: /home/tukorea/ros2_ws/install/dss_ros2_bridge/include/dss_ros2_bridge/dss_ros2_bridge/msg/detail/dss_control__functions.h
[11.832s] -- Symlinking: /home/tukorea/ros2_ws/install/dss_ros2_bridge/include/dss_ros2_bridge/dss_ros2_bridge/msg/detail/dss_control__struct.h
[11.836s] -- Symlinking: /home/tukorea/ros2_ws/install/dss_ros2_bridge/include/dss_ros2_bridge/dss_ros2_bridge/msg/detail/dss_control__type_support.h
[11.839s] -- Symlinking: /home/tukorea/ros2_ws/install/dss_ros2_bridge/include/dss_ros2_bridge/dss_ros2_bridge/msg/dss_control.h
[11.843s] -- Symlinking: /home/tukorea/ros2_ws/install/dss_ros2_bridge/include/dss_ros2_bridge/dss_ros2_bridge/msg/rosidl_generator_c__visibility_control.h
[11.847s] -- Symlinking: /home/tukorea/ros2_ws/install/dss_ros2_bridge/share/dss_ros2_bridge/environment/library_path.sh
[11.850s] -- Symlinking: /home/tukorea/ros2_ws/install/dss_ros2_bridge/share/dss_ros2_bridge/environment/library_path.dsv
[11.854s] -- Symlinking: /home/tukorea/ros2_ws/install/dss_ros2_bridge/include/dss_ros2_bridge/dss_ros2_bridge/msg/detail/dss_control__rosidl_typesupport_fastrtps_c.h
[11.858s] -- Symlinking: /home/tukorea/ros2_ws/install/dss_ros2_bridge/include/dss_ros2_bridge/dss_ros2_bridge/msg/rosidl_typesupport_fastrtps_c__visibility_control.h
[11.862s] -- Symlinking: /home/tukorea/ros2_ws/install/dss_ros2_bridge/include/dss_ros2_bridge/dss_ros2_bridge/msg/detail/dss_control__builder.hpp
[11.866s] -- Symlinking: /home/tukorea/ros2_ws/install/dss_ros2_bridge/include/dss_ros2_bridge/dss_ros2_bridge/msg/detail/dss_control__struct.hpp
[11.870s] -- Symlinking: /home/tukorea/ros2_ws/install/dss_ros2_bridge/include/dss_ros2_bridge/dss_ros2_bridge/msg/detail/dss_control__traits.hpp
[11.874s] -- Symlinking: /home/tukorea/ros2_ws/install/dss_ros2_bridge/include/dss_ros2_bridge/dss_ros2_bridge/msg/detail/dss_control__type_support.hpp
[11.877s] -- Symlinking: /home/tukorea/ros2_ws/install/dss_ros2_bridge/include/dss_ros2_bridge/dss_ros2_bridge/msg/dss_control.hpp
[11.881s] -- Symlinking: /home/tukorea/ros2_ws/install/dss_ros2_bridge/include/dss_ros2_bridge/dss_ros2_bridge/msg/rosidl_generator_cpp__visibility_control.hpp
[11.885s] -- Symlinking: /home/tukorea/ros2_ws/install/dss_ros2_bridge/include/dss_ros2_bridge/dss_ros2_bridge/msg/detail/dss_control__rosidl_typesupport_fastrtps_cpp.hpp
[11.889s] -- Symlinking: /home/tukorea/ros2_ws/install/dss_ros2_bridge/include/dss_ros2_bridge/dss_ros2_bridge/msg/rosidl_typesupport_fastrtps_cpp__visibility_control.h
[11.892s] -- Symlinking: /home/tukorea/ros2_ws/install/dss_ros2_bridge/include/dss_ros2_bridge/dss_ros2_bridge/msg/detail/dss_control__rosidl_typesupport_introspection_c.h
[11.896s] -- Symlinking: /home/tukorea/ros2_ws/install/dss_ros2_bridge/include/dss_ros2_bridge/dss_ros2_bridge/msg/rosidl_typesupport_introspection_c__visibility_control.h
[11.900s] -- Symlinking: /home/tukorea/ros2_ws/install/dss_ros2_bridge/include/dss_ros2_bridge/dss_ros2_bridge/msg/detail/dss_control__rosidl_typesupport_introspection_cpp.hpp
[11.903s] -- Symlinking: /home/tukorea/ros2_ws/install/dss_ros2_bridge/share/dss_ros2_bridge/environment/pythonpath.sh
[11.907s] -- Symlinking: /home/tukorea/ros2_ws/install/dss_ros2_bridge/share/dss_ros2_bridge/environment/pythonpath.dsv
[11.911s] -- Symlinking: /home/tukorea/ros2_ws/install/dss_ros2_bridge/local/lib/python3.10/dist-packages/dss_ros2_bridge-1.0.0-py3.10.egg-info/PKG-INFO
[11.915s] -- Symlinking: /home/tukorea/ros2_ws/install/dss_ros2_bridge/local/lib/python3.10/dist-packages/dss_ros2_bridge-1.0.0-py3.10.egg-info/SOURCES.txt
[11.918s] -- Symlinking: /home/tukorea/ros2_ws/install/dss_ros2_bridge/local/lib/python3.10/dist-packages/dss_ros2_bridge-1.0.0-py3.10.egg-info/dependency_links.txt
[11.922s] -- Symlinking: /home/tukorea/ros2_ws/install/dss_ros2_bridge/local/lib/python3.10/dist-packages/dss_ros2_bridge-1.0.0-py3.10.egg-info/top_level.txt
[11.926s] -- Symlinking: /home/tukorea/ros2_ws/install/dss_ros2_bridge/local/lib/python3.10/dist-packages/dss_ros2_bridge/__init__.py
[11.929s] -- Symlinking: /home/tukorea/ros2_ws/install/dss_ros2_bridge/local/lib/python3.10/dist-packages/dss_ros2_bridge/_dss_ros2_bridge_s.ep.rosidl_typesupport_c.c
[11.933s] -- Symlinking: /home/tukorea/ros2_ws/install/dss_ros2_bridge/local/lib/python3.10/dist-packages/dss_ros2_bridge/_dss_ros2_bridge_s.ep.rosidl_typesupport_fastrtps_c.c
[11.937s] -- Symlinking: /home/tukorea/ros2_ws/install/dss_ros2_bridge/local/lib/python3.10/dist-packages/dss_ros2_bridge/_dss_ros2_bridge_s.ep.rosidl_typesupport_introspection_c.c
[11.940s] -- Symlinking: /home/tukorea/ros2_ws/install/dss_ros2_bridge/local/lib/python3.10/dist-packages/dss_ros2_bridge/dss_ros2_bridge_s__rosidl_typesupport_c.cpython-310-x86_64-linux-gnu.so
[11.944s] -- Symlinking: /home/tukorea/ros2_ws/install/dss_ros2_bridge/local/lib/python3.10/dist-packages/dss_ros2_bridge/dss_ros2_bridge_s__rosidl_typesupport_fastrtps_c.cpython-310-x86_64-linux-gnu.so
[11.948s] -- Symlinking: /home/tukorea/ros2_ws/install/dss_ros2_bridge/local/lib/python3.10/dist-packages/dss_ros2_bridge/dss_ros2_bridge_s__rosidl_typesupport_introspection_c.cpython-310-x86_64-linux-gnu.so
[11.951s] -- Symlinking: /home/tukorea/ros2_ws/install/dss_ros2_bridge/local/lib/python3.10/dist-packages/dss_ros2_bridge/libdss_ros2_bridge__rosidl_generator_py.so
[11.955s] -- Symlinking: /home/tukorea/ros2_ws/install/dss_ros2_bridge/local/lib/python3.10/dist-packages/dss_ros2_bridge/msg/__init__.py
[11.958s] -- Symlinking: /home/tukorea/ros2_ws/install/dss_ros2_bridge/local/lib/python3.10/dist-packages/dss_ros2_bridge/msg/_dss_control.py
[11.962s] -- Symlinking: /home/tukorea/ros2_ws/install/dss_ros2_bridge/local/lib/python3.10/dist-packages/dss_ros2_bridge/msg/_dss_control_s.c
[11.966s] -- Up-to-date symlink: /home/tukorea/ros2_ws/install/dss_ros2_bridge/local/lib/python3.10/dist-packages/dss_ros2_bridge/dss_ros2_bridge_s__rosidl_typesupport_fastrtps_c.cpython-310-x86_64-linux-gnu.so
[11.966s] -- Up-to-date symlink: /home/tukorea/ros2_ws/install/dss_ros2_bridge/local/lib/python3.10/dist-packages/dss_ros2_bridge/dss_ros2_bridge_s__rosidl_typesupport_introspection_c.cpython-310-x86_64-linux-gnu.so
[11.966s] -- Up-to-date symlink: /home/tukorea/ros2_ws/install/dss_ros2_bridge/local/lib/python3.10/dist-packages/dss_ros2_bridge/dss_ros2_bridge_s__rosidl_typesupport_c.cpython-310-x86_64-linux-gnu.so
[11.966s] -- Symlinking: /home/tukorea/ros2_ws/install/dss_ros2_bridge/share/dss_ros2_bridge/msg/DssControl.idl
[11.970s] -- Symlinking: /home/tukorea/ros2_ws/install/dss_ros2_bridge/share/dss_ros2_bridge/msg/DssControl.msg
[11.974s] -- Symlinking: /home/tukorea/ros2_ws/install/dss_ros2_bridge/lib/dss_ros2_bridge/DSSToROSImageNode
[11.977s] -- Symlinking: /home/tukorea/ros2_ws/install/dss_ros2_bridge/lib/dss_ros2_bridge/DSSToROSClockNode
[11.981s] -- Symlinking: /home/tukorea/ros2_ws/install/dss_ros2_bridge/lib/dss_ros2_bridge/DSSToROSPointCloudNode
[11.985s] -- Symlinking: /home/tukorea/ros2_ws/install/dss_ros2_bridge/lib/dss_ros2_bridge/DSSToROSIMUNode
[11.988s] -- Symlinking: /home/tukorea/ros2_ws/install/dss_ros2_bridge/lib/dss_ros2_bridge/DSSToROSGpsNode
[11.992s] -- Symlinking: /home/tukorea/ros2_ws/install/dss_ros2_bridge/lib/dss_ros2_bridge/DSSDemoNode
[11.995s] -- Symlinking: /home/tukorea/ros2_ws/install/dss_ros2_bridge/lib/dss_ros2_bridge/libdss_ros2_bridge__rosidl_typesupport_cpp.so
[11.999s] -- Up-to-date symlink: /home/tukorea/ros2_ws/install/dss_ros2_bridge/share/dss_ros2_bridge/msg/DssControl.msg
[11.999s] -- Symlinking: /home/tukorea/ros2_ws/install/dss_ros2_bridge/share/dss_ros2_bridge/launch/launch.py
[12.002s] -- Symlinking: /home/tukorea/ros2_ws/install/dss_ros2_bridge/share/ament_index/resource_index/package_run_dependencies/dss_ros2_bridge
[12.006s] -- Symlinking: /home/tukorea/ros2_ws/install/dss_ros2_bridge/share/ament_index/resource_index/parent_prefix_path/dss_ros2_bridge
[12.010s] -- Symlinking: /home/tukorea/ros2_ws/install/dss_ros2_bridge/share/dss_ros2_bridge/environment/ament_prefix_path.sh
[12.013s] -- Symlinking: /home/tukorea/ros2_ws/install/dss_ros2_bridge/share/dss_ros2_bridge/environment/ament_prefix_path.dsv
[12.017s] -- Symlinking: /home/tukorea/ros2_ws/install/dss_ros2_bridge/share/dss_ros2_bridge/environment/path.sh
[12.020s] -- Symlinking: /home/tukorea/ros2_ws/install/dss_ros2_bridge/share/dss_ros2_bridge/environment/path.dsv
[12.024s] -- Symlinking: /home/tukorea/ros2_ws/install/dss_ros2_bridge/share/dss_ros2_bridge/local_setup.bash
[12.028s] -- Symlinking: /home/tukorea/ros2_ws/install/dss_ros2_bridge/share/dss_ros2_bridge/local_setup.sh
[12.032s] -- Symlinking: /home/tukorea/ros2_ws/install/dss_ros2_bridge/share/dss_ros2_bridge/local_setup.zsh
[12.036s] -- Symlinking: /home/tukorea/ros2_ws/install/dss_ros2_bridge/share/dss_ros2_bridge/local_setup.dsv
[12.040s] -- Symlinking: /home/tukorea/ros2_ws/install/dss_ros2_bridge/share/dss_ros2_bridge/package.dsv
[12.044s] -- Symlinking: /home/tukorea/ros2_ws/install/dss_ros2_bridge/share/ament_index/resource_index/packages/dss_ros2_bridge
[12.048s] -- Symlinking: /home/tukorea/ros2_ws/install/dss_ros2_bridge/share/dss_ros2_bridge/cmake/rosidl_cmake-extras.cmake
[12.051s] -- Symlinking: /home/tukorea/ros2_ws/install/dss_ros2_bridge/share/dss_ros2_bridge/cmake/ament_cmake_export_include_directories-extras.cmake
[12.055s] -- Symlinking: /home/tukorea/ros2_ws/install/dss_ros2_bridge/share/dss_ros2_bridge/cmake/ament_cmake_export_libraries-extras.cmake
[12.059s] -- Symlinking: /home/tukorea/ros2_ws/install/dss_ros2_bridge/share/dss_ros2_bridge/cmake/ament_cmake_export_targets-extras.cmake
[12.062s] -- Symlinking: /home/tukorea/ros2_ws/install/dss_ros2_bridge/share/dss_ros2_bridge/cmake/rosidl_cmake_export_typesupport_targets-extras.cmake
[12.066s] -- Symlinking: /home/tukorea/ros2_ws/install/dss_ros2_bridge/share/dss_ros2_bridge/cmake/ament_cmake_export_dependencies-extras.cmake
[12.070s] -- Symlinking: /home/tukorea/ros2_ws/install/dss_ros2_bridge/share/dss_ros2_bridge/cmake/rosidl_cmake_export_typesupport_libraries-extras.cmake
[12.074s] -- Symlinking: /home/tukorea/ros2_ws/install/dss_ros2_bridge/share/dss_ros2_bridge/cmake/dss_ros2_bridgeConfig.cmake
[12.077s] -- Symlinking: /home/tukorea/ros2_ws/install/dss_ros2_bridge/share/dss_ros2_bridge/cmake/dss_ros2_bridgeConfig-version.cmake
[12.081s] -- Symlinking: /home/tukorea/ros2_ws/install/dss_ros2_bridge/share/dss_ros2_bridge/package.xml
[12.084s] -- Installing: /home/tukorea/ros2_ws/install/dss_ros2_bridge/lib/libdss_ros2_bridge__rosidl_generator_c.so
[12.084s] -- Set runtime path of "/home/tukorea/ros2_ws/install/dss_ros2_bridge/lib/libdss_ros2_bridge__rosidl_generator_c.so" to ""
[12.084s] -- Installing: /home/tukorea/ros2_ws/install/dss_ros2_bridge/lib/libdss_ros2_bridge__rosidl_typesupport_fastrtps_c.so
[12.085s] -- Set runtime path of "/home/tukorea/ros2_ws/install/dss_ros2_bridge/lib/libdss_ros2_bridge__rosidl_typesupport_fastrtps_c.so" to ""
[12.085s] -- Installing: /home/tukorea/ros2_ws/install/dss_ros2_bridge/lib/libdss_ros2_bridge__rosidl_typesupport_fastrtps_cpp.so
[12.085s] -- Set runtime path of "/home/tukorea/ros2_ws/install/dss_ros2_bridge/lib/libdss_ros2_bridge__rosidl_typesupport_fastrtps_cpp.so" to ""
[12.085s] -- Installing: /home/tukorea/ros2_ws/install/dss_ros2_bridge/lib/libdss_ros2_bridge__rosidl_typesupport_introspection_c.so
[12.085s] -- Set runtime path of "/home/tukorea/ros2_ws/install/dss_ros2_bridge/lib/libdss_ros2_bridge__rosidl_typesupport_introspection_c.so" to ""
[12.085s] -- Installing: /home/tukorea/ros2_ws/install/dss_ros2_bridge/lib/libdss_ros2_bridge__rosidl_typesupport_c.so
[12.085s] -- Set runtime path of "/home/tukorea/ros2_ws/install/dss_ros2_bridge/lib/libdss_ros2_bridge__rosidl_typesupport_c.so" to ""
[12.085s] -- Installing: /home/tukorea/ros2_ws/install/dss_ros2_bridge/lib/libdss_ros2_bridge__rosidl_typesupport_introspection_cpp.so
[12.085s] -- Set runtime path of "/home/tukorea/ros2_ws/install/dss_ros2_bridge/lib/libdss_ros2_bridge__rosidl_typesupport_introspection_cpp.so" to ""
[12.085s] -- Installing: /home/tukorea/ros2_ws/install/dss_ros2_bridge/lib/libdss_ros2_bridge__rosidl_typesupport_cpp.so
[12.085s] -- Set runtime path of "/home/tukorea/ros2_ws/install/dss_ros2_bridge/lib/libdss_ros2_bridge__rosidl_typesupport_cpp.so" to ""
[12.102s] Listing '/home/tukorea/ros2_ws/install/dss_ros2_bridge/local/lib/python3.10/dist-packages/dss_ros2_bridge'...
[12.102s] Compiling '/home/tukorea/ros2_ws/install/dss_ros2_bridge/local/lib/python3.10/dist-packages/dss_ros2_bridge/__init__.py'...
[12.102s] Listing '/home/tukorea/ros2_ws/install/dss_ros2_bridge/local/lib/python3.10/dist-packages/dss_ros2_bridge/msg'...
[12.102s] Compiling '/home/tukorea/ros2_ws/install/dss_ros2_bridge/local/lib/python3.10/dist-packages/dss_ros2_bridge/msg/__init__.py'...
[12.102s] Compiling '/home/tukorea/ros2_ws/install/dss_ros2_bridge/local/lib/python3.10/dist-packages/dss_ros2_bridge/msg/_dss_control.py'...
[12.104s] -- Installing: /home/tukorea/ros2_ws/install/dss_ros2_bridge/lib/libdss_ros2_bridge__rosidl_generator_py.so
[12.104s] -- Set runtime path of "/home/tukorea/ros2_ws/install/dss_ros2_bridge/lib/libdss_ros2_bridge__rosidl_generator_py.so" to ""
[12.104s] -- Installing: /home/tukorea/ros2_ws/install/dss_ros2_bridge/share/dss_ros2_bridge/cmake/export_dss_ros2_bridge__rosidl_generator_cExport.cmake
[12.104s] -- Installing: /home/tukorea/ros2_ws/install/dss_ros2_bridge/share/dss_ros2_bridge/cmake/export_dss_ros2_bridge__rosidl_generator_cExport-noconfig.cmake
[12.104s] -- Installing: /home/tukorea/ros2_ws/install/dss_ros2_bridge/share/dss_ros2_bridge/cmake/export_dss_ros2_bridge__rosidl_typesupport_fastrtps_cExport.cmake
[12.104s] -- Installing: /home/tukorea/ros2_ws/install/dss_ros2_bridge/share/dss_ros2_bridge/cmake/export_dss_ros2_bridge__rosidl_typesupport_fastrtps_cExport-noconfig.cmake
[12.105s] -- Installing: /home/tukorea/ros2_ws/install/dss_ros2_bridge/share/dss_ros2_bridge/cmake/export_dss_ros2_bridge__rosidl_generator_cppExport.cmake
[12.105s] -- Installing: /home/tukorea/ros2_ws/install/dss_ros2_bridge/share/dss_ros2_bridge/cmake/export_dss_ros2_bridge__rosidl_typesupport_fastrtps_cppExport.cmake
[12.105s] -- Installing: /home/tukorea/ros2_ws/install/dss_ros2_bridge/share/dss_ros2_bridge/cmake/export_dss_ros2_bridge__rosidl_typesupport_fastrtps_cppExport-noconfig.cmake
[12.105s] -- Installing: /home/tukorea/ros2_ws/install/dss_ros2_bridge/share/dss_ros2_bridge/cmake/dss_ros2_bridge__rosidl_typesupport_introspection_cExport.cmake
[12.105s] -- Installing: /home/tukorea/ros2_ws/install/dss_ros2_bridge/share/dss_ros2_bridge/cmake/dss_ros2_bridge__rosidl_typesupport_introspection_cExport-noconfig.cmake
[12.105s] -- Installing: /home/tukorea/ros2_ws/install/dss_ros2_bridge/share/dss_ros2_bridge/cmake/dss_ros2_bridge__rosidl_typesupport_cExport.cmake
[12.105s] -- Installing: /home/tukorea/ros2_ws/install/dss_ros2_bridge/share/dss_ros2_bridge/cmake/dss_ros2_bridge__rosidl_typesupport_cExport-noconfig.cmake
[12.105s] -- Installing: /home/tukorea/ros2_ws/install/dss_ros2_bridge/share/dss_ros2_bridge/cmake/dss_ros2_bridge__rosidl_typesupport_introspection_cppExport.cmake
[12.105s] -- Installing: /home/tukorea/ros2_ws/install/dss_ros2_bridge/share/dss_ros2_bridge/cmake/dss_ros2_bridge__rosidl_typesupport_introspection_cppExport-noconfig.cmake
[12.105s] -- Installing: /home/tukorea/ros2_ws/install/dss_ros2_bridge/share/dss_ros2_bridge/cmake/dss_ros2_bridge__rosidl_typesupport_cppExport.cmake
[12.105s] -- Installing: /home/tukorea/ros2_ws/install/dss_ros2_bridge/share/dss_ros2_bridge/cmake/dss_ros2_bridge__rosidl_typesupport_cppExport-noconfig.cmake
[12.105s] -- Installing: /home/tukorea/ros2_ws/install/dss_ros2_bridge/share/dss_ros2_bridge/cmake/export_dss_ros2_bridge__rosidl_generator_pyExport.cmake
[12.105s] -- Installing: /home/tukorea/ros2_ws/install/dss_ros2_bridge/share/dss_ros2_bridge/cmake/export_dss_ros2_bridge__rosidl_generator_pyExport-noconfig.cmake
[12.107s] Invoked command in '/home/tukorea/ros2_ws/build/dss_ros2_bridge' returned '0': CMAKE_PREFIX_PATH=/opt/ros/humble /usr/bin/cmake --install /home/tukorea/ros2_ws/build/dss_ros2_bridge
