[0.004s] Invoking command in '/home/tukorea/ros2_ws/build/livox_lio_sam': CMAKE_PREFIX_PATH=${CMAKE_PREFIX_PATH}:/home/tukorea/ros2_ws/install/slam_launch_manager:/home/tukorea/ros2_ws/install/bag_replay_tool_ros2:/opt/ros/humble /usr/bin/cmake --build /home/tukorea/ros2_ws/build/livox_lio_sam -- -j20 -l20
[0.035s] [  1%] Built target livox_lio_sam__cpp
[0.035s] [ 10%] Built target livox_lio_sam__rosidl_generator_c
[0.042s] [ 10%] Built target ament_cmake_python_copy_livox_lio_sam
[0.049s] [ 20%] Built target livox_lio_sam__rosidl_typesupport_cpp
[0.049s] [ 29%] Built target livox_lio_sam__rosidl_typesupport_introspection_cpp
[0.050s] [ 38%] Built target livox_lio_sam__rosidl_typesupport_fastrtps_cpp
[0.056s] [ 47%] Built target livox_lio_sam__rosidl_typesupport_fastrtps_c
[0.056s] [ 56%] Built target livox_lio_sam__rosidl_typesupport_c
[0.057s] [ 65%] Built target livox_lio_sam__rosidl_typesupport_introspection_c
[0.061s] [35m[1mConsolidate compiler generated dependencies of target livox_lio_sam_imuPreintegration[0m
[0.068s] [ 65%] Built target livox_lio_sam
[0.070s] [ 72%] Built target livox_lio_sam_featureExtraction
[0.070s] [ 72%] Built target livox_lio_sam_imageProjection
[0.074s] [ 76%] Built target livox_lio_sam_mapOptimization
[0.081s] [ 78%] Built target livox_lio_sam__py
[0.081s] [ 81%] Built target livox_lio_sam_imuPreintegration
[0.094s] [ 89%] Built target livox_lio_sam__rosidl_generator_py
[0.107s] [100%] Built target livox_lio_sam__rosidl_typesupport_introspection_c__pyext
[0.107s] [100%] Built target livox_lio_sam__rosidl_typesupport_c__pyext
[0.107s] [100%] Built target livox_lio_sam__rosidl_typesupport_fastrtps_c__pyext
[0.149s] running egg_info
[0.149s] writing livox_lio_sam.egg-info/PKG-INFO
[0.149s] writing dependency_links to livox_lio_sam.egg-info/dependency_links.txt
[0.149s] writing top-level names to livox_lio_sam.egg-info/top_level.txt
[0.150s] reading manifest file 'livox_lio_sam.egg-info/SOURCES.txt'
[0.150s] writing manifest file 'livox_lio_sam.egg-info/SOURCES.txt'
[0.165s] [100%] Built target ament_cmake_python_build_livox_lio_sam_egg
[0.171s] Invoked command in '/home/tukorea/ros2_ws/build/livox_lio_sam' returned '0': CMAKE_PREFIX_PATH=${CMAKE_PREFIX_PATH}:/home/tukorea/ros2_ws/install/slam_launch_manager:/home/tukorea/ros2_ws/install/bag_replay_tool_ros2:/opt/ros/humble /usr/bin/cmake --build /home/tukorea/ros2_ws/build/livox_lio_sam -- -j20 -l20
[0.173s] Invoking command in '/home/tukorea/ros2_ws/build/livox_lio_sam': CMAKE_PREFIX_PATH=${CMAKE_PREFIX_PATH}:/home/tukorea/ros2_ws/install/slam_launch_manager:/home/tukorea/ros2_ws/install/bag_replay_tool_ros2:/opt/ros/humble /usr/bin/cmake --install /home/tukorea/ros2_ws/build/livox_lio_sam
[0.177s] -- Install configuration: "Release"
[0.177s] -- Up-to-date: /home/tukorea/ros2_ws/install/livox_lio_sam/share/ament_index/resource_index/rosidl_interfaces/livox_lio_sam
[0.177s] -- Up-to-date: /home/tukorea/ros2_ws/install/livox_lio_sam/include/livox_lio_sam/livox_lio_sam
[0.177s] -- Up-to-date: /home/tukorea/ros2_ws/install/livox_lio_sam/include/livox_lio_sam/livox_lio_sam/srv
[0.177s] -- Up-to-date: /home/tukorea/ros2_ws/install/livox_lio_sam/include/livox_lio_sam/livox_lio_sam/srv/save_map.h
[0.177s] -- Up-to-date: /home/tukorea/ros2_ws/install/livox_lio_sam/include/livox_lio_sam/livox_lio_sam/srv/detail
[0.177s] -- Up-to-date: /home/tukorea/ros2_ws/install/livox_lio_sam/include/livox_lio_sam/livox_lio_sam/srv/detail/save_map__functions.h
[0.177s] -- Up-to-date: /home/tukorea/ros2_ws/install/livox_lio_sam/include/livox_lio_sam/livox_lio_sam/srv/detail/save_map__functions.c
[0.177s] -- Up-to-date: /home/tukorea/ros2_ws/install/livox_lio_sam/include/livox_lio_sam/livox_lio_sam/srv/detail/reset__functions.c
[0.177s] -- Up-to-date: /home/tukorea/ros2_ws/install/livox_lio_sam/include/livox_lio_sam/livox_lio_sam/srv/detail/save_map__type_support.h
[0.177s] -- Up-to-date: /home/tukorea/ros2_ws/install/livox_lio_sam/include/livox_lio_sam/livox_lio_sam/srv/detail/reset__type_support.h
[0.177s] -- Up-to-date: /home/tukorea/ros2_ws/install/livox_lio_sam/include/livox_lio_sam/livox_lio_sam/srv/detail/reset__struct.h
[0.178s] -- Up-to-date: /home/tukorea/ros2_ws/install/livox_lio_sam/include/livox_lio_sam/livox_lio_sam/srv/detail/save_map__struct.h
[0.178s] -- Up-to-date: /home/tukorea/ros2_ws/install/livox_lio_sam/include/livox_lio_sam/livox_lio_sam/srv/detail/reset__functions.h
[0.178s] -- Up-to-date: /home/tukorea/ros2_ws/install/livox_lio_sam/include/livox_lio_sam/livox_lio_sam/srv/reset.h
[0.178s] -- Up-to-date: /home/tukorea/ros2_ws/install/livox_lio_sam/include/livox_lio_sam/livox_lio_sam/msg
[0.178s] -- Up-to-date: /home/tukorea/ros2_ws/install/livox_lio_sam/include/livox_lio_sam/livox_lio_sam/msg/rosidl_generator_c__visibility_control.h
[0.178s] -- Up-to-date: /home/tukorea/ros2_ws/install/livox_lio_sam/include/livox_lio_sam/livox_lio_sam/msg/detail
[0.178s] -- Up-to-date: /home/tukorea/ros2_ws/install/livox_lio_sam/include/livox_lio_sam/livox_lio_sam/msg/detail/cloud_info__functions.h
[0.178s] -- Up-to-date: /home/tukorea/ros2_ws/install/livox_lio_sam/include/livox_lio_sam/livox_lio_sam/msg/detail/cloud_info__type_support.h
[0.178s] -- Up-to-date: /home/tukorea/ros2_ws/install/livox_lio_sam/include/livox_lio_sam/livox_lio_sam/msg/detail/cloud_info__functions.c
[0.178s] -- Up-to-date: /home/tukorea/ros2_ws/install/livox_lio_sam/include/livox_lio_sam/livox_lio_sam/msg/detail/cloud_info__struct.h
[0.178s] -- Up-to-date: /home/tukorea/ros2_ws/install/livox_lio_sam/include/livox_lio_sam/livox_lio_sam/msg/cloud_info.h
[0.178s] -- Up-to-date: /home/tukorea/ros2_ws/install/livox_lio_sam/share/livox_lio_sam/environment/library_path.sh
[0.178s] -- Up-to-date: /home/tukorea/ros2_ws/install/livox_lio_sam/share/livox_lio_sam/environment/library_path.dsv
[0.178s] -- Up-to-date: /home/tukorea/ros2_ws/install/livox_lio_sam/lib/liblivox_lio_sam__rosidl_generator_c.so
[0.178s] -- Up-to-date: /home/tukorea/ros2_ws/install/livox_lio_sam/include/livox_lio_sam/livox_lio_sam
[0.178s] -- Up-to-date: /home/tukorea/ros2_ws/install/livox_lio_sam/include/livox_lio_sam/livox_lio_sam/srv
[0.178s] -- Up-to-date: /home/tukorea/ros2_ws/install/livox_lio_sam/include/livox_lio_sam/livox_lio_sam/srv/detail
[0.179s] -- Up-to-date: /home/tukorea/ros2_ws/install/livox_lio_sam/include/livox_lio_sam/livox_lio_sam/srv/detail/save_map__rosidl_typesupport_fastrtps_c.h
[0.179s] -- Up-to-date: /home/tukorea/ros2_ws/install/livox_lio_sam/include/livox_lio_sam/livox_lio_sam/srv/detail/reset__rosidl_typesupport_fastrtps_c.h
[0.179s] -- Up-to-date: /home/tukorea/ros2_ws/install/livox_lio_sam/include/livox_lio_sam/livox_lio_sam/msg
[0.179s] -- Up-to-date: /home/tukorea/ros2_ws/install/livox_lio_sam/include/livox_lio_sam/livox_lio_sam/msg/rosidl_typesupport_fastrtps_c__visibility_control.h
[0.179s] -- Up-to-date: /home/tukorea/ros2_ws/install/livox_lio_sam/include/livox_lio_sam/livox_lio_sam/msg/detail
[0.179s] -- Up-to-date: /home/tukorea/ros2_ws/install/livox_lio_sam/include/livox_lio_sam/livox_lio_sam/msg/detail/cloud_info__rosidl_typesupport_fastrtps_c.h
[0.179s] -- Up-to-date: /home/tukorea/ros2_ws/install/livox_lio_sam/lib/liblivox_lio_sam__rosidl_typesupport_fastrtps_c.so
[0.179s] -- Up-to-date: /home/tukorea/ros2_ws/install/livox_lio_sam/include/livox_lio_sam/livox_lio_sam
[0.179s] -- Up-to-date: /home/tukorea/ros2_ws/install/livox_lio_sam/include/livox_lio_sam/livox_lio_sam/srv
[0.179s] -- Up-to-date: /home/tukorea/ros2_ws/install/livox_lio_sam/include/livox_lio_sam/livox_lio_sam/srv/detail
[0.179s] -- Up-to-date: /home/tukorea/ros2_ws/install/livox_lio_sam/include/livox_lio_sam/livox_lio_sam/srv/detail/save_map__rosidl_typesupport_introspection_c.h
[0.179s] -- Up-to-date: /home/tukorea/ros2_ws/install/livox_lio_sam/include/livox_lio_sam/livox_lio_sam/srv/detail/save_map__type_support.c
[0.179s] -- Up-to-date: /home/tukorea/ros2_ws/install/livox_lio_sam/include/livox_lio_sam/livox_lio_sam/srv/detail/reset__type_support.c
[0.179s] -- Up-to-date: /home/tukorea/ros2_ws/install/livox_lio_sam/include/livox_lio_sam/livox_lio_sam/srv/detail/reset__rosidl_typesupport_introspection_c.h
[0.179s] -- Up-to-date: /home/tukorea/ros2_ws/install/livox_lio_sam/include/livox_lio_sam/livox_lio_sam/msg
[0.179s] -- Up-to-date: /home/tukorea/ros2_ws/install/livox_lio_sam/include/livox_lio_sam/livox_lio_sam/msg/detail
[0.179s] -- Up-to-date: /home/tukorea/ros2_ws/install/livox_lio_sam/include/livox_lio_sam/livox_lio_sam/msg/detail/cloud_info__rosidl_typesupport_introspection_c.h
[0.179s] -- Up-to-date: /home/tukorea/ros2_ws/install/livox_lio_sam/include/livox_lio_sam/livox_lio_sam/msg/detail/cloud_info__type_support.c
[0.179s] -- Up-to-date: /home/tukorea/ros2_ws/install/livox_lio_sam/include/livox_lio_sam/livox_lio_sam/msg/rosidl_typesupport_introspection_c__visibility_control.h
[0.179s] -- Up-to-date: /home/tukorea/ros2_ws/install/livox_lio_sam/lib/liblivox_lio_sam__rosidl_typesupport_introspection_c.so
[0.179s] -- Up-to-date: /home/tukorea/ros2_ws/install/livox_lio_sam/lib/liblivox_lio_sam__rosidl_typesupport_c.so
[0.179s] -- Up-to-date: /home/tukorea/ros2_ws/install/livox_lio_sam/include/livox_lio_sam/livox_lio_sam
[0.179s] -- Up-to-date: /home/tukorea/ros2_ws/install/livox_lio_sam/include/livox_lio_sam/livox_lio_sam/srv
[0.179s] -- Up-to-date: /home/tukorea/ros2_ws/install/livox_lio_sam/include/livox_lio_sam/livox_lio_sam/srv/detail
[0.179s] -- Up-to-date: /home/tukorea/ros2_ws/install/livox_lio_sam/include/livox_lio_sam/livox_lio_sam/srv/detail/save_map__struct.hpp
[0.179s] -- Up-to-date: /home/tukorea/ros2_ws/install/livox_lio_sam/include/livox_lio_sam/livox_lio_sam/srv/detail/reset__type_support.hpp
[0.179s] -- Up-to-date: /home/tukorea/ros2_ws/install/livox_lio_sam/include/livox_lio_sam/livox_lio_sam/srv/detail/reset__struct.hpp
[0.179s] -- Up-to-date: /home/tukorea/ros2_ws/install/livox_lio_sam/include/livox_lio_sam/livox_lio_sam/srv/detail/reset__builder.hpp
[0.179s] -- Up-to-date: /home/tukorea/ros2_ws/install/livox_lio_sam/include/livox_lio_sam/livox_lio_sam/srv/detail/save_map__traits.hpp
[0.179s] -- Up-to-date: /home/tukorea/ros2_ws/install/livox_lio_sam/include/livox_lio_sam/livox_lio_sam/srv/detail/reset__traits.hpp
[0.179s] -- Up-to-date: /home/tukorea/ros2_ws/install/livox_lio_sam/include/livox_lio_sam/livox_lio_sam/srv/detail/save_map__type_support.hpp
[0.179s] -- Up-to-date: /home/tukorea/ros2_ws/install/livox_lio_sam/include/livox_lio_sam/livox_lio_sam/srv/detail/save_map__builder.hpp
[0.179s] -- Up-to-date: /home/tukorea/ros2_ws/install/livox_lio_sam/include/livox_lio_sam/livox_lio_sam/srv/save_map.hpp
[0.179s] -- Up-to-date: /home/tukorea/ros2_ws/install/livox_lio_sam/include/livox_lio_sam/livox_lio_sam/srv/reset.hpp
[0.179s] -- Up-to-date: /home/tukorea/ros2_ws/install/livox_lio_sam/include/livox_lio_sam/livox_lio_sam/msg
[0.180s] -- Up-to-date: /home/tukorea/ros2_ws/install/livox_lio_sam/include/livox_lio_sam/livox_lio_sam/msg/rosidl_generator_cpp__visibility_control.hpp
[0.180s] -- Up-to-date: /home/tukorea/ros2_ws/install/livox_lio_sam/include/livox_lio_sam/livox_lio_sam/msg/detail
[0.180s] -- Up-to-date: /home/tukorea/ros2_ws/install/livox_lio_sam/include/livox_lio_sam/livox_lio_sam/msg/detail/cloud_info__struct.hpp
[0.180s] -- Up-to-date: /home/tukorea/ros2_ws/install/livox_lio_sam/include/livox_lio_sam/livox_lio_sam/msg/detail/cloud_info__builder.hpp
[0.180s] -- Up-to-date: /home/tukorea/ros2_ws/install/livox_lio_sam/include/livox_lio_sam/livox_lio_sam/msg/detail/cloud_info__traits.hpp
[0.180s] -- Up-to-date: /home/tukorea/ros2_ws/install/livox_lio_sam/include/livox_lio_sam/livox_lio_sam/msg/detail/cloud_info__type_support.hpp
[0.180s] -- Up-to-date: /home/tukorea/ros2_ws/install/livox_lio_sam/include/livox_lio_sam/livox_lio_sam/msg/cloud_info.hpp
[0.180s] -- Up-to-date: /home/tukorea/ros2_ws/install/livox_lio_sam/include/livox_lio_sam/livox_lio_sam
[0.180s] -- Up-to-date: /home/tukorea/ros2_ws/install/livox_lio_sam/include/livox_lio_sam/livox_lio_sam/srv
[0.180s] -- Up-to-date: /home/tukorea/ros2_ws/install/livox_lio_sam/include/livox_lio_sam/livox_lio_sam/srv/detail
[0.180s] -- Up-to-date: /home/tukorea/ros2_ws/install/livox_lio_sam/include/livox_lio_sam/livox_lio_sam/srv/detail/reset__rosidl_typesupport_fastrtps_cpp.hpp
[0.180s] -- Up-to-date: /home/tukorea/ros2_ws/install/livox_lio_sam/include/livox_lio_sam/livox_lio_sam/srv/detail/save_map__rosidl_typesupport_fastrtps_cpp.hpp
[0.180s] -- Up-to-date: /home/tukorea/ros2_ws/install/livox_lio_sam/include/livox_lio_sam/livox_lio_sam/srv/detail/dds_fastrtps
[0.180s] -- Up-to-date: /home/tukorea/ros2_ws/install/livox_lio_sam/include/livox_lio_sam/livox_lio_sam/msg
[0.180s] -- Up-to-date: /home/tukorea/ros2_ws/install/livox_lio_sam/include/livox_lio_sam/livox_lio_sam/msg/detail
[0.180s] -- Up-to-date: /home/tukorea/ros2_ws/install/livox_lio_sam/include/livox_lio_sam/livox_lio_sam/msg/detail/cloud_info__rosidl_typesupport_fastrtps_cpp.hpp
[0.180s] -- Up-to-date: /home/tukorea/ros2_ws/install/livox_lio_sam/include/livox_lio_sam/livox_lio_sam/msg/detail/dds_fastrtps
[0.180s] -- Up-to-date: /home/tukorea/ros2_ws/install/livox_lio_sam/include/livox_lio_sam/livox_lio_sam/msg/rosidl_typesupport_fastrtps_cpp__visibility_control.h
[0.180s] -- Up-to-date: /home/tukorea/ros2_ws/install/livox_lio_sam/lib/liblivox_lio_sam__rosidl_typesupport_fastrtps_cpp.so
[0.180s] -- Up-to-date: /home/tukorea/ros2_ws/install/livox_lio_sam/include/livox_lio_sam/livox_lio_sam
[0.180s] -- Up-to-date: /home/tukorea/ros2_ws/install/livox_lio_sam/include/livox_lio_sam/livox_lio_sam/srv
[0.180s] -- Up-to-date: /home/tukorea/ros2_ws/install/livox_lio_sam/include/livox_lio_sam/livox_lio_sam/srv/detail
[0.180s] -- Up-to-date: /home/tukorea/ros2_ws/install/livox_lio_sam/include/livox_lio_sam/livox_lio_sam/srv/detail/save_map__type_support.cpp
[0.180s] -- Up-to-date: /home/tukorea/ros2_ws/install/livox_lio_sam/include/livox_lio_sam/livox_lio_sam/srv/detail/save_map__rosidl_typesupport_introspection_cpp.hpp
[0.180s] -- Up-to-date: /home/tukorea/ros2_ws/install/livox_lio_sam/include/livox_lio_sam/livox_lio_sam/srv/detail/reset__rosidl_typesupport_introspection_cpp.hpp
[0.180s] -- Up-to-date: /home/tukorea/ros2_ws/install/livox_lio_sam/include/livox_lio_sam/livox_lio_sam/srv/detail/reset__type_support.cpp
[0.180s] -- Up-to-date: /home/tukorea/ros2_ws/install/livox_lio_sam/include/livox_lio_sam/livox_lio_sam/msg
[0.180s] -- Up-to-date: /home/tukorea/ros2_ws/install/livox_lio_sam/include/livox_lio_sam/livox_lio_sam/msg/detail
[0.180s] -- Up-to-date: /home/tukorea/ros2_ws/install/livox_lio_sam/include/livox_lio_sam/livox_lio_sam/msg/detail/cloud_info__type_support.cpp
[0.180s] -- Up-to-date: /home/tukorea/ros2_ws/install/livox_lio_sam/include/livox_lio_sam/livox_lio_sam/msg/detail/cloud_info__rosidl_typesupport_introspection_cpp.hpp
[0.180s] -- Up-to-date: /home/tukorea/ros2_ws/install/livox_lio_sam/lib/liblivox_lio_sam__rosidl_typesupport_introspection_cpp.so
[0.180s] -- Up-to-date: /home/tukorea/ros2_ws/install/livox_lio_sam/lib/liblivox_lio_sam__rosidl_typesupport_cpp.so
[0.180s] -- Up-to-date: /home/tukorea/ros2_ws/install/livox_lio_sam/share/livox_lio_sam/environment/pythonpath.sh
[0.180s] -- Up-to-date: /home/tukorea/ros2_ws/install/livox_lio_sam/share/livox_lio_sam/environment/pythonpath.dsv
[0.180s] -- Up-to-date: /home/tukorea/ros2_ws/install/livox_lio_sam/local/lib/python3.10/dist-packages/livox_lio_sam-1.0.0-py3.10.egg-info
[0.180s] -- Installing: /home/tukorea/ros2_ws/install/livox_lio_sam/local/lib/python3.10/dist-packages/livox_lio_sam-1.0.0-py3.10.egg-info/SOURCES.txt
[0.180s] -- Installing: /home/tukorea/ros2_ws/install/livox_lio_sam/local/lib/python3.10/dist-packages/livox_lio_sam-1.0.0-py3.10.egg-info/PKG-INFO
[0.180s] -- Installing: /home/tukorea/ros2_ws/install/livox_lio_sam/local/lib/python3.10/dist-packages/livox_lio_sam-1.0.0-py3.10.egg-info/dependency_links.txt
[0.180s] -- Installing: /home/tukorea/ros2_ws/install/livox_lio_sam/local/lib/python3.10/dist-packages/livox_lio_sam-1.0.0-py3.10.egg-info/top_level.txt
[0.180s] -- Up-to-date: /home/tukorea/ros2_ws/install/livox_lio_sam/local/lib/python3.10/dist-packages/livox_lio_sam
[0.180s] -- Up-to-date: /home/tukorea/ros2_ws/install/livox_lio_sam/local/lib/python3.10/dist-packages/livox_lio_sam/_livox_lio_sam_s.ep.rosidl_typesupport_fastrtps_c.c
[0.180s] -- Up-to-date: /home/tukorea/ros2_ws/install/livox_lio_sam/local/lib/python3.10/dist-packages/livox_lio_sam/_livox_lio_sam_s.ep.rosidl_typesupport_c.c
[0.180s] -- Up-to-date: /home/tukorea/ros2_ws/install/livox_lio_sam/local/lib/python3.10/dist-packages/livox_lio_sam/srv
[0.180s] -- Up-to-date: /home/tukorea/ros2_ws/install/livox_lio_sam/local/lib/python3.10/dist-packages/livox_lio_sam/srv/_reset_s.c
[0.180s] -- Up-to-date: /home/tukorea/ros2_ws/install/livox_lio_sam/local/lib/python3.10/dist-packages/livox_lio_sam/srv/_save_map_s.c
[0.180s] -- Up-to-date: /home/tukorea/ros2_ws/install/livox_lio_sam/local/lib/python3.10/dist-packages/livox_lio_sam/srv/_save_map.py
[0.180s] -- Up-to-date: /home/tukorea/ros2_ws/install/livox_lio_sam/local/lib/python3.10/dist-packages/livox_lio_sam/srv/_reset.py
[0.180s] -- Up-to-date: /home/tukorea/ros2_ws/install/livox_lio_sam/local/lib/python3.10/dist-packages/livox_lio_sam/srv/__init__.py
[0.180s] -- Up-to-date: /home/tukorea/ros2_ws/install/livox_lio_sam/local/lib/python3.10/dist-packages/livox_lio_sam/livox_lio_sam_s__rosidl_typesupport_c.cpython-310-x86_64-linux-gnu.so
[0.180s] -- Up-to-date: /home/tukorea/ros2_ws/install/livox_lio_sam/local/lib/python3.10/dist-packages/livox_lio_sam/_livox_lio_sam_s.ep.rosidl_typesupport_introspection_c.c
[0.180s] -- Up-to-date: /home/tukorea/ros2_ws/install/livox_lio_sam/local/lib/python3.10/dist-packages/livox_lio_sam/livox_lio_sam_s__rosidl_typesupport_fastrtps_c.cpython-310-x86_64-linux-gnu.so
[0.180s] -- Up-to-date: /home/tukorea/ros2_ws/install/livox_lio_sam/local/lib/python3.10/dist-packages/livox_lio_sam/msg
[0.180s] -- Up-to-date: /home/tukorea/ros2_ws/install/livox_lio_sam/local/lib/python3.10/dist-packages/livox_lio_sam/msg/_cloud_info.py
[0.180s] -- Up-to-date: /home/tukorea/ros2_ws/install/livox_lio_sam/local/lib/python3.10/dist-packages/livox_lio_sam/msg/__init__.py
[0.181s] -- Up-to-date: /home/tukorea/ros2_ws/install/livox_lio_sam/local/lib/python3.10/dist-packages/livox_lio_sam/msg/_cloud_info_s.c
[0.181s] -- Up-to-date: /home/tukorea/ros2_ws/install/livox_lio_sam/local/lib/python3.10/dist-packages/livox_lio_sam/livox_lio_sam_s__rosidl_typesupport_introspection_c.cpython-310-x86_64-linux-gnu.so
[0.181s] -- Up-to-date: /home/tukorea/ros2_ws/install/livox_lio_sam/local/lib/python3.10/dist-packages/livox_lio_sam/__init__.py
[0.181s] -- Up-to-date: /home/tukorea/ros2_ws/install/livox_lio_sam/local/lib/python3.10/dist-packages/livox_lio_sam/liblivox_lio_sam__rosidl_generator_py.so
[0.195s] Listing '/home/tukorea/ros2_ws/install/livox_lio_sam/local/lib/python3.10/dist-packages/livox_lio_sam'...
[0.195s] Listing '/home/tukorea/ros2_ws/install/livox_lio_sam/local/lib/python3.10/dist-packages/livox_lio_sam/msg'...
[0.195s] Listing '/home/tukorea/ros2_ws/install/livox_lio_sam/local/lib/python3.10/dist-packages/livox_lio_sam/srv'...
[0.198s] -- Up-to-date: /home/tukorea/ros2_ws/install/livox_lio_sam/local/lib/python3.10/dist-packages/livox_lio_sam/livox_lio_sam_s__rosidl_typesupport_fastrtps_c.cpython-310-x86_64-linux-gnu.so
[0.198s] -- Up-to-date: /home/tukorea/ros2_ws/install/livox_lio_sam/local/lib/python3.10/dist-packages/livox_lio_sam/livox_lio_sam_s__rosidl_typesupport_introspection_c.cpython-310-x86_64-linux-gnu.so
[0.198s] -- Up-to-date: /home/tukorea/ros2_ws/install/livox_lio_sam/local/lib/python3.10/dist-packages/livox_lio_sam/livox_lio_sam_s__rosidl_typesupport_c.cpython-310-x86_64-linux-gnu.so
[0.198s] -- Up-to-date: /home/tukorea/ros2_ws/install/livox_lio_sam/lib/liblivox_lio_sam__rosidl_generator_py.so
[0.198s] -- Up-to-date: /home/tukorea/ros2_ws/install/livox_lio_sam/share/livox_lio_sam/msg/CloudInfo.idl
[0.198s] -- Up-to-date: /home/tukorea/ros2_ws/install/livox_lio_sam/share/livox_lio_sam/srv/SaveMap.idl
[0.198s] -- Up-to-date: /home/tukorea/ros2_ws/install/livox_lio_sam/share/livox_lio_sam/srv/Reset.idl
[0.199s] -- Up-to-date: /home/tukorea/ros2_ws/install/livox_lio_sam/share/livox_lio_sam/msg/CloudInfo.msg
[0.199s] -- Up-to-date: /home/tukorea/ros2_ws/install/livox_lio_sam/share/livox_lio_sam/srv/SaveMap.srv
[0.199s] -- Up-to-date: /home/tukorea/ros2_ws/install/livox_lio_sam/share/livox_lio_sam/srv/SaveMap_Request.msg
[0.199s] -- Up-to-date: /home/tukorea/ros2_ws/install/livox_lio_sam/share/livox_lio_sam/srv/SaveMap_Response.msg
[0.199s] -- Up-to-date: /home/tukorea/ros2_ws/install/livox_lio_sam/share/livox_lio_sam/srv/Reset.srv
[0.199s] -- Up-to-date: /home/tukorea/ros2_ws/install/livox_lio_sam/share/livox_lio_sam/srv/Reset_Request.msg
[0.199s] -- Up-to-date: /home/tukorea/ros2_ws/install/livox_lio_sam/share/livox_lio_sam/srv/Reset_Response.msg
[0.199s] -- Up-to-date: /home/tukorea/ros2_ws/install/livox_lio_sam/share/livox_lio_sam//launch
[0.199s] -- Up-to-date: /home/tukorea/ros2_ws/install/livox_lio_sam/share/livox_lio_sam//launch/run_slam.launch.py:Zone.Identifier
[0.199s] -- Up-to-date: /home/tukorea/ros2_ws/install/livox_lio_sam/share/livox_lio_sam//launch/run_slam.launch.py
[0.199s] -- Up-to-date: /home/tukorea/ros2_ws/install/livox_lio_sam/share/livox_lio_sam//launch/run.launch.py
[0.199s] -- Up-to-date: /home/tukorea/ros2_ws/install/livox_lio_sam/share/livox_lio_sam//launch/run.launch.py:Zone.Identifier
[0.199s] -- Up-to-date: /home/tukorea/ros2_ws/install/livox_lio_sam/share/livox_lio_sam//launch/run_localization.launch.py:Zone.Identifier
[0.199s] -- Up-to-date: /home/tukorea/ros2_ws/install/livox_lio_sam/share/livox_lio_sam//launch/run_localization.launch.py
[0.199s] -- Up-to-date: /home/tukorea/ros2_ws/install/livox_lio_sam/share/livox_lio_sam//config
[0.199s] -- Up-to-date: /home/tukorea/ros2_ws/install/livox_lio_sam/share/livox_lio_sam//config/params_localization.yaml:Zone.Identifier:Zone.Identifier
[0.199s] -- Up-to-date: /home/tukorea/ros2_ws/install/livox_lio_sam/share/livox_lio_sam//config/params.yaml
[0.199s] -- Up-to-date: /home/tukorea/ros2_ws/install/livox_lio_sam/share/livox_lio_sam//config/params_slam.yaml:Zone.Identifier
[0.200s] -- Up-to-date: /home/tukorea/ros2_ws/install/livox_lio_sam/share/livox_lio_sam//config/params_localization.yaml
[0.200s] -- Up-to-date: /home/tukorea/ros2_ws/install/livox_lio_sam/share/livox_lio_sam//config/params.yaml:Zone.Identifier
[0.200s] -- Up-to-date: /home/tukorea/ros2_ws/install/livox_lio_sam/share/livox_lio_sam//config/params_slam.yaml
[0.200s] -- Up-to-date: /home/tukorea/ros2_ws/install/livox_lio_sam/share/livox_lio_sam//config/rviz2.rviz
[0.200s] -- Up-to-date: /home/tukorea/ros2_ws/install/livox_lio_sam/share/livox_lio_sam//config/rviz2.rviz:Zone.Identifier
[0.200s] -- Up-to-date: /home/tukorea/ros2_ws/install/livox_lio_sam/share/livox_lio_sam//config/params_localization.yaml:Zone.Identifier
[0.200s] -- Up-to-date: /home/tukorea/ros2_ws/install/livox_lio_sam/share/livox_lio_sam//config/doc
[0.200s] -- Up-to-date: /home/tukorea/ros2_ws/install/livox_lio_sam/share/livox_lio_sam//config/doc/imu-debug.gif
[0.200s] -- Up-to-date: /home/tukorea/ros2_ws/install/livox_lio_sam/share/livox_lio_sam//config/doc/demo.gif:Zone.Identifier
[0.200s] -- Up-to-date: /home/tukorea/ros2_ws/install/livox_lio_sam/share/livox_lio_sam//config/doc/device-boat.png
[0.200s] -- Up-to-date: /home/tukorea/ros2_ws/install/livox_lio_sam/share/livox_lio_sam//config/doc/loop-closure.gif
[0.200s] -- Up-to-date: /home/tukorea/ros2_ws/install/livox_lio_sam/share/livox_lio_sam//config/doc/gps-demo.gif
[0.200s] -- Up-to-date: /home/tukorea/ros2_ws/install/livox_lio_sam/share/livox_lio_sam//config/doc/device-hand.png:Zone.Identifier
[0.200s] -- Up-to-date: /home/tukorea/ros2_ws/install/livox_lio_sam/share/livox_lio_sam//config/doc/device-hand-2.png
[0.200s] -- Up-to-date: /home/tukorea/ros2_ws/install/livox_lio_sam/share/livox_lio_sam//config/doc/system.png
[0.200s] -- Up-to-date: /home/tukorea/ros2_ws/install/livox_lio_sam/share/livox_lio_sam//config/doc/loop-closure-2.gif:Zone.Identifier
[0.200s] -- Up-to-date: /home/tukorea/ros2_ws/install/livox_lio_sam/share/livox_lio_sam//config/doc/loop-closure-2.gif
[0.200s] -- Up-to-date: /home/tukorea/ros2_ws/install/livox_lio_sam/share/livox_lio_sam//config/doc/ouster-demo.gif:Zone.Identifier
[0.200s] -- Up-to-date: /home/tukorea/ros2_ws/install/livox_lio_sam/share/livox_lio_sam//config/doc/kitti-map.png
[0.200s] -- Up-to-date: /home/tukorea/ros2_ws/install/livox_lio_sam/share/livox_lio_sam//config/doc/device-jackal.png:Zone.Identifier
[0.200s] -- Up-to-date: /home/tukorea/ros2_ws/install/livox_lio_sam/share/livox_lio_sam//config/doc/paper.pdf:Zone.Identifier
[0.201s] -- Up-to-date: /home/tukorea/ros2_ws/install/livox_lio_sam/share/livox_lio_sam//config/doc/imu-transform.png:Zone.Identifier
[0.201s] -- Up-to-date: /home/tukorea/ros2_ws/install/livox_lio_sam/share/livox_lio_sam//config/doc/paper.pdf
[0.201s] -- Up-to-date: /home/tukorea/ros2_ws/install/livox_lio_sam/share/livox_lio_sam//config/doc/device-boat.png:Zone.Identifier
[0.201s] -- Up-to-date: /home/tukorea/ros2_ws/install/livox_lio_sam/share/livox_lio_sam//config/doc/kitti-demo.gif:Zone.Identifier
[0.201s] -- Up-to-date: /home/tukorea/ros2_ws/install/livox_lio_sam/share/livox_lio_sam//config/doc/device-hand.png
[0.201s] -- Up-to-date: /home/tukorea/ros2_ws/install/livox_lio_sam/share/livox_lio_sam//config/doc/kitti-map.png:Zone.Identifier
[0.201s] -- Up-to-date: /home/tukorea/ros2_ws/install/livox_lio_sam/share/livox_lio_sam//config/doc/system.png:Zone.Identifier
[0.201s] -- Up-to-date: /home/tukorea/ros2_ws/install/livox_lio_sam/share/livox_lio_sam//config/doc/kitti2bag
[0.201s] -- Up-to-date: /home/tukorea/ros2_ws/install/livox_lio_sam/share/livox_lio_sam//config/doc/kitti2bag/kitti2bag.py:Zone.Identifier
[0.201s] -- Up-to-date: /home/tukorea/ros2_ws/install/livox_lio_sam/share/livox_lio_sam//config/doc/kitti2bag/kitti2bag.py
[0.201s] -- Up-to-date: /home/tukorea/ros2_ws/install/livox_lio_sam/share/livox_lio_sam//config/doc/kitti2bag/README.md:Zone.Identifier
[0.201s] -- Up-to-date: /home/tukorea/ros2_ws/install/livox_lio_sam/share/livox_lio_sam//config/doc/kitti2bag/README.md
[0.201s] -- Up-to-date: /home/tukorea/ros2_ws/install/livox_lio_sam/share/livox_lio_sam//config/doc/device-hand-2.png:Zone.Identifier
[0.201s] -- Up-to-date: /home/tukorea/ros2_ws/install/livox_lio_sam/share/livox_lio_sam//config/doc/kitti-demo.gif
[0.201s] -- Up-to-date: /home/tukorea/ros2_ws/install/livox_lio_sam/share/livox_lio_sam//config/doc/imu-transform.png
[0.201s] -- Up-to-date: /home/tukorea/ros2_ws/install/livox_lio_sam/share/livox_lio_sam//config/doc/demo.gif
[0.201s] -- Up-to-date: /home/tukorea/ros2_ws/install/livox_lio_sam/share/livox_lio_sam//config/doc/loop-closure.gif:Zone.Identifier
[0.201s] -- Up-to-date: /home/tukorea/ros2_ws/install/livox_lio_sam/share/livox_lio_sam//config/doc/device-jackal.png
[0.201s] -- Up-to-date: /home/tukorea/ros2_ws/install/livox_lio_sam/share/livox_lio_sam//config/doc/ouster-device.jpg
[0.201s] -- Up-to-date: /home/tukorea/ros2_ws/install/livox_lio_sam/share/livox_lio_sam//config/doc/ouster-device.jpg:Zone.Identifier
[0.201s] -- Up-to-date: /home/tukorea/ros2_ws/install/livox_lio_sam/share/livox_lio_sam//config/doc/imu-debug.gif:Zone.Identifier
[0.201s] -- Up-to-date: /home/tukorea/ros2_ws/install/livox_lio_sam/share/livox_lio_sam//config/doc/ouster-demo.gif
[0.201s] -- Up-to-date: /home/tukorea/ros2_ws/install/livox_lio_sam/share/livox_lio_sam//config/doc/gps-demo.gif:Zone.Identifier
[0.201s] -- Up-to-date: /home/tukorea/ros2_ws/install/livox_lio_sam/share/livox_lio_sam//config/robot.urdf.xacro
[0.201s] -- Up-to-date: /home/tukorea/ros2_ws/install/livox_lio_sam/share/livox_lio_sam//config/robot.urdf.xacro:Zone.Identifier
[0.201s] -- Up-to-date: /home/tukorea/ros2_ws/install/livox_lio_sam/lib/livox_lio_sam/livox_lio_sam_imageProjection
[0.201s] -- Up-to-date: /home/tukorea/ros2_ws/install/livox_lio_sam/lib/livox_lio_sam/livox_lio_sam_imuPreintegration
[0.201s] -- Up-to-date: /home/tukorea/ros2_ws/install/livox_lio_sam/lib/livox_lio_sam/livox_lio_sam_featureExtraction
[0.201s] -- Up-to-date: /home/tukorea/ros2_ws/install/livox_lio_sam/lib/livox_lio_sam/livox_lio_sam_mapOptimization
[0.201s] -- Up-to-date: /home/tukorea/ros2_ws/install/livox_lio_sam/include
[0.201s] -- Up-to-date: /home/tukorea/ros2_ws/install/livox_lio_sam/include/livox_lio_sam
[0.201s] -- Up-to-date: /home/tukorea/ros2_ws/install/livox_lio_sam/include/livox_lio_sam/utility.hpp
[0.201s] -- Up-to-date: /home/tukorea/ros2_ws/install/livox_lio_sam/include/livox_lio_sam/utility.hpp:Zone.Identifier
[0.201s] -- Up-to-date: /home/tukorea/ros2_ws/install/livox_lio_sam/share/ament_index/resource_index/package_run_dependencies/livox_lio_sam
[0.201s] -- Up-to-date: /home/tukorea/ros2_ws/install/livox_lio_sam/share/ament_index/resource_index/parent_prefix_path/livox_lio_sam
[0.201s] -- Up-to-date: /home/tukorea/ros2_ws/install/livox_lio_sam/share/livox_lio_sam/environment/ament_prefix_path.sh
[0.201s] -- Up-to-date: /home/tukorea/ros2_ws/install/livox_lio_sam/share/livox_lio_sam/environment/ament_prefix_path.dsv
[0.201s] -- Up-to-date: /home/tukorea/ros2_ws/install/livox_lio_sam/share/livox_lio_sam/environment/path.sh
[0.201s] -- Up-to-date: /home/tukorea/ros2_ws/install/livox_lio_sam/share/livox_lio_sam/environment/path.dsv
[0.201s] -- Up-to-date: /home/tukorea/ros2_ws/install/livox_lio_sam/share/livox_lio_sam/local_setup.bash
[0.201s] -- Up-to-date: /home/tukorea/ros2_ws/install/livox_lio_sam/share/livox_lio_sam/local_setup.sh
[0.201s] -- Up-to-date: /home/tukorea/ros2_ws/install/livox_lio_sam/share/livox_lio_sam/local_setup.zsh
[0.201s] -- Up-to-date: /home/tukorea/ros2_ws/install/livox_lio_sam/share/livox_lio_sam/local_setup.dsv
[0.201s] -- Installing: /home/tukorea/ros2_ws/install/livox_lio_sam/share/livox_lio_sam/package.dsv
[0.201s] -- Up-to-date: /home/tukorea/ros2_ws/install/livox_lio_sam/share/ament_index/resource_index/packages/livox_lio_sam
[0.201s] -- Up-to-date: /home/tukorea/ros2_ws/install/livox_lio_sam/share/livox_lio_sam/cmake/export_livox_lio_sam__rosidl_generator_cExport.cmake
[0.201s] -- Up-to-date: /home/tukorea/ros2_ws/install/livox_lio_sam/share/livox_lio_sam/cmake/export_livox_lio_sam__rosidl_generator_cExport-release.cmake
[0.202s] -- Up-to-date: /home/tukorea/ros2_ws/install/livox_lio_sam/share/livox_lio_sam/cmake/export_livox_lio_sam__rosidl_typesupport_fastrtps_cExport.cmake
[0.202s] -- Up-to-date: /home/tukorea/ros2_ws/install/livox_lio_sam/share/livox_lio_sam/cmake/export_livox_lio_sam__rosidl_typesupport_fastrtps_cExport-release.cmake
[0.202s] -- Up-to-date: /home/tukorea/ros2_ws/install/livox_lio_sam/share/livox_lio_sam/cmake/livox_lio_sam__rosidl_typesupport_introspection_cExport.cmake
[0.202s] -- Up-to-date: /home/tukorea/ros2_ws/install/livox_lio_sam/share/livox_lio_sam/cmake/livox_lio_sam__rosidl_typesupport_introspection_cExport-release.cmake
[0.202s] -- Up-to-date: /home/tukorea/ros2_ws/install/livox_lio_sam/share/livox_lio_sam/cmake/livox_lio_sam__rosidl_typesupport_cExport.cmake
[0.202s] -- Up-to-date: /home/tukorea/ros2_ws/install/livox_lio_sam/share/livox_lio_sam/cmake/livox_lio_sam__rosidl_typesupport_cExport-release.cmake
[0.202s] -- Up-to-date: /home/tukorea/ros2_ws/install/livox_lio_sam/share/livox_lio_sam/cmake/export_livox_lio_sam__rosidl_generator_cppExport.cmake
[0.202s] -- Up-to-date: /home/tukorea/ros2_ws/install/livox_lio_sam/share/livox_lio_sam/cmake/export_livox_lio_sam__rosidl_typesupport_fastrtps_cppExport.cmake
[0.202s] -- Up-to-date: /home/tukorea/ros2_ws/install/livox_lio_sam/share/livox_lio_sam/cmake/export_livox_lio_sam__rosidl_typesupport_fastrtps_cppExport-release.cmake
[0.202s] -- Up-to-date: /home/tukorea/ros2_ws/install/livox_lio_sam/share/livox_lio_sam/cmake/livox_lio_sam__rosidl_typesupport_introspection_cppExport.cmake
[0.202s] -- Up-to-date: /home/tukorea/ros2_ws/install/livox_lio_sam/share/livox_lio_sam/cmake/livox_lio_sam__rosidl_typesupport_introspection_cppExport-release.cmake
[0.202s] -- Up-to-date: /home/tukorea/ros2_ws/install/livox_lio_sam/share/livox_lio_sam/cmake/livox_lio_sam__rosidl_typesupport_cppExport.cmake
[0.202s] -- Up-to-date: /home/tukorea/ros2_ws/install/livox_lio_sam/share/livox_lio_sam/cmake/livox_lio_sam__rosidl_typesupport_cppExport-release.cmake
[0.202s] -- Up-to-date: /home/tukorea/ros2_ws/install/livox_lio_sam/share/livox_lio_sam/cmake/export_livox_lio_sam__rosidl_generator_pyExport.cmake
[0.202s] -- Up-to-date: /home/tukorea/ros2_ws/install/livox_lio_sam/share/livox_lio_sam/cmake/export_livox_lio_sam__rosidl_generator_pyExport-release.cmake
[0.202s] -- Up-to-date: /home/tukorea/ros2_ws/install/livox_lio_sam/share/livox_lio_sam/cmake/rosidl_cmake-extras.cmake
[0.202s] -- Up-to-date: /home/tukorea/ros2_ws/install/livox_lio_sam/share/livox_lio_sam/cmake/ament_cmake_export_dependencies-extras.cmake
[0.202s] -- Up-to-date: /home/tukorea/ros2_ws/install/livox_lio_sam/share/livox_lio_sam/cmake/ament_cmake_export_include_directories-extras.cmake
[0.202s] -- Up-to-date: /home/tukorea/ros2_ws/install/livox_lio_sam/share/livox_lio_sam/cmake/ament_cmake_export_libraries-extras.cmake
[0.202s] -- Up-to-date: /home/tukorea/ros2_ws/install/livox_lio_sam/share/livox_lio_sam/cmake/ament_cmake_export_targets-extras.cmake
[0.202s] -- Up-to-date: /home/tukorea/ros2_ws/install/livox_lio_sam/share/livox_lio_sam/cmake/rosidl_cmake_export_typesupport_targets-extras.cmake
[0.202s] -- Up-to-date: /home/tukorea/ros2_ws/install/livox_lio_sam/share/livox_lio_sam/cmake/rosidl_cmake_export_typesupport_libraries-extras.cmake
[0.202s] -- Up-to-date: /home/tukorea/ros2_ws/install/livox_lio_sam/share/livox_lio_sam/cmake/livox_lio_samConfig.cmake
[0.202s] -- Up-to-date: /home/tukorea/ros2_ws/install/livox_lio_sam/share/livox_lio_sam/cmake/livox_lio_samConfig-version.cmake
[0.202s] -- Up-to-date: /home/tukorea/ros2_ws/install/livox_lio_sam/share/livox_lio_sam/package.xml
[0.203s] Invoked command in '/home/tukorea/ros2_ws/build/livox_lio_sam' returned '0': CMAKE_PREFIX_PATH=${CMAKE_PREFIX_PATH}:/home/tukorea/ros2_ws/install/slam_launch_manager:/home/tukorea/ros2_ws/install/bag_replay_tool_ros2:/opt/ros/humble /usr/bin/cmake --install /home/tukorea/ros2_ws/build/livox_lio_sam
