[0.004s] Invoking command in '/home/tukorea/ros2_ws/build/lio_sam': CMAKE_PREFIX_PATH=${CMAKE_PREFIX_PATH}:/home/tukorea/ros2_ws/install/slam_launch_manager:/home/tukorea/ros2_ws/install/bag_replay_tool_ros2:/opt/ros/humble /usr/bin/cmake /home/tukorea/ros2_ws/src/SLAM/LIO-SAM/lio_sam_ros2 -DCMAKE_BUILD_TYPE=Release -DGTSAM_DIR=/usr/local/lib/cmake/GTSAM -DCMAKE_INSTALL_PREFIX=/home/tukorea/ros2_ws/install/lio_sam
[0.061s] -- The C compiler identification is GNU 11.4.0
[0.258s] -- The CXX compiler identification is GNU 11.4.0
[0.384s] -- Detecting C compiler ABI info
[0.444s] -- Detecting C compiler ABI info - done
[0.446s] -- Check for working C compiler: /usr/bin/cc - skipped
[0.446s] -- Detecting C compile features
[0.447s] -- Detecting C compile features - done
[0.448s] -- Detecting CXX compiler ABI info
[0.514s] -- Detecting CXX compiler ABI info - done
[0.518s] -- Check for working CXX compiler: /usr/bin/c++ - skipped
[0.518s] -- Detecting CXX compile features
[0.518s] -- Detecting CXX compile features - done
[0.519s] -- Found ament_cmake: 1.3.12 (/opt/ros/humble/share/ament_cmake/cmake)
[0.593s] -- Found Python3: /usr/bin/python3 (found version "3.10.12") found components: Interpreter 
[0.643s] -- Found rosidl_default_generators: 1.2.0 (/opt/ros/humble/share/rosidl_default_generators/cmake)
[0.644s] -- Using all available rosidl_typesupport_c: rosidl_typesupport_fastrtps_c;rosidl_typesupport_introspection_c
[0.647s] -- Found rosidl_adapter: 3.1.8 (/opt/ros/humble/share/rosidl_adapter/cmake)
[0.724s] -- Using all available rosidl_typesupport_cpp: rosidl_typesupport_fastrtps_cpp;rosidl_typesupport_introspection_cpp
[0.739s] -- Found rclcpp: 16.0.17 (/opt/ros/humble/share/rclcpp/cmake)
[0.760s] -- Found rmw_implementation_cmake: 6.1.2 (/opt/ros/humble/share/rmw_implementation_cmake/cmake)
[0.760s] -- Found rmw_fastrtps_cpp: 6.2.9 (/opt/ros/humble/share/rmw_fastrtps_cpp/cmake)
[1.325s] -- Found OpenSSL: /usr/lib/x86_64-linux-gnu/libcrypto.so (found version "3.0.2")  
[1.963s] -- Found FastRTPS: /opt/ros/humble/include  
[3.638s] -- Using RMW implementation 'rmw_fastrtps_cpp' as default
[3.642s] -- Looking for pthread.h
[3.723s] -- Looking for pthread.h - found
[3.723s] -- Performing Test CMAKE_HAVE_LIBC_PTHREAD
[3.805s] -- Performing Test CMAKE_HAVE_LIBC_PTHREAD - Success
[3.806s] -- Found Threads: TRUE  
[3.832s] -- Found rclpy: 3.3.19 (/opt/ros/humble/share/rclpy/cmake)
[3.833s] -- Found cv_bridge: 3.2.1 (/opt/ros/humble/share/cv_bridge/cmake)
[3.853s] -- Found nav_msgs: 4.9.0 (/opt/ros/humble/share/nav_msgs/cmake)
[3.860s] -- Found visualization_msgs: 4.9.0 (/opt/ros/humble/share/visualization_msgs/cmake)
[3.869s] -- Found pcl_conversions: 2.4.5 (/opt/ros/humble/share/pcl_conversions/cmake)
[3.887s] -- Checking for module 'eigen3'
[3.894s] --   Found eigen3, version 3.4.0
[3.913s] -- Found Eigen: /usr/include/eigen3 (Required is at least version "3.1") 
[3.913s] -- Eigen found (include: /usr/include/eigen3, version: 3.4.0)
[4.710s] -- Checking for module 'flann'
[4.718s] --   Found flann, version 1.9.1
[4.946s] -- Found FLANN: /usr/lib/x86_64-linux-gnu/libflann_cpp.so  
[4.946s] -- FLANN found (include: /usr/include, lib: /usr/lib/x86_64-linux-gnu/libflann_cpp.so)
[7.884s] -- Checking for module 'libusb-1.0'
[7.891s] --   Found libusb-1.0, version 1.0.25
[7.953s] -- Found libusb: /usr/lib/x86_64-linux-gnu/libusb-1.0.so  
[7.954s] -- OpenNI found (version: 1.5.4.0, include: /usr/include/ni, lib: /usr/lib/libOpenNI.so;libusb::libusb)
[8.070s] -- OpenNI2 found (version: 2.2.0.33, include: /usr/include/openni2, lib: /usr/lib/x86_64-linux-gnu/libOpenNI2.so;libusb::libusb)
[9.264s] -- Eigen found (include: /usr/include/eigen3, version: 3.4.0)
[9.268s] -- OpenNI found (version: 1.5.4.0, include: /usr/include/ni, lib: /usr/lib/libOpenNI.so;libusb::libusb)
[9.271s] -- OpenNI2 found (version: 2.2.0.33, include: /usr/include/openni2, lib: /usr/lib/x86_64-linux-gnu/libOpenNI2.so;libusb::libusb)
[10.536s] -- Found Qhull version 8.0.2
[11.704s] -- OpenNI found (version: 1.5.4.0, include: /usr/include/ni, lib: /usr/lib/libOpenNI.so;libusb::libusb)
[13.189s] -- Found PCL_COMMON: /usr/lib/x86_64-linux-gnu/libpcl_common.so  
[13.190s] -- Found PCL_KDTREE: /usr/lib/x86_64-linux-gnu/libpcl_kdtree.so  
[13.190s] -- Found PCL_OCTREE: /usr/lib/x86_64-linux-gnu/libpcl_octree.so  
[13.190s] -- Found PCL_SEARCH: /usr/lib/x86_64-linux-gnu/libpcl_search.so  
[13.190s] -- Found PCL_SAMPLE_CONSENSUS: /usr/lib/x86_64-linux-gnu/libpcl_sample_consensus.so  
[13.191s] -- Found PCL_FILTERS: /usr/lib/x86_64-linux-gnu/libpcl_filters.so  
[13.191s] -- Found PCL_2D: /usr/include/pcl-1.12  
[13.191s] -- Found PCL_GEOMETRY: /usr/include/pcl-1.12  
[13.192s] -- Found PCL_IO: /usr/lib/x86_64-linux-gnu/libpcl_io.so  
[13.192s] -- Found PCL_FEATURES: /usr/lib/x86_64-linux-gnu/libpcl_features.so  
[13.192s] -- Found PCL_ML: /usr/lib/x86_64-linux-gnu/libpcl_ml.so  
[13.193s] -- Found PCL_SEGMENTATION: /usr/lib/x86_64-linux-gnu/libpcl_segmentation.so  
[13.193s] -- Found PCL_VISUALIZATION: /usr/lib/x86_64-linux-gnu/libpcl_visualization.so  
[13.193s] -- Found PCL_SURFACE: /usr/lib/x86_64-linux-gnu/libpcl_surface.so  
[13.194s] -- Found PCL_REGISTRATION: /usr/lib/x86_64-linux-gnu/libpcl_registration.so  
[13.194s] -- Found PCL_KEYPOINTS: /usr/lib/x86_64-linux-gnu/libpcl_keypoints.so  
[13.195s] -- Found PCL_TRACKING: /usr/lib/x86_64-linux-gnu/libpcl_tracking.so  
[13.195s] -- Found PCL_RECOGNITION: /usr/lib/x86_64-linux-gnu/libpcl_recognition.so  
[13.195s] -- Found PCL_STEREO: /usr/lib/x86_64-linux-gnu/libpcl_stereo.so  
[13.196s] -- Found PCL_APPS: /usr/lib/x86_64-linux-gnu/libpcl_apps.so  
[13.196s] -- Found PCL_IN_HAND_SCANNER: /usr/include/pcl-1.12  
[13.196s] -- Found PCL_MODELER: /usr/include/pcl-1.12  
[13.196s] -- Found PCL_POINT_CLOUD_EDITOR: /usr/include/pcl-1.12  
[13.197s] -- Found PCL_OUTOFCORE: /usr/lib/x86_64-linux-gnu/libpcl_outofcore.so  
[13.197s] -- Found PCL_PEOPLE: /usr/lib/x86_64-linux-gnu/libpcl_people.so  
[13.199s] -- Found tf2: 0.25.18 (/opt/ros/humble/share/tf2/cmake)
[13.203s] -- Found tf2_geometry_msgs: 0.25.18 (/opt/ros/humble/share/tf2_geometry_msgs/cmake)
[13.232s] -- Found eigen3_cmake_module: 0.1.1 (/opt/ros/humble/share/eigen3_cmake_module/cmake)
[13.233s] -- Found Eigen3: TRUE (found version "3.4.0") 
[13.233s] -- Ensuring Eigen3 include directory is part of orocos-kdl CMake target
[13.272s] -- Found tf2_sensor_msgs: 0.25.18 (/opt/ros/humble/share/tf2_sensor_msgs/cmake)
[13.275s] -- Found tf2_eigen: 0.25.18 (/opt/ros/humble/share/tf2_eigen/cmake)
[13.278s] -- Found OpenCV: /usr (found version "4.5.4") 
[13.278s] [33mCMake Warning (dev) at CMakeLists.txt:29 (find_package):
[13.278s]   Policy CMP0074 is not set: find_package uses <PackageName>_ROOT variables.
[13.278s]   Run "cmake --help-policy CMP0074" for policy details.  Use the cmake_policy
[13.278s]   command to set the policy and suppress this warning.
[13.278s] 
[13.278s]   CMake variable PCL_ROOT is set to:
[13.278s] 
[13.278s]     /usr
[13.278s] 
[13.278s]   For compatibility, CMake is ignoring the variable.
[13.278s] This warning is for project developers.  Use -Wno-dev to suppress it.
[13.278s] [0m
[13.294s] -- Found Boost: /usr/lib/x86_64-linux-gnu/cmake/Boost-1.74.0/BoostConfig.cmake (found suitable version "1.74.0", minimum required is "1.65") found components: serialization system filesystem thread program_options date_time timer chrono regex 
[13.294s] -- GTSAM include directory:  /usr/local/lib/cmake/GTSAM/../../../include
[13.298s] -- Found Eigen: /usr/include/eigen3  
[13.298s] -- Eigen found (include: /usr/include/eigen3, version: 3.4.0)
[13.567s] -- Found OpenMP_C: -fopenmp (found version "4.5") 
[13.657s] -- Found OpenMP_CXX: -fopenmp (found version "4.5") 
[13.657s] -- Found OpenMP: TRUE (found version "4.5")  
[13.813s] -- Found ament_cmake_ros: 0.10.0 (/opt/ros/humble/share/ament_cmake_ros/cmake)
[13.952s] -- Using all available rosidl_typesupport_c: rosidl_typesupport_fastrtps_c;rosidl_typesupport_introspection_c
[14.148s] -- Using all available rosidl_typesupport_cpp: rosidl_typesupport_fastrtps_cpp;rosidl_typesupport_introspection_cpp
[14.243s] -- Found PythonInterp: /usr/bin/python3 (found suitable version "3.10.12", minimum required is "3.6") 
[14.244s] -- Found python_cmake_module: 0.10.0 (/opt/ros/humble/share/python_cmake_module/cmake)
[14.465s] -- Found PythonLibs: /usr/lib/x86_64-linux-gnu/libpython3.10.so (found suitable version "3.10.12", minimum required is "3.5") 
[14.465s] -- Using PYTHON_EXECUTABLE: /usr/bin/python3
[14.465s] -- Using PYTHON_INCLUDE_DIRS: /usr/include/python3.10
[14.466s] -- Using PYTHON_LIBRARIES: /usr/lib/x86_64-linux-gnu/libpython3.10.so
[14.478s] -- Found PythonExtra: .so  
[14.569s] -- Found ament_lint_auto: 0.12.14 (/opt/ros/humble/share/ament_lint_auto/cmake)
[14.596s] -- Added test 'copyright' to check source files copyright and LICENSE
[14.601s] -- Added test 'cppcheck' to perform static code analysis on C / C++ code
[14.602s] -- Configured cppcheck include dirs: /home/tukorea/ros2_ws/src/SLAM/LIO-SAM/lio_sam_ros2/include/lio_sam
[14.602s] -- Configured cppcheck exclude dirs and/or files: 
[14.605s] -- Added test 'cpplint' to check C / C++ code against the Google style
[14.605s] -- Configured cpplint exclude dirs and/or files: 
[14.605s] -- Added test 'flake8' to check Python code syntax and style conventions
[14.606s] -- Added test 'lint_cmake' to check CMake code style
[14.606s] -- Added test 'pep257' to check Python code against some of the docstring style conventions in PEP 257
[14.608s] -- Added test 'uncrustify' to check C / C++ code style
[14.608s] -- Configured uncrustify additional arguments: 
[14.610s] -- Added test 'xmllint' to check XML markup files
[14.611s] -- Configuring done
[14.684s] -- Generating done
[14.703s] -- Build files have been written to: /home/tukorea/ros2_ws/build/lio_sam
[14.718s] Invoked command in '/home/tukorea/ros2_ws/build/lio_sam' returned '0': CMAKE_PREFIX_PATH=${CMAKE_PREFIX_PATH}:/home/tukorea/ros2_ws/install/slam_launch_manager:/home/tukorea/ros2_ws/install/bag_replay_tool_ros2:/opt/ros/humble /usr/bin/cmake /home/tukorea/ros2_ws/src/SLAM/LIO-SAM/lio_sam_ros2 -DCMAKE_BUILD_TYPE=Release -DGTSAM_DIR=/usr/local/lib/cmake/GTSAM -DCMAKE_INSTALL_PREFIX=/home/tukorea/ros2_ws/install/lio_sam
[14.718s] Invoking command in '/home/tukorea/ros2_ws/build/lio_sam': CMAKE_PREFIX_PATH=${CMAKE_PREFIX_PATH}:/home/tukorea/ros2_ws/install/slam_launch_manager:/home/tukorea/ros2_ws/install/bag_replay_tool_ros2:/opt/ros/humble /usr/bin/cmake --build /home/tukorea/ros2_ws/build/lio_sam -- -j20 -l20
[14.742s] [  2%] [34m[1mGenerating C code for ROS interfaces[0m
[14.748s] [  4%] [34m[1mGenerating C++ code for ROS interfaces[0m
[14.753s] [  4%] Built target ament_cmake_python_copy_lio_sam
[14.857s] running egg_info
[14.857s] creating lio_sam.egg-info
[14.858s] writing lio_sam.egg-info/PKG-INFO
[14.858s] writing dependency_links to lio_sam.egg-info/dependency_links.txt
[14.858s] writing top-level names to lio_sam.egg-info/top_level.txt
[14.858s] writing manifest file 'lio_sam.egg-info/SOURCES.txt'
[14.859s] reading manifest file 'lio_sam.egg-info/SOURCES.txt'
[14.860s] writing manifest file 'lio_sam.egg-info/SOURCES.txt'
[14.874s] [  4%] Built target ament_cmake_python_build_lio_sam_egg
[14.931s] [  4%] Built target lio_sam__cpp
[14.932s] [  8%] [32mBuilding C object CMakeFiles/lio_sam__rosidl_generator_c.dir/rosidl_generator_c/lio_sam/msg/detail/cloud_info__functions.c.o[0m
[14.932s] [  8%] [32mBuilding C object CMakeFiles/lio_sam__rosidl_generator_c.dir/rosidl_generator_c/lio_sam/srv/detail/save_map__functions.c.o[0m
[14.937s] [ 14%] [34m[1mGenerating C++ type support dispatch for ROS interfaces[0m
[14.937s] [ 14%] [34m[1mGenerating C++ introspection for ROS interfaces[0m
[14.937s] [ 14%] [34m[1mGenerating C++ type support for eProsima Fast-RTPS[0m
[14.999s] [ 17%] [32m[1mLinking C shared library liblio_sam__rosidl_generator_c.so[0m
[15.069s] [ 17%] Built target lio_sam__rosidl_generator_c
[15.075s] [ 23%] [34m[1mGenerating C type support dispatch for ROS interfaces[0m
[15.075s] [ 23%] [34m[1mGenerating C introspection for ROS interfaces[0m
[15.075s] [ 23%] [34m[1mGenerating C type support for eProsima Fast-RTPS[0m
[15.090s] [ 25%] [32mBuilding CXX object CMakeFiles/lio_sam__rosidl_typesupport_cpp.dir/rosidl_typesupport_cpp/lio_sam/srv/save_map__type_support.cpp.o[0m
[15.090s] [ 27%] [32mBuilding CXX object CMakeFiles/lio_sam__rosidl_typesupport_cpp.dir/rosidl_typesupport_cpp/lio_sam/msg/cloud_info__type_support.cpp.o[0m
[15.103s] [ 29%] [32mBuilding CXX object CMakeFiles/lio_sam__rosidl_typesupport_introspection_cpp.dir/rosidl_typesupport_introspection_cpp/lio_sam/srv/detail/save_map__type_support.cpp.o[0m
[15.103s] [ 31%] [32mBuilding CXX object CMakeFiles/lio_sam__rosidl_typesupport_introspection_cpp.dir/rosidl_typesupport_introspection_cpp/lio_sam/msg/detail/cloud_info__type_support.cpp.o[0m
[15.116s] [ 34%] [32mBuilding CXX object CMakeFiles/lio_sam__rosidl_typesupport_fastrtps_cpp.dir/rosidl_typesupport_fastrtps_cpp/lio_sam/msg/detail/dds_fastrtps/cloud_info__type_support.cpp.o[0m
[15.117s] [ 36%] [32mBuilding CXX object CMakeFiles/lio_sam__rosidl_typesupport_fastrtps_cpp.dir/rosidl_typesupport_fastrtps_cpp/lio_sam/srv/detail/dds_fastrtps/save_map__type_support.cpp.o[0m
[15.235s] [ 38%] [32m[1mLinking CXX shared library liblio_sam__rosidl_typesupport_cpp.so[0m
[15.244s] [ 40%] [32mBuilding CXX object CMakeFiles/lio_sam__rosidl_typesupport_c.dir/rosidl_typesupport_c/lio_sam/msg/cloud_info__type_support.cpp.o[0m
[15.244s] [ 42%] [32mBuilding CXX object CMakeFiles/lio_sam__rosidl_typesupport_c.dir/rosidl_typesupport_c/lio_sam/srv/save_map__type_support.cpp.o[0m
[15.262s] [ 46%] [32mBuilding C object CMakeFiles/lio_sam__rosidl_typesupport_introspection_c.dir/rosidl_typesupport_introspection_c/lio_sam/msg/detail/cloud_info__type_support.c.o[0m
[15.262s] [ 46%] [32mBuilding C object CMakeFiles/lio_sam__rosidl_typesupport_introspection_c.dir/rosidl_typesupport_introspection_c/lio_sam/srv/detail/save_map__type_support.c.o[0m
[15.263s] [ 48%] [32m[1mLinking CXX shared library liblio_sam__rosidl_typesupport_c.so[0m
[15.270s] [ 51%] [32mBuilding CXX object CMakeFiles/lio_sam__rosidl_typesupport_fastrtps_c.dir/rosidl_typesupport_fastrtps_c/lio_sam/srv/detail/save_map__type_support_c.cpp.o[0m
[15.270s] [ 53%] [32mBuilding CXX object CMakeFiles/lio_sam__rosidl_typesupport_fastrtps_c.dir/rosidl_typesupport_fastrtps_c/lio_sam/msg/detail/cloud_info__type_support_c.cpp.o[0m
[15.300s] [ 55%] [32m[1mLinking C shared library liblio_sam__rosidl_typesupport_introspection_c.so[0m
[15.305s] [ 55%] Built target lio_sam__rosidl_typesupport_cpp
[15.320s] [ 63%] [32mBuilding CXX object CMakeFiles/lio_sam_mapOptimization.dir/src/mapOptmization.cpp.o[0m
[15.320s] [ 63%] [32mBuilding CXX object CMakeFiles/lio_sam_imageProjection.dir/src/imageProjection.cpp.o[0m
[15.320s] [ 63%] [32mBuilding CXX object CMakeFiles/lio_sam_imuPreintegration.dir/src/imuPreintegration.cpp.o[0m
[15.320s] [ 63%] [32mBuilding CXX object CMakeFiles/lio_sam_featureExtraction.dir/src/featureExtraction.cpp.o[0m
[15.334s] [ 63%] Built target lio_sam__rosidl_typesupport_c
[15.374s] [ 63%] Built target lio_sam__rosidl_typesupport_introspection_c
[15.422s] [ 65%] [32m[1mLinking CXX shared library liblio_sam__rosidl_typesupport_fastrtps_cpp.so[0m
[15.439s] [ 68%] [32m[1mLinking CXX shared library liblio_sam__rosidl_typesupport_introspection_cpp.so[0m
[15.486s] [ 70%] [32m[1mLinking CXX shared library liblio_sam__rosidl_typesupport_fastrtps_c.so[0m
[15.521s] [ 70%] Built target lio_sam__rosidl_typesupport_fastrtps_cpp
[15.529s] [ 70%] Built target lio_sam__rosidl_typesupport_introspection_cpp
[15.574s] [ 70%] Built target lio_sam__rosidl_typesupport_fastrtps_c
[15.587s] [ 70%] Built target lio_sam
[15.600s] [ 72%] [34m[1mGenerating Python code for ROS interfaces[0m
[15.884s] [ 72%] Built target lio_sam__py
[15.897s] [ 76%] [32mBuilding C object CMakeFiles/lio_sam__rosidl_generator_py.dir/rosidl_generator_py/lio_sam/msg/_cloud_info_s.c.o[0m
[15.897s] [ 76%] [32mBuilding C object CMakeFiles/lio_sam__rosidl_generator_py.dir/rosidl_generator_py/lio_sam/srv/_save_map_s.c.o[0m
[16.018s] [ 78%] [32m[1mLinking C shared library rosidl_generator_py/lio_sam/liblio_sam__rosidl_generator_py.so[0m
[16.104s] [ 78%] Built target lio_sam__rosidl_generator_py
[16.118s] [ 85%] [32mBuilding C object CMakeFiles/lio_sam__rosidl_typesupport_c__pyext.dir/rosidl_generator_py/lio_sam/_lio_sam_s.ep.rosidl_typesupport_c.c.o[0m
[16.118s] [ 85%] [32mBuilding C object CMakeFiles/lio_sam__rosidl_typesupport_fastrtps_c__pyext.dir/rosidl_generator_py/lio_sam/_lio_sam_s.ep.rosidl_typesupport_fastrtps_c.c.o[0m
[16.118s] [ 85%] [32mBuilding C object CMakeFiles/lio_sam__rosidl_typesupport_introspection_c__pyext.dir/rosidl_generator_py/lio_sam/_lio_sam_s.ep.rosidl_typesupport_introspection_c.c.o[0m
[16.194s] [ 87%] [32m[1mLinking C shared library rosidl_generator_py/lio_sam/lio_sam_s__rosidl_typesupport_introspection_c.cpython-310-x86_64-linux-gnu.so[0m
[16.195s] [ 89%] [32m[1mLinking C shared library rosidl_generator_py/lio_sam/lio_sam_s__rosidl_typesupport_fastrtps_c.cpython-310-x86_64-linux-gnu.so[0m
[16.198s] [ 91%] [32m[1mLinking C shared library rosidl_generator_py/lio_sam/lio_sam_s__rosidl_typesupport_c.cpython-310-x86_64-linux-gnu.so[0m
[16.258s] [ 91%] Built target lio_sam__rosidl_typesupport_c__pyext
[16.258s] [ 91%] Built target lio_sam__rosidl_typesupport_introspection_c__pyext
[16.258s] [ 91%] Built target lio_sam__rosidl_typesupport_fastrtps_c__pyext
[30.942s] [ 93%] [32m[1mLinking CXX executable lio_sam_featureExtraction[0m
[31.249s] [ 93%] Built target lio_sam_featureExtraction
[34.684s] [ 95%] [32m[1mLinking CXX executable lio_sam_imageProjection[0m
[35.014s] [ 95%] Built target lio_sam_imageProjection
[41.750s] [ 97%] [32m[1mLinking CXX executable lio_sam_imuPreintegration[0m
[42.193s] [ 97%] Built target lio_sam_imuPreintegration
[58.418s] [100%] [32m[1mLinking CXX executable lio_sam_mapOptimization[0m
[58.792s] /usr/bin/ld: warning: libtbb.so.2, needed by /usr/lib/x86_64-linux-gnu/libopencv_core.so.4.5.4d, may conflict with libtbb.so.12
[58.899s] [100%] Built target lio_sam_mapOptimization
[58.911s] Invoked command in '/home/tukorea/ros2_ws/build/lio_sam' returned '0': CMAKE_PREFIX_PATH=${CMAKE_PREFIX_PATH}:/home/tukorea/ros2_ws/install/slam_launch_manager:/home/tukorea/ros2_ws/install/bag_replay_tool_ros2:/opt/ros/humble /usr/bin/cmake --build /home/tukorea/ros2_ws/build/lio_sam -- -j20 -l20
[58.912s] Invoking command in '/home/tukorea/ros2_ws/build/lio_sam': CMAKE_PREFIX_PATH=${CMAKE_PREFIX_PATH}:/home/tukorea/ros2_ws/install/slam_launch_manager:/home/tukorea/ros2_ws/install/bag_replay_tool_ros2:/opt/ros/humble /usr/bin/cmake --install /home/tukorea/ros2_ws/build/lio_sam
[58.916s] -- Install configuration: "Release"
[58.917s] -- Installing: /home/tukorea/ros2_ws/install/lio_sam/share/ament_index/resource_index/rosidl_interfaces/lio_sam
[58.917s] -- Installing: /home/tukorea/ros2_ws/install/lio_sam/include/lio_sam/lio_sam
[58.917s] -- Installing: /home/tukorea/ros2_ws/install/lio_sam/include/lio_sam/lio_sam/srv
[58.917s] -- Installing: /home/tukorea/ros2_ws/install/lio_sam/include/lio_sam/lio_sam/srv/save_map.h
[58.917s] -- Installing: /home/tukorea/ros2_ws/install/lio_sam/include/lio_sam/lio_sam/srv/detail
[58.917s] -- Installing: /home/tukorea/ros2_ws/install/lio_sam/include/lio_sam/lio_sam/srv/detail/save_map__functions.h
[58.917s] -- Installing: /home/tukorea/ros2_ws/install/lio_sam/include/lio_sam/lio_sam/srv/detail/save_map__functions.c
[58.917s] -- Installing: /home/tukorea/ros2_ws/install/lio_sam/include/lio_sam/lio_sam/srv/detail/save_map__type_support.h
[58.917s] -- Installing: /home/tukorea/ros2_ws/install/lio_sam/include/lio_sam/lio_sam/srv/detail/save_map__struct.h
[58.917s] -- Installing: /home/tukorea/ros2_ws/install/lio_sam/include/lio_sam/lio_sam/msg
[58.917s] -- Installing: /home/tukorea/ros2_ws/install/lio_sam/include/lio_sam/lio_sam/msg/rosidl_generator_c__visibility_control.h
[58.917s] -- Installing: /home/tukorea/ros2_ws/install/lio_sam/include/lio_sam/lio_sam/msg/detail
[58.917s] -- Installing: /home/tukorea/ros2_ws/install/lio_sam/include/lio_sam/lio_sam/msg/detail/cloud_info__functions.h
[58.917s] -- Installing: /home/tukorea/ros2_ws/install/lio_sam/include/lio_sam/lio_sam/msg/detail/cloud_info__type_support.h
[58.918s] -- Installing: /home/tukorea/ros2_ws/install/lio_sam/include/lio_sam/lio_sam/msg/detail/cloud_info__functions.c
[58.918s] -- Installing: /home/tukorea/ros2_ws/install/lio_sam/include/lio_sam/lio_sam/msg/detail/cloud_info__struct.h
[58.918s] -- Installing: /home/tukorea/ros2_ws/install/lio_sam/include/lio_sam/lio_sam/msg/cloud_info.h
[58.918s] -- Installing: /home/tukorea/ros2_ws/install/lio_sam/share/lio_sam/environment/library_path.sh
[58.918s] -- Installing: /home/tukorea/ros2_ws/install/lio_sam/share/lio_sam/environment/library_path.dsv
[58.918s] -- Installing: /home/tukorea/ros2_ws/install/lio_sam/lib/liblio_sam__rosidl_generator_c.so
[58.918s] -- Set runtime path of "/home/tukorea/ros2_ws/install/lio_sam/lib/liblio_sam__rosidl_generator_c.so" to ""
[58.918s] -- Up-to-date: /home/tukorea/ros2_ws/install/lio_sam/include/lio_sam/lio_sam
[58.918s] -- Up-to-date: /home/tukorea/ros2_ws/install/lio_sam/include/lio_sam/lio_sam/srv
[58.918s] -- Up-to-date: /home/tukorea/ros2_ws/install/lio_sam/include/lio_sam/lio_sam/srv/detail
[58.918s] -- Installing: /home/tukorea/ros2_ws/install/lio_sam/include/lio_sam/lio_sam/srv/detail/save_map__rosidl_typesupport_fastrtps_c.h
[58.918s] -- Up-to-date: /home/tukorea/ros2_ws/install/lio_sam/include/lio_sam/lio_sam/msg
[58.918s] -- Installing: /home/tukorea/ros2_ws/install/lio_sam/include/lio_sam/lio_sam/msg/rosidl_typesupport_fastrtps_c__visibility_control.h
[58.918s] -- Up-to-date: /home/tukorea/ros2_ws/install/lio_sam/include/lio_sam/lio_sam/msg/detail
[58.918s] -- Installing: /home/tukorea/ros2_ws/install/lio_sam/include/lio_sam/lio_sam/msg/detail/cloud_info__rosidl_typesupport_fastrtps_c.h
[58.918s] -- Installing: /home/tukorea/ros2_ws/install/lio_sam/lib/liblio_sam__rosidl_typesupport_fastrtps_c.so
[58.918s] -- Set runtime path of "/home/tukorea/ros2_ws/install/lio_sam/lib/liblio_sam__rosidl_typesupport_fastrtps_c.so" to ""
[58.918s] -- Up-to-date: /home/tukorea/ros2_ws/install/lio_sam/include/lio_sam/lio_sam
[58.919s] -- Up-to-date: /home/tukorea/ros2_ws/install/lio_sam/include/lio_sam/lio_sam/srv
[58.919s] -- Up-to-date: /home/tukorea/ros2_ws/install/lio_sam/include/lio_sam/lio_sam/srv/detail
[58.919s] -- Installing: /home/tukorea/ros2_ws/install/lio_sam/include/lio_sam/lio_sam/srv/detail/save_map__rosidl_typesupport_introspection_c.h
[58.919s] -- Installing: /home/tukorea/ros2_ws/install/lio_sam/include/lio_sam/lio_sam/srv/detail/save_map__type_support.c
[58.919s] -- Up-to-date: /home/tukorea/ros2_ws/install/lio_sam/include/lio_sam/lio_sam/msg
[58.919s] -- Up-to-date: /home/tukorea/ros2_ws/install/lio_sam/include/lio_sam/lio_sam/msg/detail
[58.919s] -- Installing: /home/tukorea/ros2_ws/install/lio_sam/include/lio_sam/lio_sam/msg/detail/cloud_info__rosidl_typesupport_introspection_c.h
[58.919s] -- Installing: /home/tukorea/ros2_ws/install/lio_sam/include/lio_sam/lio_sam/msg/detail/cloud_info__type_support.c
[58.919s] -- Installing: /home/tukorea/ros2_ws/install/lio_sam/include/lio_sam/lio_sam/msg/rosidl_typesupport_introspection_c__visibility_control.h
[58.919s] -- Installing: /home/tukorea/ros2_ws/install/lio_sam/lib/liblio_sam__rosidl_typesupport_introspection_c.so
[58.919s] -- Set runtime path of "/home/tukorea/ros2_ws/install/lio_sam/lib/liblio_sam__rosidl_typesupport_introspection_c.so" to ""
[58.919s] -- Installing: /home/tukorea/ros2_ws/install/lio_sam/lib/liblio_sam__rosidl_typesupport_c.so
[58.919s] -- Set runtime path of "/home/tukorea/ros2_ws/install/lio_sam/lib/liblio_sam__rosidl_typesupport_c.so" to ""
[58.919s] -- Up-to-date: /home/tukorea/ros2_ws/install/lio_sam/include/lio_sam/lio_sam
[58.919s] -- Up-to-date: /home/tukorea/ros2_ws/install/lio_sam/include/lio_sam/lio_sam/srv
[58.919s] -- Up-to-date: /home/tukorea/ros2_ws/install/lio_sam/include/lio_sam/lio_sam/srv/detail
[58.919s] -- Installing: /home/tukorea/ros2_ws/install/lio_sam/include/lio_sam/lio_sam/srv/detail/save_map__struct.hpp
[58.919s] -- Installing: /home/tukorea/ros2_ws/install/lio_sam/include/lio_sam/lio_sam/srv/detail/save_map__traits.hpp
[58.919s] -- Installing: /home/tukorea/ros2_ws/install/lio_sam/include/lio_sam/lio_sam/srv/detail/save_map__type_support.hpp
[58.919s] -- Installing: /home/tukorea/ros2_ws/install/lio_sam/include/lio_sam/lio_sam/srv/detail/save_map__builder.hpp
[58.919s] -- Installing: /home/tukorea/ros2_ws/install/lio_sam/include/lio_sam/lio_sam/srv/save_map.hpp
[58.919s] -- Up-to-date: /home/tukorea/ros2_ws/install/lio_sam/include/lio_sam/lio_sam/msg
[58.919s] -- Installing: /home/tukorea/ros2_ws/install/lio_sam/include/lio_sam/lio_sam/msg/rosidl_generator_cpp__visibility_control.hpp
[58.919s] -- Up-to-date: /home/tukorea/ros2_ws/install/lio_sam/include/lio_sam/lio_sam/msg/detail
[58.919s] -- Installing: /home/tukorea/ros2_ws/install/lio_sam/include/lio_sam/lio_sam/msg/detail/cloud_info__struct.hpp
[58.919s] -- Installing: /home/tukorea/ros2_ws/install/lio_sam/include/lio_sam/lio_sam/msg/detail/cloud_info__builder.hpp
[58.919s] -- Installing: /home/tukorea/ros2_ws/install/lio_sam/include/lio_sam/lio_sam/msg/detail/cloud_info__traits.hpp
[58.920s] -- Installing: /home/tukorea/ros2_ws/install/lio_sam/include/lio_sam/lio_sam/msg/detail/cloud_info__type_support.hpp
[58.920s] -- Installing: /home/tukorea/ros2_ws/install/lio_sam/include/lio_sam/lio_sam/msg/cloud_info.hpp
[58.920s] -- Up-to-date: /home/tukorea/ros2_ws/install/lio_sam/include/lio_sam/lio_sam
[58.920s] -- Up-to-date: /home/tukorea/ros2_ws/install/lio_sam/include/lio_sam/lio_sam/srv
[58.920s] -- Up-to-date: /home/tukorea/ros2_ws/install/lio_sam/include/lio_sam/lio_sam/srv/detail
[58.920s] -- Installing: /home/tukorea/ros2_ws/install/lio_sam/include/lio_sam/lio_sam/srv/detail/save_map__rosidl_typesupport_fastrtps_cpp.hpp
[58.920s] -- Installing: /home/tukorea/ros2_ws/install/lio_sam/include/lio_sam/lio_sam/srv/detail/dds_fastrtps
[58.920s] -- Up-to-date: /home/tukorea/ros2_ws/install/lio_sam/include/lio_sam/lio_sam/msg
[58.920s] -- Up-to-date: /home/tukorea/ros2_ws/install/lio_sam/include/lio_sam/lio_sam/msg/detail
[58.920s] -- Installing: /home/tukorea/ros2_ws/install/lio_sam/include/lio_sam/lio_sam/msg/detail/cloud_info__rosidl_typesupport_fastrtps_cpp.hpp
[58.920s] -- Installing: /home/tukorea/ros2_ws/install/lio_sam/include/lio_sam/lio_sam/msg/detail/dds_fastrtps
[58.920s] -- Installing: /home/tukorea/ros2_ws/install/lio_sam/include/lio_sam/lio_sam/msg/rosidl_typesupport_fastrtps_cpp__visibility_control.h
[58.920s] -- Installing: /home/tukorea/ros2_ws/install/lio_sam/lib/liblio_sam__rosidl_typesupport_fastrtps_cpp.so
[58.920s] -- Set runtime path of "/home/tukorea/ros2_ws/install/lio_sam/lib/liblio_sam__rosidl_typesupport_fastrtps_cpp.so" to ""
[58.920s] -- Up-to-date: /home/tukorea/ros2_ws/install/lio_sam/include/lio_sam/lio_sam
[58.920s] -- Up-to-date: /home/tukorea/ros2_ws/install/lio_sam/include/lio_sam/lio_sam/srv
[58.920s] -- Up-to-date: /home/tukorea/ros2_ws/install/lio_sam/include/lio_sam/lio_sam/srv/detail
[58.920s] -- Installing: /home/tukorea/ros2_ws/install/lio_sam/include/lio_sam/lio_sam/srv/detail/save_map__type_support.cpp
[58.920s] -- Installing: /home/tukorea/ros2_ws/install/lio_sam/include/lio_sam/lio_sam/srv/detail/save_map__rosidl_typesupport_introspection_cpp.hpp
[58.920s] -- Up-to-date: /home/tukorea/ros2_ws/install/lio_sam/include/lio_sam/lio_sam/msg
[58.920s] -- Up-to-date: /home/tukorea/ros2_ws/install/lio_sam/include/lio_sam/lio_sam/msg/detail
[58.920s] -- Installing: /home/tukorea/ros2_ws/install/lio_sam/include/lio_sam/lio_sam/msg/detail/cloud_info__type_support.cpp
[58.920s] -- Installing: /home/tukorea/ros2_ws/install/lio_sam/include/lio_sam/lio_sam/msg/detail/cloud_info__rosidl_typesupport_introspection_cpp.hpp
[58.921s] -- Installing: /home/tukorea/ros2_ws/install/lio_sam/lib/liblio_sam__rosidl_typesupport_introspection_cpp.so
[58.921s] -- Set runtime path of "/home/tukorea/ros2_ws/install/lio_sam/lib/liblio_sam__rosidl_typesupport_introspection_cpp.so" to ""
[58.921s] -- Installing: /home/tukorea/ros2_ws/install/lio_sam/lib/liblio_sam__rosidl_typesupport_cpp.so
[58.921s] -- Set runtime path of "/home/tukorea/ros2_ws/install/lio_sam/lib/liblio_sam__rosidl_typesupport_cpp.so" to ""
[58.921s] -- Installing: /home/tukorea/ros2_ws/install/lio_sam/share/lio_sam/environment/pythonpath.sh
[58.921s] -- Installing: /home/tukorea/ros2_ws/install/lio_sam/share/lio_sam/environment/pythonpath.dsv
[58.921s] -- Installing: /home/tukorea/ros2_ws/install/lio_sam/local/lib/python3.10/dist-packages/lio_sam-1.0.0-py3.10.egg-info
[58.921s] -- Installing: /home/tukorea/ros2_ws/install/lio_sam/local/lib/python3.10/dist-packages/lio_sam-1.0.0-py3.10.egg-info/SOURCES.txt
[58.921s] -- Installing: /home/tukorea/ros2_ws/install/lio_sam/local/lib/python3.10/dist-packages/lio_sam-1.0.0-py3.10.egg-info/PKG-INFO
[58.921s] -- Installing: /home/tukorea/ros2_ws/install/lio_sam/local/lib/python3.10/dist-packages/lio_sam-1.0.0-py3.10.egg-info/dependency_links.txt
[58.921s] -- Installing: /home/tukorea/ros2_ws/install/lio_sam/local/lib/python3.10/dist-packages/lio_sam-1.0.0-py3.10.egg-info/top_level.txt
[58.921s] -- Installing: /home/tukorea/ros2_ws/install/lio_sam/local/lib/python3.10/dist-packages/lio_sam
[58.921s] -- Installing: /home/tukorea/ros2_ws/install/lio_sam/local/lib/python3.10/dist-packages/lio_sam/lio_sam_s__rosidl_typesupport_fastrtps_c.cpython-310-x86_64-linux-gnu.so
[58.921s] -- Installing: /home/tukorea/ros2_ws/install/lio_sam/local/lib/python3.10/dist-packages/lio_sam/_lio_sam_s.ep.rosidl_typesupport_c.c
[58.922s] -- Installing: /home/tukorea/ros2_ws/install/lio_sam/local/lib/python3.10/dist-packages/lio_sam/_lio_sam_s.ep.rosidl_typesupport_fastrtps_c.c
[58.922s] -- Installing: /home/tukorea/ros2_ws/install/lio_sam/local/lib/python3.10/dist-packages/lio_sam/srv
[58.922s] -- Installing: /home/tukorea/ros2_ws/install/lio_sam/local/lib/python3.10/dist-packages/lio_sam/srv/_save_map_s.c
[58.922s] -- Installing: /home/tukorea/ros2_ws/install/lio_sam/local/lib/python3.10/dist-packages/lio_sam/srv/_save_map.py
[58.922s] -- Installing: /home/tukorea/ros2_ws/install/lio_sam/local/lib/python3.10/dist-packages/lio_sam/srv/__init__.py
[58.922s] -- Installing: /home/tukorea/ros2_ws/install/lio_sam/local/lib/python3.10/dist-packages/lio_sam/lio_sam_s__rosidl_typesupport_c.cpython-310-x86_64-linux-gnu.so
[58.922s] -- Installing: /home/tukorea/ros2_ws/install/lio_sam/local/lib/python3.10/dist-packages/lio_sam/liblio_sam__rosidl_generator_py.so
[58.922s] -- Installing: /home/tukorea/ros2_ws/install/lio_sam/local/lib/python3.10/dist-packages/lio_sam/msg
[58.922s] -- Installing: /home/tukorea/ros2_ws/install/lio_sam/local/lib/python3.10/dist-packages/lio_sam/msg/_cloud_info.py
[58.922s] -- Installing: /home/tukorea/ros2_ws/install/lio_sam/local/lib/python3.10/dist-packages/lio_sam/msg/__init__.py
[58.922s] -- Installing: /home/tukorea/ros2_ws/install/lio_sam/local/lib/python3.10/dist-packages/lio_sam/msg/_cloud_info_s.c
[58.922s] -- Installing: /home/tukorea/ros2_ws/install/lio_sam/local/lib/python3.10/dist-packages/lio_sam/lio_sam_s__rosidl_typesupport_introspection_c.cpython-310-x86_64-linux-gnu.so
[58.922s] -- Installing: /home/tukorea/ros2_ws/install/lio_sam/local/lib/python3.10/dist-packages/lio_sam/__init__.py
[58.922s] -- Installing: /home/tukorea/ros2_ws/install/lio_sam/local/lib/python3.10/dist-packages/lio_sam/_lio_sam_s.ep.rosidl_typesupport_introspection_c.c
[58.942s] Listing '/home/tukorea/ros2_ws/install/lio_sam/local/lib/python3.10/dist-packages/lio_sam'...
[58.942s] Compiling '/home/tukorea/ros2_ws/install/lio_sam/local/lib/python3.10/dist-packages/lio_sam/__init__.py'...
[58.942s] Listing '/home/tukorea/ros2_ws/install/lio_sam/local/lib/python3.10/dist-packages/lio_sam/msg'...
[58.942s] Compiling '/home/tukorea/ros2_ws/install/lio_sam/local/lib/python3.10/dist-packages/lio_sam/msg/__init__.py'...
[58.942s] Compiling '/home/tukorea/ros2_ws/install/lio_sam/local/lib/python3.10/dist-packages/lio_sam/msg/_cloud_info.py'...
[58.942s] Listing '/home/tukorea/ros2_ws/install/lio_sam/local/lib/python3.10/dist-packages/lio_sam/srv'...
[58.942s] Compiling '/home/tukorea/ros2_ws/install/lio_sam/local/lib/python3.10/dist-packages/lio_sam/srv/__init__.py'...
[58.942s] Compiling '/home/tukorea/ros2_ws/install/lio_sam/local/lib/python3.10/dist-packages/lio_sam/srv/_save_map.py'...
[58.944s] -- Installing: /home/tukorea/ros2_ws/install/lio_sam/local/lib/python3.10/dist-packages/lio_sam/lio_sam_s__rosidl_typesupport_fastrtps_c.cpython-310-x86_64-linux-gnu.so
[58.944s] -- Set runtime path of "/home/tukorea/ros2_ws/install/lio_sam/local/lib/python3.10/dist-packages/lio_sam/lio_sam_s__rosidl_typesupport_fastrtps_c.cpython-310-x86_64-linux-gnu.so" to ""
[58.944s] -- Installing: /home/tukorea/ros2_ws/install/lio_sam/local/lib/python3.10/dist-packages/lio_sam/lio_sam_s__rosidl_typesupport_introspection_c.cpython-310-x86_64-linux-gnu.so
[58.944s] -- Set runtime path of "/home/tukorea/ros2_ws/install/lio_sam/local/lib/python3.10/dist-packages/lio_sam/lio_sam_s__rosidl_typesupport_introspection_c.cpython-310-x86_64-linux-gnu.so" to ""
[58.944s] -- Installing: /home/tukorea/ros2_ws/install/lio_sam/local/lib/python3.10/dist-packages/lio_sam/lio_sam_s__rosidl_typesupport_c.cpython-310-x86_64-linux-gnu.so
[58.944s] -- Set runtime path of "/home/tukorea/ros2_ws/install/lio_sam/local/lib/python3.10/dist-packages/lio_sam/lio_sam_s__rosidl_typesupport_c.cpython-310-x86_64-linux-gnu.so" to ""
[58.944s] -- Installing: /home/tukorea/ros2_ws/install/lio_sam/lib/liblio_sam__rosidl_generator_py.so
[58.945s] -- Set runtime path of "/home/tukorea/ros2_ws/install/lio_sam/lib/liblio_sam__rosidl_generator_py.so" to ""
[58.945s] -- Installing: /home/tukorea/ros2_ws/install/lio_sam/share/lio_sam/msg/CloudInfo.idl
[58.945s] -- Installing: /home/tukorea/ros2_ws/install/lio_sam/share/lio_sam/srv/SaveMap.idl
[58.945s] -- Installing: /home/tukorea/ros2_ws/install/lio_sam/share/lio_sam/msg/CloudInfo.msg
[58.945s] -- Installing: /home/tukorea/ros2_ws/install/lio_sam/share/lio_sam/srv/SaveMap.srv
[58.945s] -- Installing: /home/tukorea/ros2_ws/install/lio_sam/share/lio_sam/srv/SaveMap_Request.msg
[58.945s] -- Installing: /home/tukorea/ros2_ws/install/lio_sam/share/lio_sam/srv/SaveMap_Response.msg
[58.945s] -- Installing: /home/tukorea/ros2_ws/install/lio_sam/share/lio_sam//launch
[58.945s] -- Installing: /home/tukorea/ros2_ws/install/lio_sam/share/lio_sam//launch/run_dss.launch.py
[58.945s] -- Installing: /home/tukorea/ros2_ws/install/lio_sam/share/lio_sam//launch/run.launch.py
[58.946s] -- Installing: /home/tukorea/ros2_ws/install/lio_sam/share/lio_sam//launch/run.launch.py:Zone.Identifier
[58.946s] -- Installing: /home/tukorea/ros2_ws/install/lio_sam/share/lio_sam//launch/run_dss.launch.py:Zone.Identifier
[58.946s] -- Installing: /home/tukorea/ros2_ws/install/lio_sam/share/lio_sam//config
[58.946s] -- Installing: /home/tukorea/ros2_ws/install/lio_sam/share/lio_sam//config/params.yaml
[58.946s] -- Installing: /home/tukorea/ros2_ws/install/lio_sam/share/lio_sam//config/params_dss.yaml:Zone.Identifier
[58.947s] -- Installing: /home/tukorea/ros2_ws/install/lio_sam/share/lio_sam//config/params.yaml:Zone.Identifier
[58.947s] -- Installing: /home/tukorea/ros2_ws/install/lio_sam/share/lio_sam//config/params_livox.yaml:Zone.Identifier
[58.947s] -- Installing: /home/tukorea/ros2_ws/install/lio_sam/share/lio_sam//config/rviz2.rviz
[58.947s] -- Installing: /home/tukorea/ros2_ws/install/lio_sam/share/lio_sam//config/params_livox.yaml
[58.947s] -- Installing: /home/tukorea/ros2_ws/install/lio_sam/share/lio_sam//config/rviz2.rviz:Zone.Identifier
[58.947s] -- Installing: /home/tukorea/ros2_ws/install/lio_sam/share/lio_sam//config/doc
[58.947s] -- Installing: /home/tukorea/ros2_ws/install/lio_sam/share/lio_sam//config/doc/imu-debug.gif
[58.953s] -- Installing: /home/tukorea/ros2_ws/install/lio_sam/share/lio_sam//config/doc/demo.gif:Zone.Identifier
[58.953s] -- Installing: /home/tukorea/ros2_ws/install/lio_sam/share/lio_sam//config/doc/device-boat.png
[58.954s] -- Installing: /home/tukorea/ros2_ws/install/lio_sam/share/lio_sam//config/doc/loop-closure.gif
[58.970s] -- Installing: /home/tukorea/ros2_ws/install/lio_sam/share/lio_sam//config/doc/gps-demo.gif
[58.979s] -- Installing: /home/tukorea/ros2_ws/install/lio_sam/share/lio_sam//config/doc/device-hand.png:Zone.Identifier
[58.979s] -- Installing: /home/tukorea/ros2_ws/install/lio_sam/share/lio_sam//config/doc/device-hand-2.png
[58.980s] -- Installing: /home/tukorea/ros2_ws/install/lio_sam/share/lio_sam//config/doc/system.png
[58.982s] -- Installing: /home/tukorea/ros2_ws/install/lio_sam/share/lio_sam//config/doc/loop-closure-2.gif:Zone.Identifier
[58.982s] -- Installing: /home/tukorea/ros2_ws/install/lio_sam/share/lio_sam//config/doc/loop-closure-2.gif
[58.997s] -- Installing: /home/tukorea/ros2_ws/install/lio_sam/share/lio_sam//config/doc/ouster-demo.gif:Zone.Identifier
[58.997s] -- Installing: /home/tukorea/ros2_ws/install/lio_sam/share/lio_sam//config/doc/kitti-map.png
[58.998s] -- Installing: /home/tukorea/ros2_ws/install/lio_sam/share/lio_sam//config/doc/device-jackal.png:Zone.Identifier
[58.998s] -- Installing: /home/tukorea/ros2_ws/install/lio_sam/share/lio_sam//config/doc/paper.pdf:Zone.Identifier
[58.999s] -- Installing: /home/tukorea/ros2_ws/install/lio_sam/share/lio_sam//config/doc/imu-transform.png:Zone.Identifier
[58.999s] -- Installing: /home/tukorea/ros2_ws/install/lio_sam/share/lio_sam//config/doc/paper.pdf
[59.004s] -- Installing: /home/tukorea/ros2_ws/install/lio_sam/share/lio_sam//config/doc/device-boat.png:Zone.Identifier
[59.004s] -- Installing: /home/tukorea/ros2_ws/install/lio_sam/share/lio_sam//config/doc/kitti-demo.gif:Zone.Identifier
[59.004s] -- Installing: /home/tukorea/ros2_ws/install/lio_sam/share/lio_sam//config/doc/device-hand.png
[59.005s] -- Installing: /home/tukorea/ros2_ws/install/lio_sam/share/lio_sam//config/doc/kitti-map.png:Zone.Identifier
[59.005s] -- Installing: /home/tukorea/ros2_ws/install/lio_sam/share/lio_sam//config/doc/system.png:Zone.Identifier
[59.005s] -- Installing: /home/tukorea/ros2_ws/install/lio_sam/share/lio_sam//config/doc/kitti2bag
[59.005s] -- Installing: /home/tukorea/ros2_ws/install/lio_sam/share/lio_sam//config/doc/kitti2bag/kitti2bag.py:Zone.Identifier
[59.005s] -- Installing: /home/tukorea/ros2_ws/install/lio_sam/share/lio_sam//config/doc/kitti2bag/kitti2bag.py
[59.005s] -- Installing: /home/tukorea/ros2_ws/install/lio_sam/share/lio_sam//config/doc/kitti2bag/README.md:Zone.Identifier
[59.005s] -- Installing: /home/tukorea/ros2_ws/install/lio_sam/share/lio_sam//config/doc/kitti2bag/README.md
[59.006s] -- Installing: /home/tukorea/ros2_ws/install/lio_sam/share/lio_sam//config/doc/device-hand-2.png:Zone.Identifier
[59.006s] -- Installing: /home/tukorea/ros2_ws/install/lio_sam/share/lio_sam//config/doc/kitti-demo.gif
[59.019s] -- Installing: /home/tukorea/ros2_ws/install/lio_sam/share/lio_sam//config/doc/imu-transform.png
[59.021s] -- Installing: /home/tukorea/ros2_ws/install/lio_sam/share/lio_sam//config/doc/demo.gif
[59.030s] -- Installing: /home/tukorea/ros2_ws/install/lio_sam/share/lio_sam//config/doc/loop-closure.gif:Zone.Identifier
[59.030s] -- Installing: /home/tukorea/ros2_ws/install/lio_sam/share/lio_sam//config/doc/device-jackal.png
[59.031s] -- Installing: /home/tukorea/ros2_ws/install/lio_sam/share/lio_sam//config/doc/ouster-device.jpg
[59.032s] -- Installing: /home/tukorea/ros2_ws/install/lio_sam/share/lio_sam//config/doc/ouster-device.jpg:Zone.Identifier
[59.032s] -- Installing: /home/tukorea/ros2_ws/install/lio_sam/share/lio_sam//config/doc/imu-debug.gif:Zone.Identifier
[59.032s] -- Installing: /home/tukorea/ros2_ws/install/lio_sam/share/lio_sam//config/doc/ouster-demo.gif
[59.043s] -- Installing: /home/tukorea/ros2_ws/install/lio_sam/share/lio_sam//config/doc/gps-demo.gif:Zone.Identifier
[59.043s] -- Installing: /home/tukorea/ros2_ws/install/lio_sam/share/lio_sam//config/params_dss.yaml
[59.043s] -- Installing: /home/tukorea/ros2_ws/install/lio_sam/share/lio_sam//config/robot.urdf.xacro
[59.043s] -- Installing: /home/tukorea/ros2_ws/install/lio_sam/share/lio_sam//config/robot.urdf.xacro:Zone.Identifier
[59.044s] -- Installing: /home/tukorea/ros2_ws/install/lio_sam/lib/lio_sam/lio_sam_imageProjection
[59.045s] -- Set runtime path of "/home/tukorea/ros2_ws/install/lio_sam/lib/lio_sam/lio_sam_imageProjection" to ""
[59.045s] -- Installing: /home/tukorea/ros2_ws/install/lio_sam/lib/lio_sam/lio_sam_imuPreintegration
[59.045s] -- Set runtime path of "/home/tukorea/ros2_ws/install/lio_sam/lib/lio_sam/lio_sam_imuPreintegration" to ""
[59.045s] -- Installing: /home/tukorea/ros2_ws/install/lio_sam/lib/lio_sam/lio_sam_featureExtraction
[59.046s] -- Set runtime path of "/home/tukorea/ros2_ws/install/lio_sam/lib/lio_sam/lio_sam_featureExtraction" to ""
[59.046s] -- Installing: /home/tukorea/ros2_ws/install/lio_sam/lib/lio_sam/lio_sam_mapOptimization
[59.047s] -- Set runtime path of "/home/tukorea/ros2_ws/install/lio_sam/lib/lio_sam/lio_sam_mapOptimization" to ""
[59.047s] -- Up-to-date: /home/tukorea/ros2_ws/install/lio_sam/include
[59.047s] -- Up-to-date: /home/tukorea/ros2_ws/install/lio_sam/include/lio_sam
[59.047s] -- Installing: /home/tukorea/ros2_ws/install/lio_sam/include/lio_sam/utility.hpp
[59.048s] -- Installing: /home/tukorea/ros2_ws/install/lio_sam/include/lio_sam/utility.hpp:Zone.Identifier
[59.048s] -- Installing: /home/tukorea/ros2_ws/install/lio_sam/share/ament_index/resource_index/package_run_dependencies/lio_sam
[59.048s] -- Installing: /home/tukorea/ros2_ws/install/lio_sam/share/ament_index/resource_index/parent_prefix_path/lio_sam
[59.048s] -- Installing: /home/tukorea/ros2_ws/install/lio_sam/share/lio_sam/environment/ament_prefix_path.sh
[59.048s] -- Installing: /home/tukorea/ros2_ws/install/lio_sam/share/lio_sam/environment/ament_prefix_path.dsv
[59.048s] -- Installing: /home/tukorea/ros2_ws/install/lio_sam/share/lio_sam/environment/path.sh
[59.048s] -- Installing: /home/tukorea/ros2_ws/install/lio_sam/share/lio_sam/environment/path.dsv
[59.048s] -- Installing: /home/tukorea/ros2_ws/install/lio_sam/share/lio_sam/local_setup.bash
[59.048s] -- Installing: /home/tukorea/ros2_ws/install/lio_sam/share/lio_sam/local_setup.sh
[59.048s] -- Installing: /home/tukorea/ros2_ws/install/lio_sam/share/lio_sam/local_setup.zsh
[59.048s] -- Installing: /home/tukorea/ros2_ws/install/lio_sam/share/lio_sam/local_setup.dsv
[59.048s] -- Installing: /home/tukorea/ros2_ws/install/lio_sam/share/lio_sam/package.dsv
[59.049s] -- Installing: /home/tukorea/ros2_ws/install/lio_sam/share/ament_index/resource_index/packages/lio_sam
[59.049s] -- Installing: /home/tukorea/ros2_ws/install/lio_sam/share/lio_sam/cmake/export_lio_sam__rosidl_generator_cExport.cmake
[59.049s] -- Installing: /home/tukorea/ros2_ws/install/lio_sam/share/lio_sam/cmake/export_lio_sam__rosidl_generator_cExport-release.cmake
[59.049s] -- Installing: /home/tukorea/ros2_ws/install/lio_sam/share/lio_sam/cmake/export_lio_sam__rosidl_typesupport_fastrtps_cExport.cmake
[59.049s] -- Installing: /home/tukorea/ros2_ws/install/lio_sam/share/lio_sam/cmake/export_lio_sam__rosidl_typesupport_fastrtps_cExport-release.cmake
[59.049s] -- Installing: /home/tukorea/ros2_ws/install/lio_sam/share/lio_sam/cmake/lio_sam__rosidl_typesupport_introspection_cExport.cmake
[59.049s] -- Installing: /home/tukorea/ros2_ws/install/lio_sam/share/lio_sam/cmake/lio_sam__rosidl_typesupport_introspection_cExport-release.cmake
[59.049s] -- Installing: /home/tukorea/ros2_ws/install/lio_sam/share/lio_sam/cmake/lio_sam__rosidl_typesupport_cExport.cmake
[59.049s] -- Installing: /home/tukorea/ros2_ws/install/lio_sam/share/lio_sam/cmake/lio_sam__rosidl_typesupport_cExport-release.cmake
[59.049s] -- Installing: /home/tukorea/ros2_ws/install/lio_sam/share/lio_sam/cmake/export_lio_sam__rosidl_generator_cppExport.cmake
[59.049s] -- Installing: /home/tukorea/ros2_ws/install/lio_sam/share/lio_sam/cmake/export_lio_sam__rosidl_typesupport_fastrtps_cppExport.cmake
[59.049s] -- Installing: /home/tukorea/ros2_ws/install/lio_sam/share/lio_sam/cmake/export_lio_sam__rosidl_typesupport_fastrtps_cppExport-release.cmake
[59.049s] -- Installing: /home/tukorea/ros2_ws/install/lio_sam/share/lio_sam/cmake/lio_sam__rosidl_typesupport_introspection_cppExport.cmake
[59.049s] -- Installing: /home/tukorea/ros2_ws/install/lio_sam/share/lio_sam/cmake/lio_sam__rosidl_typesupport_introspection_cppExport-release.cmake
[59.050s] -- Installing: /home/tukorea/ros2_ws/install/lio_sam/share/lio_sam/cmake/lio_sam__rosidl_typesupport_cppExport.cmake
[59.050s] -- Installing: /home/tukorea/ros2_ws/install/lio_sam/share/lio_sam/cmake/lio_sam__rosidl_typesupport_cppExport-release.cmake
[59.050s] -- Installing: /home/tukorea/ros2_ws/install/lio_sam/share/lio_sam/cmake/export_lio_sam__rosidl_generator_pyExport.cmake
[59.050s] -- Installing: /home/tukorea/ros2_ws/install/lio_sam/share/lio_sam/cmake/export_lio_sam__rosidl_generator_pyExport-release.cmake
[59.050s] -- Installing: /home/tukorea/ros2_ws/install/lio_sam/share/lio_sam/cmake/rosidl_cmake-extras.cmake
[59.050s] -- Installing: /home/tukorea/ros2_ws/install/lio_sam/share/lio_sam/cmake/ament_cmake_export_dependencies-extras.cmake
[59.050s] -- Installing: /home/tukorea/ros2_ws/install/lio_sam/share/lio_sam/cmake/ament_cmake_export_include_directories-extras.cmake
[59.050s] -- Installing: /home/tukorea/ros2_ws/install/lio_sam/share/lio_sam/cmake/ament_cmake_export_libraries-extras.cmake
[59.050s] -- Installing: /home/tukorea/ros2_ws/install/lio_sam/share/lio_sam/cmake/ament_cmake_export_targets-extras.cmake
[59.050s] -- Installing: /home/tukorea/ros2_ws/install/lio_sam/share/lio_sam/cmake/rosidl_cmake_export_typesupport_targets-extras.cmake
[59.050s] -- Installing: /home/tukorea/ros2_ws/install/lio_sam/share/lio_sam/cmake/rosidl_cmake_export_typesupport_libraries-extras.cmake
[59.050s] -- Installing: /home/tukorea/ros2_ws/install/lio_sam/share/lio_sam/cmake/lio_samConfig.cmake
[59.050s] -- Installing: /home/tukorea/ros2_ws/install/lio_sam/share/lio_sam/cmake/lio_samConfig-version.cmake
[59.050s] -- Installing: /home/tukorea/ros2_ws/install/lio_sam/share/lio_sam/package.xml
[59.052s] Invoked command in '/home/tukorea/ros2_ws/build/lio_sam' returned '0': CMAKE_PREFIX_PATH=${CMAKE_PREFIX_PATH}:/home/tukorea/ros2_ws/install/slam_launch_manager:/home/tukorea/ros2_ws/install/bag_replay_tool_ros2:/opt/ros/humble /usr/bin/cmake --install /home/tukorea/ros2_ws/build/lio_sam
