[33mCMake Warning (dev) at CMakeLists.txt:29 (find_package):
  Policy CMP0074 is not set: find_package uses <PackageName>_ROOT variables.
  Run "cmake --help-policy CMP0074" for policy details.  Use the cmake_policy
  command to set the policy and suppress this warning.

  CMake variable PCL_ROOT is set to:

    /usr

  For compatibility, CMake is ignoring the variable.
This warning is for project developers.  Use -Wno-dev to suppress it.
[0m
[01m[K/home/tukorea/ros2_ws/src/SLAM/LIO-SAM/livox_lio_sam/src/imuPreintegration.cpp:[m[K In constructor ‘[01m[KIMUPreintegration::IMUPreintegration(const rclcpp::NodeOptions&)[m[K’:
[01m[K/home/tukorea/ros2_ws/src/SLAM/LIO-SAM/livox_lio_sam/src/imuPreintegration.cpp:252:98:[m[K [01;31m[Kerror: [m[Kconversion from ‘[01m[Kboost::shared_ptr<gtsam::PreintegrationParams>[m[K’ to non-scalar type ‘[01m[Kstd::shared_ptr<gtsam::PreintegrationParams>[m[K’ requested
  252 |         std::shared_ptr<gtsam::PreintegrationParams> p = [01;31m[Kgtsam::PreintegrationParams::MakeSharedU(imuGravity)[m[K;
      |                                                          [01;31m[K~~~~~~~~~~~~~~~~~~~~~~~~~~~~~~~~~~~~~~~~^~~~~~~~~~~~[m[K
[01m[K/home/tukorea/ros2_ws/src/SLAM/LIO-SAM/livox_lio_sam/src/imuPreintegration.cpp:265:86:[m[K [01;31m[Kerror: [m[Kno matching function for call to ‘[01m[Kgtsam::PreintegratedImuMeasurements::PreintegratedImuMeasurements(std::shared_ptr<gtsam::PreintegrationParams>&, gtsam::imuBias::ConstantBias&)[m[K’
  265 |         imuIntegratorImu_ = new gtsam::PreintegratedImuMeasurements(p, prior_imu_bias[01;31m[K)[m[K; // setting up the IMU integration for IMU message thread
      |                                                                                      [01;31m[K^[m[K
In file included from [01m[K/home/tukorea/ros2_ws/src/SLAM/LIO-SAM/livox_lio_sam/src/imuPreintegration.cpp:9[m[K:
[01m[K/usr/local/include/gtsam/navigation/ImuFactor.h:104:3:[m[K [01;36m[Knote: [m[Kcandidate: ‘[01m[Kgtsam::PreintegratedImuMeasurements::PreintegratedImuMeasurements(const PreintegrationType&, const Matrix9&)[m[K’
  104 |   [01;36m[KPreintegratedImuMeasurements[m[K(const PreintegrationType& base, const Matrix9& preintMeasCov)
      |   [01;36m[K^~~~~~~~~~~~~~~~~~~~~~~~~~~~[m[K
[01m[K/usr/local/include/gtsam/navigation/ImuFactor.h:104:58:[m[K [01;36m[Knote: [m[K  no known conversion for argument 1 from ‘[01m[Kstd::shared_ptr<gtsam::PreintegrationParams>[m[K’ to ‘[01m[Kconst PreintegrationType&[m[K’ {aka ‘[01m[Kconst gtsam::TangentPreintegration&[m[K’}
  104 |   PreintegratedImuMeasurements([01;36m[Kconst PreintegrationType& base[m[K, const Matrix9& preintMeasCov)
      |                                [01;36m[K~~~~~~~~~~~~~~~~~~~~~~~~~~^~~~[m[K
[01m[K/usr/local/include/gtsam/navigation/ImuFactor.h:93:3:[m[K [01;36m[Knote: [m[Kcandidate: ‘[01m[Kgtsam::PreintegratedImuMeasurements::PreintegratedImuMeasurements(const boost::shared_ptr<gtsam::PreintegrationParams>&, const gtsam::imuBias::ConstantBias&)[m[K’
   93 |   [01;36m[KPreintegratedImuMeasurements[m[K(const boost::shared_ptr<PreintegrationParams>& p,
      |   [01;36m[K^~~~~~~~~~~~~~~~~~~~~~~~~~~~[m[K
[01m[K/usr/local/include/gtsam/navigation/ImuFactor.h:93:79:[m[K [01;36m[Knote: [m[K  no known conversion for argument 1 from ‘[01m[Kstd::shared_ptr<gtsam::PreintegrationParams>[m[K’ to ‘[01m[Kconst boost::shared_ptr<gtsam::PreintegrationParams>&[m[K’
   93 |   PreintegratedImuMeasurements([01;36m[Kconst boost::shared_ptr<PreintegrationParams>& p[m[K,
      |                                [01;36m[K~~~~~~~~~~~~~~~~~~~~~~~~~~~~~~~~~~~~~~~~~~~~~~~^[m[K
[01m[K/usr/local/include/gtsam/navigation/ImuFactor.h:84:3:[m[K [01;36m[Knote: [m[Kcandidate: ‘[01m[Kgtsam::PreintegratedImuMeasurements::PreintegratedImuMeasurements()[m[K’
   84 |   [01;36m[KPreintegratedImuMeasurements[m[K() {
      |   [01;36m[K^~~~~~~~~~~~~~~~~~~~~~~~~~~~[m[K
[01m[K/usr/local/include/gtsam/navigation/ImuFactor.h:84:3:[m[K [01;36m[Knote: [m[K  candidate expects 0 arguments, 2 provided
[01m[K/usr/local/include/gtsam/navigation/ImuFactor.h:71:20:[m[K [01;36m[Knote: [m[Kcandidate: ‘[01m[Kgtsam::PreintegratedImuMeasurements::PreintegratedImuMeasurements(const gtsam::PreintegratedImuMeasurements&)[m[K’
   71 | class GTSAM_EXPORT [01;36m[KPreintegratedImuMeasurements[m[K: public PreintegrationType {
      |                    [01;36m[K^~~~~~~~~~~~~~~~~~~~~~~~~~~~[m[K
[01m[K/usr/local/include/gtsam/navigation/ImuFactor.h:71:20:[m[K [01;36m[Knote: [m[K  candidate expects 1 argument, 2 provided
[01m[K/home/tukorea/ros2_ws/src/SLAM/LIO-SAM/livox_lio_sam/src/imuPreintegration.cpp:266:86:[m[K [01;31m[Kerror: [m[Kno matching function for call to ‘[01m[Kgtsam::PreintegratedImuMeasurements::PreintegratedImuMeasurements(std::shared_ptr<gtsam::PreintegrationParams>&, gtsam::imuBias::ConstantBias&)[m[K’
  266 |         imuIntegratorOpt_ = new gtsam::PreintegratedImuMeasurements(p, prior_imu_bias[01;31m[K)[m[K; // setting up the IMU integration for optimization
      |                                                                                      [01;31m[K^[m[K
In file included from [01m[K/home/tukorea/ros2_ws/src/SLAM/LIO-SAM/livox_lio_sam/src/imuPreintegration.cpp:9[m[K:
[01m[K/usr/local/include/gtsam/navigation/ImuFactor.h:104:3:[m[K [01;36m[Knote: [m[Kcandidate: ‘[01m[Kgtsam::PreintegratedImuMeasurements::PreintegratedImuMeasurements(const PreintegrationType&, const Matrix9&)[m[K’
  104 |   [01;36m[KPreintegratedImuMeasurements[m[K(const PreintegrationType& base, const Matrix9& preintMeasCov)
      |   [01;36m[K^~~~~~~~~~~~~~~~~~~~~~~~~~~~[m[K
[01m[K/usr/local/include/gtsam/navigation/ImuFactor.h:104:58:[m[K [01;36m[Knote: [m[K  no known conversion for argument 1 from ‘[01m[Kstd::shared_ptr<gtsam::PreintegrationParams>[m[K’ to ‘[01m[Kconst PreintegrationType&[m[K’ {aka ‘[01m[Kconst gtsam::TangentPreintegration&[m[K’}
  104 |   PreintegratedImuMeasurements([01;36m[Kconst PreintegrationType& base[m[K, const Matrix9& preintMeasCov)
      |                                [01;36m[K~~~~~~~~~~~~~~~~~~~~~~~~~~^~~~[m[K
[01m[K/usr/local/include/gtsam/navigation/ImuFactor.h:93:3:[m[K [01;36m[Knote: [m[Kcandidate: ‘[01m[Kgtsam::PreintegratedImuMeasurements::PreintegratedImuMeasurements(const boost::shared_ptr<gtsam::PreintegrationParams>&, const gtsam::imuBias::ConstantBias&)[m[K’
   93 |   [01;36m[KPreintegratedImuMeasurements[m[K(const boost::shared_ptr<PreintegrationParams>& p,
      |   [01;36m[K^~~~~~~~~~~~~~~~~~~~~~~~~~~~[m[K
[01m[K/usr/local/include/gtsam/navigation/ImuFactor.h:93:79:[m[K [01;36m[Knote: [m[K  no known conversion for argument 1 from ‘[01m[Kstd::shared_ptr<gtsam::PreintegrationParams>[m[K’ to ‘[01m[Kconst boost::shared_ptr<gtsam::PreintegrationParams>&[m[K’
   93 |   PreintegratedImuMeasurements([01;36m[Kconst boost::shared_ptr<PreintegrationParams>& p[m[K,
      |                                [01;36m[K~~~~~~~~~~~~~~~~~~~~~~~~~~~~~~~~~~~~~~~~~~~~~~~^[m[K
[01m[K/usr/local/include/gtsam/navigation/ImuFactor.h:84:3:[m[K [01;36m[Knote: [m[Kcandidate: ‘[01m[Kgtsam::PreintegratedImuMeasurements::PreintegratedImuMeasurements()[m[K’
   84 |   [01;36m[KPreintegratedImuMeasurements[m[K() {
      |   [01;36m[K^~~~~~~~~~~~~~~~~~~~~~~~~~~~[m[K
[01m[K/usr/local/include/gtsam/navigation/ImuFactor.h:84:3:[m[K [01;36m[Knote: [m[K  candidate expects 0 arguments, 2 provided
[01m[K/usr/local/include/gtsam/navigation/ImuFactor.h:71:20:[m[K [01;36m[Knote: [m[Kcandidate: ‘[01m[Kgtsam::PreintegratedImuMeasurements::PreintegratedImuMeasurements(const gtsam::PreintegratedImuMeasurements&)[m[K’
   71 | class GTSAM_EXPORT [01;36m[KPreintegratedImuMeasurements[m[K: public PreintegrationType {
      |                    [01;36m[K^~~~~~~~~~~~~~~~~~~~~~~~~~~~[m[K
[01m[K/usr/local/include/gtsam/navigation/ImuFactor.h:71:20:[m[K [01;36m[Knote: [m[K  candidate expects 1 argument, 2 provided
gmake[2]: *** [CMakeFiles/livox_lio_sam_imuPreintegration.dir/build.make:76: CMakeFiles/livox_lio_sam_imuPreintegration.dir/src/imuPreintegration.cpp.o] Error 1
gmake[1]: *** [CMakeFiles/Makefile2:653: CMakeFiles/livox_lio_sam_imuPreintegration.dir/all] Error 2
gmake[1]: *** Waiting for unfinished jobs....
/usr/bin/ld: warning: libtbb.so.2, needed by /usr/lib/x86_64-linux-gnu/libopencv_core.so.4.5.4d, may conflict with libtbb.so.12
gmake: *** [Makefile:146: all] Error 2
