[0.004s] Invoking command in '/home/tukorea/ros2_ws/build/livox_lio_sam': CMAKE_PREFIX_PATH=${CMAKE_PREFIX_PATH}:/home/tukorea/ros2_ws/install/slam_launch_manager:/home/tukorea/ros2_ws/install/bag_replay_tool_ros2:/opt/ros/humble /usr/bin/cmake /home/tukorea/ros2_ws/src/SLAM/LIO-SAM/livox_lio_sam -DCMAKE_BUILD_TYPE=Release -DGTSAM_DIR=/usr/local/lib/cmake/GTSAM -DCMAKE_INSTALL_PREFIX=/home/tukorea/ros2_ws/install/livox_lio_sam
[0.147s] -- The C compiler identification is GNU 11.4.0
[0.289s] -- The CXX compiler identification is GNU 11.4.0
[0.430s] -- Detecting C compiler ABI info
[0.508s] -- Detecting C compiler ABI info - done
[0.511s] -- Check for working C compiler: /usr/bin/cc - skipped
[0.511s] -- Detecting C compile features
[0.511s] -- Detecting C compile features - done
[0.512s] -- Detecting CXX compiler ABI info
[0.578s] -- Detecting CXX compiler ABI info - done
[0.581s] -- Check for working CXX compiler: /usr/bin/c++ - skipped
[0.581s] -- Detecting CXX compile features
[0.581s] -- Detecting CXX compile features - done
[0.583s] -- Found ament_cmake: 1.3.12 (/opt/ros/humble/share/ament_cmake/cmake)
[0.665s] -- Found Python3: /usr/bin/python3 (found version "3.10.12") found components: Interpreter 
[0.710s] -- Found rosidl_default_generators: 1.2.0 (/opt/ros/humble/share/rosidl_default_generators/cmake)
[0.711s] -- Using all available rosidl_typesupport_c: rosidl_typesupport_fastrtps_c;rosidl_typesupport_introspection_c
[0.714s] -- Found rosidl_adapter: 3.1.8 (/opt/ros/humble/share/rosidl_adapter/cmake)
[0.795s] -- Using all available rosidl_typesupport_cpp: rosidl_typesupport_fastrtps_cpp;rosidl_typesupport_introspection_cpp
[0.809s] -- Found rclcpp: 16.0.17 (/opt/ros/humble/share/rclcpp/cmake)
[0.832s] -- Found rmw_implementation_cmake: 6.1.2 (/opt/ros/humble/share/rmw_implementation_cmake/cmake)
[0.833s] -- Found rmw_fastrtps_cpp: 6.2.9 (/opt/ros/humble/share/rmw_fastrtps_cpp/cmake)
[1.592s] -- Found OpenSSL: /usr/lib/x86_64-linux-gnu/libcrypto.so (found version "3.0.2")  
[2.437s] -- Found FastRTPS: /opt/ros/humble/include  
[3.829s] -- Using RMW implementation 'rmw_fastrtps_cpp' as default
[3.833s] -- Looking for pthread.h
[3.914s] -- Looking for pthread.h - found
[3.914s] -- Performing Test CMAKE_HAVE_LIBC_PTHREAD
[4.008s] -- Performing Test CMAKE_HAVE_LIBC_PTHREAD - Success
[4.008s] -- Found Threads: TRUE  
[4.031s] -- Found rclpy: 3.3.19 (/opt/ros/humble/share/rclpy/cmake)
[4.031s] -- Found cv_bridge: 3.2.1 (/opt/ros/humble/share/cv_bridge/cmake)
[4.050s] -- Found nav_msgs: 4.9.0 (/opt/ros/humble/share/nav_msgs/cmake)
[4.057s] -- Found visualization_msgs: 4.9.0 (/opt/ros/humble/share/visualization_msgs/cmake)
[4.066s] -- Found pcl_conversions: 2.4.5 (/opt/ros/humble/share/pcl_conversions/cmake)
[4.084s] -- Checking for module 'eigen3'
[4.092s] --   Found eigen3, version 3.4.0
[4.111s] -- Found Eigen: /usr/include/eigen3 (Required is at least version "3.1") 
[4.111s] -- Eigen found (include: /usr/include/eigen3, version: 3.4.0)
[5.052s] -- Checking for module 'flann'
[5.059s] --   Found flann, version 1.9.1
[5.207s] -- Found FLANN: /usr/lib/x86_64-linux-gnu/libflann_cpp.so  
[5.207s] -- FLANN found (include: /usr/include, lib: /usr/lib/x86_64-linux-gnu/libflann_cpp.so)
[8.104s] -- Checking for module 'libusb-1.0'
[8.111s] --   Found libusb-1.0, version 1.0.25
[8.184s] -- Found libusb: /usr/lib/x86_64-linux-gnu/libusb-1.0.so  
[8.185s] -- OpenNI found (version: 1.5.4.0, include: /usr/include/ni, lib: /usr/lib/libOpenNI.so;libusb::libusb)
[8.296s] -- OpenNI2 found (version: 2.2.0.33, include: /usr/include/openni2, lib: /usr/lib/x86_64-linux-gnu/libOpenNI2.so;libusb::libusb)
[9.508s] -- Eigen found (include: /usr/include/eigen3, version: 3.4.0)
[9.511s] -- OpenNI found (version: 1.5.4.0, include: /usr/include/ni, lib: /usr/lib/libOpenNI.so;libusb::libusb)
[9.514s] -- OpenNI2 found (version: 2.2.0.33, include: /usr/include/openni2, lib: /usr/lib/x86_64-linux-gnu/libOpenNI2.so;libusb::libusb)
[10.692s] -- Found Qhull version 8.0.2
[11.948s] -- OpenNI found (version: 1.5.4.0, include: /usr/include/ni, lib: /usr/lib/libOpenNI.so;libusb::libusb)
[13.197s] -- Found PCL_COMMON: /usr/lib/x86_64-linux-gnu/libpcl_common.so  
[13.197s] -- Found PCL_KDTREE: /usr/lib/x86_64-linux-gnu/libpcl_kdtree.so  
[13.197s] -- Found PCL_OCTREE: /usr/lib/x86_64-linux-gnu/libpcl_octree.so  
[13.198s] -- Found PCL_SEARCH: /usr/lib/x86_64-linux-gnu/libpcl_search.so  
[13.198s] -- Found PCL_SAMPLE_CONSENSUS: /usr/lib/x86_64-linux-gnu/libpcl_sample_consensus.so  
[13.198s] -- Found PCL_FILTERS: /usr/lib/x86_64-linux-gnu/libpcl_filters.so  
[13.199s] -- Found PCL_2D: /usr/include/pcl-1.12  
[13.199s] -- Found PCL_GEOMETRY: /usr/include/pcl-1.12  
[13.199s] -- Found PCL_IO: /usr/lib/x86_64-linux-gnu/libpcl_io.so  
[13.199s] -- Found PCL_FEATURES: /usr/lib/x86_64-linux-gnu/libpcl_features.so  
[13.200s] -- Found PCL_ML: /usr/lib/x86_64-linux-gnu/libpcl_ml.so  
[13.200s] -- Found PCL_SEGMENTATION: /usr/lib/x86_64-linux-gnu/libpcl_segmentation.so  
[13.201s] -- Found PCL_VISUALIZATION: /usr/lib/x86_64-linux-gnu/libpcl_visualization.so  
[13.201s] -- Found PCL_SURFACE: /usr/lib/x86_64-linux-gnu/libpcl_surface.so  
[13.201s] -- Found PCL_REGISTRATION: /usr/lib/x86_64-linux-gnu/libpcl_registration.so  
[13.202s] -- Found PCL_KEYPOINTS: /usr/lib/x86_64-linux-gnu/libpcl_keypoints.so  
[13.203s] -- Found PCL_TRACKING: /usr/lib/x86_64-linux-gnu/libpcl_tracking.so  
[13.203s] -- Found PCL_RECOGNITION: /usr/lib/x86_64-linux-gnu/libpcl_recognition.so  
[13.203s] -- Found PCL_STEREO: /usr/lib/x86_64-linux-gnu/libpcl_stereo.so  
[13.204s] -- Found PCL_APPS: /usr/lib/x86_64-linux-gnu/libpcl_apps.so  
[13.204s] -- Found PCL_IN_HAND_SCANNER: /usr/include/pcl-1.12  
[13.204s] -- Found PCL_MODELER: /usr/include/pcl-1.12  
[13.205s] -- Found PCL_POINT_CLOUD_EDITOR: /usr/include/pcl-1.12  
[13.205s] -- Found PCL_OUTOFCORE: /usr/lib/x86_64-linux-gnu/libpcl_outofcore.so  
[13.205s] -- Found PCL_PEOPLE: /usr/lib/x86_64-linux-gnu/libpcl_people.so  
[13.207s] -- Found tf2: 0.25.18 (/opt/ros/humble/share/tf2/cmake)
[13.211s] -- Found tf2_geometry_msgs: 0.25.18 (/opt/ros/humble/share/tf2_geometry_msgs/cmake)
[13.244s] -- Found eigen3_cmake_module: 0.1.1 (/opt/ros/humble/share/eigen3_cmake_module/cmake)
[13.245s] -- Found Eigen3: TRUE (found version "3.4.0") 
[13.245s] -- Ensuring Eigen3 include directory is part of orocos-kdl CMake target
[13.284s] -- Found tf2_sensor_msgs: 0.25.18 (/opt/ros/humble/share/tf2_sensor_msgs/cmake)
[13.287s] -- Found tf2_eigen: 0.25.18 (/opt/ros/humble/share/tf2_eigen/cmake)
[13.290s] -- Found OpenCV: /usr (found version "4.5.4") 
[13.290s] [33mCMake Warning (dev) at CMakeLists.txt:29 (find_package):
[13.290s]   Policy CMP0074 is not set: find_package uses <PackageName>_ROOT variables.
[13.290s]   Run "cmake --help-policy CMP0074" for policy details.  Use the cmake_policy
[13.290s]   command to set the policy and suppress this warning.
[13.290s] 
[13.290s]   CMake variable PCL_ROOT is set to:
[13.290s] 
[13.290s]     /usr
[13.290s] 
[13.290s]   For compatibility, CMake is ignoring the variable.
[13.290s] This warning is for project developers.  Use -Wno-dev to suppress it.
[13.290s] [0m
[13.305s] -- Found Boost: /usr/lib/x86_64-linux-gnu/cmake/Boost-1.74.0/BoostConfig.cmake (found suitable version "1.74.0", minimum required is "1.65") found components: serialization system filesystem thread program_options date_time timer chrono regex 
[13.306s] -- GTSAM include directory:  /usr/local/lib/cmake/GTSAM/../../../include
[13.310s] -- Found Eigen: /usr/include/eigen3  
[13.310s] -- Eigen found (include: /usr/include/eigen3, version: 3.4.0)
[13.601s] -- Found OpenMP_C: -fopenmp (found version "4.5") 
[13.701s] -- Found OpenMP_CXX: -fopenmp (found version "4.5") 
[13.701s] -- Found OpenMP: TRUE (found version "4.5")  
[13.861s] -- Found ament_cmake_ros: 0.10.0 (/opt/ros/humble/share/ament_cmake_ros/cmake)
[13.997s] -- Using all available rosidl_typesupport_c: rosidl_typesupport_fastrtps_c;rosidl_typesupport_introspection_c
[14.179s] -- Using all available rosidl_typesupport_cpp: rosidl_typesupport_fastrtps_cpp;rosidl_typesupport_introspection_cpp
[14.271s] -- Found PythonInterp: /usr/bin/python3 (found suitable version "3.10.12", minimum required is "3.6") 
[14.271s] -- Found python_cmake_module: 0.10.0 (/opt/ros/humble/share/python_cmake_module/cmake)
[14.515s] -- Found PythonLibs: /usr/lib/x86_64-linux-gnu/libpython3.10.so (found suitable version "3.10.12", minimum required is "3.5") 
[14.515s] -- Using PYTHON_EXECUTABLE: /usr/bin/python3
[14.515s] -- Using PYTHON_INCLUDE_DIRS: /usr/include/python3.10
[14.516s] -- Using PYTHON_LIBRARIES: /usr/lib/x86_64-linux-gnu/libpython3.10.so
[14.528s] -- Found PythonExtra: .so  
[14.620s] -- Found ament_lint_auto: 0.12.14 (/opt/ros/humble/share/ament_lint_auto/cmake)
[14.630s] -- Added test 'copyright' to check source files copyright and LICENSE
[14.647s] -- Added test 'cppcheck' to perform static code analysis on C / C++ code
[14.648s] -- Configured cppcheck include dirs: /home/tukorea/ros2_ws/src/SLAM/LIO-SAM/livox_lio_sam/include/livox_lio_sam
[14.648s] -- Configured cppcheck exclude dirs and/or files: 
[14.650s] -- Added test 'cpplint' to check C / C++ code against the Google style
[14.650s] -- Configured cpplint exclude dirs and/or files: 
[14.650s] -- Added test 'flake8' to check Python code syntax and style conventions
[14.651s] -- Added test 'lint_cmake' to check CMake code style
[14.651s] -- Added test 'pep257' to check Python code against some of the docstring style conventions in PEP 257
[14.653s] -- Added test 'uncrustify' to check C / C++ code style
[14.653s] -- Configured uncrustify additional arguments: 
[14.653s] -- Added test 'xmllint' to check XML markup files
[14.654s] -- Configuring done
[14.729s] -- Generating done
[14.749s] -- Build files have been written to: /home/tukorea/ros2_ws/build/livox_lio_sam
[14.763s] Invoked command in '/home/tukorea/ros2_ws/build/livox_lio_sam' returned '0': CMAKE_PREFIX_PATH=${CMAKE_PREFIX_PATH}:/home/tukorea/ros2_ws/install/slam_launch_manager:/home/tukorea/ros2_ws/install/bag_replay_tool_ros2:/opt/ros/humble /usr/bin/cmake /home/tukorea/ros2_ws/src/SLAM/LIO-SAM/livox_lio_sam -DCMAKE_BUILD_TYPE=Release -DGTSAM_DIR=/usr/local/lib/cmake/GTSAM -DCMAKE_INSTALL_PREFIX=/home/tukorea/ros2_ws/install/livox_lio_sam
[14.764s] Invoking command in '/home/tukorea/ros2_ws/build/livox_lio_sam': CMAKE_PREFIX_PATH=${CMAKE_PREFIX_PATH}:/home/tukorea/ros2_ws/install/slam_launch_manager:/home/tukorea/ros2_ws/install/bag_replay_tool_ros2:/opt/ros/humble /usr/bin/cmake --build /home/tukorea/ros2_ws/build/livox_lio_sam -- -j20 -l20
[14.789s] [  1%] [34m[1mGenerating C code for ROS interfaces[0m
[14.794s] [  3%] [34m[1mGenerating C++ code for ROS interfaces[0m
[14.798s] [  3%] Built target ament_cmake_python_copy_livox_lio_sam
[14.902s] running egg_info
[14.902s] creating livox_lio_sam.egg-info
[14.902s] writing livox_lio_sam.egg-info/PKG-INFO
[14.902s] writing dependency_links to livox_lio_sam.egg-info/dependency_links.txt
[14.902s] writing top-level names to livox_lio_sam.egg-info/top_level.txt
[14.902s] writing manifest file 'livox_lio_sam.egg-info/SOURCES.txt'
[14.903s] reading manifest file 'livox_lio_sam.egg-info/SOURCES.txt'
[14.903s] writing manifest file 'livox_lio_sam.egg-info/SOURCES.txt'
[14.917s] [  3%] Built target ament_cmake_python_build_livox_lio_sam_egg
[15.001s] [  9%] [32mBuilding C object CMakeFiles/livox_lio_sam__rosidl_generator_c.dir/rosidl_generator_c/livox_lio_sam/srv/detail/save_map__functions.c.o[0m
[15.001s] [  9%] [32mBuilding C object CMakeFiles/livox_lio_sam__rosidl_generator_c.dir/rosidl_generator_c/livox_lio_sam/srv/detail/reset__functions.c.o[0m
[15.002s] [  9%] [32mBuilding C object CMakeFiles/livox_lio_sam__rosidl_generator_c.dir/rosidl_generator_c/livox_lio_sam/msg/detail/cloud_info__functions.c.o[0m
[15.002s] [  9%] Built target livox_lio_sam__cpp
[15.008s] [ 10%] [34m[1mGenerating C++ introspection for ROS interfaces[0m
[15.008s] [ 12%] [34m[1mGenerating C++ type support dispatch for ROS interfaces[0m
[15.008s] [ 14%] [34m[1mGenerating C++ type support for eProsima Fast-RTPS[0m
[15.067s] [ 16%] [32m[1mLinking C shared library liblivox_lio_sam__rosidl_generator_c.so[0m
[15.141s] [ 16%] Built target livox_lio_sam__rosidl_generator_c
[15.147s] [ 21%] [34m[1mGenerating C type support for eProsima Fast-RTPS[0m
[15.147s] [ 21%] [34m[1mGenerating C type support dispatch for ROS interfaces[0m
[15.147s] [ 21%] [34m[1mGenerating C introspection for ROS interfaces[0m
[15.174s] [ 23%] [32mBuilding CXX object CMakeFiles/livox_lio_sam__rosidl_typesupport_cpp.dir/rosidl_typesupport_cpp/livox_lio_sam/msg/cloud_info__type_support.cpp.o[0m
[15.174s] [ 25%] [32mBuilding CXX object CMakeFiles/livox_lio_sam__rosidl_typesupport_cpp.dir/rosidl_typesupport_cpp/livox_lio_sam/srv/reset__type_support.cpp.o[0m
[15.174s] [ 27%] [32mBuilding CXX object CMakeFiles/livox_lio_sam__rosidl_typesupport_cpp.dir/rosidl_typesupport_cpp/livox_lio_sam/srv/save_map__type_support.cpp.o[0m
[15.192s] [ 29%] [32mBuilding CXX object CMakeFiles/livox_lio_sam__rosidl_typesupport_introspection_cpp.dir/rosidl_typesupport_introspection_cpp/livox_lio_sam/srv/detail/save_map__type_support.cpp.o[0m
[15.193s] [ 30%] [32mBuilding CXX object CMakeFiles/livox_lio_sam__rosidl_typesupport_introspection_cpp.dir/rosidl_typesupport_introspection_cpp/livox_lio_sam/srv/detail/reset__type_support.cpp.o[0m
[15.193s] [ 32%] [32mBuilding CXX object CMakeFiles/livox_lio_sam__rosidl_typesupport_introspection_cpp.dir/rosidl_typesupport_introspection_cpp/livox_lio_sam/msg/detail/cloud_info__type_support.cpp.o[0m
[15.217s] [ 34%] [32mBuilding CXX object CMakeFiles/livox_lio_sam__rosidl_typesupport_fastrtps_cpp.dir/rosidl_typesupport_fastrtps_cpp/livox_lio_sam/srv/detail/dds_fastrtps/reset__type_support.cpp.o[0m
[15.217s] [ 38%] [32mBuilding CXX object CMakeFiles/livox_lio_sam__rosidl_typesupport_fastrtps_cpp.dir/rosidl_typesupport_fastrtps_cpp/livox_lio_sam/srv/detail/dds_fastrtps/save_map__type_support.cpp.o[0m
[15.218s] [ 38%] [32mBuilding CXX object CMakeFiles/livox_lio_sam__rosidl_typesupport_fastrtps_cpp.dir/rosidl_typesupport_fastrtps_cpp/livox_lio_sam/msg/detail/dds_fastrtps/cloud_info__type_support.cpp.o[0m
[15.331s] [ 41%] [32mBuilding CXX object CMakeFiles/livox_lio_sam__rosidl_typesupport_c.dir/rosidl_typesupport_c/livox_lio_sam/msg/cloud_info__type_support.cpp.o[0m
[15.331s] [ 41%] [32mBuilding CXX object CMakeFiles/livox_lio_sam__rosidl_typesupport_c.dir/rosidl_typesupport_c/livox_lio_sam/srv/save_map__type_support.cpp.o[0m
[15.331s] [ 43%] [32mBuilding CXX object CMakeFiles/livox_lio_sam__rosidl_typesupport_c.dir/rosidl_typesupport_c/livox_lio_sam/srv/reset__type_support.cpp.o[0m
[15.343s] [ 45%] [32m[1mLinking CXX shared library liblivox_lio_sam__rosidl_typesupport_cpp.so[0m
[15.351s] [ 47%] [32m[1mLinking CXX shared library liblivox_lio_sam__rosidl_typesupport_c.so[0m
[15.357s] [ 49%] [32mBuilding CXX object CMakeFiles/livox_lio_sam__rosidl_typesupport_fastrtps_c.dir/rosidl_typesupport_fastrtps_c/livox_lio_sam/msg/detail/cloud_info__type_support_c.cpp.o[0m
[15.359s] [ 50%] [32mBuilding CXX object CMakeFiles/livox_lio_sam__rosidl_typesupport_fastrtps_c.dir/rosidl_typesupport_fastrtps_c/livox_lio_sam/srv/detail/save_map__type_support_c.cpp.o[0m
[15.359s] [ 52%] [32mBuilding CXX object CMakeFiles/livox_lio_sam__rosidl_typesupport_fastrtps_c.dir/rosidl_typesupport_fastrtps_c/livox_lio_sam/srv/detail/reset__type_support_c.cpp.o[0m
[15.386s] [ 56%] [32mBuilding C object CMakeFiles/livox_lio_sam__rosidl_typesupport_introspection_c.dir/rosidl_typesupport_introspection_c/livox_lio_sam/srv/detail/save_map__type_support.c.o[0m
[15.386s] [ 56%] [32mBuilding C object CMakeFiles/livox_lio_sam__rosidl_typesupport_introspection_c.dir/rosidl_typesupport_introspection_c/livox_lio_sam/msg/detail/cloud_info__type_support.c.o[0m
[15.387s] [ 58%] [32mBuilding C object CMakeFiles/livox_lio_sam__rosidl_typesupport_introspection_c.dir/rosidl_typesupport_introspection_c/livox_lio_sam/srv/detail/reset__type_support.c.o[0m
[15.417s] [ 58%] Built target livox_lio_sam__rosidl_typesupport_c
[15.422s] [ 58%] Built target livox_lio_sam__rosidl_typesupport_cpp
[15.427s] [ 60%] [32m[1mLinking C shared library liblivox_lio_sam__rosidl_typesupport_introspection_c.so[0m
[15.436s] [ 63%] [32mBuilding CXX object CMakeFiles/livox_lio_sam_featureExtraction.dir/src/featureExtraction.cpp.o[0m
[15.436s] [ 63%] [32mBuilding CXX object CMakeFiles/livox_lio_sam_mapOptimization.dir/src/mapOptmization.cpp.o[0m
[15.437s] [ 65%] [32mBuilding CXX object CMakeFiles/livox_lio_sam_imageProjection.dir/src/imageProjection.cpp.o[0m
[15.439s] [ 67%] [32mBuilding CXX object CMakeFiles/livox_lio_sam_imuPreintegration.dir/src/imuPreintegration.cpp.o[0m
[15.473s] [ 67%] Built target livox_lio_sam__rosidl_typesupport_introspection_c
[15.550s] [ 69%] [32m[1mLinking CXX shared library liblivox_lio_sam__rosidl_typesupport_introspection_cpp.so[0m
[15.559s] [ 70%] [32m[1mLinking CXX shared library liblivox_lio_sam__rosidl_typesupport_fastrtps_cpp.so[0m
[15.594s] [ 72%] [32m[1mLinking CXX shared library liblivox_lio_sam__rosidl_typesupport_fastrtps_c.so[0m
[15.634s] [ 72%] Built target livox_lio_sam__rosidl_typesupport_introspection_cpp
[15.647s] [ 72%] Built target livox_lio_sam__rosidl_typesupport_fastrtps_cpp
[15.677s] [ 72%] Built target livox_lio_sam__rosidl_typesupport_fastrtps_c
[15.688s] [ 72%] Built target livox_lio_sam
[15.702s] [ 74%] [34m[1mGenerating Python code for ROS interfaces[0m
[16.033s] [ 74%] Built target livox_lio_sam__py
[16.047s] [ 76%] [32mBuilding C object CMakeFiles/livox_lio_sam__rosidl_generator_py.dir/rosidl_generator_py/livox_lio_sam/msg/_cloud_info_s.c.o[0m
[16.047s] [ 78%] [32mBuilding C object CMakeFiles/livox_lio_sam__rosidl_generator_py.dir/rosidl_generator_py/livox_lio_sam/srv/_reset_s.c.o[0m
[16.047s] [ 80%] [32mBuilding C object CMakeFiles/livox_lio_sam__rosidl_generator_py.dir/rosidl_generator_py/livox_lio_sam/srv/_save_map_s.c.o[0m
[16.166s] [ 81%] [32m[1mLinking C shared library rosidl_generator_py/livox_lio_sam/liblivox_lio_sam__rosidl_generator_py.so[0m
[16.243s] [ 81%] Built target livox_lio_sam__rosidl_generator_py
[16.255s] [ 87%] [32mBuilding C object CMakeFiles/livox_lio_sam__rosidl_typesupport_fastrtps_c__pyext.dir/rosidl_generator_py/livox_lio_sam/_livox_lio_sam_s.ep.rosidl_typesupport_fastrtps_c.c.o[0m
[16.256s] [ 87%] [32mBuilding C object CMakeFiles/livox_lio_sam__rosidl_typesupport_introspection_c__pyext.dir/rosidl_generator_py/livox_lio_sam/_livox_lio_sam_s.ep.rosidl_typesupport_introspection_c.c.o[0m
[16.256s] [ 87%] [32mBuilding C object CMakeFiles/livox_lio_sam__rosidl_typesupport_c__pyext.dir/rosidl_generator_py/livox_lio_sam/_livox_lio_sam_s.ep.rosidl_typesupport_c.c.o[0m
[16.343s] [ 90%] [32m[1mLinking C shared library rosidl_generator_py/livox_lio_sam/livox_lio_sam_s__rosidl_typesupport_introspection_c.cpython-310-x86_64-linux-gnu.so[0m
[16.343s] [ 90%] [32m[1mLinking C shared library rosidl_generator_py/livox_lio_sam/livox_lio_sam_s__rosidl_typesupport_fastrtps_c.cpython-310-x86_64-linux-gnu.so[0m
[16.343s] [ 92%] [32m[1mLinking C shared library rosidl_generator_py/livox_lio_sam/livox_lio_sam_s__rosidl_typesupport_c.cpython-310-x86_64-linux-gnu.so[0m
[16.402s] [ 92%] Built target livox_lio_sam__rosidl_typesupport_fastrtps_c__pyext
[16.402s] [ 92%] Built target livox_lio_sam__rosidl_typesupport_introspection_c__pyext
[16.402s] [ 92%] Built target livox_lio_sam__rosidl_typesupport_c__pyext
[23.218s] [01m[K/home/tukorea/ros2_ws/src/SLAM/LIO-SAM/livox_lio_sam/src/imuPreintegration.cpp:[m[K In constructor ‘[01m[KIMUPreintegration::IMUPreintegration(const rclcpp::NodeOptions&)[m[K’:
[23.218s] [01m[K/home/tukorea/ros2_ws/src/SLAM/LIO-SAM/livox_lio_sam/src/imuPreintegration.cpp:252:98:[m[K [01;31m[Kerror: [m[Kconversion from ‘[01m[Kboost::shared_ptr<gtsam::PreintegrationParams>[m[K’ to non-scalar type ‘[01m[Kstd::shared_ptr<gtsam::PreintegrationParams>[m[K’ requested
[23.218s]   252 |         std::shared_ptr<gtsam::PreintegrationParams> p = [01;31m[Kgtsam::PreintegrationParams::MakeSharedU(imuGravity)[m[K;
[23.218s]       |                                                          [01;31m[K~~~~~~~~~~~~~~~~~~~~~~~~~~~~~~~~~~~~~~~~^~~~~~~~~~~~[m[K
[23.242s] [01m[K/home/tukorea/ros2_ws/src/SLAM/LIO-SAM/livox_lio_sam/src/imuPreintegration.cpp:265:86:[m[K [01;31m[Kerror: [m[Kno matching function for call to ‘[01m[Kgtsam::PreintegratedImuMeasurements::PreintegratedImuMeasurements(std::shared_ptr<gtsam::PreintegrationParams>&, gtsam::imuBias::ConstantBias&)[m[K’
[23.242s]   265 |         imuIntegratorImu_ = new gtsam::PreintegratedImuMeasurements(p, prior_imu_bias[01;31m[K)[m[K; // setting up the IMU integration for IMU message thread
[23.242s]       |                                                                                      [01;31m[K^[m[K
[23.243s] In file included from [01m[K/home/tukorea/ros2_ws/src/SLAM/LIO-SAM/livox_lio_sam/src/imuPreintegration.cpp:9[m[K:
[23.243s] [01m[K/usr/local/include/gtsam/navigation/ImuFactor.h:104:3:[m[K [01;36m[Knote: [m[Kcandidate: ‘[01m[Kgtsam::PreintegratedImuMeasurements::PreintegratedImuMeasurements(const PreintegrationType&, const Matrix9&)[m[K’
[23.243s]   104 |   [01;36m[KPreintegratedImuMeasurements[m[K(const PreintegrationType& base, const Matrix9& preintMeasCov)
[23.243s]       |   [01;36m[K^~~~~~~~~~~~~~~~~~~~~~~~~~~~[m[K
[23.243s] [01m[K/usr/local/include/gtsam/navigation/ImuFactor.h:104:58:[m[K [01;36m[Knote: [m[K  no known conversion for argument 1 from ‘[01m[Kstd::shared_ptr<gtsam::PreintegrationParams>[m[K’ to ‘[01m[Kconst PreintegrationType&[m[K’ {aka ‘[01m[Kconst gtsam::TangentPreintegration&[m[K’}
[23.243s]   104 |   PreintegratedImuMeasurements([01;36m[Kconst PreintegrationType& base[m[K, const Matrix9& preintMeasCov)
[23.243s]       |                                [01;36m[K~~~~~~~~~~~~~~~~~~~~~~~~~~^~~~[m[K
[23.243s] [01m[K/usr/local/include/gtsam/navigation/ImuFactor.h:93:3:[m[K [01;36m[Knote: [m[Kcandidate: ‘[01m[Kgtsam::PreintegratedImuMeasurements::PreintegratedImuMeasurements(const boost::shared_ptr<gtsam::PreintegrationParams>&, const gtsam::imuBias::ConstantBias&)[m[K’
[23.243s]    93 |   [01;36m[KPreintegratedImuMeasurements[m[K(const boost::shared_ptr<PreintegrationParams>& p,
[23.243s]       |   [01;36m[K^~~~~~~~~~~~~~~~~~~~~~~~~~~~[m[K
[23.243s] [01m[K/usr/local/include/gtsam/navigation/ImuFactor.h:93:79:[m[K [01;36m[Knote: [m[K  no known conversion for argument 1 from ‘[01m[Kstd::shared_ptr<gtsam::PreintegrationParams>[m[K’ to ‘[01m[Kconst boost::shared_ptr<gtsam::PreintegrationParams>&[m[K’
[23.243s]    93 |   PreintegratedImuMeasurements([01;36m[Kconst boost::shared_ptr<PreintegrationParams>& p[m[K,
[23.243s]       |                                [01;36m[K~~~~~~~~~~~~~~~~~~~~~~~~~~~~~~~~~~~~~~~~~~~~~~~^[m[K
[23.243s] [01m[K/usr/local/include/gtsam/navigation/ImuFactor.h:84:3:[m[K [01;36m[Knote: [m[Kcandidate: ‘[01m[Kgtsam::PreintegratedImuMeasurements::PreintegratedImuMeasurements()[m[K’
[23.243s]    84 |   [01;36m[KPreintegratedImuMeasurements[m[K() {
[23.243s]       |   [01;36m[K^~~~~~~~~~~~~~~~~~~~~~~~~~~~[m[K
[23.243s] [01m[K/usr/local/include/gtsam/navigation/ImuFactor.h:84:3:[m[K [01;36m[Knote: [m[K  candidate expects 0 arguments, 2 provided
[23.243s] [01m[K/usr/local/include/gtsam/navigation/ImuFactor.h:71:20:[m[K [01;36m[Knote: [m[Kcandidate: ‘[01m[Kgtsam::PreintegratedImuMeasurements::PreintegratedImuMeasurements(const gtsam::PreintegratedImuMeasurements&)[m[K’
[23.243s]    71 | class GTSAM_EXPORT [01;36m[KPreintegratedImuMeasurements[m[K: public PreintegrationType {
[23.243s]       |                    [01;36m[K^~~~~~~~~~~~~~~~~~~~~~~~~~~~[m[K
[23.243s] [01m[K/usr/local/include/gtsam/navigation/ImuFactor.h:71:20:[m[K [01;36m[Knote: [m[K  candidate expects 1 argument, 2 provided
[23.243s] [01m[K/home/tukorea/ros2_ws/src/SLAM/LIO-SAM/livox_lio_sam/src/imuPreintegration.cpp:266:86:[m[K [01;31m[Kerror: [m[Kno matching function for call to ‘[01m[Kgtsam::PreintegratedImuMeasurements::PreintegratedImuMeasurements(std::shared_ptr<gtsam::PreintegrationParams>&, gtsam::imuBias::ConstantBias&)[m[K’
[23.243s]   266 |         imuIntegratorOpt_ = new gtsam::PreintegratedImuMeasurements(p, prior_imu_bias[01;31m[K)[m[K; // setting up the IMU integration for optimization
[23.243s]       |                                                                                      [01;31m[K^[m[K
[23.243s] In file included from [01m[K/home/tukorea/ros2_ws/src/SLAM/LIO-SAM/livox_lio_sam/src/imuPreintegration.cpp:9[m[K:
[23.243s] [01m[K/usr/local/include/gtsam/navigation/ImuFactor.h:104:3:[m[K [01;36m[Knote: [m[Kcandidate: ‘[01m[Kgtsam::PreintegratedImuMeasurements::PreintegratedImuMeasurements(const PreintegrationType&, const Matrix9&)[m[K’
[23.243s]   104 |   [01;36m[KPreintegratedImuMeasurements[m[K(const PreintegrationType& base, const Matrix9& preintMeasCov)
[23.243s]       |   [01;36m[K^~~~~~~~~~~~~~~~~~~~~~~~~~~~[m[K
[23.243s] [01m[K/usr/local/include/gtsam/navigation/ImuFactor.h:104:58:[m[K [01;36m[Knote: [m[K  no known conversion for argument 1 from ‘[01m[Kstd::shared_ptr<gtsam::PreintegrationParams>[m[K’ to ‘[01m[Kconst PreintegrationType&[m[K’ {aka ‘[01m[Kconst gtsam::TangentPreintegration&[m[K’}
[23.243s]   104 |   PreintegratedImuMeasurements([01;36m[Kconst PreintegrationType& base[m[K, const Matrix9& preintMeasCov)
[23.243s]       |                                [01;36m[K~~~~~~~~~~~~~~~~~~~~~~~~~~^~~~[m[K
[23.243s] [01m[K/usr/local/include/gtsam/navigation/ImuFactor.h:93:3:[m[K [01;36m[Knote: [m[Kcandidate: ‘[01m[Kgtsam::PreintegratedImuMeasurements::PreintegratedImuMeasurements(const boost::shared_ptr<gtsam::PreintegrationParams>&, const gtsam::imuBias::ConstantBias&)[m[K’
[23.243s]    93 |   [01;36m[KPreintegratedImuMeasurements[m[K(const boost::shared_ptr<PreintegrationParams>& p,
[23.243s]       |   [01;36m[K^~~~~~~~~~~~~~~~~~~~~~~~~~~~[m[K
[23.243s] [01m[K/usr/local/include/gtsam/navigation/ImuFactor.h:93:79:[m[K [01;36m[Knote: [m[K  no known conversion for argument 1 from ‘[01m[Kstd::shared_ptr<gtsam::PreintegrationParams>[m[K’ to ‘[01m[Kconst boost::shared_ptr<gtsam::PreintegrationParams>&[m[K’
[23.243s]    93 |   PreintegratedImuMeasurements([01;36m[Kconst boost::shared_ptr<PreintegrationParams>& p[m[K,
[23.243s]       |                                [01;36m[K~~~~~~~~~~~~~~~~~~~~~~~~~~~~~~~~~~~~~~~~~~~~~~~^[m[K
[23.243s] [01m[K/usr/local/include/gtsam/navigation/ImuFactor.h:84:3:[m[K [01;36m[Knote: [m[Kcandidate: ‘[01m[Kgtsam::PreintegratedImuMeasurements::PreintegratedImuMeasurements()[m[K’
[23.243s]    84 |   [01;36m[KPreintegratedImuMeasurements[m[K() {
[23.244s]       |   [01;36m[K^~~~~~~~~~~~~~~~~~~~~~~~~~~~[m[K
[23.244s] [01m[K/usr/local/include/gtsam/navigation/ImuFactor.h:84:3:[m[K [01;36m[Knote: [m[K  candidate expects 0 arguments, 2 provided
[23.244s] [01m[K/usr/local/include/gtsam/navigation/ImuFactor.h:71:20:[m[K [01;36m[Knote: [m[Kcandidate: ‘[01m[Kgtsam::PreintegratedImuMeasurements::PreintegratedImuMeasurements(const gtsam::PreintegratedImuMeasurements&)[m[K’
[23.244s]    71 | class GTSAM_EXPORT [01;36m[KPreintegratedImuMeasurements[m[K: public PreintegrationType {
[23.244s]       |                    [01;36m[K^~~~~~~~~~~~~~~~~~~~~~~~~~~~[m[K
[23.244s] [01m[K/usr/local/include/gtsam/navigation/ImuFactor.h:71:20:[m[K [01;36m[Knote: [m[K  candidate expects 1 argument, 2 provided
[31.038s] [ 94%] [32m[1mLinking CXX executable livox_lio_sam_featureExtraction[0m
[31.329s] [ 94%] Built target livox_lio_sam_featureExtraction
[34.146s] gmake[2]: *** [CMakeFiles/livox_lio_sam_imuPreintegration.dir/build.make:76: CMakeFiles/livox_lio_sam_imuPreintegration.dir/src/imuPreintegration.cpp.o] Error 1
[34.146s] gmake[1]: *** [CMakeFiles/Makefile2:653: CMakeFiles/livox_lio_sam_imuPreintegration.dir/all] Error 2
[34.146s] gmake[1]: *** Waiting for unfinished jobs....
[35.345s] [ 96%] [32m[1mLinking CXX executable livox_lio_sam_imageProjection[0m
[35.666s] [ 96%] Built target livox_lio_sam_imageProjection
[59.835s] [ 98%] [32m[1mLinking CXX executable livox_lio_sam_mapOptimization[0m
[60.227s] /usr/bin/ld: warning: libtbb.so.2, needed by /usr/lib/x86_64-linux-gnu/libopencv_core.so.4.5.4d, may conflict with libtbb.so.12
[60.348s] [ 98%] Built target livox_lio_sam_mapOptimization
[60.349s] gmake: *** [Makefile:146: all] Error 2
[60.351s] Invoked command in '/home/tukorea/ros2_ws/build/livox_lio_sam' returned '2': CMAKE_PREFIX_PATH=${CMAKE_PREFIX_PATH}:/home/tukorea/ros2_ws/install/slam_launch_manager:/home/tukorea/ros2_ws/install/bag_replay_tool_ros2:/opt/ros/humble /usr/bin/cmake --build /home/tukorea/ros2_ws/build/livox_lio_sam -- -j20 -l20
